>>> 'Pkg.add("AbstractTables")' log
INFO: Cloning cache of AbstractTables from https://github.com/davidagold/AbstractTables.jl.git
INFO: Cloning cache of NullableArrays from https://github.com/JuliaStats/NullableArrays.jl.git
INFO: Cloning cache of Reexport from https://github.com/simonster/Reexport.jl.git
INFO: Cloning cache of StructuredQueries from https://github.com/davidagold/StructuredQueries.jl.git
INFO: Installing AbstractTables v0.0.1
INFO: Installing NullableArrays v0.0.10
INFO: Installing Reexport v0.0.3
INFO: Installing StructuredQueries v0.0.4
INFO: Package database updated

>>> 'Pkg.test("AbstractTables")' log
Julia Version 0.6.0-dev.1973
Commit f4ed16b (2017-01-06 23:58 UTC)
Platform Info:
  OS: Linux (x86_64-pc-linux-gnu)
  CPU: Intel(R) Xeon(R) CPU E3-1241 v3 @ 3.50GHz
  WORD_SIZE: 64
           Ubuntu 14.04.5 LTS
  uname: Linux 3.13.0-106-generic #153-Ubuntu SMP Tue Dec 6 15:44:32 UTC 2016 x86_64 x86_64
Memory: 2.9392738342285156 GB (1057.62109375 MB free)
Uptime: 452.0 sec
Load Avg:  0.76708984375  0.33447265625  0.14208984375
Intel(R) Xeon(R) CPU E3-1241 v3 @ 3.50GHz: 
       speed         user         nice          sys         idle          irq
#1  3499 MHz       5094 s         79 s       1537 s      36844 s          0 s
#2  3499 MHz       1405 s         60 s       1094 s      42076 s          0 s

  BLAS: libopenblas (USE64BITINT DYNAMIC_ARCH NO_AFFINITY Nehalem)
  LAPACK: libopenblas64_
  LIBM: libopenlibm
  LLVM: libLLVM-3.9.1 (ORCJIT, haswell)
Environment:
  TERM = vt100
  LD_LIBRARY_PATH = :/usr/local/lib/
  PATH = /usr/local/sbin:/usr/local/bin:/usr/sbin:/usr/bin:/sbin:/bin:/usr/games:/usr/local/games:/home/vagrant/julia/bin/
  JAVA_HOME = /usr/lib/jvm/java-7-oracle
  HOME = /home/vagrant

Package Directory: /home/vagrant/.julia/v0.6
2 required packages:
 - AbstractTables                0.0.1
 - JSON                          0.8.0
4 additional packages:
 - Compat                        0.10.0
 - NullableArrays                0.0.10
 - Reexport                      0.0.3
 - StructuredQueries             0.0.4
INFO: Testing AbstractTables
Running tests:

WARNING: deprecated syntax "function Base..==(...)".
Use "function Base.broadcast(::typeof(Base.==), ...)" instead.

WARNING: deprecated syntax "function Base..!=(...)".
Use "function Base.broadcast(::typeof(Base.!=), ...)" instead.

WARNING: deprecated syntax "function Base..<(...)".
Use "function Base.broadcast(::typeof(Base.<), ...)" instead.

WARNING: deprecated syntax "function Base..>(...)".
Use "function Base.broadcast(::typeof(Base.>), ...)" instead.

WARNING: deprecated syntax "function Base..<=(...)".
Use "function Base.broadcast(::typeof(Base.<=), ...)" instead.

WARNING: deprecated syntax "function Base..>=(...)".
Use "function Base.broadcast(::typeof(Base.>=), ...)" instead.
	[1m[31mFAILED[0m: query/query.jl
LoadError: MethodError: no method matching length(::TestQuery.MyTable)
Closest candidates are:
  length(!Matched::SimpleVector) at essentials.jl:196
  length(!Matched::Base.MethodList) at reflection.jl:411
  length(!Matched::MethodTable) at reflection.jl:487
  ...
Stacktrace:
 [1] macro expansion; at /home/vagrant/.julia/v0.6/AbstractTables/test/runtests.jl:25 [inlined]
 [2] macro expansion; at ./test.jl:750 [inlined]
 [3] anonymous at ./<missing>:?
 [4] include_from_node1(::String) at ./loading.jl:532
 [5] include(::String) at ./sysimg.jl:14
 [6] process_options(::Base.JLOptions) at ./client.jl:308
 [7] _start() at ./client.jl:374
while loading /home/vagrant/.julia/v0.6/AbstractTables/test/query/query.jl, in expression starting on line 20
WARNING: map!{F}(f::F,A::AbstractArray) is deprecated, use map!(f,A,A) instead.
Stacktrace:
 [1] depwarn(::String, ::Symbol) at ./deprecated.jl:64
 [2] map!(::Base.#unique, ::Array{Array{T,1},1}) at ./deprecated.jl:50
 [3] build_group_levels(::Dict{Any,Array{Int64,1}}, ::Int64) at /home/vagrant/.julia/v0.6/AbstractTables/src/column_indexable/query/groupby.jl:50
 [4] groupby(::TestGroupBy.MyTable, ::Array{Union{Expr,Symbol},1}, ::Dict{Expr,Symbol}) at /home/vagrant/.julia/v0.6/AbstractTables/src/column_indexable/query/groupby.jl:34
 [5] _collect(::TestGroupBy.MyTable, ::StructuredQueries.GroupbyNode) at /home/vagrant/.julia/v0.6/AbstractTables/src/column_indexable/query/groupby.jl:5
 [6] _collect(::StructuredQueries.GroupbyNode) at /home/vagrant/.julia/v0.6/StructuredQueries/src/collect/collect.jl:10
 [7] collect(::StructuredQueries.Query) at /home/vagrant/.julia/v0.6/StructuredQueries/src/collect/collect.jl:7
 [8] include_from_node1(::String) at ./loading.jl:532
 [9] include(::String) at ./sysimg.jl:14
 [10] macro expansion; at /home/vagrant/.julia/v0.6/AbstractTables/test/runtests.jl:17 [inlined]
 [11] macro expansion; at ./test.jl:750 [inlined]
 [12] anonymous at ./<missing>:?
 [13] include_from_node1(::String) at ./loading.jl:532
 [14] include(::String) at ./sysimg.jl:14
 [15] process_options(::Base.JLOptions) at ./client.jl:308
 [16] _start() at ./client.jl:374
while loading /home/vagrant/.julia/v0.6/AbstractTables/test/query/groupby.jl, in expression starting on line 28
	[1m[31mFAILED[0m: query/groupby.jl
LoadError: MethodError: no method matching length(::AbstractTables.Grouped{TestGroupBy.MyTable,Dict{Any,Array{Int64,1}}})
Closest candidates are:
  length(!Matched::SimpleVector) at essentials.jl:196
  length(!Matched::Base.MethodList) at reflection.jl:411
  length(!Matched::MethodTable) at reflection.jl:487
  ...
Stacktrace:
 [1] macro expansion; at /home/vagrant/.julia/v0.6/AbstractTables/test/runtests.jl:25 [inlined]
 [2] macro expansion; at ./test.jl:750 [inlined]
 [3] anonymous at ./<missing>:?
 [4] include_from_node1(::String) at ./loading.jl:532
 [5] include(::String) at ./sysimg.jl:14
 [6] process_options(::Base.JLOptions) at ./client.jl:308
 [7] _start() at ./client.jl:374
while loading /home/vagrant/.julia/v0.6/AbstractTables/test/query/groupby.jl, in expression starting on line 28
ERROR: LoadError: "Tests failed"
Stacktrace:
 [1] include_from_node1(::String) at ./loading.jl:532
 [2] include(::String) at ./sysimg.jl:14
 [3] process_options(::Base.JLOptions) at ./client.jl:308
 [4] _start() at ./client.jl:374
while loading /home/vagrant/.julia/v0.6/AbstractTables/test/runtests.jl, in expression starting on line 33
===========================[ ERROR: AbstractTables ]============================

failed process: Process(`/home/vagrant/julia/bin/julia -Cx86-64 -J/home/vagrant/julia/lib/julia/sys.so --compile=yes --depwarn=yes --check-bounds=yes --code-coverage=none --color=no --compilecache=yes /home/vagrant/.julia/v0.6/AbstractTables/test/runtests.jl`, ProcessExited(1)) [1]

================================================================================
ERROR: AbstractTables had test errors

>>> End of log
