>>> 'Pkg.add("BiomolecularStructures")' log
INFO: Cloning cache of BioSeq from https://github.com/diegozea/BioSeq.jl.git
INFO: Cloning cache of BiomolecularStructures from https://github.com/hng/BiomolecularStructures.jl.git
INFO: Cloning cache of FastaIO from https://github.com/carlobaldassi/FastaIO.jl.git
INFO: Installing BaseTestDeprecated v0.1.0
INFO: Installing BinDeps v0.4.5
INFO: Installing BioSeq v0.4.0
INFO: Installing BiomolecularStructures v0.2.3
INFO: Installing BufferedStreams v0.2.0
INFO: Installing Codecs v0.2.0
INFO: Installing ColorTypes v0.2.6
INFO: Installing Colors v0.6.7
INFO: Installing Conda v0.3.1
INFO: Installing FastaIO v0.2.0
INFO: Installing FixedPointNumbers v0.1.6
INFO: Installing Formatting v0.1.5
INFO: Installing GZip v0.2.20
INFO: Installing HttpCommon v0.2.6
INFO: Installing HttpParser v0.2.0
INFO: Installing LaTeXStrings v0.2.0
INFO: Installing Libz v0.2.0
INFO: Installing LightXML v0.4.0
INFO: Installing MacroTools v0.3.2
INFO: Installing MbedTLS v0.3.0
INFO: Installing PyCall v1.7.2
INFO: Installing PyPlot v2.2.2
INFO: Installing Reexport v0.0.3
INFO: Installing Requests v0.3.10
INFO: Installing SHA v0.2.1
INFO: Installing URIParser v0.1.6
INFO: Building HttpParser
INFO: Building MbedTLS
INFO: Building PyCall
INFO: No system-wide Python was found; got the following error:
could not spawn `'' -c "import distutils.sysconfig; print(distutils.sysconfig.get_config_var('VERSION'))"`: no such file or directory (ENOENT)
using the Python distribution in the Conda package
Traceback (most recent call last):
  File "/home/vagrant/.julia/v0.5/Conda/deps/usr/bin/conda", line 4, in <module>
    import conda.cli
  File "/home/vagrant/.julia/v0.5/Conda/deps/usr/lib/python2.7/site-packages/conda/cli/__init__.py", line 8, in <module>
    from .main import main  # NOQA
  File "/home/vagrant/.julia/v0.5/Conda/deps/usr/lib/python2.7/site-packages/conda/cli/main.py", line 46, in <module>
    from ..base.context import context
  File "/home/vagrant/.julia/v0.5/Conda/deps/usr/lib/python2.7/site-packages/conda/base/context.py", line 251, in <module>
    context = Context(SEARCH_PATH, conda, None)
  File "/home/vagrant/.julia/v0.5/Conda/deps/usr/lib/python2.7/site-packages/conda/common/configuration.py", line 692, in __init__
    self._add_search_path(search_path)
  File "/home/vagrant/.julia/v0.5/Conda/deps/usr/lib/python2.7/site-packages/conda/common/configuration.py", line 699, in _add_search_path
    return self._add_raw_data(load_file_configs(search_path))
  File "/home/vagrant/.julia/v0.5/Conda/deps/usr/lib/python2.7/site-packages/conda/common/configuration.py", line 371, in load_file_configs
    raw_data = odict(kv for kv in chain.from_iterable(load_paths))
  File "/home/vagrant/.julia/v0.5/Conda/deps/usr/lib/python2.7/collections.py", line 69, in __init__
    self.__update(*args, **kwds)
  File "/home/vagrant/.julia/v0.5/Conda/deps/usr/lib/python2.7/_abcoll.py", line 571, in update
    for key, value in other:
  File "/home/vagrant/.julia/v0.5/Conda/deps/usr/lib/python2.7/site-packages/conda/common/configuration.py", line 371, in <genexpr>
    raw_data = odict(kv for kv in chain.from_iterable(load_paths))
  File "/home/vagrant/.julia/v0.5/Conda/deps/usr/lib/python2.7/site-packages/conda/common/configuration.py", line 346, in _file_yaml_loader
    assert fullpath.endswith(".yml") or fullpath.endswith("condarc"), fullpath
AssertionError: /home/vagrant/.julia/v0.5/Conda/deps/usr/condarc-julia
===============================[ ERROR: PyCall ]================================

LoadError: failed process: Process(setenv(`/home/vagrant/.julia/v0.5/Conda/deps/usr/bin/conda install -y numpy`,String["PYTHON=","PATH=/usr/local/sbin:/usr/local/bin:/usr/sbin:/usr/bin:/sbin:/bin:/usr/games:/usr/local/games:/home/vagrant/julia/bin/","PWD=/vagrant/0.5AL","SHELL=/bin/bash","SSH_CONNECTION=10.0.2.2 53322 10.0.2.15 22","LD_LIBRARY_PATH=:/usr/local/lib/","CONDARC=/home/vagrant/.julia/v0.5/Conda/deps/usr/condarc-julia","MAIL=/var/mail/vagrant","LANG=en_US.UTF-8","SHLVL=3","LOGNAME=vagrant","XDG_RUNTIME_DIR=/run/user/1000","XDG_SESSION_ID=3","OLDPWD=/home/vagrant","SSH_CLIENT=10.0.2.2 53322 22","_=/usr/bin/timeout","USER=vagrant","TERM=vt100","HOME=/home/vagrant","OPENBLAS_MAIN_FREE=1","JAVA_HOME=/usr/lib/jvm/java-7-oracle","PYTHONIOENCODING=UTF-8"]), ProcessExited(1)) [1]
while loading /home/vagrant/.julia/v0.5/PyCall/deps/build.jl, in expression starting on line 17

================================================================================
INFO: Building LightXML
INFO: Building BiomolecularStructures
Traceback (most recent call last):
  File "/home/vagrant/.julia/v0.5/Conda/deps/usr/bin/conda", line 4, in <module>
    import conda.cli
  File "/home/vagrant/.julia/v0.5/Conda/deps/usr/lib/python2.7/site-packages/conda/cli/__init__.py", line 8, in <module>
    from .main import main  # NOQA
  File "/home/vagrant/.julia/v0.5/Conda/deps/usr/lib/python2.7/site-packages/conda/cli/main.py", line 46, in <module>
    from ..base.context import context
  File "/home/vagrant/.julia/v0.5/Conda/deps/usr/lib/python2.7/site-packages/conda/base/context.py", line 251, in <module>
    context = Context(SEARCH_PATH, conda, None)
  File "/home/vagrant/.julia/v0.5/Conda/deps/usr/lib/python2.7/site-packages/conda/common/configuration.py", line 692, in __init__
    self._add_search_path(search_path)
  File "/home/vagrant/.julia/v0.5/Conda/deps/usr/lib/python2.7/site-packages/conda/common/configuration.py", line 699, in _add_search_path
    return self._add_raw_data(load_file_configs(search_path))
  File "/home/vagrant/.julia/v0.5/Conda/deps/usr/lib/python2.7/site-packages/conda/common/configuration.py", line 371, in load_file_configs
    raw_data = odict(kv for kv in chain.from_iterable(load_paths))
  File "/home/vagrant/.julia/v0.5/Conda/deps/usr/lib/python2.7/collections.py", line 69, in __init__
    self.__update(*args, **kwds)
  File "/home/vagrant/.julia/v0.5/Conda/deps/usr/lib/python2.7/_abcoll.py", line 571, in update
    for key, value in other:
  File "/home/vagrant/.julia/v0.5/Conda/deps/usr/lib/python2.7/site-packages/conda/common/configuration.py", line 371, in <genexpr>
    raw_data = odict(kv for kv in chain.from_iterable(load_paths))
  File "/home/vagrant/.julia/v0.5/Conda/deps/usr/lib/python2.7/site-packages/conda/common/configuration.py", line 346, in _file_yaml_loader
    assert fullpath.endswith(".yml") or fullpath.endswith("condarc"), fullpath
AssertionError: /home/vagrant/.julia/v0.5/Conda/deps/usr/condarc-julia
=======================[ ERROR: BiomolecularStructures ]========================

LoadError: failed process: Process(setenv(`/home/vagrant/.julia/v0.5/Conda/deps/usr/bin/conda install -y biopython`,String["PYTHON=","PATH=/usr/local/sbin:/usr/local/bin:/usr/sbin:/usr/bin:/sbin:/bin:/usr/games:/usr/local/games:/home/vagrant/julia/bin/","PWD=/vagrant/0.5AL","SHELL=/bin/bash","SSH_CONNECTION=10.0.2.2 53322 10.0.2.15 22","LD_LIBRARY_PATH=:/usr/local/lib/","CONDARC=/home/vagrant/.julia/v0.5/Conda/deps/usr/condarc-julia","MAIL=/var/mail/vagrant","LANG=en_US.UTF-8","SHLVL=3","LOGNAME=vagrant","XDG_RUNTIME_DIR=/run/user/1000","XDG_SESSION_ID=3","OLDPWD=/home/vagrant","SSH_CLIENT=10.0.2.2 53322 22","_=/usr/bin/timeout","USER=vagrant","TERM=vt100","HOME=/home/vagrant","OPENBLAS_MAIN_FREE=1","JAVA_HOME=/usr/lib/jvm/java-7-oracle"]), ProcessExited(1)) [1]
while loading /home/vagrant/.julia/v0.5/BiomolecularStructures/deps/build.jl, in expression starting on line 4

================================================================================

================================[ BUILD ERRORS ]================================

WARNING: BiomolecularStructures and PyCall had build errors.

 - packages with build errors remain installed in /home/vagrant/.julia/v0.5
 - build the package(s) and all dependencies with `Pkg.build("BiomolecularStructures", "PyCall")`
 - build a single package by running its `deps/build.jl` script

================================================================================
INFO: Package database updated

>>> 'Pkg.test("BiomolecularStructures")' log
Julia Version 0.5.0-rc4+0
Commit 9c76c3e (2016-09-09 01:43 UTC)
Platform Info:
  System: Linux (x86_64-pc-linux-gnu)
  CPU: Intel(R) Xeon(R) CPU E3-1241 v3 @ 3.50GHz
  WORD_SIZE: 64
           Ubuntu 14.04.5 LTS
  uname: Linux 3.13.0-95-generic #142-Ubuntu SMP Fri Aug 12 17:00:09 UTC 2016 x86_64 x86_64
Memory: 2.4471054077148438 GB (1490.90625 MB free)
Uptime: 7005.0 sec
Load Avg:  0.9970703125  0.9853515625  1.0400390625
Intel(R) Xeon(R) CPU E3-1241 v3 @ 3.50GHz: 
       speed         user         nice          sys         idle          irq
#1  3499 MHz     377715 s        121 s      45491 s     177239 s          7 s
#2  3499 MHz     148501 s         41 s      29815 s     497421 s          0 s

  BLAS: libopenblas (USE64BITINT DYNAMIC_ARCH NO_AFFINITY Nehalem)
  LAPACK: libopenblas64_
  LIBM: libopenlibm
  LLVM: libLLVM-3.7.1 (ORCJIT, haswell)
Environment:
  TERM = vt100
  LD_LIBRARY_PATH = :/usr/local/lib/
  PATH = /usr/local/sbin:/usr/local/bin:/usr/sbin:/usr/bin:/sbin:/bin:/usr/games:/usr/local/games:/home/vagrant/julia/bin/
  JAVA_HOME = /usr/lib/jvm/java-7-oracle
  HOME = /home/vagrant

Package Directory: /home/vagrant/.julia/v0.5
2 required packages:
 - BiomolecularStructures        0.2.3
 - JSON                          0.7.0
26 additional packages:
 - BaseTestDeprecated            0.1.0
 - BinDeps                       0.4.5
 - BioSeq                        0.4.0
 - BufferedStreams               0.2.0
 - Codecs                        0.2.0
 - ColorTypes                    0.2.6
 - Colors                        0.6.7
 - Compat                        0.9.2
 - Conda                         0.3.1
 - FastaIO                       0.2.0
 - FixedPointNumbers             0.1.6
 - Formatting                    0.1.5
 - GZip                          0.2.20
 - HttpCommon                    0.2.6
 - HttpParser                    0.2.0
 - LaTeXStrings                  0.2.0
 - Libz                          0.2.0
 - LightXML                      0.4.0
 - MacroTools                    0.3.2
 - MbedTLS                       0.3.0
 - PyCall                        1.7.2
 - PyPlot                        2.2.2
 - Reexport                      0.0.3
 - Requests                      0.3.10
 - SHA                           0.2.1
 - URIParser                     0.1.6
INFO: Testing BiomolecularStructures
ERROR: LoadError: LoadError: PyCall not properly installed. Please run Pkg.build("PyCall")
 in macro expansion; at /home/vagrant/.julia/v0.5/PyCall/src/startup.jl:45 [inlined]
 in anonymous at ./<missing>:?
 in include_from_node1(::String) at ./loading.jl:488 (repeats 2 times)
 in macro expansion; at ./none:2 [inlined]
 in anonymous at ./<missing>:?
 in eval(::Module, ::Any) at ./boot.jl:234
 in process_options(::Base.JLOptions) at ./client.jl:239
 in _start() at ./client.jl:318
while loading /home/vagrant/.julia/v0.5/PyCall/src/startup.jl, in expression starting on line 42
while loading /home/vagrant/.julia/v0.5/PyCall/src/PyCall.jl, in expression starting on line 37
ERROR: LoadError: LoadError: LoadError: Failed to precompile PyCall to /home/vagrant/.julia/lib/v0.5/PyCall.ji.
 in compilecache(::String) at ./loading.jl:593
 in require(::Symbol) at ./loading.jl:422
 in include_from_node1(::String) at ./loading.jl:488 (repeats 3 times)
 in process_options(::Base.JLOptions) at ./client.jl:262
 in _start() at ./client.jl:318
while loading /home/vagrant/.julia/v0.5/BiomolecularStructures/src/PDB/pdb.jl, in expression starting on line 9
while loading /home/vagrant/.julia/v0.5/BiomolecularStructures/test/kabsch.jl, in expression starting on line 2
while loading /home/vagrant/.julia/v0.5/BiomolecularStructures/test/runtests.jl, in expression starting on line 7
=======================[ ERROR: BiomolecularStructures ]========================

failed process: Process(`/home/vagrant/julia/bin/julia -Cx86-64 -J/home/vagrant/julia/lib/julia/sys.so --compile=yes --depwarn=yes --check-bounds=yes --code-coverage=none --color=no --compilecache=yes /home/vagrant/.julia/v0.5/BiomolecularStructures/test/runtests.jl`, ProcessExited(1)) [1]

================================================================================
ERROR: BiomolecularStructures had test errors
 in #test#61(::Bool, ::Function, ::Array{AbstractString,1}) at ./pkg/entry.jl:740
 in (::Base.Pkg.Entry.#kw##test)(::Array{Any,1}, ::Base.Pkg.Entry.#test, ::Array{AbstractString,1}) at ./<missing>:0
 in (::Base.Pkg.Dir.##2#3{Array{Any,1},Base.Pkg.Entry.#test,Tuple{Array{AbstractString,1}}})() at ./pkg/dir.jl:31
 in cd(::Base.Pkg.Dir.##2#3{Array{Any,1},Base.Pkg.Entry.#test,Tuple{Array{AbstractString,1}}}, ::String) at ./file.jl:59
 in #cd#1(::Array{Any,1}, ::Function, ::Function, ::Array{AbstractString,1}, ::Vararg{Array{AbstractString,1},N}) at ./pkg/dir.jl:31
 in (::Base.Pkg.Dir.#kw##cd)(::Array{Any,1}, ::Base.Pkg.Dir.#cd, ::Function, ::Array{AbstractString,1}, ::Vararg{Array{AbstractString,1},N}) at ./<missing>:0
 in #test#3(::Bool, ::Function, ::String, ::Vararg{String,N}) at ./pkg/pkg.jl:258
 in test(::String, ::Vararg{String,N}) at ./pkg/pkg.jl:258
 in eval(::Module, ::Any) at ./boot.jl:234
 in process_options(::Base.JLOptions) at ./client.jl:239
 in _start() at ./client.jl:318

>>> End of log
