>>> 'Pkg.add("BlossomV")' log
INFO: Cloning cache of BlossomV from git://github.com/mlewe/BlossomV.jl.git
INFO: Installing BinDeps v0.3.12
INFO: Installing BlossomV v0.0.1
INFO: Installing SHA v0.0.4
INFO: Installing URIParser v0.0.5
INFO: Building BlossomV

WARNING: deprecated syntax "install (" at /home/vagrant/.julia/v0.4/BinDeps/src/dependencies.jl:773.
Use "install(" instead.

WARNING: deprecated syntax "[a=>b, ...]" at /home/vagrant/.julia/v0.4/BlossomV/deps/build.jl:28.
Use "Dict(a=>b, ...)" instead.
INFO: Attempting to Create directory /home/vagrant/.julia/v0.4/BlossomV/deps/downloads
INFO: Downloading file http://pub.ist.ac.at/~vnk/software/blossom5-v2.04.src.tar.gz
  % Total    % Received % Xferd  Average Speed   Time    Time     Time  Current
                                 Dload  Upload   Total   Spent    Left  Speed
  0     0    0     0    0     0      0      0 --:--:-- --:--:-- --:--:--     0100 47427  100 47427    0     0  37723      0  0:00:01  0:00:01 --:--:--  130k
INFO: Done downloading file http://pub.ist.ac.at/~vnk/software/blossom5-v2.04.src.tar.gz
INFO: Attempting to Create directory /home/vagrant/.julia/v0.4/BlossomV/deps/src
INFO: Attempting to Create directory /home/vagrant/.julia/v0.4/BlossomV/deps
INFO: Directory /home/vagrant/.julia/v0.4/BlossomV/deps already created
INFO: Attempting to Create directory /home/vagrant/.julia/v0.4/BlossomV/deps/src/blossom5-v2.04.src
INFO: Changing Directory to /home/vagrant/.julia/v0.4/BlossomV/deps/src/blossom5-v2.04.src
INFO: Attempting to Create directory /home/vagrant/.julia/v0.4/BlossomV/deps/usr/lib
patching file Makefile
g++ -O3 -D_NDEBUG -fPIC -fvisibility=hidden -std=c++1y  example.cpp -c -o example.o
g++ -O3 -D_NDEBUG -fPIC -fvisibility=hidden -std=c++1y  interface.cpp -c -o interface.o
g++ -O3 -D_NDEBUG -fPIC -fvisibility=hidden -std=c++1y  misc.cpp -c -o misc.o
g++ -O3 -D_NDEBUG -fPIC -fvisibility=hidden -std=c++1y  PMduals.cpp -c -o PMduals.o
g++ -O3 -D_NDEBUG -fPIC -fvisibility=hidden -std=c++1y  PMexpand.cpp -c -o PMexpand.o
g++ -O3 -D_NDEBUG -fPIC -fvisibility=hidden -std=c++1y  PMinit.cpp -c -o PMinit.o
g++ -O3 -D_NDEBUG -fPIC -fvisibility=hidden -std=c++1y  PMinterface.cpp -c -o PMinterface.o
g++ -O3 -D_NDEBUG -fPIC -fvisibility=hidden -std=c++1y  PMmain.cpp -c -o PMmain.o
cc1plus: error: unrecognized command line option ‘-std=c++1y’
cc1plus: error: unrecognized command line option ‘-std=c++1y’
cc1plus: error: unrecognized command line option ‘-std=c++1y’
make: *** [example.o] Error 1
make: *** Waiting for unfinished jobs....
make: *** [interface.o] Error 1
make: *** [misc.o] Error 1
cc1plus: error: unrecognized command line option ‘-std=c++1y’
make: *** [PMduals.o] Error 1
cc1plus: error: unrecognized command line option ‘-std=c++1y’cc1plus: error: unrecognized command line option ‘-std=c++1y’cc1plus: error: unrecognized command line option ‘-std=c++1y’
make: *** [PMexpand.o] Error 1

make: *** [PMinterface.o] Error 1

make: *** [PMinit.o] Error 1
cc1plus: error: unrecognized command line option ‘-std=c++1y’
make: *** [PMmain.o] Error 1
==============================[ ERROR: BlossomV ]===============================

LoadError: failed process: Process(setenv(`make -j8 all`,Union{UTF8String,ASCIIString}["PATH=/usr/local/sbin:/usr/local/bin:/usr/sbin:/usr/bin:/sbin:/bin:/usr/games:/home/vagrant/julia/bin/","PWD=/vagrant/nightlyAL","SHELL=/bin/bash","SSH_CONNECTION=10.0.2.2 48007 10.0.2.15 22","MAIL=/var/mail/vagrant","LANG=en_US.UTF-8","SHLVL=3","LOGNAME=vagrant","OLDPWD=/home/vagrant","SSH_CLIENT=10.0.2.2 48007 22","_=/usr/bin/timeout","USER=vagrant","TERM=vt100","HOME=/home/vagrant","OPENBLAS_MAIN_FREE=1","JAVA_HOME=/usr/lib/jvm/java-7-oracle"]), ProcessExited(2)) [2]
while loading /home/vagrant/.julia/v0.4/BlossomV/deps/build.jl, in expression starting on line 28

================================================================================

================================[ BUILD ERRORS ]================================

WARNING: BlossomV had build errors.

 - packages with build errors remain installed in /home/vagrant/.julia/v0.4
 - build the package(s) and all dependencies with `Pkg.build("BlossomV")`
 - build a single package by running its `deps/build.jl` script

================================================================================
INFO: Package database updated
INFO: METADATA is out-of-date — you may not have the latest version of BlossomV
INFO: Use `Pkg.update()` to get the latest versions of your packages

>>> 'Pkg.test("BlossomV")' log
Julia Version 0.4.0-dev+5741
Commit e063f77* (2015-07-01 15:54 UTC)
Platform Info:
  System: Linux (x86_64-unknown-linux-gnu)
  CPU: Intel(R) Xeon(R) CPU E5-2650 0 @ 2.00GHz
  WORD_SIZE: 64
  BLAS: libopenblas (USE64BITINT DYNAMIC_ARCH NO_AFFINITY Nehalem)
  LAPACK: libopenblas
  LIBM: libopenlibm
  LLVM: libLLVM-3.3
INFO: Testing BlossomV
ERROR: LoadError: LoadError: BlossomV not properly installed. Please run Pkg.build("BlossomV")
 in error at ./error.jl:21
 in include at ./boot.jl:254
 in include_from_node1 at ./loading.jl:133
 in reload_path at ./loading.jl:157
 in _require at ./loading.jl:69
 in require at ./loading.jl:52
 in include at ./boot.jl:254
 in include_from_node1 at loading.jl:133
 in process_options at ./client.jl:306
 in _start at ./client.jl:406
while loading /home/vagrant/.julia/v0.4/BlossomV/src/BlossomV.jl, in expression starting on line 6
while loading /home/vagrant/.julia/v0.4/BlossomV/test/runtests.jl, in expression starting on line 1
==============================[ ERROR: BlossomV ]===============================

failed process: Process(`/home/vagrant/julia/bin/julia --check-bounds=yes --code-coverage=none --color=no /home/vagrant/.julia/v0.4/BlossomV/test/runtests.jl`, ProcessExited(1)) [1]

================================================================================
INFO: No packages to install, update or remove
ERROR: BlossomV had test errors
 in error at ./error.jl:21
 in test at pkg/entry.jl:746
 in anonymous at pkg/dir.jl:31
 in cd at file.jl:22
 in cd at pkg/dir.jl:31
 in test at pkg.jl:71
 in process_options at ./client.jl:282
 in _start at ./client.jl:406

>>> End of log
