>>> 'Pkg.add("BlossomV")' log
INFO: Cloning cache of BlossomV from git://github.com/mlewe/BlossomV.jl.git
INFO: Installing BinDeps v0.3.12
INFO: Installing BlossomV v0.0.1
INFO: Installing SHA v0.0.4
INFO: Installing URIParser v0.0.5
INFO: Building BlossomV
INFO: Attempting to Create directory /home/vagrant/.julia/v0.3/BlossomV/deps/downloads
INFO: Downloading file http://pub.ist.ac.at/~vnk/software/blossom5-v2.04.src.tar.gz
  % Total    % Received % Xferd  Average Speed   Time    Time     Time  Current
                                 Dload  Upload   Total   Spent    Left  Speed
  0     0    0     0    0     0      0      0 --:--:-- --:--:-- --:--:--     0  8 47427    8  4092    0     0   6627      0  0:00:07 --:--:--  0:00:07 28220100 47427  100 47427    0     0  55482      0 --:--:-- --:--:-- --:--:--  121k
INFO: Done downloading file http://pub.ist.ac.at/~vnk/software/blossom5-v2.04.src.tar.gz
INFO: Attempting to Create directory /home/vagrant/.julia/v0.3/BlossomV/deps/src
INFO: Attempting to Create directory /home/vagrant/.julia/v0.3/BlossomV/deps
INFO: Directory /home/vagrant/.julia/v0.3/BlossomV/deps already created
INFO: Attempting to Create directory /home/vagrant/.julia/v0.3/BlossomV/deps/src/blossom5-v2.04.src
INFO: Changing Directory to /home/vagrant/.julia/v0.3/BlossomV/deps/src/blossom5-v2.04.src
INFO: Attempting to Create directory /home/vagrant/.julia/v0.3/BlossomV/deps/usr/lib
patching file Makefile
g++ -O3 -D_NDEBUG -fPIC -fvisibility=hidden -std=c++1y  example.cpp -c -o example.o
g++ -O3 -D_NDEBUG -fPIC -fvisibility=hidden -std=c++1y  interface.cpp -c -o interface.o
g++ -O3 -D_NDEBUG -fPIC -fvisibility=hidden -std=c++1y  misc.cpp -c -o misc.o
g++ -O3 -D_NDEBUG -fPIC -fvisibility=hidden -std=c++1y  PMduals.cpp -c -o PMduals.o
g++ -O3 -D_NDEBUG -fPIC -fvisibility=hidden -std=c++1y  PMexpand.cpp -c -o PMexpand.o
cc1plus: error: unrecognized command line option ‘-std=c++1y’g++ -O3 -D_NDEBUG -fPIC -fvisibility=hidden -std=c++1y  PMinit.cpp -c -o PMinit.o
cc1plus: error: unrecognized command line option ‘-std=c++1y’cc1plus: error: unrecognized command line option ‘-std=c++1y’g++ -O3 -D_NDEBUG -fPIC -fvisibility=hidden -std=c++1y  PMinterface.cpp -c -o PMinterface.o

cc1plus: error: unrecognized command line option ‘-std=c++1y’cc1plus: error: unrecognized command line option ‘-std=c++1y’

make: *** [example.o] Error 1
make: *** Waiting for unfinished jobs....
make: *** [interface.o] Error 1
make: *** [misc.o] Error 1


make: *** [PMduals.o] Error 1
cc1plus: error: unrecognized command line option ‘-std=c++1y’make: *** [PMexpand.o] Error 1

make: *** [PMinit.o] Error 1
cc1plus: error: unrecognized command line option ‘-std=c++1y’
make: *** [PMinterface.o] Error 1
==============================[ ERROR: BlossomV ]===============================

failed process: Process(setenv(`make -j8 all`,Union(ASCIIString,UTF8String)["PATH=/usr/local/sbin:/usr/local/bin:/usr/sbin:/usr/bin:/sbin:/bin:/usr/games:/home/vagrant/julia/bin/","PWD=/vagrant/releaseAL","SHELL=/bin/bash","SSH_CONNECTION=10.0.2.2 45011 10.0.2.15 22","MAIL=/var/mail/vagrant","LANG=en_US.UTF-8","SHLVL=3","LOGNAME=vagrant","OLDPWD=/home/vagrant","SSH_CLIENT=10.0.2.2 45011 22","_=/usr/bin/timeout","USER=vagrant","TERM=vt100","HOME=/home/vagrant","JAVA_HOME=/usr/lib/jvm/java-7-oracle"]), ProcessExited(2)) [2]
while loading /home/vagrant/.julia/v0.3/BlossomV/deps/build.jl, in expression starting on line 28

================================================================================

================================[ BUILD ERRORS ]================================

WARNING: BlossomV had build errors.

 - packages with build errors remain installed in /home/vagrant/.julia/v0.3
 - build the package(s) and all dependencies with `Pkg.build("BlossomV")`
 - build a single package by running its `deps/build.jl` script

================================================================================
INFO: Package database updated

>>> 'Pkg.test("BlossomV")' log
INFO: Testing BlossomV
ERROR: BlossomV not properly installed. Please run Pkg.build("BlossomV")
 in error at error.jl:21
 in include at ./boot.jl:245
 in include_from_node1 at ./loading.jl:128
 in reload_path at loading.jl:152
 in _require at loading.jl:67
 in require at loading.jl:51
 in include at ./boot.jl:245
 in include_from_node1 at loading.jl:128
 in process_options at ./client.jl:285
 in _start at ./client.jl:354
while loading /home/vagrant/.julia/v0.3/BlossomV/src/BlossomV.jl, in expression starting on line 6
while loading /home/vagrant/.julia/v0.3/BlossomV/test/runtests.jl, in expression starting on line 1

==============================[ ERROR: BlossomV ]===============================

failed process: Process(`/home/vagrant/julia/bin/julia /home/vagrant/.julia/v0.3/BlossomV/test/runtests.jl`, ProcessExited(1)) [1]

================================================================================
INFO: No packages to install, update or remove
ERROR: BlossomV had test errors
 in error at error.jl:21
 in test at pkg/entry.jl:718
 in anonymous at pkg/dir.jl:28
 in cd at ./file.jl:20
 in cd at pkg/dir.jl:28
 in test at pkg.jl:67
 in process_options at ./client.jl:213
 in _start at ./client.jl:354


>>> End of log
