>>> 'Pkg.add("CategoricalArrays")' log
INFO: Installing CategoricalArrays v0.1.0
INFO: Installing NullableArrays v0.0.10
INFO: Installing Reexport v0.0.3
INFO: Package database updated

>>> 'Pkg.test("CategoricalArrays")' log
Julia Version 0.6.0-dev.1973
Commit f4ed16b (2017-01-06 23:58 UTC)
Platform Info:
  OS: Linux (x86_64-pc-linux-gnu)
  CPU: Intel(R) Xeon(R) CPU E3-1241 v3 @ 3.50GHz
  WORD_SIZE: 64
           Ubuntu 14.04.5 LTS
  uname: Linux 3.13.0-106-generic #153-Ubuntu SMP Tue Dec 6 15:44:32 UTC 2016 x86_64 x86_64
Memory: 2.9392738342285156 GB (758.9921875 MB free)
Uptime: 8931.0 sec
Load Avg:  0.9716796875  0.5517578125  0.44775390625
Intel(R) Xeon(R) CPU E3-1241 v3 @ 3.50GHz: 
       speed         user         nice          sys         idle          irq
#1  3499 MHz     441021 s       5508 s      50832 s     315368 s         24 s
#2  3499 MHz     166808 s       1052 s      33542 s     670538 s          0 s

  BLAS: libopenblas (USE64BITINT DYNAMIC_ARCH NO_AFFINITY Nehalem)
  LAPACK: libopenblas64_
  LIBM: libopenlibm
  LLVM: libLLVM-3.9.1 (ORCJIT, haswell)
Environment:
  TERM = vt100
  LD_LIBRARY_PATH = :/usr/local/lib/
  PATH = /usr/local/sbin:/usr/local/bin:/usr/sbin:/usr/bin:/sbin:/bin:/usr/games:/usr/local/games:/home/vagrant/julia/bin/
  JAVA_HOME = /usr/lib/jvm/java-7-oracle
  HOME = /home/vagrant

Package Directory: /home/vagrant/.julia/v0.6
2 required packages:
 - CategoricalArrays             0.1.0
 - JSON                          0.8.0
3 additional packages:
 - Compat                        0.10.0
 - NullableArrays                0.0.10
 - Reexport                      0.0.3
INFO: Computing test dependencies for CategoricalArrays...
INFO: No packages to install, update or remove
INFO: Testing CategoricalArrays
Running tests:
	[1m[32mPASSED[0m: 01_typedef.jl
	[1m[32mPASSED[0m: 02_buildorder.jl
	[1m[32mPASSED[0m: 03_buildfields.jl
	[1m[32mPASSED[0m: 03_constructors.jl
	[1m[32mPASSED[0m: 05_convert.jl
WARNING: takebuf_string(b) is deprecated, use String(take!(b)) instead.
Stacktrace:
 [1] depwarn(::String, ::Symbol) at ./deprecated.jl:64
 [2] takebuf_string(::Base.AbstractIOBuffer{Array{UInt8,1}}) at ./deprecated.jl:50
 [3] include_from_node1(::String) at ./loading.jl:532
 [4] include(::String) at ./sysimg.jl:14
 [5] macro expansion; at /home/vagrant/.julia/v0.6/CategoricalArrays/test/runtests.jl:35 [inlined]
 [6] anonymous at ./<missing>:?
 [7] include_from_node1(::String) at ./loading.jl:532
 [8] include(::String) at ./sysimg.jl:14
 [9] process_options(::Base.JLOptions) at ./client.jl:308
 [10] _start() at ./client.jl:374
while loading /home/vagrant/.julia/v0.6/CategoricalArrays/test/06_show.jl, in expression starting on line 43
	[1m[32mPASSED[0m: 06_show.jl
	[1m[32mPASSED[0m: 06_length.jl
	[1m[32mPASSED[0m: 07_levels.jl
	[1m[32mPASSED[0m: 08_equality.jl
	[1m[32mPASSED[0m: 09_hash.jl
	[1m[32mPASSED[0m: 10_isless.jl
WARNING: imported binding for compact overwritten in module TestArray
	[1m[31mFAILED[0m: 11_array.jl
LoadError: MethodError: objects of type Bool are not callable
Stacktrace:
 [1] macro expansion; at /home/vagrant/.julia/v0.6/CategoricalArrays/test/runtests.jl:43 [inlined]
 [2] anonymous at ./<missing>:?
 [3] include_from_node1(::String) at ./loading.jl:532
 [4] include(::String) at ./sysimg.jl:14
 [5] process_options(::Base.JLOptions) at ./client.jl:308
 [6] _start() at ./client.jl:374
while loading /home/vagrant/.julia/v0.6/CategoricalArrays/test/11_array.jl, in expression starting on line 10
WARNING: imported binding for compact overwritten in module TestNullableArray
	[1m[31mFAILED[0m: 12_nullablearray.jl
LoadError: MethodError: objects of type Bool are not callable
Stacktrace:
 [1] macro expansion; at /home/vagrant/.julia/v0.6/CategoricalArrays/test/runtests.jl:43 [inlined]
 [2] anonymous at ./<missing>:?
 [3] include_from_node1(::String) at ./loading.jl:532
 [4] include(::String) at ./sysimg.jl:14
 [5] process_options(::Base.JLOptions) at ./client.jl:308
 [6] _start() at ./client.jl:374
while loading /home/vagrant/.julia/v0.6/CategoricalArrays/test/12_nullablearray.jl, in expression starting on line 14
	[1m[32mPASSED[0m: 13_arraycommon.jl
	[1m[32mPASSED[0m: 14_view.jl
ERROR: LoadError: "Tests failed"
Stacktrace:
 [1] include_from_node1(::String) at ./loading.jl:532
 [2] include(::String) at ./sysimg.jl:14
 [3] process_options(::Base.JLOptions) at ./client.jl:308
 [4] _start() at ./client.jl:374
while loading /home/vagrant/.julia/v0.6/CategoricalArrays/test/runtests.jl, in expression starting on line 50
==========================[ ERROR: CategoricalArrays ]==========================

failed process: Process(`/home/vagrant/julia/bin/julia -Cx86-64 -J/home/vagrant/julia/lib/julia/sys.so --compile=yes --depwarn=yes --check-bounds=yes --code-coverage=none --color=no --compilecache=yes /home/vagrant/.julia/v0.6/CategoricalArrays/test/runtests.jl`, ProcessExited(1)) [1]

================================================================================
INFO: No packages to install, update or remove
ERROR: CategoricalArrays had test errors

>>> End of log
