>>> 'Pkg.add("ControlSystems")' log
INFO: Cloning cache of ControlSystems from https://github.com/JuliaControl/ControlSystems.jl.git
INFO: Installing ColorTypes v0.2.6
INFO: Installing Colors v0.6.7
INFO: Installing ControlSystems v0.2.0
INFO: Installing FixedPointNumbers v0.1.6
INFO: Installing FixedSizeArrays v0.2.3
INFO: Installing Iterators v0.1.10
INFO: Installing Measures v0.0.3
INFO: Installing PlotUtils v0.0.4
INFO: Installing Plots v0.9.1
INFO: Installing Polynomials v0.1.0
INFO: Installing RecipesBase v0.0.6
INFO: Installing Reexport v0.0.3
INFO: Installing Showoff v0.0.7
INFO: Building Plots
INFO: Package database updated

>>> 'Pkg.test("ControlSystems")' log
Julia Version 0.5.0-rc4+0
Commit 9c76c3e (2016-09-09 01:43 UTC)
Platform Info:
  System: Linux (x86_64-pc-linux-gnu)
  CPU: Intel(R) Xeon(R) CPU E3-1241 v3 @ 3.50GHz
  WORD_SIZE: 64
           Ubuntu 14.04.5 LTS
  uname: Linux 3.13.0-95-generic #142-Ubuntu SMP Fri Aug 12 17:00:09 UTC 2016 x86_64 x86_64
Memory: 2.4471054077148438 GB (828.203125 MB free)
Uptime: 12325.0 sec
Load Avg:  0.97509765625  0.9404296875  0.98095703125
Intel(R) Xeon(R) CPU E3-1241 v3 @ 3.50GHz: 
       speed         user         nice          sys         idle          irq
#1  3499 MHz     688734 s       4311 s      71066 s     287799 s         20 s
#2  3499 MHz     241957 s       2252 s      40300 s     903892 s          0 s

  BLAS: libopenblas (USE64BITINT DYNAMIC_ARCH NO_AFFINITY Nehalem)
  LAPACK: libopenblas64_
  LIBM: libopenlibm
  LLVM: libLLVM-3.7.1 (ORCJIT, haswell)
Environment:
  TERM = vt100
  LD_LIBRARY_PATH = :/usr/local/lib/
  PATH = /usr/local/sbin:/usr/local/bin:/usr/sbin:/usr/bin:/sbin:/bin:/usr/games:/usr/local/games:/home/vagrant/julia/bin/
  JAVA_HOME = /usr/lib/jvm/java-7-oracle
  HOME = /home/vagrant

Package Directory: /home/vagrant/.julia/v0.5
2 required packages:
 - ControlSystems                0.2.0
 - JSON                          0.7.0
13 additional packages:
 - ColorTypes                    0.2.6
 - Colors                        0.6.7
 - Compat                        0.9.2
 - FixedPointNumbers             0.1.6
 - FixedSizeArrays               0.2.3
 - Iterators                     0.1.10
 - Measures                      0.0.3
 - PlotUtils                     0.0.4
 - Plots                         0.9.1
 - Polynomials                   0.1.0
 - RecipesBase                   0.0.6
 - Reexport                      0.0.3
 - Showoff                       0.0.7
INFO: Computing test dependencies for ControlSystems...
INFO: Cloning cache of VisualRegressionTests from https://github.com/tbreloff/VisualRegressionTests.jl.git
INFO: Installing BinDeps v0.4.5
INFO: Installing ColorVectorSpace v0.1.8
INFO: Installing Conda v0.3.1
INFO: Installing FactCheck v0.4.3
INFO: Installing FileIO v0.1.2
INFO: Installing Graphics v0.1.3
INFO: Installing ImageMagick v0.1.7
INFO: Installing Images v0.5.10
INFO: Installing LaTeXStrings v0.2.0
INFO: Installing MacroTools v0.3.2
INFO: Installing PyCall v1.7.2
INFO: Installing PyPlot v2.2.2
INFO: Installing Rmath v0.1.3
INFO: Installing SHA v0.2.1
INFO: Installing SIUnits v0.0.6
INFO: Installing StatsBase v0.9.0
INFO: Installing StatsFuns v0.3.1
INFO: Installing TexExtensions v0.0.3
INFO: Installing URIParser v0.1.6
INFO: Installing VisualRegressionTests v0.0.5
INFO: Installing Zlib v0.1.12
INFO: Building Rmath
INFO: Building ImageMagick
INFO: Building PyCall
INFO: No system-wide Python was found; got the following error:
could not spawn `'' -c "import distutils.sysconfig; print(distutils.sysconfig.get_config_var('VERSION'))"`: no such file or directory (ENOENT)
using the Python distribution in the Conda package
Traceback (most recent call last):
  File "/home/vagrant/.julia/v0.5/Conda/deps/usr/bin/conda", line 4, in <module>
    import conda.cli
  File "/home/vagrant/.julia/v0.5/Conda/deps/usr/lib/python2.7/site-packages/conda/cli/__init__.py", line 8, in <module>
    from .main import main  # NOQA
  File "/home/vagrant/.julia/v0.5/Conda/deps/usr/lib/python2.7/site-packages/conda/cli/main.py", line 46, in <module>
    from ..base.context import context
  File "/home/vagrant/.julia/v0.5/Conda/deps/usr/lib/python2.7/site-packages/conda/base/context.py", line 251, in <module>
    context = Context(SEARCH_PATH, conda, None)
  File "/home/vagrant/.julia/v0.5/Conda/deps/usr/lib/python2.7/site-packages/conda/common/configuration.py", line 692, in __init__
    self._add_search_path(search_path)
  File "/home/vagrant/.julia/v0.5/Conda/deps/usr/lib/python2.7/site-packages/conda/common/configuration.py", line 699, in _add_search_path
    return self._add_raw_data(load_file_configs(search_path))
  File "/home/vagrant/.julia/v0.5/Conda/deps/usr/lib/python2.7/site-packages/conda/common/configuration.py", line 371, in load_file_configs
    raw_data = odict(kv for kv in chain.from_iterable(load_paths))
  File "/home/vagrant/.julia/v0.5/Conda/deps/usr/lib/python2.7/collections.py", line 69, in __init__
    self.__update(*args, **kwds)
  File "/home/vagrant/.julia/v0.5/Conda/deps/usr/lib/python2.7/_abcoll.py", line 571, in update
    for key, value in other:
  File "/home/vagrant/.julia/v0.5/Conda/deps/usr/lib/python2.7/site-packages/conda/common/configuration.py", line 371, in <genexpr>
    raw_data = odict(kv for kv in chain.from_iterable(load_paths))
  File "/home/vagrant/.julia/v0.5/Conda/deps/usr/lib/python2.7/site-packages/conda/common/configuration.py", line 346, in _file_yaml_loader
    assert fullpath.endswith(".yml") or fullpath.endswith("condarc"), fullpath
AssertionError: /home/vagrant/.julia/v0.5/Conda/deps/usr/condarc-julia
===============================[ ERROR: PyCall ]================================

LoadError: failed process: Process(setenv(`/home/vagrant/.julia/v0.5/Conda/deps/usr/bin/conda install -y numpy`,String["PYTHON=","PATH=/usr/local/sbin:/usr/local/bin:/usr/sbin:/usr/bin:/sbin:/bin:/usr/games:/usr/local/games:/home/vagrant/julia/bin/","PWD=/vagrant/0.5AL","SHELL=/bin/bash","SSH_CONNECTION=10.0.2.2 53322 10.0.2.15 22","LD_LIBRARY_PATH=:/usr/local/lib/","CONDARC=/home/vagrant/.julia/v0.5/Conda/deps/usr/condarc-julia","MAIL=/var/mail/vagrant","LANG=en_US.UTF-8","SHLVL=4","LOGNAME=vagrant","XDG_RUNTIME_DIR=/run/user/1000","XDG_SESSION_ID=3","SSH_CLIENT=10.0.2.2 53322 22","_=/usr/bin/timeout","USER=vagrant","TERM=vt100","HOME=/home/vagrant","OPENBLAS_MAIN_FREE=1","JAVA_HOME=/usr/lib/jvm/java-7-oracle","PYTHONIOENCODING=UTF-8"]), ProcessExited(1)) [1]
while loading /home/vagrant/.julia/v0.5/PyCall/deps/build.jl, in expression starting on line 17

================================================================================

================================[ BUILD ERRORS ]================================

WARNING: PyCall had build errors.

 - packages with build errors remain installed in /home/vagrant/.julia/v0.5
 - build the package(s) and all dependencies with `Pkg.build("PyCall")`
 - build a single package by running its `deps/build.jl` script

================================================================================
INFO: Testing ControlSystems
WARNING: Method definition cgrad(Any, Any) in module PlotUtils at /home/vagrant/.julia/v0.5/PlotUtils/src/color_gradients.jl:82 overwritten at /home/vagrant/.julia/v0.5/PlotUtils/src/color_gradients.jl:99.
WARNING: Method definition #cgrad(Array{Any, 1}, PlotUtils.#cgrad, Any, Any) in module PlotUtils overwritten.
WARNING: The unregistered package ControlExamplePlots is currently needed to test plots, install using:
            Pkg.clone("https://github.com/JuliaControl/ControlExamplePlots.jl.git")
test_statespace
test_transferfunction
test_generalizedtf
test_zpk
test_analysis
test_connections
test_discrete
test_linalg
test_simplification
test_freqresp
test_synthesis
test_matrix_comps
test_timeresp
test_conversion
Test Summary: | Pass  Total
  All tests   |  261    261
INFO: ControlSystems tests passed
INFO: Removing BinDeps v0.4.5
INFO: Removing ColorVectorSpace v0.1.8
INFO: Removing Conda v0.3.1
INFO: Removing FactCheck v0.4.3
INFO: Removing FileIO v0.1.2
INFO: Removing Graphics v0.1.3
INFO: Removing ImageMagick v0.1.7
INFO: Removing Images v0.5.10
INFO: Removing LaTeXStrings v0.2.0
INFO: Removing MacroTools v0.3.2
INFO: Removing PyCall v1.7.2
INFO: Removing PyPlot v2.2.2
INFO: Removing Rmath v0.1.3
INFO: Removing SHA v0.2.1
INFO: Removing SIUnits v0.0.6
INFO: Removing StatsBase v0.9.0
INFO: Removing StatsFuns v0.3.1
INFO: Removing TexExtensions v0.0.3
INFO: Removing URIParser v0.1.6
INFO: Removing VisualRegressionTests v0.0.5
INFO: Removing Zlib v0.1.12

>>> End of log
