>>> 'Pkg.add("Crypto")' log
INFO: Cloning cache of Crypto from git://github.com/danielsuo/Crypto.jl.git
INFO: Installing Codecs v0.1.4
INFO: Installing Coverage v0.2.0
INFO: Installing Crypto v0.0.1
INFO: Installing FactCheck v0.4.0
INFO: Installing GnuTLS v0.0.4
INFO: Installing JuliaParser v0.6.2
INFO: Installing Nettle v0.1.10
INFO: Installing Requests v0.2.0
INFO: Installing Zlib v0.1.8
INFO: Building HttpParser
INFO: Building Nettle
INFO: Building GnuTLS
INFO: Building Crypto
gcc -Wno-deprecated-declarations -std=c99 -shared -fPIC digest.c ecdsa.c -o libcryptojl.so -lcrypto
ecdsa.c:4:24: fatal error: openssl/ec.h: No such file or directory
 #include <openssl/ec.h>
                        ^
compilation terminated.
make: *** [shared] Error 1
===============================[ ERROR: Crypto ]================================

failed process: Process(`make`, ProcessExited(2)) [2]
while loading /home/vagrant/.julia/v0.3/Crypto/deps/build.jl, in expression starting on line 1

================================================================================

================================[ BUILD ERRORS ]================================

WARNING: Crypto had build errors.

 - packages with build errors remain installed in /home/vagrant/.julia/v0.3
 - build the package(s) and all dependencies with `Pkg.build("Crypto")`
 - build a single package by running its `deps/build.jl` script

================================================================================
INFO: Package database updated

>>> 'Pkg.test("Crypto")' log
Julia Version 0.3.11
Commit 483dbf5* (2015-07-27 06:18 UTC)
Platform Info:
  System: Linux (x86_64-unknown-linux-gnu)
  CPU: Intel(R) Core(TM) i5-2500K CPU @ 3.30GHz
  WORD_SIZE: 64
  BLAS: libopenblas (USE64BITINT DYNAMIC_ARCH NO_AFFINITY Sandybridge)
  LAPACK: libopenblas
  LIBM: libopenlibm
  LLVM: libLLVM-3.3
INFO: Testing Crypto
ERROR: Library cannot be found; it may not have been built correctly.
 Try include("build.jl") from within the deps directory.
 in error at error.jl:21
 in include at ./boot.jl:245
 in include_from_node1 at ./loading.jl:128
 in reload_path at loading.jl:152
 in _require at loading.jl:67
 in require at loading.jl:51
 in include at ./boot.jl:245
 in include_from_node1 at loading.jl:128
 in process_options at ./client.jl:285
 in _start at ./client.jl:354
while loading /home/vagrant/.julia/v0.3/Crypto/src/Crypto.jl, in expression starting on line 53
while loading /home/vagrant/.julia/v0.3/Crypto/test/runtests.jl, in expression starting on line 1
===============================[ ERROR: Crypto ]================================

failed process: Process(`/home/vagrant/julia/bin/julia /home/vagrant/.julia/v0.3/Crypto/test/runtests.jl`, ProcessExited(1)) [1]

================================================================================
INFO: No packages to install, update or remove
ERROR: Crypto had test errors
 in error at error.jl:21
 in test at pkg/entry.jl:718
 in anonymous at pkg/dir.jl:28
 in cd at ./file.jl:20
 in cd at pkg/dir.jl:28
 in test at pkg.jl:67
 in process_options at ./client.jl:213
 in _start at ./client.jl:354

>>> End of log
