>>> 'Pkg.add("Crypto")' log
INFO: Cloning cache of Crypto from https://github.com/danielsuo/Crypto.jl.git
INFO: Installing BufferedStreams v0.0.2
INFO: Installing Codecs v0.1.5
INFO: Installing Coverage v0.3.0
INFO: Installing Crypto v0.0.1
INFO: Installing Libz v0.0.2
INFO: Installing MbedTLS v0.2.0
INFO: Installing Requests v0.3.4
INFO: Building HttpParser
INFO: Building MbedTLS
INFO: Building Crypto
gcc -Wno-deprecated-declarations -std=c99 -shared -fPIC digest.c ecdsa.c -o libcryptojl.so -lcrypto
ecdsa.c:4:24: fatal error: openssl/ec.h: No such file or directory
 #include <openssl/ec.h>
                        ^
compilation terminated.
make: *** [shared] Error 1
===============================[ ERROR: Crypto ]================================

LoadError: failed process: Process(`make`, ProcessExited(2)) [2]
while loading /home/vagrant/.julia/v0.5/Crypto/deps/build.jl, in expression starting on line 1

================================================================================

================================[ BUILD ERRORS ]================================

WARNING: Crypto had build errors.

 - packages with build errors remain installed in /home/vagrant/.julia/v0.5
 - build the package(s) and all dependencies with `Pkg.build("Crypto")`
 - build a single package by running its `deps/build.jl` script

================================================================================
INFO: Package database updated
INFO: METADATA is out-of-date â€” you may not have the latest version of Crypto
INFO: Use `Pkg.update()` to get the latest versions of your packages

>>> 'Pkg.test("Crypto")' log
Julia Version 0.5.0-dev+2440
Commit 2bb94d6 (2016-02-01 02:22 UTC)
Platform Info:
  System: Linux (x86_64-unknown-linux-gnu)
  CPU: Intel(R) Xeon(R) CPU E3-1241 v3 @ 3.50GHz
  WORD_SIZE: 64
  BLAS: libopenblas (USE64BITINT DYNAMIC_ARCH NO_AFFINITY Nehalem)
  LAPACK: libopenblas64_
  LIBM: libopenlibm
  LLVM: libLLVM-3.7.1
INFO: Testing Crypto
WARNING: Base.String is deprecated, use AbstractString instead.
  likely near /home/vagrant/.julia/v0.5/Crypto/src/digest.jl:17
WARNING: Base.String is deprecated, use AbstractString instead.
  likely near /home/vagrant/.julia/v0.5/Crypto/src/digest.jl:17
WARNING: Base.String is deprecated, use AbstractString instead.
  likely near /home/vagrant/.julia/v0.5/Crypto/src/digest.jl:17
WARNING: Base.String is deprecated, use AbstractString instead.
  likely near /home/vagrant/.julia/v0.5/Crypto/src/digest.jl:17
WARNING: Base.String is deprecated, use AbstractString instead.
  likely near /home/vagrant/.julia/v0.5/Crypto/src/digest.jl:17
WARNING: Base.String is deprecated, use AbstractString instead.
  likely near /home/vagrant/.julia/v0.5/Crypto/src/digest.jl:17
ERROR: LoadError: LoadError: Library cannot be found; it may not have been built correctly.
 Try include("build.jl") from within the deps directory.
 in error at ./error.jl:21
 in include at ./boot.jl:264
 in include_from_node1 at ./loading.jl:417
 in eval at ./boot.jl:267
 [inlined code] from ./sysimg.jl:14
 in require at ./loading.jl:348
 in include at ./boot.jl:264
 in include_from_node1 at ./loading.jl:417
 in process_options at ./client.jl:244
 in _start at ./client.jl:300
while loading /home/vagrant/.julia/v0.5/Crypto/src/Crypto.jl, in expression starting on line 53
while loading /home/vagrant/.julia/v0.5/Crypto/test/runtests.jl, in expression starting on line 1
===============================[ ERROR: Crypto ]================================

failed process: Process(`/home/vagrant/julia/bin/julia --check-bounds=yes --code-coverage=none --color=no /home/vagrant/.julia/v0.5/Crypto/test/runtests.jl`, ProcessExited(1)) [1]

================================================================================
ERROR: Base.Pkg.PkgError("Crypto had test errors")
 in #test#55(Base.Pkg.Entry.##test#55, Bool, Any, Array{AbstractString,1}) at ./pkg/entry.jl:671
 [inlined code] from ./boot.jl:331
 in #2(Base.Pkg.Dir.##2#3{Array{Any,1},Base.Pkg.Entry.#test,Tuple{Array{AbstractString,1}}}) at ./pkg/dir.jl:31
 in cd(Base.Filesystem.#cd, Base.Pkg.Dir.##2#3{Array{Any,1},Base.Pkg.Entry.#test,Tuple{Array{AbstractString,1}}}, UTF8String) at ./file.jl:47
 in #cd#1(Base.Pkg.Dir.##cd#1, Array{Any,1}, Any, Any, Array{AbstractString,1}, Vararg{Array{AbstractString,1}}) at ./pkg/dir.jl:31
 [inlined code] from ./boot.jl:331
 in #test#4(Base.Pkg.##test#4, Bool, Any, ASCIIString, Vararg{ASCIIString}) at ./pkg.jl:228
 in eval at ./boot.jl:267
 [inlined code] from ./sysimg.jl:14
 in process_options at ./client.jl:221
 in _start at ./client.jl:300

>>> End of log
