>>> 'Pkg.add("Crypto")' log
INFO: Cloning cache of Crypto from git://github.com/danielsuo/Crypto.jl.git
INFO: Installing BinDeps v0.3.12
INFO: Installing Codecs v0.1.4
INFO: Installing Coverage v0.0.8
INFO: Installing Crypto v0.0.1
INFO: Installing Dates v0.4.4
INFO: Installing FactCheck v0.2.8
INFO: Installing GnuTLS v0.0.4
INFO: Installing HttpCommon v0.0.12
INFO: Installing HttpParser v0.0.11
INFO: Installing JuliaParser v0.6.2
INFO: Installing Nettle v0.1.8
INFO: Installing Requests v0.0.8
INFO: Installing SHA v0.0.4
INFO: Installing URIParser v0.0.5
INFO: Building Nettle

WARNING: deprecated syntax "[a=>b, ...]" at /home/vagrant/.julia/v0.4/Nettle/deps/build.jl:39.
Use "Dict(a=>b, ...)" instead.
WARNING: beginswith is deprecated, use startswith instead.
 in depwarn at ./deprecated.jl:62
 in beginswith at deprecated.jl:30
 in available_versions at /home/vagrant/.julia/v0.4/BinDeps/src/dependencies.jl:116
 in package_available at /home/vagrant/.julia/v0.4/BinDeps/src/dependencies.jl:111
 in can_provide at /home/vagrant/.julia/v0.4/BinDeps/src/dependencies.jl:608
 in _find_library at /home/vagrant/.julia/v0.4/BinDeps/src/dependencies.jl:451
 in satisfy! at /home/vagrant/.julia/v0.4/BinDeps/src/dependencies.jl:738 (repeats 2 times)
 in anonymous at /home/vagrant/.julia/v0.4/BinDeps/src/dependencies.jl:793
 in include at ./boot.jl:254
 in include_from_node1 at ./loading.jl:133
 in evalfile at loading.jl:175 (repeats 2 times)
 in anonymous at pkg/entry.jl:652
 in cd at ./file.jl:22
 in build! at pkg/entry.jl:651
 in build! at pkg/entry.jl:646 (repeats 3 times)
 in build at pkg/entry.jl:663
 in resolve at ./pkg/entry.jl:472
 in edit at pkg/entry.jl:26
 in anonymous at task.jl:365
while loading /home/vagrant/.julia/v0.4/Nettle/deps/build.jl, in expression starting on line 39
WARNING: beginswith is deprecated, use startswith instead.
 in depwarn at ./deprecated.jl:62
 in beginswith at deprecated.jl:30
 in available_versions at /home/vagrant/.julia/v0.4/BinDeps/src/dependencies.jl:124
 in package_available at /home/vagrant/.julia/v0.4/BinDeps/src/dependencies.jl:111
 in can_provide at /home/vagrant/.julia/v0.4/BinDeps/src/dependencies.jl:608
 in _find_library at /home/vagrant/.julia/v0.4/BinDeps/src/dependencies.jl:451
 in satisfy! at /home/vagrant/.julia/v0.4/BinDeps/src/dependencies.jl:738 (repeats 2 times)
 in anonymous at /home/vagrant/.julia/v0.4/BinDeps/src/dependencies.jl:793
 in include at ./boot.jl:254
 in include_from_node1 at ./loading.jl:133
 in evalfile at loading.jl:175 (repeats 2 times)
 in anonymous at pkg/entry.jl:652
 in cd at ./file.jl:22
 in build! at pkg/entry.jl:651
 in build! at pkg/entry.jl:646 (repeats 3 times)
 in build at pkg/entry.jl:663
 in resolve at ./pkg/entry.jl:472
 in edit at pkg/entry.jl:26
 in anonymous at task.jl:365
while loading /home/vagrant/.julia/v0.4/Nettle/deps/build.jl, in expression starting on line 39
INFO: Building GnuTLS

WARNING: deprecated syntax "{a=>b, ...}" at /home/vagrant/.julia/v0.4/GnuTLS/deps/build.jl:15.
Use "Dict{Any,Any}(a=>b, ...)" instead.

WARNING: deprecated syntax "{a=>b, ...}" at /home/vagrant/.julia/v0.4/GnuTLS/deps/build.jl:48.
Use "Dict{Any,Any}(a=>b, ...)" instead.

WARNING: deprecated syntax "{a=>b, ...}" at /home/vagrant/.julia/v0.4/GnuTLS/deps/build.jl:53.
Use "Dict{Any,Any}(a=>b, ...)" instead.

WARNING: deprecated syntax "[a=>b, ...]" at /home/vagrant/.julia/v0.4/GnuTLS/deps/build.jl:55.
Use "Dict(a=>b, ...)" instead.
INFO: Building HttpParser

WARNING: deprecated syntax "[a=>b, ...]" at /home/vagrant/.julia/v0.4/HttpParser/deps/build.jl:42.
Use "Dict(a=>b, ...)" instead.
INFO: Building Crypto
gcc -Wno-deprecated-declarations -std=c99 -shared -fPIC digest.c ecdsa.c -o libcryptojl.so -lcrypto
ecdsa.c:4:24: fatal error: openssl/ec.h: No such file or directory
compilation terminated.
make: *** [shared] Error 1
===============================[ ERROR: Crypto ]================================

LoadError: failed process: Process(`make`, ProcessExited(2)) [2]
while loading /home/vagrant/.julia/v0.4/Crypto/deps/build.jl, in expression starting on line 1

================================================================================

================================[ BUILD ERRORS ]================================

WARNING: Crypto had build errors.

 - packages with build errors remain installed in /home/vagrant/.julia/v0.4
 - build the package(s) and all dependencies with `Pkg.build("Crypto")`
 - build a single package by running its `deps/build.jl` script

================================================================================
INFO: Package database updated

>>> 'Pkg.test("Crypto")' log
INFO: Testing Crypto
ERROR: LoadError: LoadError: Library cannot be found; it may not have been built correctly.
 Try include("build.jl") from within the deps directory.
 in error at ./error.jl:21
 in include at ./boot.jl:254
 in include_from_node1 at ./loading.jl:133
 in reload_path at ./loading.jl:157
 in _require at ./loading.jl:69
 in require at ./loading.jl:52
 in include at ./boot.jl:254
 in include_from_node1 at loading.jl:133
 in process_options at ./client.jl:304
 in _start at ./client.jl:404
while loading /home/vagrant/.julia/v0.4/Crypto/src/Crypto.jl, in expression starting on line 53
while loading /home/vagrant/.julia/v0.4/Crypto/test/runtests.jl, in expression starting on line 1

===============================[ ERROR: Crypto ]================================

failed process: Process(`/home/vagrant/julia/bin/julia --check-bounds=yes --code-coverage=none --color=no /home/vagrant/.julia/v0.4/Crypto/test/runtests.jl`, ProcessExited(1)) [1]

================================================================================
INFO: No packages to install, update or remove
ERROR: Crypto had test errors
 in error at ./error.jl:21
 in test at pkg/entry.jl:746
 in anonymous at pkg/dir.jl:31
 in cd at file.jl:22
 in cd at pkg/dir.jl:31
 in test at pkg.jl:71
 in process_options at ./client.jl:280
 in _start at ./client.jl:404


>>> End of log
