>>> 'Pkg.add("Cxx")' log
INFO: Cloning cache of Cxx from https://github.com/Keno/Cxx.jl.git
INFO: Installing Cxx v0.0.2
INFO: Building Cxx
writing path.jl file
Tuning for julia installation at /home/vagrant/julia/bin with sources possibly at /home/vagrant/julia/bin/../..
INFO: Building julia binary build
mkdir src
curl -o src/cfe-3.9.1.src.tar.xz http://llvm.org/releases/3.9.1/cfe-3.9.1.src.tar.xz
curl -o src/llvm-3.9.1.src.tar.xz http://llvm.org/releases/3.9.1/llvm-3.9.1.src.tar.xz
  % Total    % Received % Xferd  Average Speed   Time    Time     Time  Current
                                 Dload  Upload   Total   Spent    Left  Speed
  0     0    0     0    0     0      0      0 --:--:-- --:--:-- --:--:--     0  % Total    % Received % Xferd  Average Speed   Time    Time     Time  Current
                                 Dload  Upload   Total   Spent    Left  Speed
  0     0    0     0    0     0      0      0 --:--:-- --:--:-- --:--:--     0100   309  100   309    0     0    970      0 --:--:-- --:--:-- --:--:--   971
100   310  100   310    0     0    976      0 --:--:-- --:--:--mkdir -p src/clang-3.9.1
 --:--:--   977
mkdir -p src/llvm-3.9.1
tar -C src/clang-3.9.1 --strip-components=1 -xf src/cfe-3.9.1.src.tar.xz
tar -C src/llvm-3.9.1 --strip-components=1 -xf src/llvm-3.9.1.src.tar.xz
tar: This does not look like a tar archive
xz: (stdin): File format not recognized
tar: Child returned status 1
tar: Error is not recoverable: exiting now
tar: make: This does not look like a tar archive
*** [src/llvm-3.9.1] Error 2
make: *** Waiting for unfinished jobs....
xz: (stdin): File format not recognized
tar: Child returned status 1
tar: Error is not recoverable: exiting now
make: *** [src/clang-3.9.1] Error 2
=================================[ ERROR: Cxx ]=================================

LoadError: failed process: Process(`make -j2 -f BuildBootstrap.Makefile BASE_JULIA_BIN=/home/vagrant/julia/bin BASE_JULIA_SRC=/home/vagrant/julia/bin/../..`, ProcessExited(2)) [2]
while loading /home/vagrant/.julia/v0.6/Cxx/deps/build.jl, in expression starting on line 41

================================================================================

================================[ BUILD ERRORS ]================================

WARNING: Cxx had build errors.

 - packages with build errors remain installed in /home/vagrant/.julia/v0.6
 - build the package(s) and all dependencies with `Pkg.build("Cxx")`
 - build a single package by running its `deps/build.jl` script

================================================================================
INFO: Package database updated

>>> 'Pkg.test("Cxx")' log
Julia Version 0.6.0-dev.1946
Commit f550489 (2017-01-06 00:37 UTC)
Platform Info:
  OS: Linux (x86_64-pc-linux-gnu)
  CPU: Intel(R) Xeon(R) CPU E3-1241 v3 @ 3.50GHz
  WORD_SIZE: 64
           Ubuntu 14.04.5 LTS
  uname: Linux 3.13.0-106-generic #153-Ubuntu SMP Tue Dec 6 15:44:32 UTC 2016 x86_64 x86_64
Memory: 2.9392738342285156 GB (719.62109375 MB free)
Uptime: 15298.0 sec
Load Avg:  0.84375  0.93798828125  0.98388671875
Intel(R) Xeon(R) CPU E3-1241 v3 @ 3.50GHz: 
       speed         user         nice          sys         idle          irq
#1  3498 MHz     815307 s       2064 s      80982 s     474991 s         30 s
#2  3498 MHz     296745 s       3976 s      46310 s    1146464 s          0 s

  BLAS: libopenblas (USE64BITINT DYNAMIC_ARCH NO_AFFINITY Nehalem)
  LAPACK: libopenblas64_
  LIBM: libopenlibm
  LLVM: libLLVM-3.9.1 (ORCJIT, haswell)
Environment:
  TERM = vt100
  LD_LIBRARY_PATH = :/usr/local/lib/
  PATH = /usr/local/sbin:/usr/local/bin:/usr/sbin:/usr/bin:/sbin:/bin:/usr/games:/usr/local/games:/home/vagrant/julia/bin/
  JAVA_HOME = /usr/lib/jvm/java-7-oracle
  HOME = /home/vagrant

Package Directory: /home/vagrant/.julia/v0.6
2 required packages:
 - Cxx                           0.0.2
 - JSON                          0.8.0
1 additional packages:
 - Compat                        0.10.0
INFO: Testing Cxx
ERROR: LoadError: LoadError: LoadError: LoadError: could not open file /home/vagrant/.julia/v0.6/Cxx/src/../deps/build/clang_constants.jl
Stacktrace:
 [1] include_from_node1(::String) at ./loading.jl:532
 [2] include(::String) at ./sysimg.jl:14
 [3] include_from_node1(::String) at ./loading.jl:532
 [4] include(::String) at ./sysimg.jl:14
 [5] include_from_node1(::String) at ./loading.jl:532
while loading /home/vagrant/.julia/v0.6/Cxx/src/typetranslation.jl, in expression starting on line 433
while loading /home/vagrant/.julia/v0.6/Cxx/src/Cxx.jl, in expression starting on line 158
while loading /home/vagrant/.julia/v0.6/Cxx/test/cxxstr.jl, in expression starting on line 1
while loading /home/vagrant/.julia/v0.6/Cxx/test/runtests.jl, in expression starting on line 1
=================================[ ERROR: Cxx ]=================================

failed process: Process(`/home/vagrant/julia/bin/julia -Cx86-64 -J/home/vagrant/julia/lib/julia/sys.so --compile=yes --depwarn=yes --check-bounds=yes --code-coverage=none --color=no --compilecache=yes /home/vagrant/.julia/v0.6/Cxx/test/runtests.jl`, ProcessExited(1)) [1]

================================================================================
ERROR: Cxx had test errors
Stacktrace:
 [1] #test#61(::Bool, ::Function, ::Array{AbstractString,1}) at ./pkg/entry.jl:754
 [2] (::Base.Pkg.Entry.#kw##test)(::Array{Any,1}, ::Base.Pkg.Entry.#test, ::Array{AbstractString,1}) at ./<missing>:0
 [3] (::Base.Pkg.Dir.##2#3{Array{Any,1},Base.Pkg.Entry.#test,Tuple{Array{AbstractString,1}}})() at ./pkg/dir.jl:31
 [4] cd(::Base.Pkg.Dir.##2#3{Array{Any,1},Base.Pkg.Entry.#test,Tuple{Array{AbstractString,1}}}, ::String) at ./file.jl:69
 [5] #cd#1(::Array{Any,1}, ::Function, ::Function, ::Array{AbstractString,1}, ::Vararg{Array{AbstractString,1},N}) at ./pkg/dir.jl:31
 [6] (::Base.Pkg.Dir.#kw##cd)(::Array{Any,1}, ::Base.Pkg.Dir.#cd, ::Function, ::Array{AbstractString,1}, ::Vararg{Array{AbstractString,1},N}) at ./<missing>:0
 [7] #test#3(::Bool, ::Function, ::String, ::Vararg{String,N}) at ./pkg/pkg.jl:261
 [8] test(::String, ::Vararg{String,N}) at ./pkg/pkg.jl:261

>>> End of log
