>>> 'Pkg.add("Cxx")' log
INFO: Cloning cache of Cxx from https://github.com/Keno/Cxx.jl.git
INFO: Installing Cxx v0.0.2
INFO: Building Cxx
writing path.jl file
Tuning for julia installation at /home/vagrant/julia/bin with sources possibly at /home/vagrant/julia/bin/../..
INFO: Building julia binary build
mkdir src
curl -o src/cfe-3.7.1.src.tar.xz http://llvm.org/releases/3.7.1/cfe-3.7.1.src.tar.xz
curl -o src/llvm-3.7.1.src.tar.xz http://llvm.org/releases/3.7.1/llvm-3.7.1.src.tar.xz
  % Total    % Rec  % Total    % Received % Xferd  Average Speed   Time    Time     Time  Current
                                 Dload  Upload   Total   Spent    Left  Speed
  0     0    0     0    0     0      0      0 --:--:-- --:--:-- --:--:--     0eived % Xferd  Average Speed   Time    Time     Time  Current
                                 Dload  Upload   Total   Spent    Left  Speed
  0     0    0     0    0     0      0      0 --:--:-- --:--:-- --:--:--     0100   310  100   310    0     0    979      0 --:--:-- --:--:-- --:--:--   981
mkdir -p src/llvm-3.7.1
100   309  100   309    0     0    94tar -C src/llvm-3.7.1 --strip-components=1 -xf src/llvm-3.7.1.src.tar.xz
7      0 --:--:-- --:--:-- --:--:--   950
mkdir -p src/clang-3.7.1
tar -C src/clang-3.7.1 --strip-components=1 -xf src/cfe-3.7.1.src.tar.xz
tar: This does not look like a tar archive
tar: This does not look like a tar archive
xz: xz: (stdin): File format not recognized
tar: Child returned status 1
tar: Error is not recoverable: exiting now
(stdin): File format not recognized
tar: Child returned status 1
tar: Error is not recoverable: exiting now
make: *** [src/llvm-3.7.1] Error 2
make: *** Waiting for unfinished jobs....
make: *** [src/clang-3.7.1] Error 2
=================================[ ERROR: Cxx ]=================================

LoadError: failed process: Process(`make -j2 -f BuildBootstrap.Makefile BASE_JULIA_BIN=/home/vagrant/julia/bin BASE_JULIA_SRC=/home/vagrant/julia/bin/../..`, ProcessExited(2)) [2]
while loading /home/vagrant/.julia/v0.5/Cxx/deps/build.jl, in expression starting on line 41

================================================================================

================================[ BUILD ERRORS ]================================

WARNING: Cxx had build errors.

 - packages with build errors remain installed in /home/vagrant/.julia/v0.5
 - build the package(s) and all dependencies with `Pkg.build("Cxx")`
 - build a single package by running its `deps/build.jl` script

================================================================================
INFO: Package database updated
INFO: METADATA is out-of-date â€” you may not have the latest version of Cxx
INFO: Use `Pkg.update()` to get the latest versions of your packages

>>> 'Pkg.test("Cxx")' log
Julia Version 0.5.0
Commit 3c9d753 (2016-09-19 18:14 UTC)
Platform Info:
  System: Linux (x86_64-pc-linux-gnu)
  CPU: Intel(R) Xeon(R) CPU E3-1241 v3 @ 3.50GHz
  WORD_SIZE: 64
           Ubuntu 14.04.5 LTS
  uname: Linux 3.13.0-105-generic #152-Ubuntu SMP Fri Dec 2 15:37:11 UTC 2016 x86_64 x86_64
Memory: 2.9392738342285156 GB (613.17578125 MB free)
Uptime: 17917.0 sec
Load Avg:  0.98583984375  0.962890625  1.0078125
Intel(R) Xeon(R) CPU E3-1241 v3 @ 3.50GHz: 
       speed         user         nice          sys         idle          irq
#1  3512 MHz    1081706 s         64 s      91902 s     412576 s         30 s
#2  3512 MHz     359986 s         97 s      57349 s    1323583 s          0 s

  BLAS: libopenblas (USE64BITINT DYNAMIC_ARCH NO_AFFINITY Nehalem)
  LAPACK: libopenblas64_
  LIBM: libopenlibm
  LLVM: libLLVM-3.7.1 (ORCJIT, haswell)
Environment:
  TERM = vt100
  LD_LIBRARY_PATH = :/usr/local/lib/
  PATH = /usr/local/sbin:/usr/local/bin:/usr/sbin:/usr/bin:/sbin:/bin:/usr/games:/usr/local/games:/home/vagrant/julia/bin/
  JAVA_HOME = /usr/lib/jvm/java-7-oracle
  HOME = /home/vagrant

Package Directory: /home/vagrant/.julia/v0.5
2 required packages:
 - Cxx                           0.0.2
 - JSON                          0.8.0
1 additional packages:
 - Compat                        0.10.0
INFO: Testing Cxx
ERROR: LoadError: LoadError: LoadError: LoadError: could not open file /home/vagrant/.julia/v0.5/Cxx/src/../deps/build/clang_constants.jl
 in include_from_node1(::String) at ./loading.jl:488 (repeats 3 times)
 in eval(::Module, ::Any) at ./boot.jl:234
 in require(::Symbol) at ./loading.jl:415
 in include_from_node1(::String) at ./loading.jl:488 (repeats 2 times)
 in process_options(::Base.JLOptions) at ./client.jl:262
 in _start() at ./client.jl:318
while loading /home/vagrant/.julia/v0.5/Cxx/src/typetranslation.jl, in expression starting on line 433
while loading /home/vagrant/.julia/v0.5/Cxx/src/Cxx.jl, in expression starting on line 158
while loading /home/vagrant/.julia/v0.5/Cxx/test/cxxstr.jl, in expression starting on line 1
while loading /home/vagrant/.julia/v0.5/Cxx/test/runtests.jl, in expression starting on line 1
=================================[ ERROR: Cxx ]=================================

failed process: Process(`/home/vagrant/julia/bin/julia -Cx86-64 -J/home/vagrant/julia/lib/julia/sys.so --compile=yes --depwarn=yes --check-bounds=yes --code-coverage=none --color=no --compilecache=yes /home/vagrant/.julia/v0.5/Cxx/test/runtests.jl`, ProcessExited(1)) [1]

================================================================================
ERROR: Cxx had test errors
 in #test#61(::Bool, ::Function, ::Array{AbstractString,1}) at ./pkg/entry.jl:740
 in (::Base.Pkg.Entry.#kw##test)(::Array{Any,1}, ::Base.Pkg.Entry.#test, ::Array{AbstractString,1}) at ./<missing>:0
 in (::Base.Pkg.Dir.##2#3{Array{Any,1},Base.Pkg.Entry.#test,Tuple{Array{AbstractString,1}}})() at ./pkg/dir.jl:31
 in cd(::Base.Pkg.Dir.##2#3{Array{Any,1},Base.Pkg.Entry.#test,Tuple{Array{AbstractString,1}}}, ::String) at ./file.jl:59
 in #cd#1(::Array{Any,1}, ::Function, ::Function, ::Array{AbstractString,1}, ::Vararg{Array{AbstractString,1},N}) at ./pkg/dir.jl:31
 in (::Base.Pkg.Dir.#kw##cd)(::Array{Any,1}, ::Base.Pkg.Dir.#cd, ::Function, ::Array{AbstractString,1}, ::Vararg{Array{AbstractString,1},N}) at ./<missing>:0
 in #test#3(::Bool, ::Function, ::String, ::Vararg{String,N}) at ./pkg/pkg.jl:258
 in test(::String, ::Vararg{String,N}) at ./pkg/pkg.jl:258
 in eval(::Module, ::Any) at ./boot.jl:234
 in process_options(::Base.JLOptions) at ./client.jl:239
 in _start() at ./client.jl:318

>>> End of log
