>>> 'Pkg.add("DataFramesMeta")' log
INFO: Cloning cache of DataFramesMeta from https://github.com/JuliaStats/DataFramesMeta.jl.git
INFO: Installing DataArrays v0.3.10
INFO: Installing DataFrames v0.8.5
INFO: Installing DataFramesMeta v0.1.3
INFO: Installing FileIO v0.2.0
INFO: Installing GZip v0.2.20
INFO: Installing Hiccup v0.1.1
INFO: Installing Juno v0.2.5
INFO: Installing MacroTools v0.3.4
INFO: Installing Media v0.2.4
INFO: Installing Reexport v0.0.3
INFO: Installing SortingAlgorithms v0.1.0
INFO: Installing StatsBase v0.11.1
INFO: Package database updated
INFO: METADATA is out-of-date â€” you may not have the latest version of DataFramesMeta
INFO: Use `Pkg.update()` to get the latest versions of your packages

>>> 'Pkg.test("DataFramesMeta")' log
Julia Version 0.6.0-dev.1701
Commit d8a5718 (2016-12-26 06:25 UTC)
Platform Info:
  OS: Linux (x86_64-pc-linux-gnu)
  CPU: Intel(R) Xeon(R) CPU E3-1241 v3 @ 3.50GHz
  WORD_SIZE: 64
           Ubuntu 14.04.5 LTS
  uname: Linux 3.13.0-105-generic #152-Ubuntu SMP Fri Dec 2 15:37:11 UTC 2016 x86_64 x86_64
Memory: 2.9392738342285156 GB (758.5390625 MB free)
Uptime: 15563.0 sec
Load Avg:  0.994140625  1.0146484375  1.0400390625
Intel(R) Xeon(R) CPU E3-1241 v3 @ 3.50GHz: 
       speed         user         nice          sys         idle          irq
#1  3500 MHz     766967 s         97 s      80656 s     570894 s         21 s
#2  3500 MHz     269652 s         46 s      45533 s    1201224 s          0 s

  BLAS: libopenblas (USE64BITINT DYNAMIC_ARCH NO_AFFINITY Nehalem)
  LAPACK: libopenblas64_
  LIBM: libopenlibm
  LLVM: libLLVM-3.7.1 (ORCJIT, haswell)
Environment:
  TERM = vt100
  LD_LIBRARY_PATH = :/usr/local/lib/
  PATH = /usr/local/sbin:/usr/local/bin:/usr/sbin:/usr/bin:/sbin:/bin:/usr/games:/usr/local/games:/home/vagrant/julia/bin/
  JAVA_HOME = /usr/lib/jvm/java-7-oracle
  HOME = /home/vagrant

Package Directory: /home/vagrant/.julia/v0.6
2 required packages:
 - DataFramesMeta                0.1.3
 - JSON                          0.8.0
12 additional packages:
 - Compat                        0.9.5
 - DataArrays                    0.3.10
 - DataFrames                    0.8.5
 - FileIO                        0.2.0
 - GZip                          0.2.20
 - Hiccup                        0.1.1
 - Juno                          0.2.5
 - MacroTools                    0.3.4
 - Media                         0.2.4
 - Reexport                      0.0.3
 - SortingAlgorithms             0.1.0
 - StatsBase                     0.11.1
INFO: Computing test dependencies for DataFramesMeta...
INFO: Installing Lazy v0.11.4
INFO: Testing DataFramesMeta
Running tests:
WARNING: Method definition nrow(DataFramesMeta.AbstractCompositeDataFrame) in module DataFramesMeta at /home/vagrant/.julia/v0.6/DataFramesMeta/src/compositedataframe.jl:108 overwritten at /home/vagrant/.julia/v0.6/DataFramesMeta/src/compositedataframe.jl:109.
	[1m[32mPASSED[0m: dict.jl
Error During Test
  Test threw an exception of type MethodError
  Expression: x == sum(df[:A] .* df[:B])
  MethodError: no method matching size(::Type{DataArrays.DataArray})
  Closest candidates are:
    size{N}(::Any, !Matched::Integer, !Matched::Integer, !Matched::Integer...) at abstractarray.jl:23
    size(!Matched::BitArray{1}) at bitarray.jl:49
    size(!Matched::BitArray{1}, !Matched::Any) at bitarray.jl:53
    ...
   in broadcast_indices(::Type{Array}, ::Type{T}) at ./broadcast.jl:50
   in broadcast_c at ./broadcast.jl:288 [inlined]
   in broadcast at ./broadcast.jl:377 [inlined]
   in gen_broadcast_dataarray(::Int64, ::Tuple{DataType,DataType}, ::Type{T}, ::Function) at /home/vagrant/.julia/v0.6/DataArrays/src/broadcast.jl:91
   in get!(::DataArrays.##131#137{Base.#*,Tuple{DataArrays.DataArray{Int64,1},DataArrays.DataArray{Int64,1}},Int64}, ::Dict{Int64,Function}, ::Int64) at ./dict.jl:432
   in broadcast!(::Function, ::DataArrays.DataArray{Int64,1}, ::DataArrays.DataArray{Int64,1}, ::DataArrays.DataArray{Int64,1}) at /home/vagrant/.julia/v0.6/DataArrays/src/broadcast.jl:226
   in broadcast(::Base.#*, ::DataArrays.DataArray{Int64,1}, ::DataArrays.DataArray{Int64,1}) at /home/vagrant/.julia/v0.6/DataArrays/src/broadcast.jl:301
   in include_from_node1(::String) at ./loading.jl:532
   in include(::String) at ./sysimg.jl:14
   in macro expansion; at /home/vagrant/.julia/v0.6/DataFramesMeta/test/runtests.jl:15 [inlined]
   in anonymous at ./<missing>:?
   in include_from_node1(::String) at ./loading.jl:532
   in include(::String) at ./sysimg.jl:14
   in process_options(::Base.JLOptions) at ./client.jl:293
   in _start() at ./client.jl:357
	[1m[31mFAILED[0m: dataframes.jl
	[1m[31mFAILED[0m: compositedataframes.jl
Error During Test
  Test threw an exception of type MethodError
  Expression: @where(d,:x .== 3) == where(d,(x->begin 
                x[:x] .== 3
            end))
  MethodError: no method matching size(::Type{DataArrays.DataArray})
  Closest candidates are:
    size{N}(::Any, !Matched::Integer, !Matched::Integer, !Matched::Integer...) at abstractarray.jl:23
    size(!Matched::BitArray{1}) at bitarray.jl:49
    size(!Matched::BitArray{1}, !Matched::Any) at bitarray.jl:53
    ...
   in broadcast_indices(::Type{Array}, ::Type{T}) at ./broadcast.jl:50
   in broadcast_c at ./broadcast.jl:288 [inlined]
   in broadcast at ./broadcast.jl:377 [inlined]
   in gen_broadcast_dataarray(::Int64, ::Tuple{DataType}, ::Type{T}, ::Function) at /home/vagrant/.julia/v0.6/DataArrays/src/broadcast.jl:91
   in get!(::DataArrays.##131#137{TestGrouping.##2#7,Tuple{DataArrays.DataArray{Int64,1}},Int64}, ::Dict{Int64,Function}, ::Int64) at ./dict.jl:432
   in broadcast!(::Function, ::DataArrays.DataArray{Int64,1}, ::DataArrays.DataArray{Int64,1}) at /home/vagrant/.julia/v0.6/DataArrays/src/broadcast.jl:226
   in databroadcast(::Function, ::DataArrays.DataArray{Int64,1}, ::Vararg{DataArrays.DataArray{Int64,1},N}) at /home/vagrant/.julia/v0.6/DataArrays/src/broadcast.jl:235
   in broadcast(::Function, ::DataArrays.DataArray{Int64,1}) at /home/vagrant/.julia/v0.6/DataArrays/src/broadcast.jl:296
   in where(::DataFrames.DataFrame, ::TestGrouping.##1#5) at /home/vagrant/.julia/v0.6/DataFramesMeta/src/DataFramesMeta.jl:164
   in include_from_node1(::String) at ./loading.jl:532
   in include(::String) at ./sysimg.jl:14
   in macro expansion; at /home/vagrant/.julia/v0.6/DataFramesMeta/test/runtests.jl:15 [inlined]
   in anonymous at ./<missing>:?
   in include_from_node1(::String) at ./loading.jl:532
   in include(::String) at ./sysimg.jl:14
   in process_options(::Base.JLOptions) at ./client.jl:293
   in _start() at ./client.jl:357
	[1m[31mFAILED[0m: grouping.jl
WARNING: could not import Base.Predicate into Lazy
WARNING: Base.take is deprecated.
  likely near /home/vagrant/.julia/v0.6/Lazy/src/liblazy.jl:71
WARNING: Base.take is deprecated.
  likely near /home/vagrant/.julia/v0.6/Lazy/src/liblazy.jl:71
WARNING: Base.drop is deprecated.
  likely near /home/vagrant/.julia/v0.6/Lazy/src/liblazy.jl:74
WARNING: Base.drop is deprecated.
  likely near /home/vagrant/.julia/v0.6/Lazy/src/liblazy.jl:74
WARNING: Base.take is deprecated.
  likely near /home/vagrant/.julia/v0.6/Lazy/src/liblazy.jl:88
WARNING: Base.take is deprecated.
  likely near /home/vagrant/.julia/v0.6/Lazy/src/liblazy.jl:88
WARNING: Base.take is deprecated.
  likely near /home/vagrant/.julia/v0.6/Lazy/src/liblazy.jl:88
WARNING: Base.take is deprecated.
  likely near /home/vagrant/.julia/v0.6/Lazy/src/liblazy.jl:88
WARNING: Base.drop is deprecated.
  likely near /home/vagrant/.julia/v0.6/Lazy/src/liblazy.jl:88
WARNING: Base.drop is deprecated.
  likely near /home/vagrant/.julia/v0.6/Lazy/src/liblazy.jl:88
WARNING: Base.drop is deprecated.
  likely near /home/vagrant/.julia/v0.6/Lazy/src/liblazy.jl:88
WARNING: Base.drop is deprecated.
  likely near /home/vagrant/.julia/v0.6/Lazy/src/liblazy.jl:88
ERROR: LoadError: LoadError: UndefVarError: Predicate not defined
 in include_from_node1(::String) at ./loading.jl:532
 in include(::String) at ./sysimg.jl:14
 in include_from_node1(::String) at ./loading.jl:532
 in include(::String) at ./sysimg.jl:14
 in anonymous at ./<missing>:2
 in eval(::Module, ::Any) at ./boot.jl:236
 in process_options(::Base.JLOptions) at ./client.jl:270
 in _start() at ./client.jl:357
while loading /home/vagrant/.julia/v0.6/Lazy/src/liblazy.jl, in expression starting on line 182
while loading /home/vagrant/.julia/v0.6/Lazy/src/Lazy.jl, in expression starting on line 100
	[1m[31mFAILED[0m: chaining.jl
	[1m[31mFAILED[0m: linqmacro.jl
ERROR: LoadError: "Tests failed"
 in include_from_node1(::String) at ./loading.jl:532
 in include(::String) at ./sysimg.jl:14
 in process_options(::Base.JLOptions) at ./client.jl:293
 in _start() at ./client.jl:357
while loading /home/vagrant/.julia/v0.6/DataFramesMeta/test/runtests.jl, in expression starting on line 27
===========================[ ERROR: DataFramesMeta ]============================

failed process: Process(`/home/vagrant/julia/bin/julia -Cx86-64 -J/home/vagrant/julia/lib/julia/sys.so --compile=yes --depwarn=yes --check-bounds=yes --code-coverage=none --color=no --compilecache=yes /home/vagrant/.julia/v0.6/DataFramesMeta/test/runtests.jl`, ProcessExited(1)) [1]

================================================================================
INFO: Removing Lazy v0.11.4
ERROR: DataFramesMeta had test errors
 in #test#61(::Bool, ::Function, ::Array{AbstractString,1}) at ./pkg/entry.jl:749
 in (::Base.Pkg.Entry.#kw##test)(::Array{Any,1}, ::Base.Pkg.Entry.#test, ::Array{AbstractString,1}) at ./<missing>:0
 in (::Base.Pkg.Dir.##2#3{Array{Any,1},Base.Pkg.Entry.#test,Tuple{Array{AbstractString,1}}})() at ./pkg/dir.jl:31
 in cd(::Base.Pkg.Dir.##2#3{Array{Any,1},Base.Pkg.Entry.#test,Tuple{Array{AbstractString,1}}}, ::String) at ./file.jl:69
 in #cd#1(::Array{Any,1}, ::Function, ::Function, ::Array{AbstractString,1}, ::Vararg{Array{AbstractString,1},N}) at ./pkg/dir.jl:31
 in (::Base.Pkg.Dir.#kw##cd)(::Array{Any,1}, ::Base.Pkg.Dir.#cd, ::Function, ::Array{AbstractString,1}, ::Vararg{Array{AbstractString,1},N}) at ./<missing>:0
 in #test#3(::Bool, ::Function, ::String, ::Vararg{String,N}) at ./pkg/pkg.jl:259
 in test(::String, ::Vararg{String,N}) at ./pkg/pkg.jl:259
 in eval(::Module, ::Any) at ./boot.jl:236
 in process_options(::Base.JLOptions) at ./client.jl:270
 in _start() at ./client.jl:357

>>> End of log
