>>> 'Pkg.add("DataFrames")' log
INFO: Installing ArrayViews v0.6.2
INFO: Installing DataArrays v0.2.15
INFO: Installing DataFrames v0.6.6
INFO: Installing Docile v0.5.7
INFO: Installing GZip v0.2.15
INFO: Installing Reexport v0.0.2
INFO: Installing SortingAlgorithms v0.0.5
INFO: Installing StatsBase v0.6.15
INFO: Package database updated

>>> 'Pkg.test("DataFrames")' log
INFO: Testing DataFrames
Running tests:
WARNING: Unable to validate reserved words against parser. Expected if Julia was not built from source.
	[1m[32mPASSED[0m: utils.jl
	[1m[31mFAILED[0m: cat.jl
LoadError: MethodError: `getindex` has no method matching getindex(::DataFrames.DataFrame, ::Int64, ::Colon)
Closest candidates are:
  getindex(::DataFrames.DataFrame, ::Real, !Matched::Union{Real,Symbol})
  getindex{T<:Union{Real,Symbol}}(::DataFrames.DataFrame, ::Real, !Matched::AbstractArray{T<:Union{Real,Symbol},1})
  getindex(::DataFrames.DataFrame, ::Union{Real,Symbol})
  ...
 in anonymous at no file:42
 in include at ./boot.jl:254
 in include_from_node1 at loading.jl:133
 in process_options at ./client.jl:304
 in _start at ./client.jl:404
while loading /home/vagrant/.julia/v0.4/DataFrames/test/cat.jl, in expression starting on line 39
	[1m[31mFAILED[0m: data.jl
LoadError: test error in expression: size(df6[2,:],1) == 1
MethodError: `getindex` has no method matching getindex(::DataFrames.DataFrame, ::Int64, ::Colon)
Closest candidates are:
  getindex(::DataFrames.DataFrame, ::Real, !Matched::Union{Real,Symbol})
  getindex{T<:Union{Real,Symbol}}(::DataFrames.DataFrame, ::Real, !Matched::AbstractArray{T<:Union{Real,Symbol},1})
  getindex(::DataFrames.DataFrame, ::Union{Real,Symbol})
  ...
 in anonymous at test.jl:89
 in do_test at test.jl:49
 in include at ./boot.jl:254
 in include_from_node1 at ./loading.jl:133
 in anonymous at no file:34
 in include at ./boot.jl:254
 in include_from_node1 at loading.jl:133
 in process_options at ./client.jl:304
 in _start at ./client.jl:404
 in anonymous at no file:42
 in include at ./boot.jl:254
 in include_from_node1 at loading.jl:133
 in process_options at ./client.jl:304
 in _start at ./client.jl:404
while loading /home/vagrant/.julia/v0.4/DataFrames/test/data.jl, in expression starting on line 39
	[1m[32mPASSED[0m: index.jl
	[1m[31mFAILED[0m: dataframe.jl
LoadError: MethodError: `getindex` has no method matching getindex(::DataFrames.DataFrame, ::Colon, ::Array{Int64,1})
Closest candidates are:
  getindex{T<:Union{Real,Symbol}}(::DataFrames.DataFrame, !Matched::Real, ::AbstractArray{T<:Union{Real,Symbol},1})
  getindex{R<:Real,T<:Union{Real,Symbol}}(::DataFrames.DataFrame, !Matched::AbstractArray{R<:Real,1}, ::AbstractArray{T<:Union{Real,Symbol},1})
  getindex(::DataFrames.DataFrame, !Matched::Real, !Matched::Union{Real,Symbol})
  ...
 in anonymous at no file:42
 in include at ./boot.jl:254
 in include_from_node1 at loading.jl:133
 in process_options at ./client.jl:304
 in _start at ./client.jl:404
while loading /home/vagrant/.julia/v0.4/DataFrames/test/dataframe.jl, in expression starting on line 55
WARNING: gc_disable() is deprecated, use gc_enable(false) instead.
 in depwarn at ./deprecated.jl:62
 in gc_disable at deprecated.jl:49
 in close at /home/vagrant/.julia/v0.4/GZip/src/GZip.jl:304
 in readtable at /home/vagrant/.julia/v0.4/DataFrames/src/dataframe/io.jl:850
 in readtable at /home/vagrant/.julia/v0.4/DataFrames/src/dataframe/io.jl:893
 in anonymous at no file:27
 in include at ./boot.jl:254
 in include_from_node1 at ./loading.jl:133
 in anonymous at no file:34
 in include at ./boot.jl:254
 in include_from_node1 at loading.jl:133
 in process_options at ./client.jl:304
 in _start at ./client.jl:404
while loading /home/vagrant/.julia/v0.4/DataFrames/test/io.jl, in expression starting on line 25
WARNING: gc_enable() is deprecated, use gc_enable(true) instead.
 in depwarn at ./deprecated.jl:62
 in gc_enable at deprecated.jl:49
 in close at /home/vagrant/.julia/v0.4/GZip/src/GZip.jl:310
 in readtable at /home/vagrant/.julia/v0.4/DataFrames/src/dataframe/io.jl:850
 in readtable at /home/vagrant/.julia/v0.4/DataFrames/src/dataframe/io.jl:893
 in anonymous at no file:27
 in include at ./boot.jl:254
 in include_from_node1 at ./loading.jl:133
 in anonymous at no file:34
 in include at ./boot.jl:254
 in include_from_node1 at loading.jl:133
 in process_options at ./client.jl:304
 in _start at ./client.jl:404
while loading /home/vagrant/.julia/v0.4/DataFrames/test/io.jl, in expression starting on line 25
WARNING: gc_enable() is deprecated, use gc_enable(true) instead.error in running finalizer: ErrorException("task switch not allowed from inside gc finalizer")
	[1m[31mFAILED[0m: io.jl
LoadError: test error in expression: readtable(osxpath; opts1...) == df1[1:3,:]
MethodError: `getindex` has no method matching getindex(::DataFrames.DataFrame, ::UnitRange{Int64}, ::Colon)
Closest candidates are:
  getindex{T<:Real}(::DataFrames.DataFrame, ::AbstractArray{T<:Real,1}, !Matched::Union{Real,Symbol})
  getindex{R<:Real,T<:Union{Real,Symbol}}(::DataFrames.DataFrame, ::AbstractArray{R<:Real,1}, !Matched::AbstractArray{T<:Union{Real,Symbol},1})
  getindex{T<:Union{Real,Symbol}}(::DataFrames.DataFrame, ::AbstractArray{T<:Union{Real,Symbol},1})
  ...
 in anonymous at test.jl:89
 in do_test at test.jl:49
 in include at ./boot.jl:254
 in include_from_node1 at ./loading.jl:133
 in anonymous at no file:34
 in include at ./boot.jl:254
 in include_from_node1 at loading.jl:133
 in process_options at ./client.jl:304
 in _start at ./client.jl:404
 in anonymous at no file:42
 in include at ./boot.jl:254
 in include_from_node1 at loading.jl:133
 in process_options at ./client.jl:304
 in _start at ./client.jl:404
while loading /home/vagrant/.julia/v0.4/DataFrames/test/io.jl, in expression starting on line 171
	[1m[31mFAILED[0m: formula.jl
LoadError: MethodError: `getindex` has no method matching getindex(::DataFrames.DataFrame, ::BitArray{1}, ::Colon)
Closest candidates are:
  getindex{T<:Real}(::DataFrames.DataFrame, ::AbstractArray{T<:Real,1}, !Matched::Union{Real,Symbol})
  getindex{R<:Real,T<:Union{Real,Symbol}}(::DataFrames.DataFrame, ::AbstractArray{R<:Real,1}, !Matched::AbstractArray{T<:Union{Real,Symbol},1})
  getindex{T<:Union{Real,Symbol}}(::DataFrames.DataFrame, ::AbstractArray{T<:Union{Real,Symbol},1})
  ...
 in anonymous at no file:42
 in include at ./boot.jl:254
 in include_from_node1 at loading.jl:133
 in process_options at ./client.jl:304
 in _start at ./client.jl:404
while loading /home/vagrant/.julia/v0.4/DataFrames/test/formula.jl, in expression starting on line 26
	[1m[32mPASSED[0m: constructors.jl
	[1m[32mPASSED[0m: conversions.jl
	[1m[31mFAILED[0m: RDA.jl
LoadError: MethodError: `setindex!` has no method matching setindex!(::DataFrames.DataFrame, ::DataArrays.NAtype, ::Int64, ::Colon)
Closest candidates are:
  setindex!(::DataFrames.DataFrame, ::Any, ::Real, !Matched::Union{Real,Symbol})
  setindex!(::DataFrames.DataFrame, ::Any, ::Real, !Matched::AbstractArray{Bool,1})
  setindex!{T<:Union{Real,Symbol}}(::DataFrames.DataFrame, ::Any, ::Real, !Matched::AbstractArray{T<:Union{Real,Symbol},1})
  ...
 in anonymous at no file:42
 in include at ./boot.jl:254
 in include_from_node1 at loading.jl:133
 in process_options at ./client.jl:304
 in _start at ./client.jl:404
while loading /home/vagrant/.julia/v0.4/DataFrames/test/RDA.jl, in expression starting on line 46
	[1m[31mFAILED[0m: sort.jl
LoadError: test error in expression: (sort(d,cols=:dv1))[:dv3] == sortperm(dv1)
MethodError: `getindex` has no method matching getindex(::DataFrames.DataFrame, ::Array{Int64,1}, ::Colon)
Closest candidates are:
  getindex{T<:Real}(::DataFrames.DataFrame, ::AbstractArray{T<:Real,1}, !Matched::Union{Real,Symbol})
  getindex{R<:Real,T<:Union{Real,Symbol}}(::DataFrames.DataFrame, ::AbstractArray{R<:Real,1}, !Matched::AbstractArray{T<:Union{Real,Symbol},1})
  getindex{T<:Union{Real,Symbol}}(::DataFrames.DataFrame, ::AbstractArray{T<:Union{Real,Symbol},1})
  ...
 in sort at /home/vagrant/.julia/v0.4/DataFrames/src/abstractdataframe/sort.jl:305
 in sort at /home/vagrant/.julia/v0.4/DataFrames/src/abstractdataframe/sort.jl:300
 in anonymous at test.jl:89
 in do_test at test.jl:49
 in include at ./boot.jl:254
 in include_from_node1 at ./loading.jl:133
 in anonymous at no file:34
 in include at ./boot.jl:254
 in include_from_node1 at loading.jl:133
 in process_options at ./client.jl:304
 in _start at ./client.jl:404
 in anonymous at no file:42
 in include at ./boot.jl:254
 in include_from_node1 at loading.jl:133
 in process_options at ./client.jl:304
 in _start at ./client.jl:404
while loading /home/vagrant/.julia/v0.4/DataFrames/test/sort.jl, in expression starting on line 14
	[1m[31mFAILED[0m: grouping.jl
LoadError: MethodError: `getindex` has no method matching getindex(::DataFrames.DataFrame, ::Array{Int64,1}, ::Colon)
Closest candidates are:
  getindex{T<:Real}(::DataFrames.DataFrame, ::AbstractArray{T<:Real,1}, !Matched::Union{Real,Symbol})
  getindex{R<:Real,T<:Union{Real,Symbol}}(::DataFrames.DataFrame, ::AbstractArray{R<:Real,1}, !Matched::AbstractArray{T<:Union{Real,Symbol},1})
  getindex{T<:Union{Real,Symbol}}(::DataFrames.DataFrame, ::AbstractArray{T<:Union{Real,Symbol},1})
  ...
 in anonymous at no file:42
 in include at ./boot.jl:254
 in include_from_node1 at loading.jl:133
 in process_options at ./client.jl:304
 in _start at ./client.jl:404
while loading /home/vagrant/.julia/v0.4/DataFrames/test/grouping.jl, in expression starting on line 13
	[1m[31mFAILED[0m: join.jl
LoadError: MethodError: `getindex` has no method matching getindex(::DataFrames.DataFrame, ::Array{Int64,1}, ::Colon)
Closest candidates are:
  getindex{T<:Real}(::DataFrames.DataFrame, ::AbstractArray{T<:Real,1}, !Matched::Union{Real,Symbol})
  getindex{R<:Real,T<:Union{Real,Symbol}}(::DataFrames.DataFrame, ::AbstractArray{R<:Real,1}, !Matched::AbstractArray{T<:Union{Real,Symbol},1})
  getindex{T<:Union{Real,Symbol}}(::DataFrames.DataFrame, ::AbstractArray{T<:Union{Real,Symbol},1})
  ...
 in anonymous at no file:42
 in include at ./boot.jl:254
 in include_from_node1 at loading.jl:133
 in process_options at ./client.jl:304
 in _start at ./client.jl:404
while loading /home/vagrant/.julia/v0.4/DataFrames/test/join.jl, in expression starting on line 9
	[1m[31mFAILED[0m: iteration.jl
LoadError: test error in expression: isequal(map((x->begin  # /home/vagrant/.julia/v0.4/DataFrames/test/iteration.jl, line 34:
                minimum(convert(Array,x))
            end),eachrow(df)),Any[1,2])
MethodError: `getindex` has no method matching getindex(::DataFrames.DataFrame, ::Int64, ::Colon)
Closest candidates are:
  getindex(::DataFrames.DataFrame, ::Real, !Matched::Union{Real,Symbol})
  getindex{T<:Union{Real,Symbol}}(::DataFrames.DataFrame, ::Real, !Matched::AbstractArray{T<:Union{Real,Symbol},1})
  getindex(::DataFrames.DataFrame, ::Union{Real,Symbol})
  ...
 in convert at /home/vagrant/.julia/v0.4/DataFrames/src/dataframerow/dataframerow.jl:38
 in anonymous at /home/vagrant/.julia/v0.4/DataFrames/test/iteration.jl:34
 in map at /home/vagrant/.julia/v0.4/DataFrames/src/abstractdataframe/iteration.jl:21
 in anonymous at test.jl:91
 in do_test at test.jl:49
 in include at ./boot.jl:254
 in include_from_node1 at ./loading.jl:133
 in anonymous at no file:34
 in include at ./boot.jl:254
 in include_from_node1 at loading.jl:133
 in process_options at ./client.jl:304
 in _start at ./client.jl:404
 in anonymous at no file:42
 in include at ./boot.jl:254
 in include_from_node1 at loading.jl:133
 in process_options at ./client.jl:304
 in _start at ./client.jl:404
while loading /home/vagrant/.julia/v0.4/DataFrames/test/iteration.jl, in expression starting on line 34
	[1m[31mFAILED[0m: duplicates.jl
LoadError: test error in expression: isequal(nonunique(df),[false,false,false,true,false])
MethodError: `getindex` has no method matching getindex(::DataFrames.DataFrame, ::Int64, ::Colon)
Closest candidates are:
  getindex(::DataFrames.DataFrame, ::Real, !Matched::Union{Real,Symbol})
  getindex{T<:Union{Real,Symbol}}(::DataFrames.DataFrame, ::Real, !Matched::AbstractArray{T<:Union{Real,Symbol},1})
  getindex(::DataFrames.DataFrame, ::Union{Real,Symbol})
  ...
 in nonunique at /home/vagrant/.julia/v0.4/DataFrames/src/abstractdataframe/abstractdataframe.jl:582
 in anonymous at test.jl:91
 in do_test at test.jl:49
 in include at ./boot.jl:254
 in include_from_node1 at ./loading.jl:133
 in anonymous at no file:34
 in include at ./boot.jl:254
 in include_from_node1 at loading.jl:133
 in process_options at ./client.jl:304
 in _start at ./client.jl:404
 in anonymous at no file:42
 in include at ./boot.jl:254
 in include_from_node1 at loading.jl:133
 in process_options at ./client.jl:304
 in _start at ./client.jl:404
while loading /home/vagrant/.julia/v0.4/DataFrames/test/duplicates.jl, in expression starting on line 7
	[1m[31mFAILED[0m: show.jl
LoadError: DimensionMismatch("index 1 has size (2,), but size(A) = ()")
 in anonymous at no file:42
 in include at ./boot.jl:254
 in include_from_node1 at loading.jl:133
 in process_options at ./client.jl:304
 in _start at ./client.jl:404
while loading /home/vagrant/.julia/v0.4/DataFrames/test/show.jl, in expression starting on line 12
ERROR: LoadError: "Tests failed"
 in include at ./boot.jl:254
 in include_from_node1 at loading.jl:133
 in process_options at ./client.jl:304
 in _start at ./client.jl:404
while loading /home/vagrant/.julia/v0.4/DataFrames/test/runtests.jl, in expression starting on line 49

=============================[ ERROR: DataFrames ]==============================

failed process: Process(`/home/vagrant/julia/bin/julia --check-bounds=yes --code-coverage=none --color=no /home/vagrant/.julia/v0.4/DataFrames/test/runtests.jl`, ProcessExited(1)) [1]

================================================================================
INFO: No packages to install, update or remove
ERROR: DataFrames had test errors
 in error at ./error.jl:21
 in test at pkg/entry.jl:746
 in anonymous at pkg/dir.jl:31
 in cd at file.jl:22
 in cd at pkg/dir.jl:31
 in test at pkg.jl:71
 in process_options at ./client.jl:280
 in _start at ./client.jl:404


>>> End of log
