>>> 'Pkg.add("DataFrames")' log
INFO: Installing ArrayViews v0.6.4
INFO: Installing DataArrays v0.2.20
INFO: Installing DataFrames v0.6.10
INFO: Installing Docile v0.5.23
INFO: Installing GZip v0.2.18
INFO: Installing Reexport v0.0.3
INFO: Installing SortingAlgorithms v0.0.6
INFO: Installing StatsBase v0.8.0
INFO: Installing StatsFuns v0.2.0
INFO: Package database updated
INFO: METADATA is out-of-date â€” you may not have the latest version of DataFrames
INFO: Use `Pkg.update()` to get the latest versions of your packages

>>> 'Pkg.test("DataFrames")' log
Julia Version 0.5.0-dev+3184
Commit fb283c6 (2016-03-17 08:49 UTC)
Platform Info:
  System: Linux (x86_64-unknown-linux-gnu)
  CPU: Intel(R) Xeon(R) CPU E3-1241 v3 @ 3.50GHz
  WORD_SIZE: 64
  BLAS: libopenblas (USE64BITINT DYNAMIC_ARCH NO_AFFINITY Nehalem)
  LAPACK: libopenblas64_
  LIBM: libopenlibm
  LLVM: libLLVM-3.7.1 (ORCJIT, haswell)
INFO: Testing DataFrames
WARNING: New definition 
    write(GZip.GZipStream, Array{#T<:Any, N<:Any}) at /home/vagrant/.julia/v0.5/GZip/src/GZip.jl:456
is ambiguous with: 
    write(Base.IO, Array{UInt8, N<:Any}) at io.jl:154.
To fix, define 
    write(GZip.GZipStream, Array{UInt8, N<:Any})
before the new definition.
Running tests:
WARNING: Unable to validate reserved words against parser. Expected if Julia was not built from source.
Error During Test
  Test threw an exception of type ErrorException
  Expression: DataFrames._fnames(funs) == ["mean","sum","var","Î»1"]
  type #mean has no field env
   in (::DataFrames.##1#2)(::Any) at /home/vagrant/.julia/v0.5/DataFrames/src/other/utils.jl:182
   in map(::DataFrames.##1#2, ::Array{Function,1}) at ./abstractarray.jl:1256
   in _fnames(::Array{Function,1}) at /home/vagrant/.julia/v0.5/DataFrames/src/other/utils.jl:181
   in include(::ASCIIString) at ./boot.jl:264
   in include_from_node1(::ASCIIString) at ./loading.jl:417
   [inlined code] from /home/vagrant/.julia/v0.5/DataFrames/test/runtests.jl:36
   in start(::Array{ASCIIString,1}) at ./<no file>:4294967295
   in include(::ASCIIString) at ./boot.jl:264
   in include_from_node1(::UTF8String) at ./loading.jl:417
   in process_options(::Base.JLOptions) at ./client.jl:262
   in _start() at ./client.jl:318
	[1m[31mFAILED[0m: utils.jl
LoadError: There was an error during testing
 [inlined code] from ./error.jl:26
 in start(::Array{ASCIIString,1}) at ./<no file>:4294967295
 in include(::ASCIIString) at ./boot.jl:264
 in include_from_node1(::UTF8String) at ./loading.jl:417
 in process_options(::Base.JLOptions) at ./client.jl:262
 in _start() at ./client.jl:318
while loading /home/vagrant/.julia/v0.5/DataFrames/test/utils.jl, in expression starting on line 51
	[1m[32mPASSED[0m: cat.jl
	[1m[31mFAILED[0m: data.jl
LoadError: MethodError: no method matching aggregate(::DataFrames.DataFrame, ::Array{Base.#sum,1})
Closest candidates are:
  aggregate(::DataFrames.AbstractDataFrame, !Matched::Function)
  aggregate(::DataFrames.AbstractDataFrame, !Matched::Array{Function,1})
  aggregate{T<:Union{Real,Symbol}}(::DataFrames.AbstractDataFrame, !Matched::Union{AbstractArray{T<:Union{Real,Symbol},1},T<:Union{Real,Symbol}}, !Matched::Union{Array{Function,1},Function})
 [inlined code] from ./error.jl:26
 in start(::Array{ASCIIString,1}) at ./<no file>:4294967295
 in include(::ASCIIString) at ./boot.jl:264
 in include_from_node1(::UTF8String) at ./loading.jl:417
 in process_options(::Base.JLOptions) at ./client.jl:262
 in _start() at ./client.jl:318
while loading /home/vagrant/.julia/v0.5/DataFrames/test/data.jl, in expression starting on line 102
	[1m[32mPASSED[0m: index.jl
	[1m[32mPASSED[0m: dataframe.jl
	[1m[32mPASSED[0m: dataframerow.jl
	[1m[32mPASSED[0m: io.jl
	[1m[32mPASSED[0m: formula.jl
	[1m[32mPASSED[0m: constructors.jl
	[1m[32mPASSED[0m: conversions.jl
	[1m[32mPASSED[0m: RDA.jl
Error During Test
  Test threw an exception of type StackOverflowError
  Expression: issorted(ds,rev=(true,false,false))
  StackOverflowError:
   in size(::DataFrames.DataFrame, ::Int64) at /home/vagrant/.julia/v0.5/DataFrames/src/abstractdataframe/abstractdataframe.jl:0
   in ordering(::DataFrames.DataFrame, ::Array{Any,1}, ::Array{Base.#isless,1}, ::Array{Base.#identity,1}, ::Array{Bool,1}, ::Array{Base.Order.ForwardOrdering,1}) at /home/vagrant/.julia/v0.5/DataFrames/src/abstractdataframe/sort.jl:240
   in ordering(::DataFrames.DataFrame, ::Array{Any,1}, ::Array{Base.#isless,1}, ::Array{Base.#identity,1}, ::Array{Bool,1}, ::Array{Base.Order.ForwardOrdering,1}) at /home/vagrant/.julia/v0.5/DataFrames/src/abstractdataframe/sort.jl:241 (repeats 52292 times)
   [inlined code] from ./boot.jl:331
   in ordering(::DataFrames.DataFrame, ::Array{Any,1}, ::Any, ::Any, ::Tuple{Bool,Bool,Bool}, ::Base.Order.ForwardOrdering) at /home/vagrant/.julia/v0.5/DataFrames/src/abstractdataframe/sort.jl:238
   in include(::ASCIIString) at ./boot.jl:264
   in include_from_node1(::ASCIIString) at ./loading.jl:417
   [inlined code] from /home/vagrant/.julia/v0.5/DataFrames/test/runtests.jl:36
   in start(::Array{ASCIIString,1}) at ./<no file>:4294967295
   in include(::ASCIIString) at ./boot.jl:264
   in include_from_node1(::UTF8String) at ./loading.jl:417
   in process_options(::Base.JLOptions) at ./client.jl:262
   in _start() at ./client.jl:318
	[1m[31mFAILED[0m: sort.jl
LoadError: There was an error during testing
 [inlined code] from ./error.jl:26
 in start(::Array{ASCIIString,1}) at ./<no file>:4294967295
 in include(::ASCIIString) at ./boot.jl:264
 in include_from_node1(::UTF8String) at ./loading.jl:417
 in process_options(::Base.JLOptions) at ./client.jl:262
 in _start() at ./client.jl:318
while loading /home/vagrant/.julia/v0.5/DataFrames/test/sort.jl, in expression starting on line 30
Error During Test
  Test threw an exception of type MethodError
  Expression: all((T->begin 
            T <: AbstractVector
        end),map(typeof,colwise([sum],df)))
  MethodError: no method matching colwise(::Array{Base.#sum,1}, ::DataFrames.DataFrame)
  Closest candidates are:
    colwise(!Matched::Function, ::DataFrames.AbstractDataFrame)
    colwise(!Matched::Array{Function,1}, ::DataFrames.AbstractDataFrame)
    colwise(::Any)
   in include(::ASCIIString) at ./boot.jl:264
   in include_from_node1(::ASCIIString) at ./loading.jl:417
   [inlined code] from /home/vagrant/.julia/v0.5/DataFrames/test/runtests.jl:36
   in start(::Array{ASCIIString,1}) at ./<no file>:4294967295
   in include(::ASCIIString) at ./boot.jl:264
   in include_from_node1(::UTF8String) at ./loading.jl:417
   in process_options(::Base.JLOptions) at ./client.jl:262
   in _start() at ./client.jl:318
	[1m[31mFAILED[0m: grouping.jl
LoadError: There was an error during testing
 [inlined code] from ./error.jl:26
 in start(::Array{ASCIIString,1}) at ./<no file>:4294967295
 in include(::ASCIIString) at ./boot.jl:264
 in include_from_node1(::UTF8String) at ./loading.jl:417
 in process_options(::Base.JLOptions) at ./client.jl:262
 in _start() at ./client.jl:318
while loading /home/vagrant/.julia/v0.5/DataFrames/test/grouping.jl, in expression starting on line 20
	[1m[32mPASSED[0m: join.jl
	[1m[32mPASSED[0m: iteration.jl
	[1m[32mPASSED[0m: duplicates.jl
WARNING: tty_size is deprecated. use `displaysize(io)` as a replacement
 [inlined code] from ./error.jl:26
 in depwarn(::ASCIIString, ::Symbol) at ./deprecated.jl:64
 in tty_size() at ./deprecated.jl:920
 in show(::Base.AbstractIOBuffer{Array{UInt8,1}}, ::DataFrames.DataFrame, ::Bool, ::Symbol, ::Bool) at /home/vagrant/.julia/v0.5/DataFrames/src/abstractdataframe/show.jl:440
 [inlined code] from ./expr.jl:8
 in show(::Base.AbstractIOBuffer{Array{UInt8,1}}, ::DataFrames.DataFrame) at /home/vagrant/.julia/v0.5/DataFrames/src/abstractdataframe/show.jl:439
 in include(::ASCIIString) at ./boot.jl:264
 in include_from_node1(::ASCIIString) at ./loading.jl:417
 [inlined code] from /home/vagrant/.julia/v0.5/DataFrames/test/runtests.jl:36
 in start(::Array{ASCIIString,1}) at ./<no file>:4294967295
 in include(::ASCIIString) at ./boot.jl:264
 in include_from_node1(::UTF8String) at ./loading.jl:417
 in process_options(::Base.JLOptions) at ./client.jl:262
 in _start() at ./client.jl:318
while loading /home/vagrant/.julia/v0.5/DataFrames/test/show.jl, in expression starting on line 6
WARNING: tty_size is deprecated. use `displaysize(io)` as a replacement
 [inlined code] from ./error.jl:26
 in depwarn(::ASCIIString, ::Symbol) at ./deprecated.jl:64
 in tty_size() at ./deprecated.jl:920
 in getchunkbounds(::Array{Int64,1}, ::Bool) at /home/vagrant/.julia/v0.5/DataFrames/src/abstractdataframe/show.jl:199
 in showrows(::Base.AbstractIOBuffer{Array{UInt8,1}}, ::DataFrames.DataFrame, ::UnitRange{Int64}, ::UnitRange{Int64}, ::Array{Int64,1}, ::Bool, ::Symbol, ::Bool) at /home/vagrant/.julia/v0.5/DataFrames/src/abstractdataframe/show.jl:338
 in show(::Base.AbstractIOBuffer{Array{UInt8,1}}, ::DataFrames.DataFrame, ::Bool, ::Symbol, ::Bool) at /home/vagrant/.julia/v0.5/DataFrames/src/abstractdataframe/show.jl:456
 [inlined code] from ./expr.jl:8
 in show(::Base.AbstractIOBuffer{Array{UInt8,1}}, ::DataFrames.DataFrame) at /home/vagrant/.julia/v0.5/DataFrames/src/abstractdataframe/show.jl:439
 in include(::ASCIIString) at ./boot.jl:264
 in include_from_node1(::ASCIIString) at ./loading.jl:417
 [inlined code] from /home/vagrant/.julia/v0.5/DataFrames/test/runtests.jl:36
 in start(::Array{ASCIIString,1}) at ./<no file>:4294967295
 in include(::ASCIIString) at ./boot.jl:264
 in include_from_node1(::UTF8String) at ./loading.jl:417
 in process_options(::Base.JLOptions) at ./client.jl:262
 in _start() at ./client.jl:318
while loading /home/vagrant/.julia/v0.5/DataFrames/test/show.jl, in expression starting on line 6
WARNING: tty_size is deprecated. use `displaysize(io)` as a replacement
 [inlined code] from ./error.jl:26
 in depwarn(::ASCIIString, ::Symbol) at ./deprecated.jl:64
 in tty_size() at ./deprecated.jl:920
 in show(::Base.AbstractIOBuffer{Array{UInt8,1}}, ::DataFrames.SubDataFrame{Array{Int64,1}}, ::Bool, ::Symbol, ::Bool) at /home/vagrant/.julia/v0.5/DataFrames/src/abstractdataframe/show.jl:440
 [inlined code] from ./expr.jl:8
 in show(::Base.AbstractIOBuffer{Array{UInt8,1}}, ::DataFrames.SubDataFrame{Array{Int64,1}}) at /home/vagrant/.julia/v0.5/DataFrames/src/abstractdataframe/show.jl:439
 in include(::ASCIIString) at ./boot.jl:264
 in include_from_node1(::ASCIIString) at ./loading.jl:417
 [inlined code] from /home/vagrant/.julia/v0.5/DataFrames/test/runtests.jl:36
 in start(::Array{ASCIIString,1}) at ./<no file>:4294967295
 in include(::ASCIIString) at ./boot.jl:264
 in include_from_node1(::UTF8String) at ./loading.jl:417
 in process_options(::Base.JLOptions) at ./client.jl:262
 in _start() at ./client.jl:318
while loading /home/vagrant/.julia/v0.5/DataFrames/test/show.jl, in expression starting on line 12
	[1m[32mPASSED[0m: show.jl
m = DataFrames.DataFrameRegressionModel{TestStatsModels.DummyMod,Float64}:

Coefficients:
             'beta' value
(Intercept)           1.0
x1                    2.0
x2                    3.0
x1 & x2               4.0

m2 = hello!

	[1m[32mPASSED[0m: statsmodel.jl
ERROR: LoadError: "Tests failed"
 in include(::ASCIIString) at ./boot.jl:264
 in include_from_node1(::UTF8String) at ./loading.jl:417
 in process_options(::Base.JLOptions) at ./client.jl:262
 in _start() at ./client.jl:318
while loading /home/vagrant/.julia/v0.5/DataFrames/test/runtests.jl, in expression starting on line 51
=============================[ ERROR: DataFrames ]==============================

failed process: Process(`/home/vagrant/julia/bin/julia -Cx86-64 -J/home/vagrant/julia/lib/julia/sys.so --compile=yes --check-bounds=yes --code-coverage=none --color=no /home/vagrant/.julia/v0.5/DataFrames/test/runtests.jl`, ProcessExited(1)) [1]

================================================================================
ERROR: Base.Pkg.PkgError("DataFrames had test errors")
 in #test#55(::Bool, ::Any, ::Array{AbstractString,1}) at ./pkg/entry.jl:671
 [inlined code] from ./boot.jl:331
 in (::Base.Pkg.Dir.##2#3{Array{Any,1},Base.Pkg.Entry.#test,Tuple{Array{AbstractString,1}}})() at ./pkg/dir.jl:31
 in cd(::Base.Pkg.Dir.##2#3{Array{Any,1},Base.Pkg.Entry.#test,Tuple{Array{AbstractString,1}}}, ::ASCIIString) at ./file.jl:48
 in #cd#1(::Array{Any,1}, ::Any, ::Any, ::Array{AbstractString,1}, ::Vararg{Array{AbstractString,1}}) at ./pkg/dir.jl:31
 [inlined code] from ./boot.jl:331
 in #test#3(::Bool, ::Any, ::ASCIIString, ::Vararg{ASCIIString}) at ./pkg.jl:228
 in eval(::Module, ::Any) at ./boot.jl:267
 [inlined code] from ./sysimg.jl:14
 in process_options(::Base.JLOptions) at ./client.jl:239
 in _start() at ./client.jl:318

>>> End of log
