>>> 'Pkg.add("DataFramesMeta")' log
INFO: Cloning cache of DataFramesMeta from git://github.com/JuliaStats/DataFramesMeta.jl.git
INFO: Installing ArrayViews v0.6.2
INFO: Installing DataArrays v0.2.15
INFO: Installing DataFrames v0.6.6
INFO: Installing DataFramesMeta v0.0.1
INFO: Installing Docile v0.5.7
INFO: Installing GZip v0.2.15
INFO: Installing Reexport v0.0.2
INFO: Installing SortingAlgorithms v0.0.5
INFO: Installing StatsBase v0.6.15
INFO: Package database updated

>>> 'Pkg.test("DataFramesMeta")' log
INFO: Testing DataFramesMeta
Running tests:

WARNING: deprecated syntax "{a=>b, ...}" at /home/vagrant/.julia/v0.4/DataFramesMeta/test/dict.jl:6.
Use "Dict{Any,Any}(a=>b, ...)" instead.

WARNING: deprecated syntax "{a=>b, ...}" at /home/vagrant/.julia/v0.4/DataFramesMeta/test/dict.jl:12.
Use "Dict{Any,Any}(a=>b, ...)" instead.
	[1m[31mFAILED[0m: dict.jl
	[1m[31mFAILED[0m: dataframes.jl
WARNING: [a] concatenation is deprecated; use collect(a) instead
 in depwarn at ./deprecated.jl:62
 in oldstyle_vcat_warning at ./abstractarray.jl:29
 in vect at abstractarray.jl:32
 in include at ./boot.jl:254
 in include_from_node1 at ./loading.jl:133
 in anonymous at no file:15
 in include at ./boot.jl:254
 in include_from_node1 at loading.jl:133
 in process_options at ./client.jl:304
 in _start at ./client.jl:404
while loading /home/vagrant/.julia/v0.4/DataFramesMeta/test/compositedataframes.jl, in expression starting on line 8
	[1m[31mFAILED[0m: compositedataframes.jl
	[1m[31mFAILED[0m: grouping.jl
	[1m[31mFAILED[0m: chaining.jl
	[1m[31mFAILED[0m: linqmacro.jl
ERROR: LoadError: "Tests failed"
 in include at ./boot.jl:254
 in include_from_node1 at loading.jl:133
 in process_options at ./client.jl:304
 in _start at ./client.jl:404
while loading /home/vagrant/.julia/v0.4/DataFramesMeta/test/runtests.jl, in expression starting on line 27

===========================[ ERROR: DataFramesMeta ]============================

failed process: Process(`/home/vagrant/julia/bin/julia --check-bounds=yes --code-coverage=none --color=no /home/vagrant/.julia/v0.4/DataFramesMeta/test/runtests.jl`, ProcessExited(1)) [1]

================================================================================
INFO: No packages to install, update or remove
ERROR: DataFramesMeta had test errors
 in error at ./error.jl:21
 in test at pkg/entry.jl:746
 in anonymous at pkg/dir.jl:31
 in cd at file.jl:22
 in cd at pkg/dir.jl:31
 in test at pkg.jl:71
 in process_options at ./client.jl:280
 in _start at ./client.jl:404


>>> End of log
