>>> 'Pkg.add("DataFramesMeta")' log
INFO: Cloning cache of DataFramesMeta from https://github.com/JuliaStats/DataFramesMeta.jl.git
INFO: Installing ArrayViews v0.6.4
INFO: Installing DataArrays v0.3.0
INFO: Installing DataFrames v0.7.3
INFO: Installing DataFramesMeta v0.1.1
INFO: Installing Docile v0.5.23
INFO: Installing GZip v0.2.18
INFO: Installing Reexport v0.0.3
INFO: Installing SortingAlgorithms v0.0.6
INFO: Installing StatsBase v0.8.1
INFO: Installing StatsFuns v0.2.2
INFO: Package database updated

>>> 'Pkg.test("DataFramesMeta")' log
Julia Version 0.5.0-dev+4381
Commit 3ab92ef (2016-05-29 01:37 UTC)
Platform Info:
  System: Linux (x86_64-unknown-linux-gnu)
  CPU: Intel(R) Xeon(R) CPU E3-1241 v3 @ 3.50GHz
  WORD_SIZE: 64
  BLAS: libopenblas (USE64BITINT DYNAMIC_ARCH NO_AFFINITY Nehalem)
  LAPACK: libopenblas64_
  LIBM: libopenlibm
  LLVM: libLLVM-3.7.1 (ORCJIT, haswell)
INFO: Testing DataFramesMeta
Running tests:
ERROR: LoadError: LoadError: UndefVarError: int not defined
 in macro expansion; at /home/vagrant/.julia/v0.5/DataArrays/src/dataarray.jl:613 [inlined]
 in anonymous at ./<missing>:?
 in include_from_node1(::String) at ./loading.jl:426 (repeats 2 times)
 in macro expansion; at ./none:2 [inlined]
 in anonymous at ./<missing>:?
 in eval(::Module, ::Any) at ./boot.jl:225
 in process_options(::Base.JLOptions) at ./client.jl:243
 in _start() at ./client.jl:322
while loading /home/vagrant/.julia/v0.5/DataArrays/src/dataarray.jl, in expression starting on line 612
while loading /home/vagrant/.julia/v0.5/DataArrays/src/DataArrays.jl, in expression starting on line 64
ERROR: LoadError: Failed to precompile DataArrays to /home/vagrant/.julia/lib/v0.5/DataArrays.ji
 in compilecache(::String) at ./loading.jl:505
 in require(::Symbol) at ./loading.jl:337
 in include_from_node1(::String) at ./loading.jl:426
 in macro expansion; at ./none:2 [inlined]
 in anonymous at ./<missing>:?
 in eval(::Module, ::Any) at ./boot.jl:225
 in process_options(::Base.JLOptions) at ./client.jl:243
 in _start() at ./client.jl:322
while loading /home/vagrant/.julia/v0.5/DataFrames/src/DataFrames.jl, in expression starting on line 15
	[1m[31mFAILED[0m: dict.jl
ERROR: LoadError: LoadError: UndefVarError: int not defined
 in macro expansion; at /home/vagrant/.julia/v0.5/DataArrays/src/dataarray.jl:613 [inlined]
 in anonymous at ./<missing>:?
 in include_from_node1(::String) at ./loading.jl:426 (repeats 2 times)
 in macro expansion; at ./none:2 [inlined]
 in anonymous at ./<missing>:?
 in eval(::Module, ::Any) at ./boot.jl:225
 in process_options(::Base.JLOptions) at ./client.jl:243
 in _start() at ./client.jl:322
while loading /home/vagrant/.julia/v0.5/DataArrays/src/dataarray.jl, in expression starting on line 612
while loading /home/vagrant/.julia/v0.5/DataArrays/src/DataArrays.jl, in expression starting on line 64
	[1m[31mFAILED[0m: dataframes.jl
ERROR: LoadError: LoadError: UndefVarError: int not defined
 in macro expansion; at /home/vagrant/.julia/v0.5/DataArrays/src/dataarray.jl:613 [inlined]
 in anonymous at ./<missing>:?
 in include_from_node1(::String) at ./loading.jl:426 (repeats 2 times)
 in macro expansion; at ./none:2 [inlined]
 in anonymous at ./<missing>:?
 in eval(::Module, ::Any) at ./boot.jl:225
 in process_options(::Base.JLOptions) at ./client.jl:243
 in _start() at ./client.jl:322
while loading /home/vagrant/.julia/v0.5/DataArrays/src/dataarray.jl, in expression starting on line 612
while loading /home/vagrant/.julia/v0.5/DataArrays/src/DataArrays.jl, in expression starting on line 64
	[1m[31mFAILED[0m: compositedataframes.jl
ERROR: LoadError: LoadError: UndefVarError: int not defined
 in macro expansion; at /home/vagrant/.julia/v0.5/DataArrays/src/dataarray.jl:613 [inlined]
 in anonymous at ./<missing>:?
 in include_from_node1(::String) at ./loading.jl:426 (repeats 2 times)
 in macro expansion; at ./none:2 [inlined]
 in anonymous at ./<missing>:?
 in eval(::Module, ::Any) at ./boot.jl:225
 in process_options(::Base.JLOptions) at ./client.jl:243
 in _start() at ./client.jl:322
while loading /home/vagrant/.julia/v0.5/DataArrays/src/dataarray.jl, in expression starting on line 612
while loading /home/vagrant/.julia/v0.5/DataArrays/src/DataArrays.jl, in expression starting on line 64
	[1m[31mFAILED[0m: grouping.jl
ERROR: LoadError: LoadError: UndefVarError: int not defined
 in macro expansion; at /home/vagrant/.julia/v0.5/DataArrays/src/dataarray.jl:613 [inlined]
 in anonymous at ./<missing>:?
 in include_from_node1(::String) at ./loading.jl:426 (repeats 2 times)
 in macro expansion; at ./none:2 [inlined]
 in anonymous at ./<missing>:?
 in eval(::Module, ::Any) at ./boot.jl:225
 in process_options(::Base.JLOptions) at ./client.jl:243
 in _start() at ./client.jl:322
while loading /home/vagrant/.julia/v0.5/DataArrays/src/dataarray.jl, in expression starting on line 612
while loading /home/vagrant/.julia/v0.5/DataArrays/src/DataArrays.jl, in expression starting on line 64
	[1m[31mFAILED[0m: chaining.jl
ERROR: LoadError: LoadError: UndefVarError: int not defined
 in macro expansion; at /home/vagrant/.julia/v0.5/DataArrays/src/dataarray.jl:613 [inlined]
 in anonymous at ./<missing>:?
 in include_from_node1(::String) at ./loading.jl:426 (repeats 2 times)
 in macro expansion; at ./none:2 [inlined]
 in anonymous at ./<missing>:?
 in eval(::Module, ::Any) at ./boot.jl:225
 in process_options(::Base.JLOptions) at ./client.jl:243
 in _start() at ./client.jl:322
while loading /home/vagrant/.julia/v0.5/DataArrays/src/dataarray.jl, in expression starting on line 612
while loading /home/vagrant/.julia/v0.5/DataArrays/src/DataArrays.jl, in expression starting on line 64
	[1m[31mFAILED[0m: linqmacro.jl
ERROR: LoadError: "Tests failed"
 in include_from_node1(::String) at ./loading.jl:426
 in process_options(::Base.JLOptions) at ./client.jl:266
 in _start() at ./client.jl:322
while loading /home/vagrant/.julia/v0.5/DataFramesMeta/test/runtests.jl, in expression starting on line 27
===========================[ ERROR: DataFramesMeta ]============================

failed process: Process(`/home/vagrant/julia/bin/julia -Cx86-64 -J/home/vagrant/julia/lib/julia/sys.so --compile=yes --check-bounds=yes --code-coverage=none --color=no /home/vagrant/.julia/v0.5/DataFramesMeta/test/runtests.jl`, ProcessExited(1)) [1]

================================================================================
ERROR: DataFramesMeta had test errors
 in #test#49(::Bool, ::Function, ::Array{AbstractString,1}) at ./pkg/entry.jl:693
 in (::Base.Pkg.Entry.#kw##test)(::Array{Any,1}, ::Base.Pkg.Entry.#test, ::Array{AbstractString,1}) at ./null:0
 in (::Base.Pkg.Dir.##2#3{Array{Any,1},Base.Pkg.Entry.#test,Tuple{Array{AbstractString,1}}})() at ./pkg/dir.jl:31
 in cd(::Base.Pkg.Dir.##2#3{Array{Any,1},Base.Pkg.Entry.#test,Tuple{Array{AbstractString,1}}}, ::String) at ./file.jl:59
 in #cd#1(::Array{Any,1}, ::Function, ::Function, ::Array{AbstractString,1}, ::Vararg{Array{AbstractString,1},N}) at ./pkg/dir.jl:31
 in (::Base.Pkg.Dir.#kw##cd)(::Array{Any,1}, ::Base.Pkg.Dir.#cd, ::Function, ::Array{AbstractString,1}, ::Vararg{Array{AbstractString,1},N}) at ./null:0
 in #test#3(::Bool, ::Function, ::String, ::Vararg{String,N}) at ./pkg.jl:245
 in test(::String, ::Vararg{String,N}) at ./pkg.jl:245
 in eval(::Module, ::Any) at ./boot.jl:225
 in process_options(::Base.JLOptions) at ./client.jl:243
 in _start() at ./client.jl:322

>>> End of log
