>>> 'Pkg.add("DCEMRI")' log
INFO: Cloning cache of DCEMRI from git://github.com/davidssmith/DCEMRI.jl.git
INFO: Installing ArgParse v0.3.1
INFO: Installing Blosc v0.1.7
INFO: Installing Calculus v0.1.15
INFO: Installing Color v0.3.6
INFO: Installing ColorTypes v0.1.7
INFO: Installing Colors v0.5.4
INFO: Installing Conda v0.2.3
INFO: Installing DCEMRI v0.1.1
INFO: Installing Docile v0.5.23
INFO: Installing FixedPointNumbers v0.0.12
INFO: Installing HDF5 v0.6.5
INFO: Installing LaTeXStrings v0.1.6
INFO: Installing MAT v0.2.14
INFO: Installing PyCall v1.2.0
INFO: Installing PyPlot v2.1.1
INFO: Installing Reexport v0.0.3
INFO: Installing TextWrap v0.1.6
INFO: Installing Zlib v0.1.12
INFO: Building Blosc
INFO: Building HDF5
INFO: Building PyCall
INFO: No system-wide Python was found; got the following error:
could not spawn `'' -c "import distutils.sysconfig; print(distutils.sysconfig.get_config_var('VERSION'))"`: no such file or directory (ENOENT)
using the Python distribution in the Conda package
Traceback (most recent call last):
  File "/home/vagrant/.julia/v0.3/Conda/deps/usr/bin/conda", line 4, in <module>
    import conda.cli
  File "/home/vagrant/.julia/v0.3/Conda/deps/usr/lib/python2.7/site-packages/conda/cli/__init__.py", line 8, in <module>
    from .main import main  # NOQA
  File "/home/vagrant/.julia/v0.3/Conda/deps/usr/lib/python2.7/site-packages/conda/cli/main.py", line 46, in <module>
    from ..base.context import context
  File "/home/vagrant/.julia/v0.3/Conda/deps/usr/lib/python2.7/site-packages/conda/base/context.py", line 251, in <module>
    context = Context(SEARCH_PATH, conda, None)
  File "/home/vagrant/.julia/v0.3/Conda/deps/usr/lib/python2.7/site-packages/conda/common/configuration.py", line 692, in __init__
    self._add_search_path(search_path)
  File "/home/vagrant/.julia/v0.3/Conda/deps/usr/lib/python2.7/site-packages/conda/common/configuration.py", line 699, in _add_search_path
    return self._add_raw_data(load_file_configs(search_path))
  File "/home/vagrant/.julia/v0.3/Conda/deps/usr/lib/python2.7/site-packages/conda/common/configuration.py", line 371, in load_file_configs
    raw_data = odict(kv for kv in chain.from_iterable(load_paths))
  File "/home/vagrant/.julia/v0.3/Conda/deps/usr/lib/python2.7/collections.py", line 69, in __init__
    self.__update(*args, **kwds)
  File "/home/vagrant/.julia/v0.3/Conda/deps/usr/lib/python2.7/_abcoll.py", line 571, in update
    for key, value in other:
  File "/home/vagrant/.julia/v0.3/Conda/deps/usr/lib/python2.7/site-packages/conda/common/configuration.py", line 371, in <genexpr>
    raw_data = odict(kv for kv in chain.from_iterable(load_paths))
  File "/home/vagrant/.julia/v0.3/Conda/deps/usr/lib/python2.7/site-packages/conda/common/configuration.py", line 346, in _file_yaml_loader
    assert fullpath.endswith(".yml") or fullpath.endswith("condarc"), fullpath
AssertionError: /home/vagrant/.julia/v0.3/Conda/deps/usr/condarc-julia
===============================[ ERROR: PyCall ]================================

failed process: Process(setenv(`/home/vagrant/.julia/v0.3/Conda/deps/usr/bin/conda install -y numpy`,Union(UTF8String,ASCIIString)["PYTHON=","PATH=/usr/local/sbin:/usr/local/bin:/usr/sbin:/usr/bin:/sbin:/bin:/usr/games:/usr/local/games:/home/vagrant/julia/bin/","PWD=/vagrant/0.3AL","SHELL=/bin/bash","SSH_CONNECTION=10.0.2.2 33846 10.0.2.15 22","LD_LIBRARY_PATH=:/usr/local/lib/","CONDARC=/home/vagrant/.julia/v0.3/Conda/deps/usr/condarc-julia","MAIL=/var/mail/vagrant","LANG=en_US.UTF-8","SHLVL=3","LOGNAME=vagrant","XDG_RUNTIME_DIR=/run/user/1000","XDG_SESSION_ID=3","OLDPWD=/home/vagrant","SSH_CLIENT=10.0.2.2 33846 22","_=/usr/bin/timeout","USER=vagrant","TERM=vt100","HOME=/home/vagrant","JAVA_HOME=/usr/lib/jvm/java-7-oracle","PYTHONIOENCODING=UTF-8"]), ProcessExited(1)) [1]
while loading /home/vagrant/.julia/v0.3/PyCall/deps/build.jl, in expression starting on line 17

================================================================================

================================[ BUILD ERRORS ]================================

WARNING: PyCall had build errors.

 - packages with build errors remain installed in /home/vagrant/.julia/v0.3
 - build the package(s) and all dependencies with `Pkg.build("PyCall")`
 - build a single package by running its `deps/build.jl` script

================================================================================
INFO: Package database updated

>>> 'Pkg.test("DCEMRI")' log
Julia Version 0.3.12
Commit 80aa779 (2015-10-26 12:41 UTC)
Platform Info:
  System: Linux (x86_64-unknown-linux-gnu)
  CPU: Intel(R) Xeon(R) CPU E3-1241 v3 @ 3.50GHz
  WORD_SIZE: 64
           Ubuntu 14.04.5 LTS
  uname: Linux 3.13.0-95-generic #142-Ubuntu SMP Fri Aug 12 17:00:09 UTC 2016 x86_64 x86_64
Memory: 2.4471054077148438 GB (260.5 MB free)
Uptime: 9846.0 sec
Load Avg:  0.9208984375  0.9892578125  1.04150390625
Intel(R) Xeon(R) CPU E3-1241 v3 @ 3.50GHz: 
       speed         user         nice          sys         idle          irq
#1  3499 MHz     424134 s         62 s      56851 s     380095 s         30 s
#2  3499 MHz     255599 s       6868 s      50666 s     595265 s          3 s

  BLAS: libopenblas (USE64BITINT DYNAMIC_ARCH NO_AFFINITY Nehalem)
  LAPACK: libopenblas
  LIBM: libopenlibm
  LLVM: libLLVM-3.3
Environment:
  TERM = vt100
  LD_LIBRARY_PATH = :/usr/local/lib/
  PATH = /usr/local/sbin:/usr/local/bin:/usr/sbin:/usr/bin:/sbin:/bin:/usr/games:/usr/local/games:/home/vagrant/julia/bin/
  JAVA_HOME = /usr/lib/jvm/java-7-oracle
  HOME = /home/vagrant

Package Directory: /home/vagrant/.julia/v0.3
4 required packages:
 - DCEMRI                        0.1.1
 - HttpParser                    0.0.13
 - JSON                          0.6.1
 - Markdown                      0.3.0
25 additional packages:
 - ArgParse                      0.3.1
 - BinDeps                       0.3.21
 - Blosc                         0.1.7
 - Calculus                      0.1.15
 - Color                         0.3.6
 - ColorTypes                    0.1.7
 - Colors                        0.5.4
 - Compat                        0.8.8
 - Conda                         0.2.3
 - Dates                         0.3.2
 - Docile                        0.5.23
 - FixedPointNumbers             0.0.12
 - HDF5                          0.6.5
 - HttpCommon                    0.1.2
 - LaTeXStrings                  0.1.6
 - Lazy                          0.10.1
 - MAT                           0.2.14
 - MacroTools                    0.2.0
 - PyCall                        1.2.0
 - PyPlot                        2.1.1
 - Reexport                      0.0.3
 - SHA                           0.2.1
 - TextWrap                      0.1.6
 - URIParser                     0.0.7
 - Zlib                          0.1.12
INFO: Testing DCEMRI
INFO: DCEMRI tests passed
INFO: No packages to install, update or remove

>>> End of log
