>>> 'Pkg.add("EcologicalNetwork")' log
INFO: Cloning cache of EcologicalNetwork from https://github.com/PoisotLab/EcologicalNetwork.jl.git
INFO: Installing BinDeps v0.4.5
INFO: Installing Cairo v0.2.35
INFO: Installing ColorTypes v0.2.12
INFO: Installing Colors v0.6.9
INFO: Installing Docile v0.5.23
INFO: Installing EcologicalNetwork v1.0.1
INFO: Installing FixedPointNumbers v0.2.1
INFO: Installing Graphics v0.1.3
INFO: Installing Lexicon v0.1.18
INFO: Installing Logging v0.3.1
INFO: Installing Reexport v0.0.3
INFO: Installing SHA v0.3.0
INFO: Installing StatsBase v0.11.1
INFO: Installing URIParser v0.1.6
INFO: Building Cairo
WARNING: takebuf_string(b) is deprecated, use String(take!(b)) instead.
 in depwarn(::String, ::Symbol) at ./deprecated.jl:64
 in takebuf_string(::Base.AbstractIOBuffer{Array{UInt8,1}}) at ./deprecated.jl:50
 in macro expansion; at /home/vagrant/.julia/v0.6/BinDeps/src/dependencies.jl:887 [inlined]
 in anonymous at ./<missing>:?
 in include_from_node1(::String) at ./loading.jl:532
 in include(::SubString{String}) at ./sysimg.jl:14
 in evalfile(::SubString{String}, ::Array{String,1}) at ./loading.jl:572 (repeats 2 times)
 in cd(::##2#4, ::String) at ./file.jl:69
 in (::##1#3)(::IOStream) at ./none:13
 in open(::##1#3, ::String, ::String) at ./iostream.jl:152
 in eval(::Module, ::Any) at ./boot.jl:236
 in process_options(::Base.JLOptions) at ./client.jl:269
 in _start() at ./client.jl:356
while loading /home/vagrant/.julia/v0.6/Cairo/deps/build.jl, in expression starting on line 154
INFO: Package database updated
INFO: METADATA is out-of-date â€” you may not have the latest version of EcologicalNetwork
INFO: Use `Pkg.update()` to get the latest versions of your packages

>>> 'Pkg.test("EcologicalNetwork")' log
Julia Version 0.6.0-dev.1662
Commit f27c6f3 (2016-12-23 02:28 UTC)
Platform Info:
  OS: Linux (x86_64-pc-linux-gnu)
  CPU: Intel(R) Xeon(R) CPU E3-1241 v3 @ 3.50GHz
  WORD_SIZE: 64
           Ubuntu 14.04.5 LTS
  uname: Linux 3.13.0-105-generic #152-Ubuntu SMP Fri Dec 2 15:37:11 UTC 2016 x86_64 x86_64
Memory: 2.9392738342285156 GB (475.62890625 MB free)
Uptime: 16361.0 sec
Load Avg:  0.9404296875  1.0224609375  1.068359375
Intel(R) Xeon(R) CPU E3-1241 v3 @ 3.50GHz: 
       speed         user         nice          sys         idle          irq
#1  3499 MHz     991637 s       1522 s     108497 s     350682 s         50 s
#2  3499 MHz     314015 s       4455 s      75356 s    1196757 s          0 s

  BLAS: libopenblas (USE64BITINT DYNAMIC_ARCH NO_AFFINITY Nehalem)
  LAPACK: libopenblas64_
  LIBM: libopenlibm
  LLVM: libLLVM-3.7.1 (ORCJIT, haswell)
Environment:
  TERM = vt100
  LD_LIBRARY_PATH = :/usr/local/lib/
  PATH = /usr/local/sbin:/usr/local/bin:/usr/sbin:/usr/bin:/sbin:/bin:/usr/games:/usr/local/games:/home/vagrant/julia/bin/
  JAVA_HOME = /usr/lib/jvm/java-7-oracle
  HOME = /home/vagrant

Package Directory: /home/vagrant/.julia/v0.6
2 required packages:
 - EcologicalNetwork             1.0.1
 - JSON                          0.8.0
14 additional packages:
 - BinDeps                       0.4.5
 - Cairo                         0.2.35
 - ColorTypes                    0.2.12
 - Colors                        0.6.9
 - Compat                        0.9.5
 - Docile                        0.5.23
 - FixedPointNumbers             0.2.1
 - Graphics                      0.1.3
 - Lexicon                       0.1.18
 - Logging                       0.3.1
 - Reexport                      0.0.3
 - SHA                           0.3.0
 - StatsBase                     0.11.1
 - URIParser                     0.1.6
INFO: Testing EcologicalNetwork
WARNING: Method definition info(Any...) in module Base at util.jl:359 overwritten in module Logging at /home/vagrant/.julia/v0.6/Logging/src/Logging.jl:115.
WARNING: Method definition warn(Any...) in module Base at util.jl:396 overwritten in module Logging at /home/vagrant/.julia/v0.6/Logging/src/Logging.jl:115.
WARNING: Method definition info(Any...) in module Base at util.jl:359 overwritten in module Logging at /home/vagrant/.julia/v0.6/Logging/src/Logging.jl:115.
WARNING: Method definition warn(Any...) in module Base at util.jl:396 overwritten in module Logging at /home/vagrant/.julia/v0.6/Logging/src/Logging.jl:115.
Error During Test
  Test threw an exception of type UndefVarError
  Expression: i_esp(0.2) == 0.2
  UndefVarError: p not defined
   in i_esp(::Float64) at /home/vagrant/.julia/v0.6/EcologicalNetwork/src/./proba_utils.jl:20
   in include_from_node1(::String) at ./loading.jl:532
   in include(::String) at ./sysimg.jl:14
   in macro expansion; at /home/vagrant/.julia/v0.6/EcologicalNetwork/test/runtests.jl:23 [inlined]
   in anonymous at ./<missing>:?
   in include_from_node1(::String) at ./loading.jl:532
   in include(::String) at ./sysimg.jl:14
   in process_options(::Base.JLOptions) at ./client.jl:292
   in _start() at ./client.jl:356
	[1m[31mFAILED[0m: utils.jl
LoadError: There was an error during testing
 in macro expansion; at /home/vagrant/.julia/v0.6/EcologicalNetwork/test/runtests.jl:28 [inlined]
 in anonymous at ./<missing>:?
 in include_from_node1(::String) at ./loading.jl:532
 in include(::String) at ./sysimg.jl:14
 in process_options(::Base.JLOptions) at ./client.jl:292
 in _start() at ./client.jl:356
while loading /home/vagrant/.julia/v0.6/EcologicalNetwork/test/utils.jl, in expression starting on line 26
	[1m[31mFAILED[0m: degree.jl
LoadError: UndefVarError: p not defined
 in macro expansion; at /home/vagrant/.julia/v0.6/EcologicalNetwork/test/runtests.jl:28 [inlined]
 in anonymous at ./<missing>:?
 in include_from_node1(::String) at ./loading.jl:532
 in include(::String) at ./sysimg.jl:14
 in process_options(::Base.JLOptions) at ./client.jl:292
 in _start() at ./client.jl:356
while loading /home/vagrant/.julia/v0.6/EcologicalNetwork/test/degree.jl, in expression starting on line 17
	[1m[32mPASSED[0m: connectance.jl
	[1m[32mPASSED[0m: nestedness.jl
	[1m[32mPASSED[0m: nullmodels.jl
WARNING: remotecall_fetch(id::Integer,f::Function,args...) is deprecated, use remotecall_fetch(f,id::Integer,args...) instead.
 in depwarn(::String, ::Symbol) at ./deprecated.jl:64
 in remotecall_fetch(::Int64, ::Function, ::Array{Float64,2}, ::Vararg{Array{Float64,2},N}) at ./deprecated.jl:50
 in macro expansion at /home/vagrant/.julia/v0.6/EcologicalNetwork/src/./nullmodels.jl:100 [inlined]
 in (::EcologicalNetwork.##25#28{Int64,Array{Float64,2}})() at ./task.jl:404
while loading /home/vagrant/.julia/v0.6/EcologicalNetwork/test/nullmodelswrapper.jl, in expression starting on line 7
	[1m[31mFAILED[0m: nullmodelswrapper.jl
LoadError: UndefVarError: float64 not defined
 in make_bernoulli(::Array{Float64,2}) at /home/vagrant/.julia/v0.6/EcologicalNetwork/src/./matrix_utils.jl:21
 in (::Base.##561#562{EcologicalNetwork.#make_bernoulli,Tuple{Array{Float64,2}},Array{Any,1}})() at ./multi.jl:1033
 in run_work_thunk(::Base.##561#562{EcologicalNetwork.#make_bernoulli,Tuple{Array{Float64,2}},Array{Any,1}}, ::Bool) at ./multi.jl:1004
 in #remotecall_fetch#566(::Array{Any,1}, ::Function, ::Function, ::Base.LocalProcess, ::Array{Float64,2}, ::Vararg{Array{Float64,2},N}) at ./multi.jl:1058
 in remotecall_fetch(::Function, ::Base.LocalProcess, ::Array{Float64,2}, ::Vararg{Array{Float64,2},N}) at ./multi.jl:1058
 in #remotecall_fetch#570(::Array{Any,1}, ::Function, ::Function, ::Int64, ::Array{Float64,2}, ::Vararg{Array{Float64,2},N}) at ./multi.jl:1086
 in remotecall_fetch(::Function, ::Int64, ::Array{Float64,2}, ::Vararg{Array{Float64,2},N}) at ./multi.jl:1086
 in remotecall_fetch(::Int64, ::Function, ::Array{Float64,2}, ::Vararg{Array{Float64,2},N}) at ./deprecated.jl:52
 in macro expansion at /home/vagrant/.julia/v0.6/EcologicalNetwork/src/./nullmodels.jl:100 [inlined]
 in (::EcologicalNetwork.##25#28{Int64,Array{Float64,2}})() at ./task.jl:404
 in #remotecall_fetch#566(::Array{Any,1}, ::Function, ::Function, ::Base.LocalProcess, ::Array{Float64,2}, ::Vararg{Array{Float64,2},N}) at ./multi.jl:1059
 in remotecall_fetch(::Function, ::Base.LocalProcess, ::Array{Float64,2}, ::Vararg{Array{Float64,2},N}) at ./multi.jl:1058
 in #remotecall_fetch#570(::Array{Any,1}, ::Function, ::Function, ::Int64, ::Array{Float64,2}, ::Vararg{Array{Float64,2},N}) at ./multi.jl:1086
 in remotecall_fetch(::Function, ::Int64, ::Array{Float64,2}, ::Vararg{Array{Float64,2},N}) at ./multi.jl:1086
 in remotecall_fetch(::Int64, ::Function, ::Array{Float64,2}, ::Vararg{Array{Float64,2},N}) at ./deprecated.jl:52
 in macro expansion at /home/vagrant/.julia/v0.6/EcologicalNetwork/src/./nullmodels.jl:100 [inlined]
 in (::EcologicalNetwork.##25#28{Int64,Array{Float64,2}})() at ./task.jl:404
 in macro expansion; at /home/vagrant/.julia/v0.6/EcologicalNetwork/test/runtests.jl:28 [inlined]
 in anonymous at ./<missing>:?
 in include_from_node1(::String) at ./loading.jl:532
 in include(::String) at ./sysimg.jl:14
 in process_options(::Base.JLOptions) at ./client.jl:292
 in _start() at ./client.jl:356
while loading /home/vagrant/.julia/v0.6/EcologicalNetwork/test/nullmodelswrapper.jl, in expression starting on line 7
	[1m[32mPASSED[0m: centrality.jl
	[1m[32mPASSED[0m: make_unipartite.jl
	[1m[32mPASSED[0m: free_species.jl
	[1m[32mPASSED[0m: paths.jl
	[1m[32mPASSED[0m: modularity.jl
	[1m[32mPASSED[0m: betadiversity.jl
Error During Test
  Test threw an exception of type UndefVarError
  Expression: motif_v(A,m) == 0.0
  UndefVarError: p not defined
   in i_var(::Float64) at /home/vagrant/.julia/v0.6/EcologicalNetwork/src/./proba_utils.jl:20
   in #15 at /home/vagrant/.julia/v0.6/EcologicalNetwork/src/./proba_utils.jl:75 [inlined]
   in next at ./generator.jl:25 [inlined]
   in _collect(::Array{Float64,1}, ::Base.Generator{Array{Float64,1},EcologicalNetwork.##15#17}, ::Base.EltypeUnknown, ::Base.HasShape) at ./array.jl:385
   in m_var(::Array{Float64,1}) at /home/vagrant/.julia/v0.6/EcologicalNetwork/src/./proba_utils.jl:75
   in motif_v(::Array{Float64,2}, ::Array{Float64,2}) at /home/vagrant/.julia/v0.6/EcologicalNetwork/src/./motifs.jl:28
   in include_from_node1(::String) at ./loading.jl:532
   in include(::String) at ./sysimg.jl:14
   in macro expansion; at /home/vagrant/.julia/v0.6/EcologicalNetwork/test/runtests.jl:23 [inlined]
   in anonymous at ./<missing>:?
   in include_from_node1(::String) at ./loading.jl:532
   in include(::String) at ./sysimg.jl:14
   in process_options(::Base.JLOptions) at ./client.jl:292
   in _start() at ./client.jl:356
	[1m[31mFAILED[0m: motifs.jl
LoadError: There was an error during testing
 in macro expansion; at /home/vagrant/.julia/v0.6/EcologicalNetwork/test/runtests.jl:28 [inlined]
 in anonymous at ./<missing>:?
 in include_from_node1(::String) at ./loading.jl:532
 in include(::String) at ./sysimg.jl:14
 in process_options(::Base.JLOptions) at ./client.jl:292
 in _start() at ./client.jl:356
while loading /home/vagrant/.julia/v0.6/EcologicalNetwork/test/motifs.jl, in expression starting on line 17
ERROR: LoadError: "Tests failed"
 in include_from_node1(::String) at ./loading.jl:532
 in include(::String) at ./sysimg.jl:14
 in process_options(::Base.JLOptions) at ./client.jl:292
 in _start() at ./client.jl:356
while loading /home/vagrant/.julia/v0.6/EcologicalNetwork/test/runtests.jl, in expression starting on line 34
==========================[ ERROR: EcologicalNetwork ]==========================

failed process: Process(`/home/vagrant/julia/bin/julia -Cx86-64 -J/home/vagrant/julia/lib/julia/sys.so --compile=yes --depwarn=yes --check-bounds=yes --code-coverage=none --color=no --compilecache=yes /home/vagrant/.julia/v0.6/EcologicalNetwork/test/runtests.jl`, ProcessExited(1)) [1]

================================================================================
ERROR: EcologicalNetwork had test errors
 in #test#61(::Bool, ::Function, ::Array{AbstractString,1}) at ./pkg/entry.jl:749
 in (::Base.Pkg.Entry.#kw##test)(::Array{Any,1}, ::Base.Pkg.Entry.#test, ::Array{AbstractString,1}) at ./<missing>:0
 in (::Base.Pkg.Dir.##2#3{Array{Any,1},Base.Pkg.Entry.#test,Tuple{Array{AbstractString,1}}})() at ./pkg/dir.jl:31
 in cd(::Base.Pkg.Dir.##2#3{Array{Any,1},Base.Pkg.Entry.#test,Tuple{Array{AbstractString,1}}}, ::String) at ./file.jl:69
 in #cd#1(::Array{Any,1}, ::Function, ::Function, ::Array{AbstractString,1}, ::Vararg{Array{AbstractString,1},N}) at ./pkg/dir.jl:31
 in (::Base.Pkg.Dir.#kw##cd)(::Array{Any,1}, ::Base.Pkg.Dir.#cd, ::Function, ::Array{AbstractString,1}, ::Vararg{Array{AbstractString,1},N}) at ./<missing>:0
 in #test#3(::Bool, ::Function, ::String, ::Vararg{String,N}) at ./pkg/pkg.jl:259
 in test(::String, ::Vararg{String,N}) at ./pkg/pkg.jl:259
 in eval(::Module, ::Any) at ./boot.jl:236
 in process_options(::Base.JLOptions) at ./client.jl:269
 in _start() at ./client.jl:356

>>> End of log
