>>> 'Pkg.add("ElasticFDA")' log
INFO: Cloning cache of ElasticFDA from git://github.com/jdtuck/ElasticFDA.jl.git
INFO: Installing ArrayViews v0.6.2
INFO: Installing BinDeps v0.3.12
INFO: Installing Cairo v0.2.28
INFO: Installing Color v0.4.5
INFO: Installing Cpp v0.1.0
INFO: Installing Dierckx v0.1.5
INFO: Installing Distributions v0.7.3
INFO: Installing Docile v0.5.10
INFO: Installing ElasticFDA v0.0.4
INFO: Installing FixedPointNumbers v0.0.7
INFO: Installing Graphics v0.1.0
INFO: Installing Grid v0.3.10
INFO: Installing IniFile v0.2.4
INFO: Installing MathProgBase v0.3.12
INFO: Installing NLopt v0.2.1
INFO: Installing PDMats v0.3.3
INFO: Installing ProgressMeter v0.2.0
INFO: Installing SHA v0.0.4
INFO: Installing StatsBase v0.6.15
INFO: Installing Tk v0.3.4
INFO: Installing URIParser v0.0.5
INFO: Installing Winston v0.11.11
INFO: Installing WoodburyMatrices v0.1.0
INFO: Building Cairo
WARNING: beginswith is deprecated, use startswith instead.
 in depwarn at ./deprecated.jl:62
 in beginswith at deprecated.jl:30
 in available_versions at /home/vagrant/.julia/v0.4/BinDeps/src/dependencies.jl:116
 in package_available at /home/vagrant/.julia/v0.4/BinDeps/src/dependencies.jl:111
 in can_provide at /home/vagrant/.julia/v0.4/BinDeps/src/dependencies.jl:608
 in _find_library at /home/vagrant/.julia/v0.4/BinDeps/src/dependencies.jl:451
 in allf at /home/vagrant/.julia/v0.4/BinDeps/src/dependencies.jl:622
 in satisfy! at /home/vagrant/.julia/v0.4/BinDeps/src/dependencies.jl:690 (repeats 2 times)
 in anonymous at /home/vagrant/.julia/v0.4/BinDeps/src/dependencies.jl:793
 in include at ./boot.jl:254
 in include_from_node1 at ./loading.jl:133
 in evalfile at loading.jl:175 (repeats 2 times)
 in anonymous at pkg/entry.jl:652
 in cd at ./file.jl:22
 in build! at pkg/entry.jl:651
 in build at pkg/entry.jl:663
 in resolve at ./pkg/entry.jl:472
 in edit at pkg/entry.jl:26
 in anonymous at task.jl:365
while loading /home/vagrant/.julia/v0.4/Cairo/deps/build.jl, in expression starting on line 144
WARNING: beginswith is deprecated, use startswith instead.
 in depwarn at ./deprecated.jl:62
 in beginswith at deprecated.jl:30
 in available_versions at /home/vagrant/.julia/v0.4/BinDeps/src/dependencies.jl:124
 in package_available at /home/vagrant/.julia/v0.4/BinDeps/src/dependencies.jl:111
 in can_provide at /home/vagrant/.julia/v0.4/BinDeps/src/dependencies.jl:608
 in _find_library at /home/vagrant/.julia/v0.4/BinDeps/src/dependencies.jl:451
 in allf at /home/vagrant/.julia/v0.4/BinDeps/src/dependencies.jl:622
 in satisfy! at /home/vagrant/.julia/v0.4/BinDeps/src/dependencies.jl:690 (repeats 2 times)
 in anonymous at /home/vagrant/.julia/v0.4/BinDeps/src/dependencies.jl:793
 in include at ./boot.jl:254
 in include_from_node1 at ./loading.jl:133
 in evalfile at loading.jl:175 (repeats 2 times)
 in anonymous at pkg/entry.jl:652
 in cd at ./file.jl:22
 in build! at pkg/entry.jl:651
 in build at pkg/entry.jl:663
 in resolve at ./pkg/entry.jl:472
 in edit at pkg/entry.jl:26
 in anonymous at task.jl:365
while loading /home/vagrant/.julia/v0.4/Cairo/deps/build.jl, in expression starting on line 144
INFO: Building Cpp
gcc -Wall -O2 -shared -fPIC demo.cpp   -o libdemo.so
INFO: Building Dierckx
make: Nothing to be done for `all'.
INFO: Building Tk
INFO: Building NLopt
INFO: Building ElasticFDA
gcc -fPIC -Wall -Wextra -O3 -g    -c -o DP.o DP.c
DP.c: In function ‘DP’:
DP.c:39:70: warning: unused parameter ‘Disp’ [-Wunused-parameter]
DP.c: In function ‘CostFn2’:
DP.c:179:34: warning: unused variable ‘sqrtm’ [-Wunused-variable]
DP.c:178:48: warning: unused parameter ‘q2’ [-Wunused-parameter]
DP.c:178:127: warning: unused parameter ‘lam’ [-Wunused-parameter]
gcc -fPIC -Wall -Wextra -O3 -g    -c -o DynamicProgrammingQ2.o DynamicProgrammingQ2.c
gcc -fPIC -Wall -Wextra -O3 -g    -c -o dp_grid.o dp_grid.c
gcc -fPIC -Wall -Wextra -O3 -g    -c -o fpls_warp_grad.o fpls_warp_grad.c
fpls_warp_grad.c: In function ‘fpls_warp_grad’:
fpls_warp_grad.c:35:41: warning: unused variable ‘gamI_ptr’ [-Wunused-variable]
fpls_warp_grad.c:34:53: warning: unused variable ‘tmpj_ptr’ [-Wunused-variable]
fpls_warp_grad.c:23:80: warning: unused variable ‘gamI’ [-Wunused-variable]
fpls_warp_grad.c:21:9: warning: unused variable ‘tmp2’ [-Wunused-variable]
fpls_warp_grad.c:14:18: warning: unused variable ‘gam’ [-Wunused-variable]
fpls_warp_grad.c:14:9: warning: unused variable ‘t’ [-Wunused-variable]
gcc -fPIC -Wall -Wextra -O3 -g    -c -o misc_funcs.o misc_funcs.c
misc_funcs.c: In function ‘SqrtMeanInverse’:
misc_funcs.c:462:49: warning: variable ‘v’ set but not used [-Wunused-but-set-variable]
gcc -fPIC -Wall -Wextra -O3 -g    -c -o mlogit_warp_grad.o mlogit_warp_grad.c
mlogit_warp_grad.c: In function ‘mlogit_warp_grad’:
mlogit_warp_grad.c:15:9: warning: unused variable ‘t’ [-Wunused-variable]
gcc -fPIC -Wall -Wextra -O3 -g    -c -o oclogit_warp_grad.o oclogit_warp_grad.c
oclogit_warp_grad.c: In function ‘oclogit_warp_grad’:
oclogit_warp_grad.c:33:40: warning: variable ‘tmp5_ptr’ set but not used [-Wunused-but-set-variable]
oclogit_warp_grad.c:31:57: warning: unused variable ‘A_ptr’ [-Wunused-variable]
oclogit_warp_grad.c:31:29: warning: variable ‘f_basis_ptr’ set but not used [-Wunused-but-set-variable]
oclogit_warp_grad.c:28:9: warning: variable ‘max_val_change’ set but not used [-Wunused-but-set-variable]
gcc -fPIC -Wall -Wextra -O3 -g    -c -o ocmlogit_warp_grad.o ocmlogit_warp_grad.c
ocmlogit_warp_grad.c: In function ‘ocmlogit_warp_grad’:
ocmlogit_warp_grad.c:38:21: warning: variable ‘tmp5_ptr’ set but not used [-Wunused-but-set-variable]
ocmlogit_warp_grad.c:37:10: warning: unused variable ‘hO_ptr’ [-Wunused-variable]
ocmlogit_warp_grad.c:36:50: warning: unused variable ‘tmp4_ptr’ [-Wunused-variable]
ocmlogit_warp_grad.c:36:41: warning: unused variable ‘O2_ptr’ [-Wunused-variable]
ocmlogit_warp_grad.c:36:21: warning: unused variable ‘tmp3_ptr’ [-Wunused-variable]
ocmlogit_warp_grad.c:35:27: warning: unused variable ‘E_ptr’ [-Wunused-variable]
ocmlogit_warp_grad.c:34:40: warning: unused variable ‘tmpi_ptr’ [-Wunused-variable]
ocmlogit_warp_grad.c:34:18: warning: variable ‘f_basis_ptr’ set but not used [-Wunused-but-set-variable]
ocmlogit_warp_grad.c:31:9: warning: variable ‘max_val_change’ set but not used [-Wunused-but-set-variable]
ocmlogit_warp_grad.c:24:39: warning: unused variable ‘E’ [-Wunused-variable]
ocmlogit_warp_grad.c:19:15: warning: unused variable ‘kk’ [-Wunused-variable]
gcc -fPIC -Wall -Wextra -O3 -g  DP.o DynamicProgrammingQ2.o dp_grid.o fpls_warp_grad.o misc_funcs.o mlogit_warp_grad.o oclogit_warp_grad.o ocmlogit_warp_grad.o -o fdasrsf.so -shared   
g++ -fPIC -O3 -g -lopenblas  -Iincl/ -c -o src/DriverElasticCurvesRO.o src/DriverElasticCurvesRO.cpp
In file included from incl/DriverElasticCurvesRO.h:26:0,
                 from src/DriverElasticCurvesRO.cpp:2:
incl/RBroydenFamily.h:10:86: error: ‘nullptr’ was not declared in this scope
In file included from incl/DriverElasticCurvesRO.h:27:0,
                 from src/DriverElasticCurvesRO.cpp:2:
incl/RWRBFGS.h:10:79: error: ‘nullptr’ was not declared in this scope
In file included from incl/DriverElasticCurvesRO.h:28:0,
                 from src/DriverElasticCurvesRO.cpp:2:
incl/RBFGS.h:10:77: error: ‘nullptr’ was not declared in this scope
In file included from incl/DriverElasticCurvesRO.h:34:0,
                 from src/DriverElasticCurvesRO.cpp:2:
incl/RTRSR1.h:10:78: error: ‘nullptr’ was not declared in this scope
In file included from incl/ElasticCurvesRO.h:17:0,
                 from incl/DriverElasticCurvesRO.h:38,
                 from src/DriverElasticCurvesRO.cpp:2:
incl/ProductManifold.h: In member function ‘Manifold* ProductManifold::GetManifold(std::ptrdiff_t) const’:
incl/ProductManifold.h:48:103: error: ‘nullptr’ was not declared in this scope
src/DriverElasticCurvesRO.cpp: In function ‘void DriverElasticCurvesRO(double*, double*, std::ptrdiff_t, std::ptrdiff_t, double, bool, bool, bool, std::ptrdiff_t, std::string, std::ptrdiff_t, ProductElement*, bool&, double*, double*, std::ptrdiff_t&, std::ptrdiff_t&)’:
src/DriverElasticCurvesRO.cpp:12:20: error: ‘nullptr’ was not declared in this scope
src/DriverElasticCurvesRO.cpp:338:38: error: the default argument for parameter 2 of ‘RBFGS::RBFGS(const Problem*, const Element*, LinearOPE*)’ has not yet been parsed
src/DriverElasticCurvesRO.cpp:365:39: error: the default argument for parameter 2 of ‘RTRSR1::RTRSR1(const Problem*, const Element*, LinearOPE*)’ has not yet been parsed
make: *** [src/DriverElasticCurvesRO.o] Error 1
=============================[ ERROR: ElasticFDA ]==============================

LoadError: failed process: Process(`make SUFFIX=so`, ProcessExited(2)) [2]
while loading /home/vagrant/.julia/v0.4/ElasticFDA/deps/build.jl, in expression starting on line 7

================================================================================

================================[ BUILD ERRORS ]================================

WARNING: ElasticFDA had build errors.

 - packages with build errors remain installed in /home/vagrant/.julia/v0.4
 - build the package(s) and all dependencies with `Pkg.build("ElasticFDA")`
 - build a single package by running its `deps/build.jl` script

================================================================================
INFO: Package database updated

>>> 'Pkg.test("ElasticFDA")' log
Julia Version 0.4.0-dev+5624
Commit 2b07246* (2015-06-26 20:21 UTC)
Platform Info:
  System: Linux (x86_64-unknown-linux-gnu)
  CPU: Intel(R) Xeon(R) CPU E5-2650 0 @ 2.00GHz
  WORD_SIZE: 64
  BLAS: libopenblas (USE64BITINT DYNAMIC_ARCH NO_AFFINITY Nehalem)
  LAPACK: libopenblas
  LIBM: libopenlibm
  LLVM: libLLVM-3.3
INFO: Testing ElasticFDA
ERROR: LoadError: ArgumentError: FDAsrsf not found in path
 in require at ./loading.jl:48
 in include at ./boot.jl:254
 in include_from_node1 at loading.jl:133
 in process_options at ./client.jl:305
 in _start at ./client.jl:405
while loading /home/vagrant/.julia/v0.4/ElasticFDA/test/runtests.jl, in expression starting on line 1

=============================[ ERROR: ElasticFDA ]==============================

failed process: Process(`/home/vagrant/julia/bin/julia --check-bounds=yes --code-coverage=none --color=no /home/vagrant/.julia/v0.4/ElasticFDA/test/runtests.jl`, ProcessExited(1)) [1]

================================================================================
INFO: No packages to install, update or remove
ERROR: ElasticFDA had test errors
 in error at ./error.jl:21
 in test at pkg/entry.jl:746
 in anonymous at pkg/dir.jl:31
 in cd at file.jl:22
 in cd at pkg/dir.jl:31
 in test at pkg.jl:71
 in process_options at ./client.jl:281
 in _start at ./client.jl:405


>>> End of log
