>>> 'Pkg.add("Evolutionary")' log
INFO: Cloning cache of Evolutionary from https://github.com/wildart/Evolutionary.jl.git
INFO: Installing Evolutionary v0.1.2
INFO: Package database updated
INFO: METADATA is out-of-date â€” you may not have the latest version of Evolutionary
INFO: Use `Pkg.update()` to get the latest versions of your packages

>>> 'Pkg.test("Evolutionary")' log
Julia Version 0.5.0-rc3+0
Commit e6f843b (2016-08-22 23:43 UTC)
Platform Info:
  System: Linux (x86_64-unknown-linux-gnu)
  CPU: Intel(R) Xeon(R) CPU E3-1241 v3 @ 3.50GHz
  WORD_SIZE: 64
           Ubuntu 14.04.5 LTS
  uname: Linux 3.13.0-93-generic #140-Ubuntu SMP Mon Jul 18 21:21:05 UTC 2016 x86_64 x86_64
Memory: 2.4471054077148438 GB (934.2890625 MB free)
Uptime: 22193.0 sec
Load Avg:  1.09375  1.19091796875  1.1201171875
Intel(R) Xeon(R) CPU E3-1241 v3 @ 3.50GHz: 
       speed         user         nice          sys         idle          irq
#1  3500 MHz    1115314 s        110 s     121608 s     630519 s        120 s
#2  3500 MHz     411533 s         69 s      79030 s    1585990 s          3 s

  BLAS: libopenblas (USE64BITINT DYNAMIC_ARCH NO_AFFINITY Nehalem)
  LAPACK: libopenblas64_
  LIBM: libopenlibm
  LLVM: libLLVM-3.7.1 (ORCJIT, haswell)
Environment:
  TERM = vt100
  LD_LIBRARY_PATH = :/usr/local/lib/
  PATH = /usr/local/sbin:/usr/local/bin:/usr/sbin:/usr/bin:/sbin:/bin:/usr/games:/usr/local/games:/home/vagrant/julia/bin/
  JAVA_HOME = /usr/lib/jvm/java-7-oracle
  HOME = /home/vagrant

Package Directory: /home/vagrant/.julia/v0.5
2 required packages:
 - Evolutionary                  0.1.2
 - JSON                          0.7.0
1 additional packages:
 - Compat                        0.8.8
INFO: Testing Evolutionary
Running tests:
	[1m[31mFAILED[0m: sphere.jl
LoadError: LoadError: UndefVarError: Nothing not defined
 in macro expansion; at /home/vagrant/.julia/v0.5/Evolutionary/test/runtests.jl:25 [inlined]
 in anonymous at ./<missing>:?
 in include_from_node1(::String) at ./loading.jl:426
 in process_options(::Base.JLOptions) at ./client.jl:262
 in _start() at ./client.jl:318
while loading /home/vagrant/.julia/v0.5/Evolutionary/src/Evolutionary.jl, in expression starting on line 22
while loading /home/vagrant/.julia/v0.5/Evolutionary/test/sphere.jl, in expression starting on line 2
	[1m[31mFAILED[0m: rosenbrock.jl
LoadError: UndefVarError: es not defined
 in macro expansion; at /home/vagrant/.julia/v0.5/Evolutionary/test/runtests.jl:25 [inlined]
 in anonymous at ./<missing>:?
 in include_from_node1(::String) at ./loading.jl:426
 in process_options(::Base.JLOptions) at ./client.jl:262
 in _start() at ./client.jl:318
while loading /home/vagrant/.julia/v0.5/Evolutionary/test/rosenbrock.jl, in expression starting on line 20
	[1m[31mFAILED[0m: schwefel.jl
LoadError: UndefVarError: cmaes not defined
 in macro expansion; at /home/vagrant/.julia/v0.5/Evolutionary/test/runtests.jl:25 [inlined]
 in anonymous at ./<missing>:?
 in include_from_node1(::String) at ./loading.jl:426
 in process_options(::Base.JLOptions) at ./client.jl:262
 in _start() at ./client.jl:318
while loading /home/vagrant/.julia/v0.5/Evolutionary/test/schwefel.jl, in expression starting on line 19
	[1m[31mFAILED[0m: rastrigin.jl
LoadError: UndefVarError: es not defined
 in macro expansion; at /home/vagrant/.julia/v0.5/Evolutionary/test/runtests.jl:25 [inlined]
 in anonymous at ./<missing>:?
 in include_from_node1(::String) at ./loading.jl:426
 in process_options(::Base.JLOptions) at ./client.jl:262
 in _start() at ./client.jl:318
while loading /home/vagrant/.julia/v0.5/Evolutionary/test/rastrigin.jl, in expression starting on line 27
	[1m[31mFAILED[0m: n-queens.jl
LoadError: UndefVarError: inversion not defined
 in macro expansion; at /home/vagrant/.julia/v0.5/Evolutionary/test/runtests.jl:25 [inlined]
 in anonymous at ./<missing>:?
 in include_from_node1(::String) at ./loading.jl:426
 in process_options(::Base.JLOptions) at ./client.jl:262
 in _start() at ./client.jl:318
while loading /home/vagrant/.julia/v0.5/Evolutionary/test/n-queens.jl, in expression starting on line 28
INFO: Evolutionary tests passed

>>> End of log
