>>> 'Pkg.add("Evolutionary")' log
INFO: Cloning cache of Evolutionary from git://github.com/wildart/Evolutionary.jl.git
INFO: Installing Evolutionary v0.1.2
INFO: Package database updated
INFO: METADATA is out-of-date â€” you may not have the latest version of Evolutionary
INFO: Use `Pkg.update()` to get the latest versions of your packages

>>> 'Pkg.test("Evolutionary")' log
Julia Version 0.4.5
Commit 2ac304d (2016-03-18 00:58 UTC)
Platform Info:
  System: Linux (x86_64-unknown-linux-gnu)
  CPU: Intel(R) Xeon(R) CPU E3-1241 v3 @ 3.50GHz
  WORD_SIZE: 64
  BLAS: libopenblas (USE64BITINT DYNAMIC_ARCH NO_AFFINITY Nehalem)
  LAPACK: libopenblas64_
  LIBM: libopenlibm
  LLVM: libLLVM-3.3
INFO: Testing Evolutionary
Running tests:
WARNING: Base.Nothing is deprecated, use Void instead.
  likely near /home/vagrant/.julia/v0.4/Evolutionary/src/Evolutionary.jl:22
WARNING: Union(args...) is deprecated, use Union{args...} instead.
 in depwarn at deprecated.jl:73
 in call at deprecated.jl:50
 in include at ./boot.jl:261
 in include_from_node1 at ./loading.jl:320
 in require at ./loading.jl:259
 in include at ./boot.jl:261
 in include_from_node1 at ./loading.jl:320
 [inlined code] from /home/vagrant/.julia/v0.4/Evolutionary/test/runtests.jl:17
 in anonymous at no file:0
 in include at ./boot.jl:261
 in include_from_node1 at ./loading.jl:320
 in process_options at ./client.jl:280
 in _start at ./client.jl:378
while loading /home/vagrant/.julia/v0.4/Evolutionary/src/Evolutionary.jl, in expression starting on line 22
WARNING: Base.Nothing is deprecated, use Void instead.
  likely near /home/vagrant/.julia/v0.4/Evolutionary/src/ga.jl:15
WARNING: Union(args...) is deprecated, use Union{args...} instead.
 in depwarn at deprecated.jl:73
 in call at deprecated.jl:50
 in include at ./boot.jl:261
 in include_from_node1 at ./loading.jl:320
 in include at ./boot.jl:261
 in include_from_node1 at ./loading.jl:320
 in require at ./loading.jl:259
 in include at ./boot.jl:261
 in include_from_node1 at ./loading.jl:320
 [inlined code] from /home/vagrant/.julia/v0.4/Evolutionary/test/runtests.jl:17
 in anonymous at no file:0
 in include at ./boot.jl:261
 in include_from_node1 at ./loading.jl:320
 in process_options at ./client.jl:280
 in _start at ./client.jl:378
while loading /home/vagrant/.julia/v0.4/Evolutionary/src/ga.jl, in expression starting on line 15
WARNING: Base.Nothing is deprecated, use Void instead.
  likely near /home/vagrant/.julia/v0.4/Evolutionary/src/ga.jl:15
WARNING: Union(args...) is deprecated, use Union{args...} instead.
 in depwarn at deprecated.jl:73
 in call at deprecated.jl:50
 in include at ./boot.jl:261
 in include_from_node1 at ./loading.jl:320
 in include at ./boot.jl:261
 in include_from_node1 at ./loading.jl:320
 in require at ./loading.jl:259
 in include at ./boot.jl:261
 in include_from_node1 at ./loading.jl:320
 [inlined code] from /home/vagrant/.julia/v0.4/Evolutionary/test/runtests.jl:17
 in anonymous at no file:0
 in include at ./boot.jl:261
 in include_from_node1 at ./loading.jl:320
 in process_options at ./client.jl:280
 in _start at ./client.jl:378
while loading /home/vagrant/.julia/v0.4/Evolutionary/src/ga.jl, in expression starting on line 15
(3/3,25)-Ïƒ-SA-ES => F: 4.354807436840696e-19, C: 287
WARNING: Base.Nothing is deprecated, use Void instead.
  likely near /home/vagrant/.julia/v0.4/Evolutionary/test/sphere.jl:31
WARNING: Base.Nothing is deprecated, use Void instead.
  likely near /home/vagrant/.julia/v0.4/Evolutionary/test/sphere.jl:31
WARNING: Base.Nothing is deprecated, use Void instead.
  likely near /home/vagrant/.julia/v0.4/Evolutionary/test/sphere.jl:31
WARNING: Base.Nothing is deprecated, use Void instead.
  likely near /home/vagrant/.julia/v0.4/Evolutionary/test/sphere.jl:31
WARNING: Base.Nothing is deprecated, use Void instead.
  likely near /home/vagrant/.julia/v0.4/Evolutionary/test/sphere.jl:31
WARNING: Base.Nothing is deprecated, use Void instead.
  likely near /home/vagrant/.julia/v0.4/Evolutionary/test/sphere.jl:31
WARNING: Base.Nothing is deprecated, use Void instead.
  likely near /home/vagrant/.julia/v0.4/Evolutionary/test/sphere.jl:31
WARNING: Base.Nothing is deprecated, use Void instead.
  likely near /home/vagrant/.julia/v0.4/Evolutionary/test/sphere.jl:31
WARNING: Base.Nothing is deprecated, use Void instead.
  likely near /home/vagrant/.julia/v0.4/Evolutionary/test/sphere.jl:31
WARNING: Base.Nothing is deprecated, use Void instead.
  likely near /home/vagrant/.julia/v0.4/Evolutionary/test/sphere.jl:31
in ga at 
WARNING: Base.Nothing is deprecated, use Void instead.
  likely near /home/vagrant/.julia/v0.4/Evolutionary/test/sphere.jl:31
in ga at 
WARNING: Base.Nothing is deprecated, use Void instead.
  likely near /home/vagrant/.julia/v0.4/Evolutionary/test/sphere.jl:31
in ga at 
WARNING: Base.Nothing is deprecated, use Void instead.
  likely near /home/vagrant/.julia/v0.4/Evolutionary/test/sphere.jl:31
in ga at 
WARNING: Base.Nothing is deprecated, use Void instead.
  likely near /home/vagrant/.julia/v0.4/Evolutionary/test/sphere.jl:31
in ga at 
WARNING: Base.Nothing is deprecated, use Void instead.
  likely near /home/vagrant/.julia/v0.4/Evolutionary/test/sphere.jl:31
in ga at 
GA(pop=25,xover=0.8,Î¼=0.1) => F: 0.002513330704255779, C: 514
	[1m[32mPASSED[0m: sphere.jl
(15/5+100)-ES => F: 0.0002284038416380186, C: 1000, OBJ: [0.9995007200256254,1.0005121679351843]
(15/15+100)-Ïƒ-SA-ES-IS => F: 7.612047951945676e-21, C: 1000, OBJ: [1.000000000007188,1.000000000023071]
(15/15+100)-Ïƒ-SA-ES-AS => F: 0.0001283389894152233, C: 1000, OBJ: [1.011150394962517,1.0222249292850862]
(3/3,12)-CMA-ES => F: 3.940376879967714e-9, C: 6048, OBJ: [0.9999376816277441,0.9998746134988397]
GA(p=50,x=0.8,Î¼=0.1) => F: 0.01141226800568798, C: 200, OBJ: [0.8931969989218227,0.7975687804903917]
	[1m[31mFAILED[0m: rosenbrock.jl
LoadError: assertion failed: |result - ones(N)| <= 0.1
  result = [0.8931969989218227,0.7975687804903917]
  ones(N) = [1.0,1.0]
  difference = 0.2024312195096083 > 0.1
 [inlined code] from /home/vagrant/.julia/v0.4/Evolutionary/test/runtests.jl:25
 in anonymous at no file:0
 in include at ./boot.jl:261
 in include_from_node1 at ./loading.jl:320
 in process_options at ./client.jl:280
 in _start at ./client.jl:378
while loading /home/vagrant/.julia/v0.4/Evolutionary/test/rosenbrock.jl, in expression starting on line 64
(3/3,12)-CMA-ES (Schwefel) => F: 5.843422578483471e-18, C: 881
	[1m[32mPASSED[0m: schwefel.jl
(15/15,100)-Ïƒ-SA-ES-AS => F: 8.785945638534795, C: 1000, OBJ: [1.1125691585500568,-0.07031750207795451,-0.8639223194537469]
WARNING: Found local minimum!!!
(15/15,100)-CMA-ES => F: 2.9848771712798694, C: 121, OBJ: [0.9949586381995564,0.9949586370668525,0.9949586383349226]
WARNING: Found local minimum!!!
	[1m[31mFAILED[0m: rastrigin.jl
LoadError: test failed: 3.0 < 3
 in expression: sum(round(abs(result))) < N
 [inlined code] from /home/vagrant/.julia/v0.4/Evolutionary/test/runtests.jl:25
 in anonymous at no file:0
 in include at ./boot.jl:261
 in include_from_node1 at ./loading.jl:320
 in process_options at ./client.jl:280
 in _start at ./client.jl:378
while loading /home/vagrant/.julia/v0.4/Evolutionary/test/rastrigin.jl, in expression starting on line 40
GA:PMX:Evolutionary.inversion(N=8, P=50) => F: 0, C: 800, OBJ: [6,3,7,2,8,5,1,4]
GA:PMX:Evolutionary.insertion(N=8, P=50) => F: 0, C: 800, OBJ: [8,2,5,3,1,7,4,6]
GA:PMX:Evolutionary.swap2(N=8, P=50) => F: 0, C: 800, OBJ: [3,6,8,1,4,7,5,2]
GA:PMX:Evolutionary.scramble(N=8, P=50) => F: 0, C: 800, OBJ: [7,3,1,6,8,5,2,4]
GA:PMX:Evolutionary.shifting(N=8, P=50) => F: 0, C: 800, OBJ: [3,5,8,4,1,7,2,6]
(15+50)-ES:Evolutionary.inversion => F: 1.0, C: 800, OBJ: [8,4,1,5,2,6,3,7]
	[1m[31mFAILED[0m: n-queens.jl
LoadError: test failed: 1 == 0
 in expression: nqueens(result) == 0
 [inlined code] from /home/vagrant/.julia/v0.4/Evolutionary/test/runtests.jl:25
 in anonymous at no file:0
 in include at ./boot.jl:261
 in include_from_node1 at ./loading.jl:320
 in process_options at ./client.jl:280
 in _start at ./client.jl:378
while loading /home/vagrant/.julia/v0.4/Evolutionary/test/n-queens.jl, in expression starting on line 40
INFO: Evolutionary tests passed

>>> End of log
