>>> 'Pkg.add("Evolutionary")' log
INFO: Cloning cache of Evolutionary from https://github.com/wildart/Evolutionary.jl.git
INFO: Installing Evolutionary v0.1.2
INFO: Package database updated

>>> 'Pkg.test("Evolutionary")' log
Julia Version 0.6.0-dev.2543
Commit fc00ad1 (2017-02-03 02:53 UTC)
Platform Info:
  OS: Linux (x86_64-pc-linux-gnu)
  CPU: Intel(R) Xeon(R) CPU E3-1241 v3 @ 3.50GHz
  WORD_SIZE: 64
           Ubuntu 14.04.5 LTS
  uname: Linux 3.13.0-107-generic #154-Ubuntu SMP Tue Dec 20 09:57:27 UTC 2016 x86_64 x86_64
Memory: 2.9392738342285156 GB (1866.8046875 MB free)
Uptime: 55831.0 sec
Load Avg:  1.14501953125  1.2666015625  0.9150390625
Intel(R) Xeon(R) CPU E3-1241 v3 @ 3.50GHz: 
       speed         user         nice          sys         idle          irq
#1  3500 MHz    1033785 s        753 s     143506 s    4169998 s         79 s
#2  3500 MHz     402804 s       5612 s      91826 s    5011074 s          2 s

  BLAS: libopenblas (USE64BITINT DYNAMIC_ARCH NO_AFFINITY Nehalem)
  LAPACK: libopenblas64_
  LIBM: libopenlibm
  LLVM: libLLVM-3.9.1 (ORCJIT, haswell)
Environment:
  TERM = vt100
  LD_LIBRARY_PATH = :/usr/local/lib/
  PATH = /usr/local/sbin:/usr/local/bin:/usr/sbin:/usr/bin:/sbin:/bin:/usr/games:/usr/local/games:/home/vagrant/julia/bin/
  JAVA_HOME = /usr/lib/jvm/java-7-oracle
  HOME = /home/vagrant

Package Directory: /home/vagrant/.julia/v0.6
2 required packages:
 - Evolutionary                  0.1.2
 - JSON                          0.8.2
1 additional packages:
 - Compat                        0.14.0
INFO: Testing Evolutionary
Running tests:
	[1m[31mFAILED[0m: sphere.jl
LoadError: LoadError: UndefVarError: Nothing not defined
Stacktrace:
 [1] macro expansion at /home/vagrant/.julia/v0.6/Evolutionary/test/runtests.jl:25 [inlined]
 [2] anonymous at ./<missing>:?
 [3] include_from_node1(::String) at ./loading.jl:539
 [4] include(::String) at ./sysimg.jl:14
 [5] process_options(::Base.JLOptions) at ./client.jl:304
 [6] _start() at ./client.jl:370
while loading /home/vagrant/.julia/v0.6/Evolutionary/src/Evolutionary.jl, in expression starting on line 22
while loading /home/vagrant/.julia/v0.6/Evolutionary/test/sphere.jl, in expression starting on line 2
WARNING: @test_approx_eq_eps is deprecated, use `@test result â‰ˆ ones(N) atol=tol` instead
Stacktrace:
 [1] depwarn(::String, ::Symbol) at ./deprecated.jl:62
 [2] @test_approx_eq_eps(::ANY, ::ANY, ::ANY) at ./deprecated.jl:1076
 [3] include_from_node1(::String) at ./loading.jl:539
 [4] include(::String) at ./sysimg.jl:14
 [5] macro expansion at /home/vagrant/.julia/v0.6/Evolutionary/test/runtests.jl:17 [inlined]
 [6] anonymous at ./<missing>:?
 [7] include_from_node1(::String) at ./loading.jl:539
 [8] include(::String) at ./sysimg.jl:14
 [9] process_options(::Base.JLOptions) at ./client.jl:304
 [10] _start() at ./client.jl:370
while loading /home/vagrant/.julia/v0.6/Evolutionary/test/rosenbrock.jl, in expression starting on line 5
	[1m[31mFAILED[0m: rosenbrock.jl
LoadError: UndefVarError: es not defined
Stacktrace:
 [1] macro expansion at /home/vagrant/.julia/v0.6/Evolutionary/test/runtests.jl:25 [inlined]
 [2] anonymous at ./<missing>:?
 [3] include_from_node1(::String) at ./loading.jl:539
 [4] include(::String) at ./sysimg.jl:14
 [5] process_options(::Base.JLOptions) at ./client.jl:304
 [6] _start() at ./client.jl:370
while loading /home/vagrant/.julia/v0.6/Evolutionary/test/rosenbrock.jl, in expression starting on line 20
	[1m[31mFAILED[0m: schwefel.jl
LoadError: UndefVarError: cmaes not defined
Stacktrace:
 [1] macro expansion at /home/vagrant/.julia/v0.6/Evolutionary/test/runtests.jl:25 [inlined]
 [2] anonymous at ./<missing>:?
 [3] include_from_node1(::String) at ./loading.jl:539
 [4] include(::String) at ./sysimg.jl:14
 [5] process_options(::Base.JLOptions) at ./client.jl:304
 [6] _start() at ./client.jl:370
while loading /home/vagrant/.julia/v0.6/Evolutionary/test/schwefel.jl, in expression starting on line 19
WARNING: @test_approx_eq_eps is deprecated, use `@test result â‰ˆ zeros(N) atol=tol` instead
Stacktrace:
 [1] depwarn(::String, ::Symbol) at ./deprecated.jl:62
 [2] @test_approx_eq_eps(::ANY, ::ANY, ::ANY) at ./deprecated.jl:1076
 [3] include_from_node1(::String) at ./loading.jl:539
 [4] include(::String) at ./sysimg.jl:14
 [5] macro expansion at /home/vagrant/.julia/v0.6/Evolutionary/test/runtests.jl:17 [inlined]
 [6] anonymous at ./<missing>:?
 [7] include_from_node1(::String) at ./loading.jl:539
 [8] include(::String) at ./sysimg.jl:14
 [9] process_options(::Base.JLOptions) at ./client.jl:304
 [10] _start() at ./client.jl:370
while loading /home/vagrant/.julia/v0.6/Evolutionary/test/rastrigin.jl, in expression starting on line 5
	[1m[31mFAILED[0m: rastrigin.jl
LoadError: UndefVarError: es not defined
Stacktrace:
 [1] macro expansion at /home/vagrant/.julia/v0.6/Evolutionary/test/runtests.jl:25 [inlined]
 [2] anonymous at ./<missing>:?
 [3] include_from_node1(::String) at ./loading.jl:539
 [4] include(::String) at ./sysimg.jl:14
 [5] process_options(::Base.JLOptions) at ./client.jl:304
 [6] _start() at ./client.jl:370
while loading /home/vagrant/.julia/v0.6/Evolutionary/test/rastrigin.jl, in expression starting on line 27
	[1m[31mFAILED[0m: n-queens.jl
LoadError: UndefVarError: inversion not defined
Stacktrace:
 [1] macro expansion at /home/vagrant/.julia/v0.6/Evolutionary/test/runtests.jl:25 [inlined]
 [2] anonymous at ./<missing>:?
 [3] include_from_node1(::String) at ./loading.jl:539
 [4] include(::String) at ./sysimg.jl:14
 [5] process_options(::Base.JLOptions) at ./client.jl:304
 [6] _start() at ./client.jl:370
while loading /home/vagrant/.julia/v0.6/Evolutionary/test/n-queens.jl, in expression starting on line 28
INFO: Evolutionary tests passed

>>> End of log
