>>> 'Pkg.add("Evolutionary")' log
INFO: Cloning cache of Evolutionary from git://github.com/wildart/Evolutionary.jl.git
INFO: Installing Evolutionary v0.1.2
INFO: Package database updated
INFO: METADATA is out-of-date â€” you may not have the latest version of Evolutionary
INFO: Use `Pkg.update()` to get the latest versions of your packages

>>> 'Pkg.test("Evolutionary")' log
Julia Version 0.3.12
Commit 80aa779 (2015-10-26 12:41 UTC)
Platform Info:
  System: Linux (x86_64-unknown-linux-gnu)
  CPU: Intel(R) Xeon(R) CPU E3-1241 v3 @ 3.50GHz
  WORD_SIZE: 64
           Ubuntu 14.04.5 LTS
  uname: Linux 3.13.0-93-generic #140-Ubuntu SMP Mon Jul 18 21:21:05 UTC 2016 x86_64 x86_64
Memory: 2.4471054077148438 GB (464.52734375 MB free)
Uptime: 12708.0 sec
Load Avg:  1.0498046875  1.12353515625  1.07763671875
Intel(R) Xeon(R) CPU E3-1241 v3 @ 3.50GHz: 
       speed         user         nice          sys         idle          irq
#1  3499 MHz     561198 s         18 s      68115 s     478449 s         15 s
#2  3499 MHz     349934 s       6423 s      58434 s     792716 s          0 s

  BLAS: libopenblas (USE64BITINT DYNAMIC_ARCH NO_AFFINITY Nehalem)
  LAPACK: libopenblas
  LIBM: libopenlibm
  LLVM: libLLVM-3.3
Environment:
  TERM = vt100
  LD_LIBRARY_PATH = :/usr/local/lib/
  PATH = /usr/local/sbin:/usr/local/bin:/usr/sbin:/usr/bin:/sbin:/bin:/usr/games:/usr/local/games:/home/vagrant/julia/bin/
  JAVA_HOME = /usr/lib/jvm/java-7-oracle
  HOME = /home/vagrant

Package Directory: /home/vagrant/.julia/v0.3
4 required packages:
 - Evolutionary                  0.1.2
 - HttpParser                    0.0.13
 - JSON                          0.6.1
 - Markdown                      0.3.0
8 additional packages:
 - BinDeps                       0.3.21
 - Compat                        0.8.8
 - Dates                         0.3.2
 - HttpCommon                    0.1.2
 - Lazy                          0.10.1
 - MacroTools                    0.2.0
 - SHA                           0.2.1
 - URIParser                     0.0.7
INFO: Testing Evolutionary
Running tests:
(3/3,25)-Ïƒ-SA-ES => F: 7.920636254998621e-19, C: 290
GA(pop=25,xover=0.8,Î¼=0.1) => F: 0.0028359424899373474, C: 490
	[1m[32mPASSED[0m: sphere.jl
(15/5+100)-ES => F: 0.00038526742062621605, C: 1000, OBJ: [1.017882638895523,1.0352758777936217]
(15/15+100)-Ïƒ-SA-ES-IS => F: 0.0, C: 1000, OBJ: [1.0,1.0]
(15/15+100)-Ïƒ-SA-ES-AS => F: 8.140667892997165e-5, C: 1000, OBJ: [1.0002832039406944,1.0014683000089242]
(3/3,12)-CMA-ES => F: 1.2084528707841343e-6, C: 6066, OBJ: [0.9989007354261068,0.9978035174911474]
GA(p=50,x=0.8,Î¼=0.1) => F: 0.0691334438112888, C: 200, OBJ: [0.7374434521691016,0.5424174875327719]
	[1m[31mFAILED[0m: rosenbrock.jl
assertion failed: |result - ones(N)| <= 0.1
  result = [0.7374434521691016,0.5424174875327719]
  ones(N) = [1.0,1.0]
  difference = 0.45758251246722814 > 0.1
 in anonymous at no file:25
 in include at ./boot.jl:245
 in include_from_node1 at loading.jl:128
 in process_options at ./client.jl:285
 in _start at ./client.jl:354
while loading /home/vagrant/.julia/v0.3/Evolutionary/test/rosenbrock.jl, in expression starting on line 64
(3/3,12)-CMA-ES (Schwefel) => F: 5.94496681768173e-18, C: 892
	[1m[32mPASSED[0m: schwefel.jl
(15/15,100)-Ïƒ-SA-ES-AS => F: 8.631664247525372, C: 1000, OBJ: [-0.8367831727383725,1.040389477704322,-0.9341985955066421]
WARNING: Found local minimum!!!
	[1m[31mFAILED[0m: rastrigin.jl
test failed: sum(round(abs(result))) < N
 in anonymous at no file:25
 in include at ./boot.jl:245
 in include_from_node1 at loading.jl:128
 in process_options at ./client.jl:285
 in _start at ./client.jl:354
while loading /home/vagrant/.julia/v0.3/Evolutionary/test/rastrigin.jl, in expression starting on line 35
GA:PMX:inversion(N=8, P=50) => F: 0, C: 800, OBJ: [3,5,2,8,1,7,4,6]
GA:PMX:insertion(N=8, P=50) => F: 0, C: 800, OBJ: [1,5,8,6,3,7,2,4]
GA:PMX:swap2(N=8, P=50) => F: 0, C: 800, OBJ: [5,3,1,6,8,2,4,7]
GA:PMX:scramble(N=8, P=50) => F: 0, C: 800, OBJ: [6,3,5,7,1,4,2,8]
GA:PMX:shifting(N=8, P=50) => F: 0, C: 800, OBJ: [4,8,5,3,1,7,2,6]
(15+50)-ES:inversion => F: 0.0, C: 800, OBJ: [6,3,1,8,4,2,7,5]
(15+50)-ES:insertion => F: 2.0, C: 800, OBJ: [6,3,5,2,1,7,4,8]
	[1m[31mFAILED[0m: n-queens.jl
test failed: nqueens(result) == 0
 in anonymous at no file:25
 in include at ./boot.jl:245
 in include_from_node1 at loading.jl:128
 in process_options at ./client.jl:285
 in _start at ./client.jl:354
while loading /home/vagrant/.julia/v0.3/Evolutionary/test/n-queens.jl, in expression starting on line 40
INFO: Evolutionary tests passed
INFO: No packages to install, update or remove

>>> End of log
