>>> 'Pkg.add("GeneralizedMetropolisHastings")' log
INFO: Cloning cache of GeneralizedMetropolisHastings from git://github.com/QuantifyingUncertainty/GeneralizedMetropolisHastings.jl.git
INFO: Cloning cache of IJulia from git://github.com/JuliaLang/IJulia.jl.git
INFO: Cloning cache of ZMQ from git://github.com/JuliaLang/ZMQ.jl.git
INFO: Installing ArrayViews v0.6.4
INFO: Installing BinDeps v0.4.5
INFO: Installing Blosc v0.1.7
INFO: Installing ColorTypes v0.2.6
INFO: Installing Colors v0.6.7
INFO: Installing Conda v0.3.1
INFO: Installing Distributions v0.8.10
INFO: Installing FileIO v0.1.2
INFO: Installing FixedPointNumbers v0.1.6
INFO: Installing GeneralizedMetropolisHastings v0.0.1
INFO: Installing HDF5 v0.6.5
INFO: Installing IJulia v1.3.0
INFO: Installing JLD v0.6.3
INFO: Installing LaTeXStrings v0.2.0
INFO: Installing LegacyStrings v0.1.1
INFO: Installing MacroTools v0.3.2
INFO: Installing Nettle v0.2.4
INFO: Installing PDMats v0.4.2
INFO: Installing PyCall v1.7.2
INFO: Installing PyPlot v2.2.2
INFO: Installing Reexport v0.0.3
INFO: Installing SHA v0.2.1
INFO: Installing StatsBase v0.8.3
INFO: Installing StatsFuns v0.2.2
INFO: Installing Sundials v0.2.2
INFO: Installing URIParser v0.1.6
INFO: Installing ZMQ v0.3.4
INFO: Building Blosc
INFO: Building Nettle
INFO: Building ZMQ
INFO: Attempting to Create directory /home/vagrant/.julia/v0.4/ZMQ/deps/downloads
INFO: Downloading file https://archive.org/download/zeromq_3.2.4/zeromq-3.2.4.tar.gz
  % Total    % Received % Xferd  Average Speed   Time    Time     Time  Current
                                 Dload  Upload   Total   Spent    Left  Speed
  0     0    0     0    0     0      0      0 --:--:-- --:--:-- --:--:--     0  0     0    0     0    0     0      0      0 --:--:-- --:--:-- --:--:--     0  0     0    0     0    0     0      0      0 --:--:-- --:--:-- --:--:--     0
  0     0    0     0    0     0      0      0 --:--:--  0:00:01 --:--:--     0100 2034k  100 2034k    0     0   972k      0  0:00:02  0:00:02 --:--:-- 2723k
INFO: Done downloading file https://archive.org/download/zeromq_3.2.4/zeromq-3.2.4.tar.gz
INFO: Attempting to Create directory /home/vagrant/.julia/v0.4/ZMQ/deps/src
INFO: Attempting to Create directory /home/vagrant/.julia/v0.4/ZMQ/deps
INFO: Directory /home/vagrant/.julia/v0.4/ZMQ/deps already created
INFO: Attempting to Create directory /home/vagrant/.julia/v0.4/ZMQ/deps/builds/zmq
INFO: Changing Directory to /home/vagrant/.julia/v0.4/ZMQ/deps/builds/zmq
checking for a BSD-compatible install... /usr/bin/install -c
checking whether build environment is sane... yes
checking for a thread-safe mkdir -p... /bin/mkdir -p
checking for gawk... gawk
checking whether make sets $(MAKE)... yes
checking how to create a ustar tar archive... gnutar
checking whether make supports nested variables... yes
checking for gcc... gcc
checking whether the C compiler works... yes
checking for C compiler default output file name... a.out
checking for suffix of executables... 
checking whether we are cross compiling... no
checking for suffix of object files... o
checking whether we are using the GNU C compiler... yes
checking whether gcc accepts -g... yes
checking for gcc option to accept ISO C89... none needed
checking for style of include used by make... GNU
checking dependency style of gcc... gcc3
checking for gcc option to accept ISO C99... -std=gnu99
checking for g++... g++
checking whether we are using the GNU C++ compiler... yes
checking whether g++ accepts -g... yes
checking dependency style of g++... gcc3
checking whether gcc -std=gnu99 and cc understand -c and -o together... yes
checking for a sed that does not truncate output... /bin/sed
checking for gawk... (cached) gawk
checking for xmlto... no
checking for asciidoc... no
checking build system type... x86_64-unknown-linux-gnu
checking host system type... x86_64-unknown-linux-gnu
checking how to print strings... printf
checking for a sed that does not truncate output... (cached) /bin/sed
checking for grep that handles long lines and -e... /bin/grep
checking for egrep... /bin/grep -E
checking for fgrep... /bin/grep -F
checking for ld used by gcc -std=gnu99... /usr/bin/ld
checking if the linker (/usr/bin/ld) is GNU ld... yes
checking for BSD- or MS-compatible name lister (nm)... /usr/bin/nm -B
checking the name lister (/usr/bin/nm -B) interface... BSD nm
checking whether ln -s works... yes
checking the maximum length of command line arguments... 1572864
checking whether the shell understands some XSI constructs... yes
checking whether the shell understands "+="... yes
checking how to convert x86_64-unknown-linux-gnu file names to x86_64-unknown-linux-gnu format... func_convert_file_noop
checking how to convert x86_64-unknown-linux-gnu file names to toolchain format... func_convert_file_noop
checking for /usr/bin/ld option to reload object files... -r
checking for objdump... objdump
checking how to recognize dependent libraries... pass_all
checking for dlltool... dlltool
checking how to associate runtime and link libraries... printf %s\n
checking for ar... ar
checking for archiver @FILE support... @
checking for strip... strip
checking for ranlib... ranlib
checking command to parse /usr/bin/nm -B output from gcc -std=gnu99 object... ok
checking for sysroot... no
checking for mt... mt
checking if mt is a manifest tool... no
checking how to run the C preprocessor... gcc -std=gnu99 -E
checking for ANSI C header files... yes
checking for sys/types.h... yes
checking for sys/stat.h... yes
checking for stdlib.h... yes
checking for string.h... yes
checking for memory.h... yes
checking for strings.h... yes
checking for inttypes.h... yes
checking for stdint.h... yes
checking for unistd.h... yes
checking for dlfcn.h... yes
checking for objdir... .libs
checking if gcc -std=gnu99 supports -fno-rtti -fno-exceptions... no
checking for gcc -std=gnu99 option to produce PIC... -fPIC -DPIC
checking if gcc -std=gnu99 PIC flag -fPIC -DPIC works... yes
checking if gcc -std=gnu99 static flag -static works... yes
checking if gcc -std=gnu99 supports -c -o file.o... yes
checking if gcc -std=gnu99 supports -c -o file.o... (cached) yes
checking whether the gcc -std=gnu99 linker (/usr/bin/ld -m elf_x86_64) supports shared libraries... yes
checking whether -lc should be explicitly linked in... no
checking dynamic linker characteristics... GNU/Linux ld.so
checking how to hardcode library paths into programs... immediate
checking whether stripping libraries is possible... yes
checking if libtool supports shared libraries... yes
checking whether to build shared libraries... yes
checking whether to build static libraries... yes
checking how to run the C++ preprocessor... g++ -E
checking for ld used by g++... /usr/bin/ld -m elf_x86_64
checking if the linker (/usr/bin/ld -m elf_x86_64) is GNU ld... yes
checking whether the g++ linker (/usr/bin/ld -m elf_x86_64) supports shared libraries... yes
checking for g++ option to produce PIC... -fPIC -DPIC
checking if g++ PIC flag -fPIC -DPIC works... yes
checking if g++ static flag -static works... yes
checking if g++ supports -c -o file.o... yes
checking if g++ supports -c -o file.o... (cached) yes
checking whether the g++ linker (/usr/bin/ld -m elf_x86_64) supports shared libraries... yes
checking dynamic linker characteristics... (cached) GNU/Linux ld.so
checking how to hardcode library paths into programs... immediate
checking whether the C compiler works... yes
checking whether we are using Intel C compiler... no
checking whether we are using Sun Studio C compiler... no
checking whether we are using clang C compiler... no
checking whether we are using gcc >= 4 C compiler... yes
checking whether the C++ compiler works... yes
checking whether we are using Intel C++ compiler... no
checking whether we are using Sun Studio C++ compiler... no
checking whether we are using clang C++ compiler... no
checking whether we are using gcc >= 4 C++ compiler... yes
checking whether to enable debugging information... no
checking whether to enable code coverage... no
checking for pthread_create in -lpthread... yes
checking for clock_gettime in -lrt... yes
checking whether C++ compiler supports -fvisibility=hidden... yes
checking whether C++ compiler supports dso visibility... yes
checking for asciidoc... no
checking for xmlto... no
configure: WARNING: You are building an unreleased version of 0MQ and asciidoc or xmlto are not installed.
configure: WARNING: Documentation will not be built and manual pages will not be installed.
checking whether to build documentation... no
checking whether to install manpages... no
checking for suitable polling system... using epoll
checking for ANSI C header files... (cached) yes
checking errno.h usability... yes
checking errno.h presence... yes
checking for errno.h... yes
checking arpa/inet.h usability... yes
checking arpa/inet.h presence... yes
checking for arpa/inet.h... yes
checking netinet/tcp.h usability... yes
checking netinet/tcp.h presence... yes
checking for netinet/tcp.h... yes
checking netinet/in.h usability... yes
checking netinet/in.h presence... yes
checking for netinet/in.h... yes
checking stddef.h usability... yes
checking stddef.h presence... yes
checking for stddef.h... yes
checking for stdlib.h... (cached) yes
checking for string.h... (cached) yes
checking sys/socket.h usability... yes
checking sys/socket.h presence... yes
checking for sys/socket.h... yes
checking sys/time.h usability... yes
checking sys/time.h presence... yes
checking for sys/time.h... yes
checking time.h usability... yes
checking time.h presence... yes
checking for time.h... yes
checking for unistd.h... (cached) yes
checking limits.h usability... yes
checking limits.h presence... yes
checking for limits.h... yes
checking ifaddrs.h usability... yes
checking ifaddrs.h presence... yes
checking for ifaddrs.h... yes
checking sys/uio.h usability... yes
checking sys/uio.h presence... yes
checking for sys/uio.h... yes
checking sys/eventfd.h usability... yes
checking sys/eventfd.h presence... yes
checking for sys/eventfd.h... yes
checking for stdbool.h that conforms to C99... yes
checking for _Bool... no
checking for an ANSI C-conforming const... yes
checking for inline... inline
checking for size_t... yes
checking for ssize_t... yes
checking whether time.h and sys/time.h may both be included... yes
checking for uint32_t... yes
checking for working volatile... yes
checking how to enable additional warnings for C++ compiler... -Wall
checking how to turn warnings to errors in C++ compiler... -Werror
checking how to enable strict standards compliance in C++ compiler... -pedantic
checking return type of signal handlers... void
checking for perror... yes
checking for gettimeofday... yes
checking for clock_gettime... yes
checking for memset... yes
checking for socket... yes
checking for getifaddrs... yes
checking for freeifaddrs... yes
checking alloca.h usability... yes
checking alloca.h presence... yes
checking for alloca.h... yes
checking whether SOCK_CLOEXEC is supported... yes
checking whether SO_KEEPALIVE is supported... yes
checking whether TCP_KEEPCNT is supported... yes
checking whether TCP_KEEPIDLE is supported... yes
checking whether TCP_KEEPINTVL is supported... yes
checking whether TCP_KEEPALIVE is supported... no
configure: creating ./config.status
config.status: creating Makefile
config.status: creating src/Makefile
config.status: creating doc/Makefile
config.status: creating perf/Makefile
config.status: creating src/libzmq.pc
config.status: creating builds/msvc/Makefile
config.status: creating tests/Makefile
config.status: creating foreign/openpgm/Makefile
config.status: creating builds/redhat/zeromq.spec
config.status: creating src/platform.hpp
config.status: executing depfiles commands
config.status: executing libtool commands
INFO: Changing Directory to /home/vagrant/.julia/v0.4/ZMQ/deps/builds/zmq
Making all in src
make[1]: Entering directory `/home/vagrant/.julia/v0.4/ZMQ/deps/builds/zmq/src'
make  all-am
make[2]: Entering directory `/home/vagrant/.julia/v0.4/ZMQ/deps/builds/zmq/src'
  CXX    libzmq_la-address.lo
  CXX    libzmq_la-clock.lo
  CXX    libzmq_la-ctx.lo
  CXX    libzmq_la-decoder.lo
  CXX    libzmq_la-devpoll.lo
  CXX    libzmq_la-dist.lo
  CXX    libzmq_la-encoder.lo
  CXX    libzmq_la-epoll.lo
  CXX    libzmq_la-err.lo
  CXX    libzmq_la-fq.lo
  CXX    libzmq_la-io_object.lo
  CXX    libzmq_la-io_thread.lo
  CXX    libzmq_la-ip.lo
  CXX    libzmq_la-ipc_address.lo
  CXX    libzmq_la-ipc_connecter.lo
  CXX    libzmq_la-ipc_listener.lo
  CXX    libzmq_la-kqueue.lo
  CXX    libzmq_la-lb.lo
  CXX    libzmq_la-mailbox.lo
  CXX    libzmq_la-msg.lo
  CXX    libzmq_la-mtrie.lo
  CXX    libzmq_la-object.lo
  CXX    libzmq_la-options.lo
  CXX    libzmq_la-own.lo
  CXX    libzmq_la-pair.lo
  CXX    libzmq_la-pgm_receiver.lo
  CXX    libzmq_la-pgm_sender.lo
  CXX    libzmq_la-pgm_socket.lo
  CXX    libzmq_la-pipe.lo
  CXX    libzmq_la-poll.lo
  CXX    libzmq_la-poller_base.lo
  CXX    libzmq_la-pull.lo
  CXX    libzmq_la-push.lo
  CXX    libzmq_la-proxy.lo
  CXX    libzmq_la-reaper.lo
  CXX    libzmq_la-pub.lo
  CXX    libzmq_la-random.lo
  CXX    libzmq_la-rep.lo
  CXX    libzmq_la-req.lo
  CXX    libzmq_la-select.lo
  CXX    libzmq_la-session_base.lo
  CXX    libzmq_la-signaler.lo
  CXX    libzmq_la-socket_base.lo
  CXX    libzmq_la-stream_engine.lo
  CXX    libzmq_la-sub.lo
  CXX    libzmq_la-tcp.lo
  CXX    libzmq_la-tcp_address.lo
  CXX    libzmq_la-tcp_connecter.lo
  CXX    libzmq_la-tcp_listener.lo
  CXX    libzmq_la-thread.lo
  CXX    libzmq_la-trie.lo
  CXX    libzmq_la-xpub.lo
  CXX    libzmq_la-router.lo
  CXX    libzmq_la-dealer.lo
  CXX    libzmq_la-v1_decoder.lo
  CXX    libzmq_la-v1_encoder.lo
  CXX    libzmq_la-xsub.lo
  CXX    libzmq_la-zmq.lo
  CXX    libzmq_la-zmq_utils.lo
  CXXLD  libzmq.la
.libs/libzmq_la-ipc_listener.o: In function `zmq::ipc_listener_t::set_address(char const*)':
/home/vagrant/.julia/v0.4/ZMQ/deps/src/zeromq-3.2.4/src/ipc_listener.cpp:124: warning: the use of `tempnam' is dangerous, better use `mkstemp'
make[2]: Leaving directory `/home/vagrant/.julia/v0.4/ZMQ/deps/builds/zmq/src'
make[1]: Leaving directory `/home/vagrant/.julia/v0.4/ZMQ/deps/builds/zmq/src'
Making all in doc
make[1]: Entering directory `/home/vagrant/.julia/v0.4/ZMQ/deps/builds/zmq/doc'
make[1]: Nothing to be done for `all'.
make[1]: Leaving directory `/home/vagrant/.julia/v0.4/ZMQ/deps/builds/zmq/doc'
Making all in perf
make[1]: Entering directory `/home/vagrant/.julia/v0.4/ZMQ/deps/builds/zmq/perf'
  CXX    local_lat.o
  CXX    local_thr.o
  CXX    remote_lat.o
  CXX    remote_thr.o
  CXX    inproc_lat.o
  CXX    inproc_thr.o
  CXXLD  local_lat
  CXXLD  local_thr
  CXXLD  remote_lat
  CXXLD  remote_thr
  CXXLD  inproc_thr
  CXXLD  inproc_lat
make[1]: Leaving directory `/home/vagrant/.julia/v0.4/ZMQ/deps/builds/zmq/perf'
Making all in tests
make[1]: Entering directory `/home/vagrant/.julia/v0.4/ZMQ/deps/builds/zmq/tests'
  CXX    test_pair_inproc.o
  CXX    test_reqrep_inproc.o
  CXX    test_pair_tcp.o
  CXX    test_reqrep_tcp.o
  CXX    test_hwm.o
  CXX    test_reqrep_device.o
  CXX    test_sub_forward.o
  CXX    test_invalid_rep.o
  CXX    test_msg_flags.o
  CXX    test_connect_resolve.o
  CXX    test_connect_delay.o
  CXX    test_last_endpoint.o
  CXX    test_term_endpoint.o
  CXX    test_monitor.o
  CXX    test_router_mandatory.o
  CXX    test_disconnect_inproc.o
  CXX    test_shutdown_stress.o
  CXX    test_pair_ipc.o
  CXX    test_reqrep_ipc.o
  CXX    test_timeo.o
  CXXLD  test_pair_inproc
  CXXLD  test_pair_tcp
  CXXLD  test_reqrep_inproc
  CXXLD  test_reqrep_tcp
  CXXLD  test_hwm
  CXXLD  test_reqrep_device
  CXXLD  test_sub_forward
  CXXLD  test_invalid_rep
  CXXLD  test_msg_flags
  CXXLD  test_connect_resolve
  CXXLD  test_connect_delay
  CXXLD  test_last_endpoint
  CXXLD  test_term_endpoint
  CXXLD  test_monitor
  CXXLD  test_router_mandatory
  CXXLD  test_disconnect_inproc
  CXXLD  test_shutdown_stress
  CXXLD  test_pair_ipc
  CXXLD  test_reqrep_ipc
  CXXLD  test_timeo
make[1]: Leaving directory `/home/vagrant/.julia/v0.4/ZMQ/deps/builds/zmq/tests'
make[1]: Entering directory `/home/vagrant/.julia/v0.4/ZMQ/deps/builds/zmq'
make[1]: Nothing to be done for `all-am'.
make[1]: Leaving directory `/home/vagrant/.julia/v0.4/ZMQ/deps/builds/zmq'
INFO: Changing Directory to /home/vagrant/.julia/v0.4/ZMQ/deps/builds/zmq
Making install in src
make[1]: Entering directory `/home/vagrant/.julia/v0.4/ZMQ/deps/builds/zmq/src'
make[2]: Entering directory `/home/vagrant/.julia/v0.4/ZMQ/deps/builds/zmq/src'
 /bin/mkdir -p '/home/vagrant/.julia/v0.4/ZMQ/deps/usr/include'
 /bin/mkdir -p '/home/vagrant/.julia/v0.4/ZMQ/deps/usr/lib/pkgconfig'
 /usr/bin/install -c -m 644 libzmq.pc '/home/vagrant/.julia/v0.4/ZMQ/deps/usr/lib/pkgconfig'
 /usr/bin/install -c -m 644 /home/vagrant/.julia/v0.4/ZMQ/deps/src/zeromq-3.2.4/src/../include/zmq.h /home/vagrant/.julia/v0.4/ZMQ/deps/src/zeromq-3.2.4/src/../include/zmq_utils.h '/home/vagrant/.julia/v0.4/ZMQ/deps/usr/include'
 /bin/mkdir -p '/home/vagrant/.julia/v0.4/ZMQ/deps/usr/lib'
 /bin/bash ../libtool   --mode=install /usr/bin/install -c   libzmq.la '/home/vagrant/.julia/v0.4/ZMQ/deps/usr/lib'
libtool: install: /usr/bin/install -c .libs/libzmq.so.3.0.0 /home/vagrant/.julia/v0.4/ZMQ/deps/usr/lib/libzmq.so.3.0.0
libtool: install: (cd /home/vagrant/.julia/v0.4/ZMQ/deps/usr/lib && { ln -s -f libzmq.so.3.0.0 libzmq.so.3 || { rm -f libzmq.so.3 && ln -s libzmq.so.3.0.0 libzmq.so.3; }; })
libtool: install: (cd /home/vagrant/.julia/v0.4/ZMQ/deps/usr/lib && { ln -s -f libzmq.so.3.0.0 libzmq.so || { rm -f libzmq.so && ln -s libzmq.so.3.0.0 libzmq.so; }; })
libtool: install: /usr/bin/install -c .libs/libzmq.lai /home/vagrant/.julia/v0.4/ZMQ/deps/usr/lib/libzmq.la
libtool: install: /usr/bin/install -c .libs/libzmq.a /home/vagrant/.julia/v0.4/ZMQ/deps/usr/lib/libzmq.a
libtool: install: chmod 644 /home/vagrant/.julia/v0.4/ZMQ/deps/usr/lib/libzmq.a
libtool: install: ranlib /home/vagrant/.julia/v0.4/ZMQ/deps/usr/lib/libzmq.a
libtool: finish: PATH="/home/vagrant/.julia/v0.4/ZMQ/deps/usr/bin:/usr/local/sbin:/usr/local/bin:/usr/sbin:/usr/bin:/sbin:/bin:/usr/games:/usr/local/games:/home/vagrant/julia/bin/:/sbin" ldconfig -n /home/vagrant/.julia/v0.4/ZMQ/deps/usr/lib
----------------------------------------------------------------------
Libraries have been installed in:
   /home/vagrant/.julia/v0.4/ZMQ/deps/usr/lib

If you ever happen to want to link against installed libraries
in a given directory, LIBDIR, you must either use libtool, and
specify the full pathname of the library, or use the `-LLIBDIR'
flag during linking and do at least one of the following:
   - add LIBDIR to the `LD_LIBRARY_PATH' environment variable
     during execution
   - add LIBDIR to the `LD_RUN_PATH' environment variable
     during linking
   - use the `-Wl,-rpath -Wl,LIBDIR' linker flag
   - have your system administrator add LIBDIR to `/etc/ld.so.conf'

See any operating system documentation about shared libraries for
more information, such as the ld(1) and ld.so(8) manual pages.
----------------------------------------------------------------------
make[2]: Leaving directory `/home/vagrant/.julia/v0.4/ZMQ/deps/builds/zmq/src'
make[1]: Leaving directory `/home/vagrant/.julia/v0.4/ZMQ/deps/builds/zmq/src'
Making install in doc
make[1]: Entering directory `/home/vagrant/.julia/v0.4/ZMQ/deps/builds/zmq/doc'
make[2]: Entering directory `/home/vagrant/.julia/v0.4/ZMQ/deps/builds/zmq/doc'
make[2]: Nothing to be done for `install-exec-am'.
make[2]: Leaving directory `/home/vagrant/.julia/v0.4/ZMQ/deps/builds/zmq/doc'
make[1]: Leaving directory `/home/vagrant/.julia/v0.4/ZMQ/deps/builds/zmq/doc'
Making install in perf
make[1]: Entering directory `/home/vagrant/.julia/v0.4/ZMQ/deps/builds/zmq/perf'
make[2]: Entering directory `/home/vagrant/.julia/v0.4/ZMQ/deps/builds/zmq/perf'
make[2]: Nothing to be done for `install-exec-am'.
make[2]: Nothing to be done for `install-data-am'.
make[2]: Leaving directory `/home/vagrant/.julia/v0.4/ZMQ/deps/builds/zmq/perf'
make[1]: Leaving directory `/home/vagrant/.julia/v0.4/ZMQ/deps/builds/zmq/perf'
Making install in tests
make[1]: Entering directory `/home/vagrant/.julia/v0.4/ZMQ/deps/builds/zmq/tests'
make[2]: Entering directory `/home/vagrant/.julia/v0.4/ZMQ/deps/builds/zmq/tests'
make[2]: Nothing to be done for `install-exec-am'.
make[2]: Nothing to be done for `install-data-am'.
make[2]: Leaving directory `/home/vagrant/.julia/v0.4/ZMQ/deps/builds/zmq/tests'
make[1]: Leaving directory `/home/vagrant/.julia/v0.4/ZMQ/deps/builds/zmq/tests'
make[1]: Entering directory `/home/vagrant/.julia/v0.4/ZMQ/deps/builds/zmq'
make[2]: Entering directory `/home/vagrant/.julia/v0.4/ZMQ/deps/builds/zmq'
make[2]: Nothing to be done for `install-exec-am'.
make[2]: Nothing to be done for `install-data-am'.
make[2]: Leaving directory `/home/vagrant/.julia/v0.4/ZMQ/deps/builds/zmq'
make[1]: Leaving directory `/home/vagrant/.julia/v0.4/ZMQ/deps/builds/zmq'
INFO: Building IJulia
INFO: Recompiling stale cache file /home/vagrant/.julia/lib/v0.4/Conda.ji for module Conda.
INFO: Installing Jupyter via the Conda package.
Traceback (most recent call last):
  File "/home/vagrant/.julia/v0.4/Conda/deps/usr/bin/conda", line 4, in <module>
    import conda.cli
  File "/home/vagrant/.julia/v0.4/Conda/deps/usr/lib/python2.7/site-packages/conda/cli/__init__.py", line 8, in <module>
    from .main import main  # NOQA
  File "/home/vagrant/.julia/v0.4/Conda/deps/usr/lib/python2.7/site-packages/conda/cli/main.py", line 46, in <module>
    from ..base.context import context
  File "/home/vagrant/.julia/v0.4/Conda/deps/usr/lib/python2.7/site-packages/conda/base/context.py", line 251, in <module>
    context = Context(SEARCH_PATH, conda, None)
  File "/home/vagrant/.julia/v0.4/Conda/deps/usr/lib/python2.7/site-packages/conda/common/configuration.py", line 692, in __init__
    self._add_search_path(search_path)
  File "/home/vagrant/.julia/v0.4/Conda/deps/usr/lib/python2.7/site-packages/conda/common/configuration.py", line 699, in _add_search_path
    return self._add_raw_data(load_file_configs(search_path))
  File "/home/vagrant/.julia/v0.4/Conda/deps/usr/lib/python2.7/site-packages/conda/common/configuration.py", line 371, in load_file_configs
    raw_data = odict(kv for kv in chain.from_iterable(load_paths))
  File "/home/vagrant/.julia/v0.4/Conda/deps/usr/lib/python2.7/collections.py", line 69, in __init__
    self.__update(*args, **kwds)
  File "/home/vagrant/.julia/v0.4/Conda/deps/usr/lib/python2.7/_abcoll.py", line 571, in update
    for key, value in other:
  File "/home/vagrant/.julia/v0.4/Conda/deps/usr/lib/python2.7/site-packages/conda/common/configuration.py", line 371, in <genexpr>
    raw_data = odict(kv for kv in chain.from_iterable(load_paths))
  File "/home/vagrant/.julia/v0.4/Conda/deps/usr/lib/python2.7/site-packages/conda/common/configuration.py", line 346, in _file_yaml_loader
    assert fullpath.endswith(".yml") or fullpath.endswith("condarc"), fullpath
AssertionError: /home/vagrant/.julia/v0.4/Conda/deps/usr/condarc-julia
INFO: Building PyCall
INFO: No system-wide Python was found; got the following error:
could not spawn `'' -c "import distutils.sysconfig; print(distutils.sysconfig.get_config_var('VERSION'))"`: no such file or directory (ENOENT)
using the Python distribution in the Conda package
Traceback (most recent call last):
  File "/home/vagrant/.julia/v0.4/Conda/deps/usr/bin/conda", line 4, in <module>
    import conda.cli
  File "/home/vagrant/.julia/v0.4/Conda/deps/usr/lib/python2.7/site-packages/conda/cli/__init__.py", line 8, in <module>
    from .main import main  # NOQA
  File "/home/vagrant/.julia/v0.4/Conda/deps/usr/lib/python2.7/site-packages/conda/cli/main.py", line 46, in <module>
    from ..base.context import context
  File "/home/vagrant/.julia/v0.4/Conda/deps/usr/lib/python2.7/site-packages/conda/base/context.py", line 251, in <module>
    context = Context(SEARCH_PATH, conda, None)
  File "/home/vagrant/.julia/v0.4/Conda/deps/usr/lib/python2.7/site-packages/conda/common/configuration.py", line 692, in __init__
    self._add_search_path(search_path)
  File "/home/vagrant/.julia/v0.4/Conda/deps/usr/lib/python2.7/site-packages/conda/common/configuration.py", line 699, in _add_search_path
    return self._add_raw_data(load_file_configs(search_path))
  File "/home/vagrant/.julia/v0.4/Conda/deps/usr/lib/python2.7/site-packages/conda/common/configuration.py", line 371, in load_file_configs
    raw_data = odict(kv for kv in chain.from_iterable(load_paths))
  File "/home/vagrant/.julia/v0.4/Conda/deps/usr/lib/python2.7/collections.py", line 69, in __init__
    self.__update(*args, **kwds)
  File "/home/vagrant/.julia/v0.4/Conda/deps/usr/lib/python2.7/_abcoll.py", line 571, in update
    for key, value in other:
  File "/home/vagrant/.julia/v0.4/Conda/deps/usr/lib/python2.7/site-packages/conda/common/configuration.py", line 371, in <genexpr>
    raw_data = odict(kv for kv in chain.from_iterable(load_paths))
  File "/home/vagrant/.julia/v0.4/Conda/deps/usr/lib/python2.7/site-packages/conda/common/configuration.py", line 346, in _file_yaml_loader
    assert fullpath.endswith(".yml") or fullpath.endswith("condarc"), fullpath
AssertionError: /home/vagrant/.julia/v0.4/Conda/deps/usr/condarc-julia
===============================[ ERROR: PyCall ]================================

LoadError: failed process: Process(setenv(`/home/vagrant/.julia/v0.4/Conda/deps/usr/bin/conda install -y numpy`,Union{ASCIIString,UTF8String}["PYTHON=","PATH=/usr/local/sbin:/usr/local/bin:/usr/sbin:/usr/bin:/sbin:/bin:/usr/games:/usr/local/games:/home/vagrant/julia/bin/","PWD=/vagrant/0.4AL","SHELL=/bin/bash","SSH_CONNECTION=10.0.2.2 34421 10.0.2.15 22","LD_LIBRARY_PATH=:/usr/local/lib/","CONDARC=/home/vagrant/.julia/v0.4/Conda/deps/usr/condarc-julia","MAIL=/var/mail/vagrant","LANG=en_US.UTF-8","SHLVL=3","LOGNAME=vagrant","XDG_RUNTIME_DIR=/run/user/1000","XDG_SESSION_ID=3","OLDPWD=/home/vagrant","SSH_CLIENT=10.0.2.2 34421 22","_=/usr/bin/timeout","USER=vagrant","TERM=vt100","HOME=/home/vagrant","OPENBLAS_MAIN_FREE=1","JAVA_HOME=/usr/lib/jvm/java-7-oracle","PYTHONIOENCODING=UTF-8"]), ProcessExited(1)) [1]
while loading /home/vagrant/.julia/v0.4/PyCall/deps/build.jl, in expression starting on line 17

================================================================================
INFO: Building Sundials
INFO: Building HDF5

================================[ BUILD ERRORS ]================================

WARNING: PyCall had build errors.

 - packages with build errors remain installed in /home/vagrant/.julia/v0.4
 - build the package(s) and all dependencies with `Pkg.build("PyCall")`
 - build a single package by running its `deps/build.jl` script

================================================================================
INFO: Package database updated
INFO: METADATA is out-of-date — you may not have the latest version of GeneralizedMetropolisHastings
INFO: Use `Pkg.update()` to get the latest versions of your packages

>>> 'Pkg.test("GeneralizedMetropolisHastings")' log
Julia Version 0.4.6
Commit 2e358ce (2016-06-19 17:16 UTC)
Platform Info:
  System: Linux (x86_64-unknown-linux-gnu)
  CPU: Intel(R) Xeon(R) CPU E3-1241 v3 @ 3.50GHz
  WORD_SIZE: 64
           Ubuntu 14.04.5 LTS
  uname: Linux 3.13.0-95-generic #142-Ubuntu SMP Fri Aug 12 17:00:09 UTC 2016 x86_64 x86_64
Memory: 2.4471054077148438 GB (1439.703125 MB free)
Uptime: 22914.0 sec
Load Avg:  2.34423828125  1.36767578125  1.12890625
Intel(R) Xeon(R) CPU E3-1241 v3 @ 3.50GHz: 
       speed         user         nice          sys         idle          irq
#1  3500 MHz    1067905 s        392 s     105460 s     831893 s         66 s
#2  3500 MHz     643723 s       5077 s      94368 s    1437351 s          0 s

  BLAS: libopenblas (USE64BITINT DYNAMIC_ARCH NO_AFFINITY Nehalem)
  LAPACK: libopenblas64_
  LIBM: libopenlibm
  LLVM: libLLVM-3.3
Environment:
  TERM = vt100
  LD_LIBRARY_PATH = :/usr/local/lib/
  PATH = /usr/local/sbin:/usr/local/bin:/usr/sbin:/usr/bin:/sbin:/bin:/usr/games:/usr/local/games:/home/vagrant/julia/bin/
  JAVA_HOME = /usr/lib/jvm/java-7-oracle
  HOME = /home/vagrant

Package Directory: /home/vagrant/.julia/v0.4
2 required packages:
 - GeneralizedMetropolisHastings 0.0.1
 - JSON                          0.7.0
27 additional packages:
 - ArrayViews                    0.6.4
 - BinDeps                       0.4.5
 - Blosc                         0.1.7
 - ColorTypes                    0.2.6
 - Colors                        0.6.7
 - Compat                        0.9.2
 - Conda                         0.3.1
 - Distributions                 0.8.10
 - FileIO                        0.1.2
 - FixedPointNumbers             0.1.6
 - HDF5                          0.6.5
 - IJulia                        1.3.0
 - JLD                           0.6.3
 - LaTeXStrings                  0.2.0
 - LegacyStrings                 0.1.1
 - MacroTools                    0.3.2
 - Nettle                        0.2.4
 - PDMats                        0.4.2
 - PyCall                        1.7.2
 - PyPlot                        2.2.2
 - Reexport                      0.0.3
 - SHA                           0.2.1
 - StatsBase                     0.8.3
 - StatsFuns                     0.2.2
 - Sundials                      0.2.2
 - URIParser                     0.1.6
 - ZMQ                           0.3.4
INFO: Testing GeneralizedMetropolisHastings
INFO: Recompiling stale cache file /home/vagrant/.julia/lib/v0.4/PDMats.ji for module PDMats.
INFO: Recompiling stale cache file /home/vagrant/.julia/lib/v0.4/Distributions.ji for module Distributions.
INFO: Recompiling stale cache file /home/vagrant/.julia/lib/v0.4/StatsFuns.ji for module StatsFuns.
INFO: Recompiling stale cache file /home/vagrant/.julia/lib/v0.4/StatsBase.ji for module StatsBase.
==================
Running all tests:
==================
  * unit.jl *
===================
Running unit tests:
===================
  * policies.jl *
====================
Test show() function
MHRuntimePolicy with traits:
  runner = generalized
  initialize = prior
  propose = auxiliary
  indicator = stationary
  jobsegments = workers
  chain = standard
  store = main
  sampletype = Float64
  calculationtype = Float64

MHRuntimePolicy with traits:
  runner = standard
  initialize = default
  propose = indicator
  indicator = cyclical
  jobsegments = none
  chain = gradient
  store = all
  sampletype = Int64
  calculationtype = Float32

End  show() function
====================



  * parameters.jl *
====================
Test show() function

ParameterDefault
 key: d
 default: 3.0
ParameterDefault
 key: param
 default: 3.0
ParameterUnivariate
 key: p
 prior: Distributions.Normal(μ=0.0, σ=1.0)
 default: 3.0
ParameterUnivariate
 key: p
 prior: Distributions.Uniform(a=0.0, b=11.0)
 default: 5.5
ParameterUnivariate
 key: p
 prior: Distributions.DiscreteUniform(a=0, b=9)
 default: 4
Array{AbstractParameter} with
[1] ParameterUnivariate
 key: param
 prior: Distributions.Uniform(a=1.0, b=3.0)
 default: 2.0
[2] ParameterDefault
 key: param
 default: 2.0
[3] ParameterUnivariate
 key: param
 prior: Distributions.DiscreteUniform(a=1, b=3)
 default: 2
Array{ParameterUnivariate} with
[1] ParameterUnivariate
 key: param
 prior: Distributions.Uniform(a=1.0, b=3.0)
 default: 2.0
[2] ParameterUnivariate
 key: param
 prior: Distributions.DiscreteUniform(a=1, b=3)
 default: 2
Array{ParameterUnivariate} with
[1] ParameterUnivariate
 key: d1
 prior: Distributions.Normal(μ=0.0, σ=1.0)
 default: 0.0
[2] ParameterUnivariate
 key: d2
 prior: Distributions.Uniform(a=0.0, b=11.0)
 default: 2.0
Array{ParameterUnivariate} with
[1] ParameterUnivariate
 key: d1
 prior: Distributions.Uniform(a=0.0, b=6.0)
 default: 3.0
[2] ParameterUnivariate
 key: d2
 prior: Distributions.Uniform(a=5.0, b=10.0)
 default: 7.5
Array{ParameterUnivariate} with
[1] ParameterUnivariate
 key: d1
 prior: Distributions.Normal(μ=0.0, σ=1.0)
 default: 0.0
[2] ParameterUnivariate
 key: d2
 prior: Distributions.Uniform(a=0.0, b=11.0)
 default: 2.0
[3] ParameterUnivariate
 key: d1
 prior: Distributions.Uniform(a=0.0, b=6.0)
 default: 3.0
[4] ParameterUnivariate
 key: d2
 prior: Distributions.Uniform(a=5.0, b=10.0)
 default: 7.5
Array{AbstractParameter} with
[1] ParameterUnivariate
 key: d1
 prior: Distributions.Normal(μ=0.0, σ=1.0)
 default: 0.0
[2] ParameterUnivariate
 key: d2
 prior: Distributions.Uniform(a=0.0, b=11.0)
 default: 2.0
[3] ParameterDefault
 key: param
 default: 3.0
[4] ParameterDefault
 key: param
 default: 7.5

End  show() function
====================



  * data.jl *

====================
Test show() function
DataArray with 2 variables and 11 values
 index: Array{Float64,1}
 values: Array{Float64,2}
DataFunction with 2 variables and 11 values
 index: Array{Float64,1}
 values: Array{Float64,2}
 modifyvalues: Bool
 generator: Function
 args:(0.0:0.1:1.0,6.283185307179586)
DataFunction with 3 variables and 11 values
 index: Array{Float64,1}
 values: Array{Float64,2}
 modifyvalues: Bool
 generator: Function
 args:(1.0,0.1)
DataFunction with 3 variables and 11 values
 index: Array{Float64,1}
 values: Array{Float64,2}
 modifyvalues: Bool
 generator: Function
 args: Tuple{}
Gaussian Noise Model
 variance: Array{Float64,1}
 distributions: Array{Distributions.Normal,1}
End  show() function
====================



  * samples.jl *

====================
Test show() function
BaseSample with 2 parameters and 3 samples
 values: Array{Float64,2}
 loglikelihood: Array{Float64,1}
 logprior: Array{Float64,1}
GradientSample with 2 parameters and 3 samples
 values: Array{Float64,2}
 loglikelihood: Array{Float64,1}
 logprior: Array{Float64,1}
 gradloglikelihood: Array{Float64,2}
 gradlogprior: Array{Float64,2}
TensorSample with 2 parameters and 3 samples
 values: Array{Float32,2}
 loglikelihood: Array{Float32,1}
 logprior: Array{Float32,1}
 gradloglikelihood: Array{Float32,2}
 gradlogprior: Array{Float32,2}
 tensorloglikelihood: Array{Float32,3}
 tensorlogprior: Array{Float32,3}
TangentTensorSample with 2 parameters and 3 samples
 values: Array{Float64,2}
 loglikelihood: Array{Float64,1}
 logprior: Array{Float64,1}
 gradloglikelihood: Array{Float64,2}
 gradlogprior: Array{Float64,2}
 tensorloglikelihood: Array{Float64,3}
 tensorlogprior: Array{Float64,3}
 tangentvectors: Array{Float64,3}
BaseSample with 2 parameters and 1 sample
 values: Array{Int64,1}
 loglikelihood: Array{Float64,1}
 logprior: Array{Float64,1}
GradientSample with 2 parameters and 1 sample
 values: Array{Float32,1}
 loglikelihood: Array{Float32,1}
 logprior: Array{Float32,1}
 gradloglikelihood: Array{Float32,1}
 gradlogprior: Array{Float32,1}
TensorSample with 2 parameters and 1 sample
 values: Array{Float64,1}
 loglikelihood: Array{Float64,1}
 logprior: Array{Float64,1}
 gradloglikelihood: Array{Float64,1}
 gradlogprior: Array{Float64,1}
 tensorloglikelihood: Array{Float64,2}
 tensorlogprior: Array{Float64,2}
TangentTensorSample with 2 parameters and 1 sample
 values: Array{Float64,1}
 loglikelihood: Array{Float64,1}
 logprior: Array{Float64,1}
 gradloglikelihood: Array{Float64,1}
 gradlogprior: Array{Float64,1}
 tensorloglikelihood: Array{Float64,2}
 tensorlogprior: Array{Float64,2}
 tangentvectors: Array{Float64,2}
End  show() function
====================



  * distributions.jl *
Testing multivariate normal copying behaviour
Testing multivariate lognormal copying behaviour
Testing multivariate normal (zero mean) copying behaviour


  * proposals.jl *
======================
Tests of NormalDensity
======================
=========================
Tests of LogNormalDensity
=========================
====================================
Tests of CompoundDistributionWrapper
====================================
(:uniform,())
(:laplace,())
(:triangular,())
(:bactrian,(:normal,0.95))
(:bactrian,(:laplace,0.9))

====================
Test show() function
====================
DistributionWrapper with distribution:
FullNormal(
dim: 2
μ: [3.0,3.0]
Σ: [3.0 0.0
 0.0 3.0]
)

DistributionWrapper with distribution:
Distributions.MvLogNormal(
dim: 2
μ: [1.0986122886681096,1.0986122886681096]
Σ: [3.0 0.0
 0.0 3.0]
)

====================
End  show() function
====================



  * samplers.jl *
Test show() function for normal
Scalable Metropolis-Hastings Sampler with fields:
  [:density,:initialscalefactor,:scaleparameters,:extraargs]
Metropolis SamplerState with fields: 
  [:density,:from,:proposals,:acceptance]
Metropolis SamplerState with fields: 
  [:density,:from,:proposals,:acceptance]
======================================
Test show() function for lognormal
Scalable Metropolis-Hastings Sampler with fields:
  [:density,:initialscalefactor,:scaleparameters,:extraargs]
Metropolis-Hastings SamplerState with fields: 
  [:density,:from,:proposals,:acceptance]
Metropolis-Hastings SamplerState with fields: 
  [:density,:from,:proposals,:acceptance]
======================================
Test show() function for adaptive
Adaptive Normal Metropolis Sampler with fields:
  [:initialscalefactor,:nparas]
Adaptive Normal Metropolis SamplerState with fields: 
  [:density,:from,:proposals,:acceptance,:runningstate]
Adaptive Normal Metropolis SamplerState with fields: 
  [:density,:from,:proposals,:acceptance,:runningstate]
======================================
Test show() function for smmala standard full
Simplified mMALA Sampler with fields:
  [:initialscalefactor,:nparas,:tr]
Simplified mMALA SamplerState with fields: 
  [:policy,:density,:from,:proposals,:acceptance,:scale]
Simplified mMALA SamplerState with fields: 
  [:policy,:density,:from,:proposals,:acceptance,:scale]
======================================
Test show() function for smmala tr full
Trust Region Simplified mMALA Sampler with fields:
  [:initialscalefactor,:nparas,:tr]
Trust Region Simplified mMALA SamplerState with fields: 
  [:policy,:density,:from,:proposals,:acceptance,:scale]
Trust Region Simplified mMALA SamplerState with fields: 
  [:policy,:density,:from,:proposals,:acceptance,:scale]
======================================
Test show() function for smmala tr tangent
Trust Region Simplified mMALA with Tangent Tensor Sampler with fields:
  [:initialscalefactor,:nparas,:ntangents]
Trust Region Simplified mMALA with Tangent Tensor SamplerState with fields: 
  [:policy,:density,:from,:proposals,:acceptance,:scale]
Trust Region Simplified mMALA with Tangent Tensor SamplerState with fields: 
  [:policy,:density,:from,:proposals,:acceptance,:scale]
======================================


  * indicators.jl *
Stationary probability values: Float32[0.023255812f0,0.046511624f0,0.116279066f0,0.3488372f0,0.46511626f0]

====================
Test show() function
====================
IndicatorStationary with 1 proposal and 1 sample
 Fields: :stationary, :samples
IndicatorStationary with 4 proposals and 2 samples
 Fields: :stationary, :samples
IndicatorStationary with 10 proposals and 10 samples
 Fields: :stationary, :samples
====================
End  show() function
====================



  * models.jl *

====================
Test show() function
====================
TargetModel Test
parameters: Array{ParameterUnivariate} with
[1] ParameterUnivariate
 key: a
 prior: Distributions.Uniform(a=1.0, b=5.0)
 default: 3.0
measurements: DataFunction with 1 variable and 100 values
 index: Array{Float64,1}
 values: Array{Float64,1}
 modifyvalues: Bool
 generator: Function
 args:(linspace(0.0,10.0,100),[3.0])
noisemodel: Gaussian Noise Model
 variance: Array{Float64,1}
 distributions: Array{Distributions.Normal,1}
target: targetsin
TargetModel Test!
parameters: Array{ParameterUnivariate} with
[1] ParameterUnivariate
 key: a
 prior: Distributions.Uniform(a=1.0, b=5.0)
 default: 3.0
measurements: DataFunction with 1 variable and 100 values
 index: Array{Float64,1}
 values: Array{Float64,1}
 modifyvalues: Bool
 generator: Function
 args:(linspace(0.0,10.0,100),[3.0])
noisemodel: Gaussian Noise Model
 variance: Array{Float64,1}
 distributions: Array{Distributions.Normal,1}
target: targetsin!
ODEModel Test
parameters: Array{ParameterUnivariate} with
[1] ParameterUnivariate
 key: a
 prior: Distributions.Uniform(a=1.0, b=5.0)
 default: 3.0
measurements: DataFunction with 1 variable and 100 values
 index: Array{Float64,1}
 values: Array{Float64,1}
 modifyvalues: Bool
 generator: Function
 args:(linspace(0.0,10.0,100),[3.0])
noisemodel: Gaussian Noise Model
 variance: Array{Float64,1}
 distributions: Array{Distributions.Normal,1}
ode: odesin
initial: [0.0]
numstates: 1
observed: [1]
abstol: 1.0e-6
reltol: 1.0e-6
====================
End  show() function
====================



  * testutil.jl *


  * tuners.jl *
A warning should be printed below this line
WARNING: TunerState is full. Additional tuning steps cannot be stored

====================
Test show() function
====================
MonitorTuner: period = 10, verbose = true
ScaleTuner: period = 4, verbose = true ,targetrate = 0.7
            score = GeneralizedMetropolisHastings.tunelogistic, scoreargs = (7.0,)
ScaleTuner: period = 4, verbose = true ,targetrate = 0.5
            score = GeneralizedMetropolisHastings.tuneerf, scoreargs = (3.0,)
MonitorTunerState: 
 accepted = [8,3,0,0,0,0,0,0,0,0]
 proposed = [10,5,0,0,0,0,0,0,0,0]
 acceptance rate = [0.8,0.6,NaN,NaN,NaN,NaN,NaN,NaN,NaN,NaN]
 total proposed = 15
ScaleTunerState: 
 accepted = [25,4,0,0,0,0,0,0]
 proposed = [40,4,0,0,0,0,0,0]
 scalefactor = [0.934,0.0,0.0,0.0,0.0,0.0,0.0,0.0]
 acceptance rate = [0.625,1.0,NaN,NaN,NaN,NaN,NaN,NaN]
 total proposed = 44
ScaleTunerState: 
 accepted = [11,0,0,0,0,0,0,0,0]
 proposed = [20,10,0,0,0,0,0,0,0]
 scalefactor = Float32[1.081f0,0.0f0,0.0f0,0.0f0,0.0f0,0.0f0,0.0f0,0.0f0,0.0f0]
 acceptance rate = [0.55,0.0,NaN,NaN,NaN,NaN,NaN,NaN,NaN]
 total proposed = 30
  accepted/proposed = 3/5
  acceptance rate = 0.6
  accepted/proposed = 0/10
  acceptance rate = 0.0
  scalefactor = 0.0
  cummulative scaling = 0.0
====================
End  show() function
====================



  * chains.jl *
Two warnings should be printed below this line
WARNING: Chain is full. Additional results cannot be stored
WARNING: Chain is full. Additional results cannot be stored

====================
Test show() function
ChainStandard with numparas = 1 and numsamples = 10
Samples proposed = 3, samples accepted = 3, acceptance rate = 1.0
Total runtime = 0.0
Additional fields: :values, :loglikelihood
ChainStandard with numparas = 3 and numsamples = 4
Samples proposed = 4, samples accepted = 3, acceptance rate = 0.75
Total runtime = 0.0
Additional fields: :values, :loglikelihood
ChainGradient with numparas = 2 and numsamples = 3
Samples proposed = 3, samples accepted = 1, acceptance rate = 0.3333333333333333
Total runtime = 0.0
Additional fields: :values, :loglikelihood, :gradloglikelihood
End  show() function
====================



  * jobsegments.jl *
==================
Testing GMHSegment
==================

====================
Test show() function
GMHSegment with: 
model:
TargetModel JobSegmentsTestModel
parameters: Array{ParameterUnivariate} with
[1] ParameterUnivariate
 key: a
 prior: Distributions.Uniform(a=1.0, b=5.0)
 default: 3.0
measurements: DataArray with 1 variable and 100 values
 index: Array{Float64,1}
 values: Array{Float64,1}
noisemodel: Gaussian Noise Model
 variance: Array{Float64,1}
 distributions: Array{Distributions.Normal,1}
target: (anonymous function)

samplerstate:
Metropolis SamplerState with fields: 
  [:density,:from,:proposals,:acceptance]

End  show() function
====================

======================
Testing RemoteSegments
======================

====================
Test show() function
RemoteSegments with 3 segments and 2 proposals per segment.
Additional fields: :remote, :collectedsamples, :prop2collected
End  show() function
====================



  * runners.jl *
Number of processes running: 1


  * mhrunner.jl *


  * smhrunner.jl *
============================
Testing of iterate! function
============================
=========================
Testing of tune! function
=========================
  accepted/proposed = 0/1
  acceptance rate = 0.0
  accepted/proposed = 0/1
  acceptance rate = 0.0
  scalefactor = 0.728
  cummulative scaling = 0.728
========================
Testing of run! function
========================
  accepted/proposed = 0/1
  acceptance rate = 0.0
  accepted/proposed = 1/1
  acceptance rate = 1.0
Iteration 1/4
Iteration 2/4
Iteration 3/4
Iteration 4/4
  accepted/proposed = 1/2
  acceptance rate = 0.5
  scalefactor = 1.0
  cummulative scaling = 1.0
Iteration 2/4
Iteration 4/4
==============================
Testing of SMHRunner completed
==============================


  * gmhrunner.jl *
++++++++++++++++++++++++++++++++
Testing GMHRunner with 1 processes
++++++++++++++++++++++++++++++++
Testing GMHRunner with 2 proposals and 1 segments
Testing of preparenext! function
Testing of store! function
Testing of auxiliary! function
Testing of iterate! function
Testing of tune! function
  accepted/proposed = 1/2
  acceptance rate = 0.5
  accepted/proposed = 0/2
  acceptance rate = 0.0
  scalefactor = 0.728
  cummulative scaling = 0.728
Testing of run! function
RemoteSegments with 1 segment and 2 proposals per segment.
Additional fields: :remote, :collectedsamples, :prop2collected
  accepted/proposed = 0/2
  acceptance rate = 0.0
  accepted/proposed = 0/2
  acceptance rate = 0.0
Iteration 1/4
Iteration 2/4
Iteration 3/4
Iteration 4/4
Results of the run!
[2.889 2.889 2.904 2.904 2.92 2.92 2.932 2.932]
[-852.194,-852.194,-610.045,-610.045,-378.346,-378.346,-245.711,-245.711]
Testing GMHRunner with 2 proposals and 2 segments
Testing of preparenext! function
Testing of store! function
Testing of auxiliary! function
Testing of iterate! function
Testing of tune! function
  accepted/proposed = 1/2
  acceptance rate = 0.5
  accepted/proposed = 0/2
  acceptance rate = 0.0
  scalefactor = 0.728
  cummulative scaling = 0.728
Testing of run! function
RemoteSegments with 2 segments and 1 proposal per segment.
Additional fields: :remote, :collectedsamples, :prop2collected
  accepted/proposed = 0/2
  acceptance rate = 0.0
  accepted/proposed = 0/2
  acceptance rate = 0.0
Iteration 1/4
Iteration 2/4
Iteration 3/4
Iteration 4/4
Results of the run!
[2.877 2.877 2.877 2.877 2.877 2.889 2.889 2.904 2.904 2.92 2.92 2.932 2.932]
[-1074.071,-1074.071,-1074.071,-1074.071,-1074.071,-852.194,-852.194,-610.045,-610.045,-378.346,-378.346,-245.711,-245.711]
====================
Test show() function
Generalized Metropolis-Hastings runner with:
 numburnin: 2
 numiterations: 4
 numproposals: 2
 numindicatorsamples: 2
 policy: MHRuntimePolicy with traits:
  runner = generalized
  initialize = prior
  propose = auxiliary
  indicator = stationary
  jobsegments = workers
  chain = standard
  store = main
  sampletype = Float64
  calculationtype = Float64


End  show() function
====================

==============================
Testing of GMHRunner completed
==============================


  * performance.jl *
==========================
Running performance tests:
==========================
  * functionality.jl *
============================
Running functionality tests:
============================
  * sintest1.jl *
TargetModel SineTestModel
parameters: Array{ParameterUnivariate} with
[1] ParameterUnivariate
 key: a
 prior: Distributions.Uniform(a=2.5, b=3.5)
 default: 3.0
measurements: DataArray with 1 variable and 100 values
 index: Array{Float64,1}
 values: Array{Float64,1}
noisemodel: Gaussian Noise Model
 variance: Array{Float64,1}
 distributions: Array{Distributions.Normal,1}
target: (anonymous function)
Generalized Metropolis-Hastings runner with:
 numburnin: 10
 numiterations: 100
 numproposals: 50
 numindicatorsamples: 50
 policy: MHRuntimePolicy with traits:
  runner = generalized
  initialize = prior
  propose = auxiliary
  indicator = stationary
  jobsegments = workers
  chain = standard
  store = main
  sampletype = Float64
  calculationtype = Float64


RemoteSegments with 1 segment and 50 proposals per segment.
Additional fields: :remote, :collectedsamples, :prop2collected
  accepted/proposed = 12/500
  acceptance rate = 0.024
  scalefactor = 0.722
  cummulative scaling = 0.722
Iteration 10/100
Iteration 20/100
Iteration 30/100
Iteration 40/100
Iteration 50/100
Iteration 60/100
Iteration 70/100
Iteration 80/100
Iteration 90/100
Iteration 100/100
ChainStandard with numparas = 1 and numsamples = 5000
Samples proposed = 5000, samples accepted = 4415, acceptance rate = 0.883
Total runtime = 0.160720959
Additional fields: :values, :loglikelihood
RemoteSegments with 1 segment and 50 proposals per segment.
Additional fields: :remote, :collectedsamples, :prop2collected
  accepted/proposed = 77/500
  acceptance rate = 0.154
Iteration 10/100
Iteration 20/100
Iteration 30/100
Iteration 40/100
Iteration 50/100
Iteration 60/100
Iteration 70/100
Iteration 80/100
Iteration 90/100
Iteration 100/100
ChainStandard with numparas = 1 and numsamples = 5000
Samples proposed = 5000, samples accepted = 1954, acceptance rate = 0.3908
Total runtime = 0.1819389
Additional fields: :values, :loglikelihood
INFO: GeneralizedMetropolisHastings tests passed

>>> End of log
