>>> 'Pkg.add("KernelEstimator")' log
INFO: Cloning cache of KernelEstimator from git://github.com/panlanfeng/KernelEstimator.jl.git
INFO: Cloning cache of Yeppp from git://github.com/JuliaMath/Yeppp.jl.git
INFO: Installing ArrayViews v0.6.4
INFO: Installing BinDeps v0.3.21
INFO: Installing Calculus v0.1.15
INFO: Installing Cubature v1.1.0
INFO: Installing Dates v0.3.2
INFO: Installing Distributions v0.8.10
INFO: Installing DualNumbers v0.1.5
INFO: Installing HttpCommon v0.1.2
INFO: Installing KernelEstimator v0.1.7
INFO: Installing NaNMath v0.1.1
INFO: Installing Optim v0.4.4
INFO: Installing PDMats v0.4.2
INFO: Installing SHA v0.2.1
INFO: Installing StatsBase v0.7.4
INFO: Installing StatsFuns v0.2.2
INFO: Installing URIParser v0.0.7
INFO: Installing Yeppp v0.1.0
INFO: Building Cubature
INFO: Installing Cubature 1.0.2 library...

gzip: stdin: unexpected end of file
tar: Unexpected EOF in archive
tar: Unexpected EOF in archive
tar: Error is not recoverable: exiting now
==============================[ ERROR: Cubature ]===============================

failed process: Process(`tar xzf cubature-1.0.2.tar.gz --directory=.`, ProcessExited(2)) [2]
while loading /home/vagrant/.julia/v0.3/Cubature/deps/build.jl, in expression starting on line 17

================================================================================
INFO: Building Yeppp
INFO: Attempting to Create directory /home/vagrant/.julia/v0.3/Yeppp/deps/downloads
INFO: Downloading file http://bitbucket.org/MDukhan/yeppp/downloads/yeppp-1.0.0.tar.bz2
  % Total    % Received % Xferd  Average Speed   Time    Time     Time  Current
                                 Dload  Upload   Total   Spent    Left  Speed
  0     0    0     0    0     0      0      0 --:--:-- --:--:-- --:--:--     0  0     0    0     0    0     0      0      0 --:--:-- --:--:-- --:--:--     0  0     0    0     0    0     0      0      0 --:--:-- --:--:-- --:--:--     0
  0     0    0     0    0     0      0      0 --:--:-- --:--:-- --:--:--     0
100 9310k  100 9310k    0     0  7380k      0  0:00:01  0:00:01 --:--:-- 7380k
INFO: Done downloading file http://bitbucket.org/MDukhan/yeppp/downloads/yeppp-1.0.0.tar.bz2
INFO: Attempting to Create directory /home/vagrant/.julia/v0.3/Yeppp
INFO: Directory /home/vagrant/.julia/v0.3/Yeppp already created

================================[ BUILD ERRORS ]================================

WARNING: Cubature had build errors.

 - packages with build errors remain installed in /home/vagrant/.julia/v0.3
 - build the package(s) and all dependencies with `Pkg.build("Cubature")`
 - build a single package by running its `deps/build.jl` script

================================================================================
INFO: Package database updated

>>> 'Pkg.test("KernelEstimator")' log
Julia Version 0.3.12
Commit 80aa779 (2015-10-26 12:41 UTC)
Platform Info:
  System: Linux (x86_64-unknown-linux-gnu)
  CPU: Intel(R) Xeon(R) CPU E3-1241 v3 @ 3.50GHz
  WORD_SIZE: 64
           Ubuntu 14.04.5 LTS
  uname: Linux 3.13.0-96-generic #143-Ubuntu SMP Mon Aug 29 20:15:20 UTC 2016 x86_64 x86_64
Memory: 2.4471054077148438 GB (641.55859375 MB free)
Uptime: 26544.0 sec
Load Avg:  0.82177734375  0.98876953125  1.0302734375
Intel(R) Xeon(R) CPU E3-1241 v3 @ 3.50GHz: 
       speed         user         nice          sys         idle          irq
#1  3499 MHz    1133101 s         72 s     141443 s    1057643 s         43 s
#2  3499 MHz     788153 s       7339 s     124284 s    1594204 s          0 s

  BLAS: libopenblas (USE64BITINT DYNAMIC_ARCH NO_AFFINITY Nehalem)
  LAPACK: libopenblas
  LIBM: libopenlibm
  LLVM: libLLVM-3.3
Environment:
  TERM = vt100
  LD_LIBRARY_PATH = :/usr/local/lib/
  PATH = /usr/local/sbin:/usr/local/bin:/usr/sbin:/usr/bin:/sbin:/bin:/usr/games:/usr/local/games:/home/vagrant/julia/bin/
  JAVA_HOME = /usr/lib/jvm/java-7-oracle
  HOME = /home/vagrant

Package Directory: /home/vagrant/.julia/v0.3
3 required packages:
 - JSON                          0.6.1
 - KernelEstimator               0.1.7
 - Markdown                      0.3.0
19 additional packages:
 - ArrayViews                    0.6.4
 - BinDeps                       0.3.21
 - Calculus                      0.1.15
 - Compat                        0.8.8
 - Cubature                      1.1.0
 - Dates                         0.3.2
 - Distributions                 0.8.10
 - DualNumbers                   0.1.5
 - HttpCommon                    0.1.2
 - Lazy                          0.10.1
 - MacroTools                    0.2.0
 - NaNMath                       0.1.1
 - Optim                         0.4.4
 - PDMats                        0.4.2
 - SHA                           0.2.1
 - StatsBase                     0.7.4
 - StatsFuns                     0.2.2
 - URIParser                     0.0.7
 - Yeppp                         0.1.0
INFO: Testing KernelEstimator
ERROR: error compiling __pquadrature#143__: error compiling cubature: could not load module /home/vagrant/.julia/v0.3/Cubature/src/../deps/libcubature: /home/vagrant/.julia/v0.3/Cubature/src/../deps/libcubature: cannot open shared object file: No such file or directory
 in Jh at /home/vagrant/.julia/v0.3/KernelEstimator/src/bandwidth.jl:47
 in anonymous at /home/vagrant/.julia/v0.3/KernelEstimator/src/bandwidth.jl:115
 in brent at /home/vagrant/.julia/v0.3/Optim/src/brent.jl:44
 in optimize at /home/vagrant/.julia/v0.3/Optim/src/optimize.jl:601
 in bwlscv at /home/vagrant/.julia/v0.3/KernelEstimator/src/bandwidth.jl:115
 in include at ./boot.jl:245
 in include_from_node1 at ./loading.jl:128
 in include at ./boot.jl:245
 in include_from_node1 at loading.jl:128
 in process_options at ./client.jl:285
 in _start at ./client.jl:354
while loading /home/vagrant/.julia/v0.3/KernelEstimator/test/testreg.jl, in expression starting on line 6
while loading /home/vagrant/.julia/v0.3/KernelEstimator/test/runtests.jl, in expression starting on line 5
===========================[ ERROR: KernelEstimator ]===========================

failed process: Process(`/home/vagrant/julia/bin/julia /home/vagrant/.julia/v0.3/KernelEstimator/test/runtests.jl`, ProcessExited(1)) [1]

================================================================================
INFO: No packages to install, update or remove
ERROR: KernelEstimator had test errors
 in error at error.jl:21
 in test at pkg/entry.jl:718
 in anonymous at pkg/dir.jl:28
 in cd at ./file.jl:20
 in cd at pkg/dir.jl:28
 in test at pkg.jl:67
 in process_options at ./client.jl:213
 in _start at ./client.jl:354

>>> End of log
