>>> 'Pkg.add("Lint")' log
INFO: Installing Lint v0.1.67
INFO: Package database updated

>>> 'Pkg.test("Lint")' log
Julia Version 0.4.0-dev+5790
Commit 6eb9133* (2015-07-04 22:48 UTC)
Platform Info:
  System: Linux (x86_64-unknown-linux-gnu)
  CPU: Intel(R) Xeon(R) CPU E5-2650 0 @ 2.00GHz
  WORD_SIZE: 64
  BLAS: libopenblas (USE64BITINT DYNAMIC_ARCH NO_AFFINITY Nehalem)
  LAPACK: libopenblas
  LIBM: libopenlibm
  LLVM: libLLVM-3.3
INFO: Testing Lint

WARNING: deprecated syntax "Dict{Symbol,Set{DataType}} (" at /home/vagrant/.julia/v0.4/Lint/src/functions.jl:2.
Use "Dict{Symbol,Set{DataType}}(" instead.
Warning: error initializing module Lint:
Base.AssertionError(msg="typeof(ex.args[3]) == Symbol")
Test basic printing and sorting of lint messages
DEMOFILE.jl:4 [f              ] ERROR  Use of undeclared symbol y
DEMOFILE.jl:3 [f              ] INFO   this is a deliberate test message.
DEMOFILE.jl:5 [f              ] INFO   additional test reminder:
                                       IGNORE ME
...OK

Test core lint functionalities...
[none:1 [               ] ERROR  Nested vect is treated as a 1-dimensional array. Use [a;b] instead,none:1 [               ] ERROR  Nested vect is treated as a 1-dimensional array. Use [a;b] instead]
ERROR: LoadError: LoadError: test failed: isempty(msgs)
 in expression: isempty(msgs)
 in error at ./error.jl:21
 in default_handler at test.jl:30
 in do_test at test.jl:53
 in include at ./boot.jl:254
 in include_from_node1 at ./loading.jl:133
 in include at ./boot.jl:254
 in include_from_node1 at loading.jl:133
 in process_options at ./client.jl:306
 in _start at ./client.jl:406
while loading /home/vagrant/.julia/v0.4/Lint/test/array.jl, in expression starting on line 59
while loading /home/vagrant/.julia/v0.4/Lint/test/runtests.jl, in expression starting on line 20
================================[ ERROR: Lint ]=================================

failed process: Process(`/home/vagrant/julia/bin/julia --check-bounds=yes --code-coverage=none --color=no /home/vagrant/.julia/v0.4/Lint/test/runtests.jl`, ProcessExited(1)) [1]

================================================================================
INFO: No packages to install, update or remove
ERROR: Lint had test errors
 in error at ./error.jl:21
 in test at pkg/entry.jl:746
 in anonymous at pkg/dir.jl:31
 in cd at file.jl:22
 in cd at pkg/dir.jl:31
 in test at pkg.jl:71
 in process_options at ./client.jl:282
 in _start at ./client.jl:406

>>> End of log
