>>> 'Pkg.add("MachineLearning")' log
INFO: Cloning cache of MachineLearning from git://github.com/benhamner/MachineLearning.jl.git
INFO: Installing ArrayViews v0.6.3
INFO: Installing Calculus v0.1.10
INFO: Installing Codecs v0.1.4
INFO: Installing ColorTypes v0.1.3
INFO: Installing Colors v0.5.2
INFO: Installing Compose v0.3.14
INFO: Installing Contour v0.0.7
INFO: Installing DataArrays v0.2.18
INFO: Installing DataFrames v0.6.9
INFO: Installing DataStructures v0.3.12
INFO: Installing Dates v0.4.4
INFO: Installing Devectorize v0.4.1
INFO: Installing Distances v0.2.0
INFO: Installing Distributions v0.8.4
INFO: Installing Docile v0.5.16
INFO: Installing DualNumbers v0.1.3
INFO: Installing FixedPointNumbers v0.0.10
INFO: Installing GZip v0.2.17
INFO: Installing Gadfly v0.3.14
INFO: Installing Grid v0.3.10
INFO: Installing Hexagons v0.0.3
INFO: Installing ImmutableArrays v0.0.10
INFO: Installing Iterators v0.1.8
INFO: Installing KernelDensity v0.1.1
INFO: Installing Loess v0.0.3
INFO: Installing MachineLearning v0.0.3
INFO: Installing NaNMath v0.1.0
INFO: Installing Optim v0.4.2
INFO: Installing PDMats v0.3.5
INFO: Installing RDatasets v0.1.2
INFO: Installing Reexport v0.0.2
INFO: Installing Showoff v0.0.4
INFO: Installing SortingAlgorithms v0.0.5
INFO: Installing StatsBase v0.7.1
INFO: Installing StatsFuns v0.1.2
INFO: Installing WoodburyMatrices v0.1.1
INFO: Package database updated

>>> 'Pkg.test("MachineLearning")' log
Julia Version 0.4.0-pre+7097
Commit c4b089f (2015-08-29 13:17 UTC)
Platform Info:
  System: Linux (x86_64-unknown-linux-gnu)
  CPU: Intel(R) Core(TM) i5-2500K CPU @ 3.30GHz
  WORD_SIZE: 64
  BLAS: libopenblas (USE64BITINT DYNAMIC_ARCH NO_AFFINITY Sandybridge)
  LAPACK: libopenblas
  LIBM: libopenlibm
  LLVM: libLLVM-3.3
INFO: Testing MachineLearning
Running tests:

WARNING: deprecated syntax "== (" at /home/vagrant/.julia/v0.4/Devectorize/src/texpr.jl:40.
Use "==(" instead.

WARNING: deprecated syntax "!= (" at /home/vagrant/.julia/v0.4/Devectorize/src/texpr.jl:41.
Use "!=(" instead.

WARNING: deprecated syntax "== (" at /home/vagrant/.julia/v0.4/Devectorize/src/texpr.jl:50.
Use "==(" instead.

WARNING: deprecated syntax "!= (" at /home/vagrant/.julia/v0.4/Devectorize/src/texpr.jl:51.
Use "!=(" instead.

WARNING: deprecated syntax "== (" at /home/vagrant/.julia/v0.4/Devectorize/src/texpr.jl:58.
Use "==(" instead.

WARNING: deprecated syntax "!= (" at /home/vagrant/.julia/v0.4/Devectorize/src/texpr.jl:59.
Use "!=(" instead.

WARNING: deprecated syntax "== (" at /home/vagrant/.julia/v0.4/Devectorize/src/texpr.jl:67.
Use "==(" instead.

WARNING: deprecated syntax "!= (" at /home/vagrant/.julia/v0.4/Devectorize/src/texpr.jl:68.
Use "!=(" instead.

WARNING: deprecated syntax "== (" at /home/vagrant/.julia/v0.4/Devectorize/src/texpr.jl:94.
Use "==(" instead.

WARNING: deprecated syntax "!= (" at /home/vagrant/.julia/v0.4/Devectorize/src/texpr.jl:95.
Use "!=(" instead.

WARNING: deprecated syntax "== (" at /home/vagrant/.julia/v0.4/Devectorize/src/texpr.jl:104.
Use "==(" instead.

WARNING: deprecated syntax "!= (" at /home/vagrant/.julia/v0.4/Devectorize/src/texpr.jl:105.
Use "!=(" instead.

WARNING: deprecated syntax "== (" at /home/vagrant/.julia/v0.4/Devectorize/src/texpr.jl:114.
Use "==(" instead.

WARNING: deprecated syntax "!= (" at /home/vagrant/.julia/v0.4/Devectorize/src/texpr.jl:115.
Use "!=(" instead.

WARNING: deprecated syntax "== (" at /home/vagrant/.julia/v0.4/Devectorize/src/texpr.jl:125.
Use "==(" instead.

WARNING: deprecated syntax "!= (" at /home/vagrant/.julia/v0.4/Devectorize/src/texpr.jl:126.
Use "!=(" instead.

WARNING: deprecated syntax "== (" at /home/vagrant/.julia/v0.4/Devectorize/src/texpr.jl:133.
Use "==(" instead.

WARNING: deprecated syntax "!= (" at /home/vagrant/.julia/v0.4/Devectorize/src/texpr.jl:134.
Use "!=(" instead.

WARNING: deprecated syntax "== (" at /home/vagrant/.julia/v0.4/Devectorize/src/texpr.jl:142.
Use "==(" instead.

WARNING: deprecated syntax "!= (" at /home/vagrant/.julia/v0.4/Devectorize/src/texpr.jl:143.
Use "!=(" instead.

WARNING: deprecated syntax "== (" at /home/vagrant/.julia/v0.4/Devectorize/src/texpr.jl:151.
Use "==(" instead.

WARNING: deprecated syntax "!= (" at /home/vagrant/.julia/v0.4/Devectorize/src/texpr.jl:152.
Use "!=(" instead.

WARNING: deprecated syntax "== (" at /home/vagrant/.julia/v0.4/Devectorize/src/texpr.jl:160.
Use "==(" instead.

WARNING: deprecated syntax "!= (" at /home/vagrant/.julia/v0.4/Devectorize/src/texpr.jl:161.
Use "!=(" instead.

WARNING: deprecated syntax "== (" at /home/vagrant/.julia/v0.4/Devectorize/src/texpr.jl:199.
Use "==(" instead.

WARNING: deprecated syntax "!= (" at /home/vagrant/.julia/v0.4/Devectorize/src/texpr.jl:212.
Use "!=(" instead.

WARNING: deprecated syntax "== (" at /home/vagrant/.julia/v0.4/Devectorize/src/texpr.jl:225.
Use "==(" instead.

WARNING: deprecated syntax "!= (" at /home/vagrant/.julia/v0.4/Devectorize/src/texpr.jl:226.
Use "!=(" instead.

WARNING: deprecated syntax "== (" at /home/vagrant/.julia/v0.4/Devectorize/src/texpr.jl:236.
Use "==(" instead.

WARNING: deprecated syntax "!= (" at /home/vagrant/.julia/v0.4/Devectorize/src/texpr.jl:237.
Use "!=(" instead.
	[1m[31mFAILED[0m: bart.jl
ERROR: LoadError: LoadError: test failed: AssertionError("") was thrown instead of ErrorException
 in expression: BartTreeTransformationProbabilies(0.4,0.3,0.2)
 in error at ./error.jl:21
 in default_handler at test.jl:30
 in do_test_throws at test.jl:75
 in include at ./boot.jl:259
 in include_from_node1 at ./loading.jl:271
 in anonymous at no file:21
 in include at ./boot.jl:259
 in include_from_node1 at ./loading.jl:271
 in process_options at ./client.jl:308
 in _start at ./client.jl:411
while loading /home/vagrant/.julia/v0.4/MachineLearning/test/bart.jl, in expression starting on line 14
while loading /home/vagrant/.julia/v0.4/MachineLearning/test/runtests.jl, in expression starting on line 19
===========================[ ERROR: MachineLearning ]===========================

failed process: Process(`/home/vagrant/julia/bin/julia --check-bounds=yes --code-coverage=none --color=no /home/vagrant/.julia/v0.4/MachineLearning/test/runtests.jl`, ProcessExited(1)) [1]

================================================================================
ERROR: MachineLearning had test errors
 in error at ./error.jl:21
 in test at pkg/entry.jl:753
 in anonymous at pkg/dir.jl:31
 in cd at file.jl:22
 in cd at pkg/dir.jl:31
 in test at pkg.jl:71
 in process_options at ./client.jl:284
 in _start at ./client.jl:411

>>> End of log
