>>> 'Pkg.add("NLsolve")' log
INFO: Cloning cache of NLsolve from git://github.com/EconForge/NLsolve.jl.git
INFO: Installing ArrayViews v0.6.4
INFO: Installing Calculus v0.1.14
INFO: Installing Distances v0.2.1
INFO: Installing DualNumbers v0.1.5
INFO: Installing NLsolve v0.5.0
INFO: Installing NaNMath v0.1.1
INFO: Installing Optim v0.4.4
INFO: Package database updated

>>> 'Pkg.test("NLsolve")' log
Julia Version 0.4.1
Commit cbe1bee* (2015-11-08 10:33 UTC)
Platform Info:
  System: Linux (x86_64-unknown-linux-gnu)
  CPU: Intel(R) Xeon(R) CPU E3-1241 v3 @ 3.50GHz
  WORD_SIZE: 64
  BLAS: libopenblas (USE64BITINT DYNAMIC_ARCH NO_AFFINITY Nehalem)
  LAPACK: libopenblas64_
  LIBM: libopenlibm
  LLVM: libLLVM-3.3
INFO: Testing NLsolve
Running tests:
	[1m[31mFAILED[0m: 2by2.jl
LoadError: AssertionError: converged(r)
 [inlined code] from /home/vagrant/.julia/v0.4/NLsolve/test/runtests.jl:22
 in anonymous at no file:0
 in include at ./boot.jl:261
 in include_from_node1 at ./loading.jl:304
 in process_options at ./client.jl:280
 in _start at ./client.jl:378
while loading /home/vagrant/.julia/v0.4/NLsolve/test/2by2.jl, in expression starting on line 42ERROR: LoadError: LoadError: AssertionError: converged(r)
 in include at ./boot.jl:261
 in include_from_node1 at ./loading.jl:304
 [inlined code] from /home/vagrant/.julia/v0.4/NLsolve/test/runtests.jl:18
 in anonymous at no file:0
 in include at ./boot.jl:261
 in include_from_node1 at ./loading.jl:304
 in process_options at ./client.jl:280
 in _start at ./client.jl:378
while loading /home/vagrant/.julia/v0.4/NLsolve/test/2by2.jl, in expression starting on line 42
while loading /home/vagrant/.julia/v0.4/NLsolve/test/runtests.jl, in expression starting on line 16
===============================[ ERROR: NLsolve ]===============================

failed process: Process(`/home/vagrant/julia/bin/julia --check-bounds=yes --code-coverage=none --color=no /home/vagrant/.julia/v0.4/NLsolve/test/runtests.jl`, ProcessExited(1)) [1]

================================================================================
ERROR: NLsolve had test errors
 in error at ./error.jl:21
 in test at pkg/entry.jl:803
 in anonymous at pkg/dir.jl:31
 in cd at file.jl:22
 in cd at pkg/dir.jl:31
 in test at pkg.jl:71
 in process_options at ./client.jl:257
 in _start at ./client.jl:378

>>> End of log
