>>> 'Pkg.add("NullableArrays")' log
INFO: Cloning cache of NullableArrays from https://github.com/JuliaStats/NullableArrays.jl.git
INFO: Installing NullableArrays v0.0.2
INFO: Installing Reexport v0.0.3
INFO: Package database updated

>>> 'Pkg.test("NullableArrays")' log
Julia Version 0.5.0-dev+2918
Commit 1eacbbb (2016-02-28 16:56 UTC)
Platform Info:
  System: Linux (x86_64-unknown-linux-gnu)
  CPU: Intel(R) Xeon(R) CPU E3-1241 v3 @ 3.50GHz
  WORD_SIZE: 64
  BLAS: libopenblas (USE64BITINT DYNAMIC_ARCH NO_AFFINITY Nehalem)
  LAPACK: libopenblas64_
  LIBM: libopenlibm
  LLVM: libLLVM-3.7.1
INFO: Testing NullableArrays

WARNING: deprecated syntax "call(::Type{NullableArray{T,N}}, ...)".
Use "(::Type{NullableArray{T,N}})(...)" instead.

WARNING: deprecated syntax "call(::Base.MinFun, ...)".
Use "(::Base.MinFun)(...)" instead.

WARNING: deprecated syntax "call(::Base.MaxFun, ...)".
Use "(::Base.MaxFun)(...)" instead.
Running tests:
	[1m[32mPASSED[0m: typedefs.jl
	[1m[32mPASSED[0m: constructors.jl
	[1m[32mPASSED[0m: primitives.jl
Test Failed
  Expression: isequal(Z[1,1:4,1],NullableArray{Int,2}([1 6 11 16]))
	[1m[31mFAILED[0m: indexing.jl
LoadError: There was an error during testing
 [inlined code] from /home/vagrant/.julia/v0.5/NullableArrays/test/runtests.jl:34
 in anonymous at ./no file:4294967295
 in include(::ASCIIString) at ./boot.jl:264
 in include_from_node1(::UTF8String) at ./loading.jl:417
 in process_options(::Base.JLOptions) at ./client.jl:262
 in _start() at ./client.jl:318
while loading /home/vagrant/.julia/v0.5/NullableArrays/test/indexing.jl, in expression starting on line 91
	[1m[31mFAILED[0m: map.jl
LoadError: StackOverflowError:
 [inlined code] from /home/vagrant/.julia/v0.5/NullableArrays/test/runtests.jl:34
 in anonymous at ./no file:4294967295
 in include(::ASCIIString) at ./boot.jl:264
 in include_from_node1(::UTF8String) at ./loading.jl:417
 in process_options(::Base.JLOptions) at ./client.jl:262
 in _start() at ./client.jl:318
while loading /home/vagrant/.julia/v0.5/NullableArrays/test/map.jl, in expression starting on line 30
Error During Test
  Test threw an exception of type MethodError
  Expression: isequal(op(X1,X2),NullableArray(op(A,B)))
  MethodError: no method matching gen_broadcast_function(::Int64, ::Int64, ::Base.MulFun, ::Bool)
  Closest candidates are:
    gen_broadcast_function(::Int64, ::Int64, !Matched::Function, ::Bool)
   [inlined code] from ./dict.jl:740
   in (::NullableArrays.##broadcast!#10#11{Dict{Any,Dict{Bool,Dict{Int64,Dict{Int64,Any}}}}})(::Bool, ::Any, ::Base.MulFun, ::NullableArrays.NullableArray{Float64,6}, ::NullableArrays.NullableArray{Float64,1}, ::Vararg{NullableArrays.NullableArray{T,N}}) at /home/vagrant/.julia/v0.5/NullableArrays/src/broadcast.jl:82
   [inlined code] from ./boot.jl:331
   in #broadcast#12(::Bool, ::Any, ::Any, ::NullableArrays.NullableArray{Float64,1}, ::Vararg{NullableArrays.NullableArray{T,N}}) at /home/vagrant/.julia/v0.5/NullableArrays/src/broadcast.jl:101
   in .*(::NullableArrays.NullableArray{Float64,1}, ::NullableArrays.NullableArray{Float64,6}) at ./sparse/sparsematrix.jl:1417
   [inlined code] from /home/vagrant/.julia/v0.5/NullableArrays/test/broadcast.jl:108
   in anonymous at ./no file:4294967295
   in include(::UTF8String) at ./boot.jl:264
   in include_from_node1(::ASCIIString) at ./loading.jl:417
   [inlined code] from /home/vagrant/.julia/v0.5/NullableArrays/test/runtests.jl:26
   in anonymous at ./no file:4294967295
   in include(::ASCIIString) at ./boot.jl:264
   in include_from_node1(::UTF8String) at ./loading.jl:417
   in process_options(::Base.JLOptions) at ./client.jl:262
   in _start() at ./client.jl:318
	[1m[31mFAILED[0m: broadcast.jl
LoadError: There was an error during testing
 [inlined code] from /home/vagrant/.julia/v0.5/NullableArrays/test/runtests.jl:34
 in anonymous at ./no file:4294967295
 in include(::ASCIIString) at ./boot.jl:264
 in include_from_node1(::UTF8String) at ./loading.jl:417
 in process_options(::Base.JLOptions) at ./client.jl:262
 in _start() at ./client.jl:318
while loading /home/vagrant/.julia/v0.5/NullableArrays/test/broadcast.jl, in expression starting on line 94
	[1m[32mPASSED[0m: nullablevector.jl
	[1m[32mPASSED[0m: nullablematrix.jl
	[1m[32mPASSED[0m: reduce.jl
	[1m[32mPASSED[0m: operators.jl
Error During Test
  Test threw an exception of type UndefVarError
  Expression: values(S,_H...) == X.values[H...]
  UndefVarError: index_generate not defined
   in (::Vararg{Any})() at /home/vagrant/.julia/v0.5/NullableArrays/src/subarray.jl:30
   [inlined code] from /home/vagrant/.julia/v0.5/NullableArrays/test/subarray.jl:19
   in anonymous at ./no file:4294967295
   in include(::UTF8String) at ./boot.jl:264
   in include_from_node1(::ASCIIString) at ./loading.jl:417
   [inlined code] from /home/vagrant/.julia/v0.5/NullableArrays/test/runtests.jl:26
   in anonymous at ./no file:4294967295
   in include(::ASCIIString) at ./boot.jl:264
   in include_from_node1(::UTF8String) at ./loading.jl:417
   in process_options(::Base.JLOptions) at ./client.jl:262
   in _start() at ./client.jl:318
	[1m[31mFAILED[0m: subarray.jl
LoadError: There was an error during testing
 [inlined code] from /home/vagrant/.julia/v0.5/NullableArrays/test/runtests.jl:34
 in anonymous at ./no file:4294967295
 in include(::ASCIIString) at ./boot.jl:264
 in include_from_node1(::UTF8String) at ./loading.jl:417
 in process_options(::Base.JLOptions) at ./client.jl:262
 in _start() at ./client.jl:318
while loading /home/vagrant/.julia/v0.5/NullableArrays/test/subarray.jl, in expression starting on line 13
	[1m[31mFAILED[0m: show.jl
LoadError: MethodError: no method matching alignment(::Float64)
 [inlined code] from /home/vagrant/.julia/v0.5/NullableArrays/test/runtests.jl:34
 in anonymous at ./no file:4294967295
 in include(::ASCIIString) at ./boot.jl:264
 in include_from_node1(::UTF8String) at ./loading.jl:417
 in process_options(::Base.JLOptions) at ./client.jl:262
 in _start() at ./client.jl:318
while loading /home/vagrant/.julia/v0.5/NullableArrays/test/show.jl, in expression starting on line 9
ERROR: LoadError: "Tests failed"
 in include(::ASCIIString) at ./boot.jl:264
 in include_from_node1(::UTF8String) at ./loading.jl:417
 in process_options(::Base.JLOptions) at ./client.jl:262
 in _start() at ./client.jl:318
while loading /home/vagrant/.julia/v0.5/NullableArrays/test/runtests.jl, in expression starting on line 41
===========================[ ERROR: NullableArrays ]============================

failed process: Process(`/home/vagrant/julia/bin/julia -Cx86-64 -J/home/vagrant/julia/lib/julia/sys.so --compile=yes --check-bounds=yes --code-coverage=none --color=no /home/vagrant/.julia/v0.5/NullableArrays/test/runtests.jl`, ProcessExited(1)) [1]

================================================================================
ERROR: Base.Pkg.PkgError("NullableArrays had test errors")
 in #test#55(::Bool, ::Any, ::Array{AbstractString,1}) at ./pkg/entry.jl:671
 [inlined code] from ./boot.jl:331
 in (::Base.Pkg.Dir.##2#3{Array{Any,1},Base.Pkg.Entry.#test,Tuple{Array{AbstractString,1}}})() at ./pkg/dir.jl:31
 in cd(::Base.Pkg.Dir.##2#3{Array{Any,1},Base.Pkg.Entry.#test,Tuple{Array{AbstractString,1}}}, ::UTF8String) at ./file.jl:48
 in #cd#1(::Array{Any,1}, ::Any, ::Any, ::Array{AbstractString,1}, ::Vararg{Array{AbstractString,1}}) at ./pkg/dir.jl:31
 [inlined code] from ./boot.jl:331
 in #test#4(::Bool, ::Any, ::ASCIIString, ::Vararg{ASCIIString}) at ./pkg.jl:228
 in eval(::Module, ::Any) at ./boot.jl:267
 [inlined code] from ./sysimg.jl:14
 in process_options(::Base.JLOptions) at ./client.jl:239
 in _start() at ./client.jl:318

>>> End of log
