>>> 'Pkg.add("OCCA")' log
INFO: Cloning cache of OCCA from git://github.com/ReidAtcheson/OCCA.jl.git
INFO: Installing OCCA v0.0.1
INFO: Building OCCA
Cloning into 'OCCA2'...
rm -f /home/vagrant/.julia/v0.3/OCCA/deps/OCCA2/obj/*;
rm -f /home/vagrant/.julia/v0.3/OCCA/deps/OCCA2/bin/*;
rm -f /home/vagrant/.julia/v0.3/OCCA/deps/OCCA2/scripts/main;
rm -f /home/vagrant/.julia/v0.3/OCCA/deps/OCCA2/lib/libocca.so;
rm -f /home/vagrant/.julia/v0.3/OCCA/deps/OCCA2/lib/*.mod;
g++ -O3 -fPIC -o /home/vagrant/.julia/v0.3/OCCA/deps/OCCA2/obj/occaBase.o  -fopenmp -DOCCA_OPENMP_ENABLED=1  -O3 -D __extern_always_inline=inline -DOCCA_DEBUG_ENABLED=0 -DNDEBUG=1 -DOCCA_SHOW_WARNINGS=0 -DOCCA_CHECK_ENABLED=1 -DOCCA_OPENCL_ENABLED=1 -DOCCA_CUDA_ENABLED=0 -DOCCA_HSA_ENABLED=0 -DOCCA_COI_ENABLED=0  -D LINUX_OS=1 -D OSX_OS=2 -D WINDOWS_OS=4 -D WINUX_OS=5  -D OCCA_OS=LINUX_OS -c -I/home/vagrant/.julia/v0.3/OCCA/deps/OCCA2/lib -I/home/vagrant/.julia/v0.3/OCCA/deps/OCCA2/include -I./include /home/vagrant/.julia/v0.3/OCCA/deps/OCCA2/src/occaBase.cpp
In file included from /home/vagrant/.julia/v0.3/OCCA/deps/OCCA2/include/occa.hpp:9:0,
                 from /home/vagrant/.julia/v0.3/OCCA/deps/OCCA2/src/occaBase.cpp:1:
/home/vagrant/.julia/v0.3/OCCA/deps/OCCA2/include/occaBase.hpp:37:23: fatal error: CL/cl.h: No such file or directory
 #    include <CL/cl.h>
                       ^
compilation terminated.
make: *** [/home/vagrant/.julia/v0.3/OCCA/deps/OCCA2/obj/occaBase.o] Error 1
================================[ ERROR: OCCA ]=================================

failed process: Process(`make`, ProcessExited(2)) [2]
while loading /home/vagrant/.julia/v0.3/OCCA/deps/build.jl, in expression starting on line 59

================================================================================

================================[ BUILD ERRORS ]================================

WARNING: OCCA had build errors.

 - packages with build errors remain installed in /home/vagrant/.julia/v0.3
 - build the package(s) and all dependencies with `Pkg.build("OCCA")`
 - build a single package by running its `deps/build.jl` script

================================================================================
INFO: Package database updated
INFO: METADATA is out-of-date â€” you may not have the latest version of OCCA
INFO: Use `Pkg.update()` to get the latest versions of your packages

>>> 'Pkg.test("OCCA")' log
Julia Version 0.3.12
Commit 80aa779 (2015-10-26 12:41 UTC)
Platform Info:
  System: Linux (x86_64-unknown-linux-gnu)
  CPU: Intel(R) Xeon(R) CPU E3-1241 v3 @ 3.50GHz
  WORD_SIZE: 64
           Ubuntu 14.04.4 LTS
  uname: Linux 3.13.0-92-generic #139-Ubuntu SMP Tue Jun 28 20:42:26 UTC 2016 x86_64 x86_64
Memory: 2.4471054077148438 GB (327.5703125 MB free)
Uptime: 8479.0 sec
Load Avg:  1.205078125  1.03759765625  0.97412109375
Intel(R) Xeon(R) CPU E3-1241 v3 @ 3.50GHz: 
       speed         user         nice          sys         idle          irq
#1  3500 MHz     302466 s         51 s      37747 s     411312 s         23 s
#2  3500 MHz     249615 s         89 s      34290 s     517013 s          0 s

  BLAS: libopenblas (USE64BITINT DYNAMIC_ARCH NO_AFFINITY Nehalem)
  LAPACK: libopenblas
  LIBM: libopenlibm
  LLVM: libLLVM-3.3
Environment:
  TERM = vt100
  LD_LIBRARY_PATH = :/usr/local/lib/
  PATH = /usr/local/sbin:/usr/local/bin:/usr/sbin:/usr/bin:/sbin:/bin:/usr/games:/usr/local/games:/home/vagrant/julia/bin/
  JAVA_HOME = /usr/lib/jvm/java-7-oracle
  HOME = /home/vagrant

Package Directory: /home/vagrant/.julia/v0.3
2 required packages:
 - JSON                          0.6.0
 - OCCA                          0.0.1              f9fb1c0c (dirty)
1 additional packages:
 - Compat                        0.8.6
INFO: Testing OCCA
ERROR: test error during test_openmp_okl_ofl_vectoradd("addVectors.ofl",TestBackend(testserial)) == true
error compiling test_openmp_okl_ofl_vectoradd: could not load module /home/vagrant/.julia/v0.3/OCCA/deps/OCCA2/lib/libocca.so: /home/vagrant/.julia/v0.3/OCCA/deps/OCCA2/lib/libocca.so: cannot open shared object file: No such file or directory
 in anonymous at test.jl:62
 in do_test at test.jl:37
 in include at ./boot.jl:245
 in include_from_node1 at loading.jl:128
 in process_options at ./client.jl:285
 in _start at ./client.jl:354
while loading /home/vagrant/.julia/v0.3/OCCA/test/runtests.jl, in expression starting on line 10
================================[ ERROR: OCCA ]=================================

failed process: Process(`/home/vagrant/julia/bin/julia /home/vagrant/.julia/v0.3/OCCA/test/runtests.jl`, ProcessExited(1)) [1]

================================================================================
INFO: No packages to install, update or remove
ERROR: OCCA had test errors
 in error at error.jl:21
 in test at pkg/entry.jl:718
 in anonymous at pkg/dir.jl:28
 in cd at ./file.jl:20
 in cd at pkg/dir.jl:28
 in test at pkg.jl:67
 in process_options at ./client.jl:213
 in _start at ./client.jl:354

>>> End of log
