>>> 'Pkg.add("OCCA")' log
INFO: Cloning cache of OCCA from git://github.com/ReidAtcheson/OCCA.jl.git
INFO: Installing OCCA v0.0.1
INFO: Building OCCA
Cloning into 'OCCA2'...
rm -f /home/vagrant/.julia/v0.4/OCCA/deps/OCCA2/obj/*;
rm -f /home/vagrant/.julia/v0.4/OCCA/deps/OCCA2/bin/*;
rm -f /home/vagrant/.julia/v0.4/OCCA/deps/OCCA2/scripts/main;
rm -f /home/vagrant/.julia/v0.4/OCCA/deps/OCCA2/lib/libocca.so;
rm -f /home/vagrant/.julia/v0.4/OCCA/deps/OCCA2/lib/*.mod;
g++ -O3 -fPIC -o /home/vagrant/.julia/v0.4/OCCA/deps/OCCA2/obj/occaBase.o  -fopenmp -DOCCA_OPENMP_ENABLED=1  -O3 -D __extern_always_inline=inline -DOCCA_DEBUG_ENABLED=0 -DNDEBUG=1 -DOCCA_SHOW_WARNINGS=0 -DOCCA_CHECK_ENABLED=1 -DOCCA_OPENCL_ENABLED=1 -DOCCA_CUDA_ENABLED=0 -DOCCA_HSA_ENABLED=0 -DOCCA_COI_ENABLED=0  -D LINUX_OS=1 -D OSX_OS=2 -D WINDOWS_OS=4 -D WINUX_OS=5  -D OCCA_OS=LINUX_OS -c -I/home/vagrant/.julia/v0.4/OCCA/deps/OCCA2/lib -I/home/vagrant/.julia/v0.4/OCCA/deps/OCCA2/include -I./include /home/vagrant/.julia/v0.4/OCCA/deps/OCCA2/src/occaBase.cpp
In file included from /home/vagrant/.julia/v0.4/OCCA/deps/OCCA2/include/occa.hpp:9:0,
                 from /home/vagrant/.julia/v0.4/OCCA/deps/OCCA2/src/occaBase.cpp:1:
/home/vagrant/.julia/v0.4/OCCA/deps/OCCA2/include/occaBase.hpp:37:23: fatal error: CL/cl.h: No such file or directory
 #    include <CL/cl.h>
                       ^
compilation terminated.
make: *** [/home/vagrant/.julia/v0.4/OCCA/deps/OCCA2/obj/occaBase.o] Error 1
================================[ ERROR: OCCA ]=================================

LoadError: failed process: Process(`make`, ProcessExited(2)) [2]
while loading /home/vagrant/.julia/v0.4/OCCA/deps/build.jl, in expression starting on line 59

================================================================================

================================[ BUILD ERRORS ]================================

WARNING: OCCA had build errors.

 - packages with build errors remain installed in /home/vagrant/.julia/v0.4
 - build the package(s) and all dependencies with `Pkg.build("OCCA")`
 - build a single package by running its `deps/build.jl` script

================================================================================
INFO: Package database updated
INFO: METADATA is out-of-date â€” you may not have the latest version of OCCA
INFO: Use `Pkg.update()` to get the latest versions of your packages

>>> 'Pkg.test("OCCA")' log
Julia Version 0.4.0-pre+7304
Commit b3a1be5 (2015-09-05 13:59 UTC)
Platform Info:
  System: Linux (x86_64-unknown-linux-gnu)
  CPU: Intel(R) Core(TM) i5-2500K CPU @ 3.30GHz
  WORD_SIZE: 64
  BLAS: libopenblas (USE64BITINT DYNAMIC_ARCH NO_AFFINITY Sandybridge)
  LAPACK: libopenblas
  LIBM: libopenlibm
  LLVM: libLLVM-3.3
INFO: Testing OCCA
WARNING: module TESTOCCA should explicitly import == from Base
ERROR: LoadError: test error in expression: test_openmp_okl_ofl_vectoradd("addVectors.ofl",TestBackend(testserial)) == true
error compiling test_openmp_okl_ofl_vectoradd: could not load library "/home/vagrant/.julia/v0.4/OCCA/deps/OCCA2/lib/libocca.so"
/home/vagrant/.julia/v0.4/OCCA/deps/OCCA2/lib/libocca.so: cannot open shared object file: No such file or directory
 in anonymous at test.jl:90
 in do_test at test.jl:50
 in include at ./boot.jl:260
 in include_from_node1 at ./loading.jl:271
 in process_options at ./client.jl:308
 in _start at ./client.jl:411
 in anonymous at test.jl:90
 in do_test at test.jl:50
 in include at ./boot.jl:260
 in include_from_node1 at ./loading.jl:271
 in process_options at ./client.jl:308
 in _start at ./client.jl:411
while loading /home/vagrant/.julia/v0.4/OCCA/test/runtests.jl, in expression starting on line 10
================================[ ERROR: OCCA ]=================================

failed process: Process(`/home/vagrant/julia/bin/julia --check-bounds=yes --code-coverage=none --color=no /home/vagrant/.julia/v0.4/OCCA/test/runtests.jl`, ProcessExited(1)) [1]

================================================================================
ERROR: OCCA had test errors
 in error at ./error.jl:21
 [inlined code] from pkg/entry.jl:753
 in __test#412__ at no file:0
 in test at no file
 in anonymous at pkg/dir.jl:31
 in cd at file.jl:22
 [inlined code] from pkg/dir.jl:31
 in __cd#396__ at no file:0
 in cd at no file
 in __test#420__ at no file
 in test at no file
 in process_options at ./client.jl:284
 in _start at ./client.jl:411

>>> End of log
