>>> 'Pkg.add("OpenDSSDirect")' log
INFO: Cloning cache of OpenDSSDirect from git://github.com/tshort/OpenDSSDirect.jl.git
INFO: Installing OpenDSSDirect v0.2.0
INFO: Package database updated
INFO: METADATA is out-of-date â€” you may not have the latest version of OpenDSSDirect
INFO: Use `Pkg.update()` to get the latest versions of your packages

>>> 'Pkg.test("OpenDSSDirect")' log
Julia Version 0.4.5
Commit 2ac304d (2016-03-18 00:58 UTC)
Platform Info:
  System: Linux (x86_64-unknown-linux-gnu)
  CPU: Intel(R) Xeon(R) CPU E3-1241 v3 @ 3.50GHz
  WORD_SIZE: 64
  BLAS: libopenblas (USE64BITINT DYNAMIC_ARCH NO_AFFINITY Nehalem)
  LAPACK: libopenblas64_
  LIBM: libopenlibm
  LLVM: libLLVM-3.3
INFO: Computing test dependencies for OpenDSSDirect...
INFO: Installing BaseTestNext v0.2.1
INFO: Testing OpenDSSDirect
WARNING: imported binding for Test overwritten in module Main
ERROR: LoadError: LoadError: error compiling anonymous: error compiling testnormalsolution: could not load library "/home/vagrant/.julia/v0.4/OpenDSSDirect/src\..\deps\win64\OpenDSSDirect.DLL"
/home/vagrant/.julia/v0.4/OpenDSSDirect/src\..\deps\win64\OpenDSSDirect.DLL: cannot open shared object file: No such file or directory
 in include at ./boot.jl:261
 in include_from_node1 at ./loading.jl:320
 in include at ./boot.jl:261
 in include_from_node1 at ./loading.jl:320
 in process_options at ./client.jl:280
 in _start at ./client.jl:378
while loading /home/vagrant/.julia/v0.4/OpenDSSDirect/test/lowlevel.jl, in expression starting on line 13
while loading /home/vagrant/.julia/v0.4/OpenDSSDirect/test/runtests.jl, in expression starting on line 2
============================[ ERROR: OpenDSSDirect ]============================

failed process: Process(`/home/vagrant/julia/bin/julia --check-bounds=yes --code-coverage=none --color=no /home/vagrant/.julia/v0.4/OpenDSSDirect/test/runtests.jl`, ProcessExited(1)) [1]

================================================================================
INFO: Removing BaseTestNext v0.2.1
ERROR: OpenDSSDirect had test errors
 in error at ./error.jl:21
 in test at pkg/entry.jl:803
 in anonymous at pkg/dir.jl:31
 in cd at file.jl:22
 in cd at pkg/dir.jl:31
 in test at pkg.jl:71
 in process_options at ./client.jl:257
 in _start at ./client.jl:378

>>> End of log
