>>> 'Pkg.add("ParallelAccelerator")' log
INFO: Cloning cache of CompilerTools from https://github.com/IntelLabs/CompilerTools.jl.git
INFO: Cloning cache of ParallelAccelerator from https://github.com/IntelLabs/ParallelAccelerator.jl.git
INFO: Installing CompilerTools v0.1.6
INFO: Installing DataStructures v0.4.5
INFO: Installing ParallelAccelerator v0.1.8
INFO: Building ParallelAccelerator
ParallelAccelerator: build.jl begin.
ParallelAccelerator: Building j2c-array shared library
System installed BLAS found
Using g++ to build ParallelAccelerator array runtime.
ParallelAccelerator: build.jl done.
INFO: Package database updated

>>> 'Pkg.test("ParallelAccelerator")' log
Julia Version 0.5.0-rc3+0
Commit e6f843b (2016-08-22 23:43 UTC)
Platform Info:
  System: Linux (x86_64-unknown-linux-gnu)
  CPU: Intel(R) Xeon(R) CPU E3-1241 v3 @ 3.50GHz
  WORD_SIZE: 64
           Ubuntu 14.04.5 LTS
  uname: Linux 3.13.0-93-generic #140-Ubuntu SMP Mon Jul 18 21:21:05 UTC 2016 x86_64 x86_64
Memory: 2.4471054077148438 GB (571.05859375 MB free)
Uptime: 12762.0 sec
Load Avg:  1.0771484375  1.01220703125  0.9423828125
Intel(R) Xeon(R) CPU E3-1241 v3 @ 3.50GHz: 
       speed         user         nice          sys         idle          irq
#1  3496 MHz     670945 s       1554 s      70461 s     391015 s         18 s
#2  3496 MHz     176306 s       6717 s      29608 s    1038109 s          0 s

  BLAS: libopenblas (USE64BITINT DYNAMIC_ARCH NO_AFFINITY Nehalem)
  LAPACK: libopenblas64_
  LIBM: libopenlibm
  LLVM: libLLVM-3.7.1 (ORCJIT, haswell)
Environment:
  TERM = vt100
  LD_LIBRARY_PATH = :/usr/local/lib/
  PATH = /usr/local/sbin:/usr/local/bin:/usr/sbin:/usr/bin:/sbin:/bin:/usr/games:/usr/local/games:/home/vagrant/julia/bin/
  JAVA_HOME = /usr/lib/jvm/java-7-oracle
  HOME = /home/vagrant

Package Directory: /home/vagrant/.julia/v0.5
2 required packages:
 - JSON                          0.7.0
 - ParallelAccelerator           0.1.8
3 additional packages:
 - Compat                        0.8.8
 - CompilerTools                 0.1.6
 - DataStructures                0.4.5
INFO: Computing test dependencies for ParallelAccelerator...
INFO: Cloning cache of DocOpt from https://github.com/docopt/DocOpt.jl.git
INFO: Cloning cache of ImageMagick from https://github.com/JuliaIO/ImageMagick.jl.git
INFO: Installing BinDeps v0.4.3
INFO: Installing Cairo v0.2.34
INFO: Installing ColorTypes v0.2.6
INFO: Installing ColorVectorSpace v0.1.7
INFO: Installing Colors v0.6.6
INFO: Installing Dates v0.4.4
INFO: Installing DocOpt v0.1.3
INFO: Installing FileIO v0.1.2
INFO: Installing FixedPointNumbers v0.1.4
INFO: Installing Graphics v0.1.3
INFO: Installing ImageMagick v0.1.7
INFO: Installing Images v0.5.9
INFO: Installing IniFile v0.2.5
INFO: Installing Reexport v0.0.3
INFO: Installing Rmath v0.1.2
INFO: Installing SHA v0.2.1
INFO: Installing SIUnits v0.0.6
INFO: Installing StatsBase v0.9.0
INFO: Installing StatsFuns v0.3.0
INFO: Installing TexExtensions v0.0.3
INFO: Installing Tk v0.3.8
INFO: Installing URIParser v0.1.6
INFO: Installing Winston v0.11.13
INFO: Installing Zlib v0.1.12
INFO: Building Cairo
INFO: Building Rmath
INFO: Building ImageMagick
INFO: Building Tk
WARNING: `@osx_only` is deprecated, use `@static if is_apple()` instead
 in depwarn(::String, ::Symbol) at ./deprecated.jl:64
 in @osx_only(::Any) at ./deprecated.jl:497
 in include_from_node1(::String) at ./loading.jl:426
 in evalfile(::String, ::Array{String,1}) at ./loading.jl:442 (repeats 2 times)
 in cd(::##2#4, ::String) at ./file.jl:59
 in (::##1#3)(::IOStream) at ./none:13
 in open(::##1#3, ::String, ::String) at ./iostream.jl:113
 in eval(::Module, ::Any) at ./boot.jl:234
 in process_options(::Base.JLOptions) at ./client.jl:239
 in _start() at ./client.jl:318
while loading /home/vagrant/.julia/v0.5/Tk/deps/build.jl, in expression starting on line 7
WARNING: Base.WORD_SIZE is deprecated.
  likely near /home/vagrant/.julia/v0.5/Tk/deps/build.jl:24
WARNING: Base.WORD_SIZE is deprecated.
  likely near /home/vagrant/.julia/v0.5/Tk/deps/build.jl:29
INFO: Testing ParallelAccelerator
Testing parallel library functions...
OptFramework failed to optimize function APILibTest.##normalizeW#283 in optimization pass ParallelAccelerator.Driver.toCGen with error CGen Error: Could not translate node: Colon() with type: Colon
WARNING: scale(A::AbstractMatrix,x::AbstractVector) is deprecated, use A * Diagonal(x) instead.
 in depwarn(::String, ::Symbol) at ./deprecated.jl:64
 in scale(::Array{Float64,2}, ::Array{Float64,1}) at ./deprecated.jl:50
 in ##normalizeW#282(::Array{Float64,2}, ::Int64) at /home/vagrant/.julia/v0.5/ParallelAccelerator/test/lib.jl:63
 in test7() at /home/vagrant/.julia/v0.5/ParallelAccelerator/test/lib.jl:111
 in include_from_node1(::String) at ./loading.jl:426 (repeats 2 times)
 in process_options(::Base.JLOptions) at ./client.jl:262
 in _start() at ./client.jl:318
while loading /home/vagrant/.julia/v0.5/ParallelAccelerator/test/lib.jl, in expression starting on line 130
Done testing parallel library functions.
Testing parfor support via @par macro...
OptFramework failed to optimize function ParForTest.##parfor3#412 in optimization pass ParallelAccelerator.Driver.toCGen with error CGen Error: Could not translate node: Colon() with type: Colon
Done testing parfor.
Testing map and reduce...
OptFramework failed to optimize function MapReduceTest.##sum_A_range_1#498 in optimization pass ParallelAccelerator.Driver.toCGen with error CGen Error: Could not translate node: Colon() with type: Colon
Done testing map and reduce.
Testing abs()...
Done testing abs().
Testing constant promotion for pointwise operations...
Done testing constant promotion.
Testing rand()...
Done testing rand()...
Testing BitArrays...
Done testing BitArrays.
Testing ranges...
OptFramework failed to optimize function RangeTest.##reduce_col#744 in optimization pass ParallelAccelerator.Driver.toCGen with error CGen Error: Could not translate node: Colon() with type: Colon
Done testing ranges.
Testing sequential code...
Done testing sequential code.
Testing cat...
Done testing cat.
Testing ranges...
OptFramework failed to optimize function RangesTest.##reduce_col#824 in optimization pass ParallelAccelerator.Driver.toCGen with error CGen Error: Could not translate node: Colon() with type: Colon
OptFramework failed to optimize function RangesTest.##singulartest1#820 in optimization pass ParallelAccelerator.Driver.toCGen with error CGen Error: Could not translate node: Colon() with type: Colon
OptFramework failed to optimize function RangesTest.##rangetest1#822 in optimization pass ParallelAccelerator.Driver.toDomainIR with error ErrorException("unhandled range object: Colon()")
Done testing ranges.
Testing miscellaneous features...
/tmp/tmpz7hTu2/cgen_output36.cpp: In function ‘void ppopt_At_mul_Bbangp863(j2c_array<double>&, j2c_array<double>&, j2c_array<double>*)’:
/tmp/tmpz7hTu2/cgen_output36.cpp:29:68: error: ‘cblas_domatcopy’ was not declared in this scope
              X.data, X.ARRAYSIZE(1), SSAValue0.data, X.ARRAYSIZE(2)), SSAValue0);
                                                                    ^
/tmp/tmpz7hTu2/cgen_output36.cpp: In function ‘void ppopt_At_mul_Bbangp863_unaliased(j2c_array<double>&, j2c_array<double>&, j2c_array<double>*)’:
/tmp/tmpz7hTu2/cgen_output36.cpp:49:68: error: ‘cblas_domatcopy’ was not declared in this scope
              X.data, X.ARRAYSIZE(1), SSAValue0.data, X.ARRAYSIZE(2)), SSAValue0);
                                                                    ^
OptFramework failed to optimize function MiscTest.##opt_At_mul_B!#863 in optimization pass ParallelAccelerator.Driver.toCGen with error ErrorException("failed process: Process(`g++ -O3 -fopenmp -std=c++11 -g -fpic -c -o /tmp/tmpz7hTu2/cgen_output36.o /tmp/tmpz7hTu2/cgen_output36.cpp`, ProcessExited(1)) [1]")
OptFramework failed to optimize function MiscTest.##f#865 in optimization pass ParallelAccelerator.Driver.toCGen with error CGen Error: Could not translate node: Colon() with type: Colon
OptFramework failed to optimize function MiscTest.##test8_acc1#883 in optimization pass ParallelAccelerator.Driver.toCGen with error CGen Error: Could not translate node: Colon() with type: Colon
OptFramework failed to optimize function MiscTest.##test8_acc2#885 in optimization pass ParallelAccelerator.Driver.toCGen with error CGen Error: Could not translate node: Colon() with type: Colon
OptFramework failed to optimize function MiscTest.##test8_acc3#887 in optimization pass ParallelAccelerator.Driver.toCGen with error CGen Error: Could not translate node: Colon() with type: Colon
OptFramework failed to optimize function MiscTest.##test8_acc4#889 in optimization pass ParallelAccelerator.Driver.toCGen with error CGen Error: Could not translate node: Colon() with type: Colon
OptFramework failed to optimize function MiscTest.##test8_acc5#891 in optimization pass ParallelAccelerator.Driver.toCGen with error CGen Error: Could not translate node: Colon() with type: Colon
OptFramework failed to optimize function MiscTest.##test8_acc6#893 in optimization pass ParallelAccelerator.Driver.toCGen with error CGen Error: Could not translate node: Colon() with type: Colon
Done testing miscellaneous features...
Done testing aug_assign.
Testing complex number support...
 test1 returns: 3.0 + 3.0im
Done testing complex number support.
Testing println()...
Done testing println().
Testing strings...
/tmp/tmpz7hTu2/cgen_output50.cpp:18:254: warning: integer constant is so large that it is unsigned [enabled by default]
 static uint64_t _Base_powers_of_ten_[20] = {1,10,100,1000,10000,100000,1000000,10000000,100000000,1000000000,10000000000,100000000000,1000000000000,10000000000000,100000000000000,1000000000000000,10000000000000000,100000000000000000,1000000000000000000,10000000000000000000};
                                                                                                                                                                                                                                                              ^
Done testing strings...
Testing logistic regression...
/tmp/tmpz7hTu2/cgen_output51.cpp: In function ‘void pplogistic_regressionp1031(int64_t, j2c_array<double>*)’:
/tmp/tmpz7hTu2/cgen_output51.cpp:269:84: error: ‘cblas_domatcopy’ was not declared in this scope
              points.data, points.ARRAYSIZE(1), SSAValue22.data, points.ARRAYSIZE(2)), SSAValue22);
                                                                                    ^
/tmp/tmpz7hTu2/cgen_output51.cpp: In function ‘void pplogistic_regressionp1031_unaliased(int64_t, j2c_array<double>*)’:
/tmp/tmpz7hTu2/cgen_output51.cpp:541:84: error: ‘cblas_domatcopy’ was not declared in this scope
              points.data, points.ARRAYSIZE(1), SSAValue22.data, points.ARRAYSIZE(2)), SSAValue22);
                                                                                    ^
OptFramework failed to optimize function TestLogisticRegression.##logistic_regression#1031 in optimization pass ParallelAccelerator.Driver.toCGen with error ErrorException("failed process: Process(`g++ -O3 -fopenmp -std=c++11 -g -fpic -c -o /tmp/tmpz7hTu2/cgen_output51.o /tmp/tmpz7hTu2/cgen_output51.cpp`, ProcessExited(1)) [1]")
Done testing logistic regression...
testing gemv...
/tmp/tmpz7hTu2/cgen_output53.cpp: In function ‘void ppgemv_t2p1053(j2c_array<double>&, j2c_array<double>&, j2c_array<double>*)’:
/tmp/tmpz7hTu2/cgen_output53.cpp:28:68: error: ‘cblas_domatcopy’ was not declared in this scope
              A.data, A.ARRAYSIZE(1), SSAValue0.data, A.ARRAYSIZE(2)), SSAValue0);
                                                                    ^
/tmp/tmpz7hTu2/cgen_output53.cpp: In function ‘void ppgemv_t2p1053_unaliased(j2c_array<double>&, j2c_array<double>&, j2c_array<double>*)’:
/tmp/tmpz7hTu2/cgen_output53.cpp:46:68: error: ‘cblas_domatcopy’ was not declared in this scope
              A.data, A.ARRAYSIZE(1), SSAValue0.data, A.ARRAYSIZE(2)), SSAValue0);
                                                                    ^
OptFramework failed to optimize function TestGemv.##gemv_t2#1053 in optimization pass ParallelAccelerator.Driver.toCGen with error ErrorException("failed process: Process(`g++ -O3 -fopenmp -std=c++11 -g -fpic -c -o /tmp/tmpz7hTu2/cgen_output53.o /tmp/tmpz7hTu2/cgen_output53.cpp`, ProcessExited(1)) [1]")
Done testing gemv.
testing transpose...
/tmp/tmpz7hTu2/cgen_output54.cpp: In function ‘void pptranspose_tp1065(j2c_array<double>&, j2c_array<double>*)’:
/tmp/tmpz7hTu2/cgen_output54.cpp:25:68: error: ‘cblas_domatcopy’ was not declared in this scope
              A.data, A.ARRAYSIZE(1), SSAValue0.data, A.ARRAYSIZE(2)), SSAValue0);
                                                                    ^
/tmp/tmpz7hTu2/cgen_output54.cpp: In function ‘void pptranspose_tp1065_unaliased(j2c_array<double>&, j2c_array<double>*)’:
/tmp/tmpz7hTu2/cgen_output54.cpp:35:68: error: ‘cblas_domatcopy’ was not declared in this scope
              A.data, A.ARRAYSIZE(1), SSAValue0.data, A.ARRAYSIZE(2)), SSAValue0);
                                                                    ^
OptFramework failed to optimize function TestTranspose.##transpose_t#1065 in optimization pass ParallelAccelerator.Driver.toCGen with error ErrorException("failed process: Process(`g++ -O3 -fopenmp -std=c++11 -g -fpic -c -o /tmp/tmpz7hTu2/cgen_output54.o /tmp/tmpz7hTu2/cgen_output54.cpp`, ProcessExited(1)) [1]")
Done testing transpose.
testing vecnorm...
Done testing vecnorm.
Testing broadcast...
test3 C = [1 2 3; 8 10 12]
Error During Test
  Test threw an exception of type UndefVarError
  Expression: BroadcastTest.test5()
  UndefVarError: ret not defined
   in threeargs(::Array{Int64,2}, ::Array{Int64,2}, ::Int64) at /home/vagrant/.julia/v0.5/CompilerTools/src/OptFramework.jl:577
   in test5() at /home/vagrant/.julia/v0.5/ParallelAccelerator/test/broadcast.jl:74
   in include_from_node1(::String) at ./loading.jl:426 (repeats 2 times)
   in process_options(::Base.JLOptions) at ./client.jl:262
   in _start() at ./client.jl:318
ERROR: LoadError: LoadError: There was an error during testing
 in record(::Base.Test.FallbackTestSet, ::Base.Test.Error) at ./test.jl:397
 in do_test(::Base.Test.Threw, ::Expr) at ./test.jl:281
 in include_from_node1(::String) at ./loading.jl:426 (repeats 2 times)
 in process_options(::Base.JLOptions) at ./client.jl:262
 in _start() at ./client.jl:318
while loading /home/vagrant/.julia/v0.5/ParallelAccelerator/test/broadcast.jl, in expression starting on line 93
while loading /home/vagrant/.julia/v0.5/ParallelAccelerator/test/runtests.jl, in expression starting on line 49
in -3
Hello world!
=========================[ ERROR: ParallelAccelerator ]=========================

failed process: Process(`/home/vagrant/julia/bin/julia -Cx86-64 -J/home/vagrant/julia/lib/julia/sys.so --compile=yes --depwarn=yes --check-bounds=yes --code-coverage=none --color=no --compilecache=yes /home/vagrant/.julia/v0.5/ParallelAccelerator/test/runtests.jl`, ProcessExited(1)) [1]

================================================================================
INFO: Removing BinDeps v0.4.3
INFO: Removing Cairo v0.2.34
INFO: Removing ColorTypes v0.2.6
INFO: Removing ColorVectorSpace v0.1.7
INFO: Removing Colors v0.6.6
INFO: Removing Dates v0.4.4
INFO: Removing DocOpt v0.1.3
INFO: Removing FileIO v0.1.2
INFO: Removing FixedPointNumbers v0.1.4
INFO: Removing Graphics v0.1.3
INFO: Removing ImageMagick v0.1.7
INFO: Removing Images v0.5.9
INFO: Removing IniFile v0.2.5
INFO: Removing Reexport v0.0.3
INFO: Removing Rmath v0.1.2
INFO: Removing SHA v0.2.1
INFO: Removing SIUnits v0.0.6
INFO: Removing StatsBase v0.9.0
INFO: Removing StatsFuns v0.3.0
INFO: Removing TexExtensions v0.0.3
INFO: Removing Tk v0.3.8
INFO: Removing URIParser v0.1.6
INFO: Removing Winston v0.11.13
INFO: Removing Zlib v0.1.12
ERROR: ParallelAccelerator had test errors
 in #test#61(::Bool, ::Function, ::Array{AbstractString,1}) at ./pkg/entry.jl:740
 in (::Base.Pkg.Entry.#kw##test)(::Array{Any,1}, ::Base.Pkg.Entry.#test, ::Array{AbstractString,1}) at ./<missing>:0
 in (::Base.Pkg.Dir.##2#3{Array{Any,1},Base.Pkg.Entry.#test,Tuple{Array{AbstractString,1}}})() at ./pkg/dir.jl:31
 in cd(::Base.Pkg.Dir.##2#3{Array{Any,1},Base.Pkg.Entry.#test,Tuple{Array{AbstractString,1}}}, ::String) at ./file.jl:59
 in #cd#1(::Array{Any,1}, ::Function, ::Function, ::Array{AbstractString,1}, ::Vararg{Array{AbstractString,1},N}) at ./pkg/dir.jl:31
 in (::Base.Pkg.Dir.#kw##cd)(::Array{Any,1}, ::Base.Pkg.Dir.#cd, ::Function, ::Array{AbstractString,1}, ::Vararg{Array{AbstractString,1},N}) at ./<missing>:0
 in #test#3(::Bool, ::Function, ::String, ::Vararg{String,N}) at ./pkg/pkg.jl:258
 in test(::String, ::Vararg{String,N}) at ./pkg/pkg.jl:258
 in eval(::Module, ::Any) at ./boot.jl:234
 in process_options(::Base.JLOptions) at ./client.jl:239
 in _start() at ./client.jl:318

>>> End of log
