>>> 'Pkg.add("ParallelAccelerator")' log
INFO: Cloning cache of CompilerTools from git://github.com/IntelLabs/CompilerTools.jl.git
INFO: Cloning cache of DocOpt from git://github.com/docopt/DocOpt.jl.git
INFO: Cloning cache of ParallelAccelerator from git://github.com/IntelLabs/ParallelAccelerator.jl.git
INFO: Installing CompilerTools v0.2.1
INFO: Installing DataStructures v0.4.6
INFO: Installing DocOpt v0.2.0
INFO: Installing ParallelAccelerator v0.2.2
INFO: Building ParallelAccelerator
ParallelAccelerator: build.jl begin.
ParallelAccelerator: Building j2c-array shared library
System installed BLAS found
Using g++ to build ParallelAccelerator array runtime.
ParallelAccelerator: build.jl done.
INFO: Package database updated

>>> 'Pkg.test("ParallelAccelerator")' log
Julia Version 0.4.7
Commit ae26b25 (2016-09-18 16:17 UTC)
Platform Info:
  System: Linux (x86_64-pc-linux-gnu)
  CPU: Intel(R) Xeon(R) CPU E3-1241 v3 @ 3.50GHz
  WORD_SIZE: 64
           Ubuntu 14.04.5 LTS
  uname: Linux 3.13.0-105-generic #152-Ubuntu SMP Fri Dec 2 15:37:11 UTC 2016 x86_64 x86_64
Memory: 2.9392738342285156 GB (711.046875 MB free)
Uptime: 13298.0 sec
Load Avg:  1.01953125  1.07763671875  1.083984375
Intel(R) Xeon(R) CPU E3-1241 v3 @ 3.50GHz: 
       speed         user         nice          sys         idle          irq
#1  3500 MHz     661747 s       7749 s      55772 s     474053 s         28 s
#2  3500 MHz     430378 s        922 s      50021 s     806798 s          0 s

  BLAS: libopenblas (USE64BITINT DYNAMIC_ARCH NO_AFFINITY Nehalem)
  LAPACK: libopenblas64_
  LIBM: libopenlibm
  LLVM: libLLVM-3.3
Environment:
  TERM = vt100
  LD_LIBRARY_PATH = :/usr/local/lib/
  PATH = /usr/local/sbin:/usr/local/bin:/usr/sbin:/usr/bin:/sbin:/bin:/usr/games:/usr/local/games:/home/vagrant/julia/bin/
  JAVA_HOME = /usr/lib/jvm/java-7-oracle
  HOME = /home/vagrant

Package Directory: /home/vagrant/.julia/v0.4
2 required packages:
 - JSON                          0.8.0
 - ParallelAccelerator           0.2.2
4 additional packages:
 - Compat                        0.10.0
 - CompilerTools                 0.2.1
 - DataStructures                0.4.6
 - DocOpt                        0.2.0
INFO: Computing test dependencies for ParallelAccelerator...
INFO: Cloning cache of ImageMagick from git://github.com/JuliaIO/ImageMagick.jl.git
INFO: Installing BinDeps v0.4.5
INFO: Installing Cairo v0.2.35
INFO: Installing ColorTypes v0.2.12
INFO: Installing ColorVectorSpace v0.1.12
INFO: Installing Colors v0.6.9
INFO: Installing Dates v0.4.4
INFO: Installing FileIO v0.2.1
INFO: Installing FixedPointNumbers v0.2.1
INFO: Installing Graphics v0.1.3
INFO: Installing ImageMagick v0.1.8
INFO: Installing Images v0.5.14
INFO: Installing IniFile v0.2.5
INFO: Installing Reexport v0.0.3
INFO: Installing SHA v0.3.0
INFO: Installing SIUnits v0.1.0
INFO: Installing StatsBase v0.11.1
INFO: Installing TexExtensions v0.0.3
INFO: Installing Tk v0.4.0
INFO: Installing URIParser v0.1.6
INFO: Installing Winston v0.12.1
INFO: Installing Zlib v0.1.12
INFO: Building Cairo
INFO: Building ImageMagick
Installing dependency libmagickwand5 via `sudo apt-get install libmagickwand5`:
Reading package lists...
Building dependency tree...
Reading state information...
The following extra packages will be installed:
  ghostscript imagemagick-common libcupsfilters1 libcupsimage2
  libfftw3-double3 libgs9 libgs9-common libijs-0.35 libjbig2dec0 liblqr-1-0
  libmagickcore5 poppler-data
Suggested packages:
  ghostscript-x hpijs libfftw3-bin libfftw3-dev fonts-droid
  libmagickcore5-extra poppler-utils fonts-japanese-mincho
  fonts-ipafont-mincho fonts-japanese-gothic fonts-ipafont-gothic
  fonts-arphic-ukai fonts-arphic-uming fonts-unfonts-core
The following NEW packages will be installed:
  ghostscript imagemagick-common libcupsfilters1 libcupsimage2
  libfftw3-double3 libgs9 libgs9-common libijs-0.35 libjbig2dec0 liblqr-1-0
  libmagickcore5 libmagickwand5 poppler-data
0 upgraded, 13 newly installed, 0 to remove and 4 not upgraded.
Need to get 8,183 kB of archives.
After this operation, 39.4 MB of additional disk space will be used.
Get:1 http://archive.ubuntu.com/ubuntu/ trusty-updates/main imagemagick-common all 8:6.7.7.10-6ubuntu3.3 [37.8 kB]
Get:2 http://archive.ubuntu.com/ubuntu/ trusty-updates/main libcupsfilters1 amd64 1.0.52-0ubuntu1.7 [73.8 kB]
Get:3 http://archive.ubuntu.com/ubuntu/ trusty-updates/main libcupsimage2 amd64 1.7.2-0ubuntu1.7 [15.4 kB]
Get:4 http://archive.ubuntu.com/ubuntu/ trusty/main libfftw3-double3 amd64 3.3.3-7ubuntu3 [702 kB]
Get:5 http://archive.ubuntu.com/ubuntu/ trusty/main liblqr-1-0 amd64 0.4.1-2ubuntu1 [23.4 kB]
Get:6 http://archive.ubuntu.com/ubuntu/ trusty-updates/main libmagickcore5 amd64 8:6.7.7.10-6ubuntu3.3 [1,474 kB]
Get:7 http://archive.ubuntu.com/ubuntu/ trusty-updates/main libmagickwand5 amd64 8:6.7.7.10-6ubuntu3.3 [265 kB]
Get:8 http://archive.ubuntu.com/ubuntu/ trusty/main poppler-data all 0.4.6-4 [1,479 kB]
Get:9 http://archive.ubuntu.com/ubuntu/ trusty/main libijs-0.35 amd64 0.35-8build1 [16.8 kB]
Get:10 http://archive.ubuntu.com/ubuntu/ trusty/main libjbig2dec0 amd64 0.11+20120125-1ubuntu1 [48.6 kB]
Get:11 http://archive.ubuntu.com/ubuntu/ trusty-updates/main libgs9-common all 9.10~dfsg-0ubuntu10.6 [2,067 kB]
Get:12 http://archive.ubuntu.com/ubuntu/ trusty-updates/main libgs9 amd64 9.10~dfsg-0ubuntu10.6 [1,940 kB]
Get:13 http://archive.ubuntu.com/ubuntu/ trusty-updates/main ghostscript amd64 9.10~dfsg-0ubuntu10.6 [40.8 kB]
dpkg-preconfigure: unable to re-open stdin: No such file or directory
Fetched 8,183 kB in 2s (3,956 kB/s)
Selecting previously unselected package imagemagick-common.
(Reading database ... 71302 files and directories currently installed.)
Preparing to unpack .../imagemagick-common_8%3a6.7.7.10-6ubuntu3.3_all.deb ...
Unpacking imagemagick-common (8:6.7.7.10-6ubuntu3.3) ...
Selecting previously unselected package libcupsfilters1:amd64.
Preparing to unpack .../libcupsfilters1_1.0.52-0ubuntu1.7_amd64.deb ...
Unpacking libcupsfilters1:amd64 (1.0.52-0ubuntu1.7) ...
Selecting previously unselected package libcupsimage2:amd64.
Preparing to unpack .../libcupsimage2_1.7.2-0ubuntu1.7_amd64.deb ...
Unpacking libcupsimage2:amd64 (1.7.2-0ubuntu1.7) ...
Selecting previously unselected package libfftw3-double3:amd64.
Preparing to unpack .../libfftw3-double3_3.3.3-7ubuntu3_amd64.deb ...
Unpacking libfftw3-double3:amd64 (3.3.3-7ubuntu3) ...
Selecting previously unselected package liblqr-1-0:amd64.
Preparing to unpack .../liblqr-1-0_0.4.1-2ubuntu1_amd64.deb ...
Unpacking liblqr-1-0:amd64 (0.4.1-2ubuntu1) ...
Selecting previously unselected package libmagickcore5:amd64.
Preparing to unpack .../libmagickcore5_8%3a6.7.7.10-6ubuntu3.3_amd64.deb ...
Unpacking libmagickcore5:amd64 (8:6.7.7.10-6ubuntu3.3) ...
Selecting previously unselected package libmagickwand5:amd64.
Preparing to unpack .../libmagickwand5_8%3a6.7.7.10-6ubuntu3.3_amd64.deb ...
Unpacking libmagickwand5:amd64 (8:6.7.7.10-6ubuntu3.3) ...
Selecting previously unselected package poppler-data.
Preparing to unpack .../poppler-data_0.4.6-4_all.deb ...
Unpacking poppler-data (0.4.6-4) ...
Selecting previously unselected package libijs-0.35.
Preparing to unpack .../libijs-0.35_0.35-8build1_amd64.deb ...
Unpacking libijs-0.35 (0.35-8build1) ...
Selecting previously unselected package libjbig2dec0.
Preparing to unpack .../libjbig2dec0_0.11+20120125-1ubuntu1_amd64.deb ...
Unpacking libjbig2dec0 (0.11+20120125-1ubuntu1) ...
Selecting previously unselected package libgs9-common.
Preparing to unpack .../libgs9-common_9.10~dfsg-0ubuntu10.6_all.deb ...
Unpacking libgs9-common (9.10~dfsg-0ubuntu10.6) ...
Selecting previously unselected package libgs9.
Preparing to unpack .../libgs9_9.10~dfsg-0ubuntu10.6_amd64.deb ...
Unpacking libgs9 (9.10~dfsg-0ubuntu10.6) ...
Selecting previously unselected package ghostscript.
Preparing to unpack .../ghostscript_9.10~dfsg-0ubuntu10.6_amd64.deb ...
Unpacking ghostscript (9.10~dfsg-0ubuntu10.6) ...
Processing triggers for fontconfig (2.11.0-0ubuntu4.2) ...
Processing triggers for man-db (2.6.7.1-1ubuntu1) ...
Setting up imagemagick-common (8:6.7.7.10-6ubuntu3.3) ...
Setting up libcupsfilters1:amd64 (1.0.52-0ubuntu1.7) ...
Setting up libcupsimage2:amd64 (1.7.2-0ubuntu1.7) ...
Setting up libfftw3-double3:amd64 (3.3.3-7ubuntu3) ...
Setting up liblqr-1-0:amd64 (0.4.1-2ubuntu1) ...
Setting up libmagickcore5:amd64 (8:6.7.7.10-6ubuntu3.3) ...
Setting up libmagickwand5:amd64 (8:6.7.7.10-6ubuntu3.3) ...
Setting up poppler-data (0.4.6-4) ...
Setting up libijs-0.35 (0.35-8build1) ...
Setting up libjbig2dec0 (0.11+20120125-1ubuntu1) ...
Setting up libgs9-common (9.10~dfsg-0ubuntu10.6) ...
update-alternatives: using /usr/share/ghostscript/9.10 to provide /usr/share/ghostscript/current (ghostscript-current) in auto mode
Setting up libgs9 (9.10~dfsg-0ubuntu10.6) ...
Setting up ghostscript (9.10~dfsg-0ubuntu10.6) ...
Processing triggers for libc-bin (2.19-0ubuntu6.9) ...
INFO: Building Tk
INFO: Testing ParallelAccelerator
Testing parallel library functions...
WARNING: Base.String is deprecated, use AbstractString instead.
  likely near /home/vagrant/.julia/v0.4/ParallelAccelerator/test/lib.jl:99
WARNING: Base.String is deprecated, use AbstractString instead.
  likely near /home/vagrant/.julia/v0.4/ParallelAccelerator/test/lib.jl:99
WARNING: Base.String is deprecated, use AbstractString instead.
  likely near /home/vagrant/.julia/v0.4/ParallelAccelerator/test/lib.jl:99
WARNING: Base.String is deprecated, use AbstractString instead.
  likely near /home/vagrant/.julia/v0.4/ParallelAccelerator/test/lib.jl:99
WARNING: Base.String is deprecated, use AbstractString instead.
  likely near /home/vagrant/.julia/v0.4/ParallelAccelerator/test/lib.jl:99
WARNING: Base.String is deprecated, use AbstractString instead.
  likely near /home/vagrant/.julia/v0.4/ParallelAccelerator/test/lib.jl:99
WARNING: Base.String is deprecated, use AbstractString instead.
  likely near /home/vagrant/.julia/v0.4/ParallelAccelerator/test/lib.jl:99
WARNING: Base.String is deprecated, use AbstractString instead.
  likely near /home/vagrant/.julia/v0.4/ParallelAccelerator/test/lib.jl:99
WARNING: Base.String is deprecated, use AbstractString instead.
  likely near /home/vagrant/.julia/v0.4/ParallelAccelerator/test/lib.jl:99
WARNING: Base.String is deprecated, use AbstractString instead.
  likely near /home/vagrant/.julia/v0.4/ParallelAccelerator/test/lib.jl:99
WARNING: Base.String is deprecated, use AbstractString instead.
  likely near /home/vagrant/.julia/v0.4/ParallelAccelerator/test/lib.jl:99
WARNING: Base.String is deprecated, use AbstractString instead.
  likely near /home/vagrant/.julia/v0.4/ParallelAccelerator/test/lib.jl:99
WARNING: Base.String is deprecated, use AbstractString instead.
  likely near /home/vagrant/.julia/v0.4/ParallelAccelerator/test/lib.jl:99
WARNING: Base.String is deprecated, use AbstractString instead.
  likely near /home/vagrant/.julia/v0.4/ParallelAccelerator/test/lib.jl:99
WARNING: Base.String is deprecated, use AbstractString instead.
  likely near /home/vagrant/.julia/v0.4/ParallelAccelerator/test/lib.jl:99
WARNING: Base.String is deprecated, use AbstractString instead.
  likely near /home/vagrant/.julia/v0.4/ParallelAccelerator/test/lib.jl:99
WARNING: Base.String is deprecated, use AbstractString instead.
  likely near /home/vagrant/.julia/v0.4/ParallelAccelerator/test/lib.jl:99
WARNING: Base.String is deprecated, use AbstractString instead.
  likely near /home/vagrant/.julia/v0.4/ParallelAccelerator/test/lib.jl:99
WARNING: Base.String is deprecated, use AbstractString instead.
  likely near /home/vagrant/.julia/v0.4/ParallelAccelerator/test/lib.jl:99
WARNING: Base.String is deprecated, use AbstractString instead.
  likely near /home/vagrant/.julia/v0.4/ParallelAccelerator/test/lib.jl:99
WARNING: Base.String is deprecated, use AbstractString instead.
  likely near /home/vagrant/.julia/v0.4/ParallelAccelerator/test/lib.jl:99
WARNING: Base.String is deprecated, use AbstractString instead.
  likely near /home/vagrant/.julia/v0.4/ParallelAccelerator/test/lib.jl:99
WARNING: Base.String is deprecated, use AbstractString instead.
  likely near /home/vagrant/.julia/v0.4/ParallelAccelerator/test/lib.jl:99
WARNING: Base.String is deprecated, use AbstractString instead.
  likely near /home/vagrant/.julia/v0.4/ParallelAccelerator/test/lib.jl:99
WARNING: Base.String is deprecated, use AbstractString instead.
  likely near /home/vagrant/.julia/v0.4/ParallelAccelerator/test/lib.jl:99
WARNING: Base.String is deprecated, use AbstractString instead.
  likely near /home/vagrant/.julia/v0.4/ParallelAccelerator/test/lib.jl:99
WARNING: Base.String is deprecated, use AbstractString instead.
  likely near /home/vagrant/.julia/v0.4/ParallelAccelerator/test/lib.jl:99
WARNING: Base.String is deprecated, use AbstractString instead.
  likely near /home/vagrant/.julia/v0.4/ParallelAccelerator/test/lib.jl:99
WARNING: Base.String is deprecated, use AbstractString instead.
  likely near /home/vagrant/.julia/v0.4/ParallelAccelerator/test/lib.jl:99
WARNING: Base.String is deprecated, use AbstractString instead.
  likely near /home/vagrant/.julia/v0.4/ParallelAccelerator/test/lib.jl:99
WARNING: Base.String is deprecated, use AbstractString instead.
  likely near /home/vagrant/.julia/v0.4/ParallelAccelerator/test/lib.jl:99
WARNING: Base.String is deprecated, use AbstractString instead.
  likely near /home/vagrant/.julia/v0.4/ParallelAccelerator/test/lib.jl:99
WARNING: Base.String is deprecated, use AbstractString instead.
  likely near /home/vagrant/.julia/v0.4/ParallelAccelerator/test/lib.jl:99
WARNING: Base.String is deprecated, use AbstractString instead.
  likely near /home/vagrant/.julia/v0.4/ParallelAccelerator/test/lib.jl:99
WARNING: Base.String is deprecated, use AbstractString instead.
  likely near /home/vagrant/.julia/v0.4/ParallelAccelerator/test/lib.jl:99
WARNING: Base.String is deprecated, use AbstractString instead.
  likely near /home/vagrant/.julia/v0.4/ParallelAccelerator/test/lib.jl:99
WARNING: Base.String is deprecated, use AbstractString instead.
  likely near /home/vagrant/.julia/v0.4/ParallelAccelerator/test/lib.jl:99
WARNING: Base.String is deprecated, use AbstractString instead.
  likely near /home/vagrant/.julia/v0.4/ParallelAccelerator/test/lib.jl:99
ParallelAccelerator.accelerate cannot accelerate function ParallelAccelerator.API.Lib.indmin due to an unhandled exception of type ErrorException whose value is ErrorException("type NewvarNode has no field slot")
ParallelAccelerator.accelerate cannot accelerate function ParallelAccelerator.API.Lib.indmax due to an unhandled exception of type ErrorException whose value is ErrorException("type NewvarNode has no field slot")
WARNING: Base.String is deprecated, use AbstractString instead.
  likely near /home/vagrant/.julia/v0.4/ParallelAccelerator/test/lib.jl:99
in typeToStr at /home/vagrant/.julia/v0.4/ParallelAccelerator/src/cgen.jl
WARNING: Base.String is deprecated, use AbstractString instead.
  likely near /home/vagrant/.julia/v0.4/ParallelAccelerator/test/lib.jl:99
in typeToStr at /home/vagrant/.julia/v0.4/ParallelAccelerator/src/cgen.jl
WARNING: Base.String is deprecated, use AbstractString instead.
  likely near /home/vagrant/.julia/v0.4/ParallelAccelerator/test/lib.jl:99
in typeToStr at /home/vagrant/.julia/v0.4/ParallelAccelerator/src/cgen.jl
WARNING: Base.String is deprecated, use AbstractString instead.
  likely near /home/vagrant/.julia/v0.4/ParallelAccelerator/test/lib.jl:99
WARNING: Base.String is deprecated, use AbstractString instead.
  likely near /home/vagrant/.julia/v0.4/ParallelAccelerator/test/lib.jl:99
WARNING: Base.String is deprecated, use AbstractString instead.
  likely near /home/vagrant/.julia/v0.4/ParallelAccelerator/test/lib.jl:99
WARNING: Base.String is deprecated, use AbstractString instead.
  likely near /home/vagrant/.julia/v0.4/ParallelAccelerator/test/lib.jl:99
WARNING: Base.String is deprecated, use AbstractString instead.
  likely near /home/vagrant/.julia/v0.4/ParallelAccelerator/test/lib.jl:99
in typeToStr at /home/vagrant/.julia/v0.4/ParallelAccelerator/src/cgen.jl
WARNING: Base.String is deprecated, use AbstractString instead.
  likely near /home/vagrant/.julia/v0.4/ParallelAccelerator/test/lib.jl:99
in typeToStr at /home/vagrant/.julia/v0.4/ParallelAccelerator/src/cgen.jl
WARNING: Base.String is deprecated, use AbstractString instead.
  likely near /home/vagrant/.julia/v0.4/ParallelAccelerator/test/lib.jl:99
in typeToStr at /home/vagrant/.julia/v0.4/ParallelAccelerator/src/cgen.jl
WARNING: Base.String is deprecated, use AbstractString instead.
  likely near /home/vagrant/.julia/v0.4/ParallelAccelerator/test/lib.jl:99
in typeToStr at /home/vagrant/.julia/v0.4/ParallelAccelerator/src/cgen.jl
WARNING: Base.String is deprecated, use AbstractString instead.
  likely near /home/vagrant/.julia/v0.4/ParallelAccelerator/test/lib.jl:99
in typeToStr at /home/vagrant/.julia/v0.4/ParallelAccelerator/src/cgen.jl
WARNING: Base.String is deprecated, use AbstractString instead.
  likely near /home/vagrant/.julia/v0.4/ParallelAccelerator/test/lib.jl:99
in typeToStr at /home/vagrant/.julia/v0.4/ParallelAccelerator/src/cgen.jl
WARNING: Base.String is deprecated, use AbstractString instead.
  likely near /home/vagrant/.julia/v0.4/ParallelAccelerator/test/lib.jl:99
in typeToStr at /home/vagrant/.julia/v0.4/ParallelAccelerator/src/cgen.jl
WARNING: Base.String is deprecated, use AbstractString instead.
  likely near /home/vagrant/.julia/v0.4/ParallelAccelerator/test/lib.jl:99
in typeToStr at /home/vagrant/.julia/v0.4/ParallelAccelerator/src/cgen.jl
WARNING: Base.String is deprecated, use AbstractString instead.
  likely near /home/vagrant/.julia/v0.4/ParallelAccelerator/test/lib.jl:99
in typeToStr at /home/vagrant/.julia/v0.4/ParallelAccelerator/src/cgen.jl
WARNING: Base.String is deprecated, use AbstractString instead.
  likely near /home/vagrant/.julia/v0.4/ParallelAccelerator/test/lib.jl:99
in typeToStr at /home/vagrant/.julia/v0.4/ParallelAccelerator/src/cgen.jl
WARNING: Base.String is deprecated, use AbstractString instead.
  likely near /home/vagrant/.julia/v0.4/ParallelAccelerator/test/lib.jl:99
in typeToStr at /home/vagrant/.julia/v0.4/ParallelAccelerator/src/cgen.jl
WARNING: Base.String is deprecated, use AbstractString instead.
  likely near /home/vagrant/.julia/v0.4/ParallelAccelerator/test/lib.jl:99
in typeToStr at /home/vagrant/.julia/v0.4/ParallelAccelerator/src/cgen.jl
OptFramework failed to optimize function APILibTest.##minMax#7192 in optimization pass ParallelAccelerator.Driver.toCGen with error CGen Error: Could not translate node: AST(:($(Expr(:lambda, Any[:(i::Any)], Any[Any[Any[:i,Int64,0]],Any[Any[:A,Array{Float64,1},1],Any[:m,ParallelAccelerator.API.Lib.MT{Float64},19]],Any[],Any[:T]], :(begin  # /home/vagrant/.julia/v0.4/ParallelAccelerator/src/api-lib.jl, line 57:
        unless (Base.lt_float)((Base.arrayref)(A::Array{Float64,1},i::Int64)::Float64,(top(getfield))(m::ParallelAccelerator.API.Lib.MT{Float64},:val)::Float64)::Bool goto 0 # /home/vagrant/.julia/v0.4/ParallelAccelerator/src/api-lib.jl, line 58:
        (top(setfield!))(m::ParallelAccelerator.API.Lib.MT{Float64},:val,(Base.arrayref)(A::Array{Float64,1},i::Int64)::Float64)::Float64 # /home/vagrant/.julia/v0.4/ParallelAccelerator/src/api-lib.jl, line 59:
        (top(setfield!))(m::ParallelAccelerator.API.Lib.MT{Float64},:idx,i::Int64)::Int64
        0:  # /home/vagrant/.julia/v0.4/ParallelAccelerator/src/api-lib.jl, line 61:
        return 0
    end::Int64))))) with type: LambdaStaticData
ParallelAccelerator.accelerate cannot accelerate function ParallelAccelerator.API.Lib.diagm due to an unhandled exception of type ErrorException whose value is ErrorException("type NewvarNode has no field slot")
OptFramework failed to optimize function APILibTest.##diagTest#7251 in optimization pass ParallelAccelerator.Driver.toCGen with error CGen Error: Could not translate node: AST(:($(Expr(:lambda, Any[:(i::Any),:(j::Any)], Any[Any[Any[:i,Int64,0],Any[:j,Int64,0],Any[symbol("#s161"),Float64,2],Any[:v,Float64,18]],Any[Any[:A,Array{Float64,1},1]],Any[Float64],Any[]], :(begin  # /home/vagrant/.julia/v0.4/ParallelAccelerator/src/api-lib.jl, line 100:
        NewvarNode(symbol("#s161"))
        NewvarNode(:v)
        unless i::Int64 === j::Int64::Bool goto 0
        #s161 = (Base.arrayref)(A::Array{Float64,1},i::Int64)::Float64
        goto 1
        0: 
        #s161 = (Base.box)(Float64,(Base.sitofp)(Float64,0))
        1: 
        GenSym(0) = #s161::Float64
        v = GenSym(0)
        return GenSym(0)
    end::Float64))))) with type: LambdaStaticData
OptFramework failed to optimize function APILibTest.##testEye#7255 in optimization pass ParallelAccelerator.Driver.toParallelIR with error ErrorException("type NewvarNode has no field slot")
WARNING: Base.String is deprecated, use AbstractString instead.
  likely near /home/vagrant/.julia/v0.4/ParallelAccelerator/test/lib.jl:104
WARNING: Base.String is deprecated, use AbstractString instead.
  likely near /home/vagrant/.julia/v0.4/ParallelAccelerator/test/lib.jl:104
WARNING: Base.String is deprecated, use AbstractString instead.
  likely near /home/vagrant/.julia/v0.4/ParallelAccelerator/test/lib.jl:104
WARNING: Base.String is deprecated, use AbstractString instead.
  likely near /home/vagrant/.julia/v0.4/ParallelAccelerator/test/lib.jl:104
WARNING: Base.String is deprecated, use AbstractString instead.
  likely near /home/vagrant/.julia/v0.4/ParallelAccelerator/test/lib.jl:104
ParallelAccelerator.accelerate cannot accelerate function ParallelAccelerator.API.Lib.repmat due to an unhandled exception of type ErrorException whose value is ErrorException("type NewvarNode has no field slot")
WARNING: Base.String is deprecated, use AbstractString instead.
  likely near /home/vagrant/.julia/v0.4/ParallelAccelerator/test/lib.jl:104
in typeToStr at /home/vagrant/.julia/v0.4/ParallelAccelerator/src/cgen.jl
WARNING: Base.String is deprecated, use AbstractString instead.
  likely near /home/vagrant/.julia/v0.4/ParallelAccelerator/test/lib.jl:104
in typeToStr at /home/vagrant/.julia/v0.4/ParallelAccelerator/src/cgen.jl
WARNING: Base.String is deprecated, use AbstractString instead.
  likely near /home/vagrant/.julia/v0.4/ParallelAccelerator/test/lib.jl:104
in typeToStr at /home/vagrant/.julia/v0.4/ParallelAccelerator/src/cgen.jl
OptFramework failed to optimize function APILibTest.##testRepMat#7257 in optimization pass ParallelAccelerator.Driver.toCGen with error CGen Error: Could not translate node: AST(:($(Expr(:lambda, Any[:(i::Any),:(j::Any)], Any[Any[Any[:i,Int64,0],Any[:j,Int64,0],Any[symbol("##I#14314"),Tuple{},0]],Any[Any[:A,Array{Float64,2},1],Any[:s,Int64,19],Any[:t,Int64,19]],Any[],Any[]], :(begin  # /home/vagrant/.julia/v0.4/ParallelAccelerator/src/api-lib.jl, line 172:
        return (Base.arrayref)(A::Array{Float64,2},(Base.box)(Base.Int,(Base.add_int)(1,(Base.box)(Int64,(Base.srem_int)((Base.box)(Int64,(Base.sub_int)(i::Int64,1)),s::Int64)))),(Base.box)(Base.Int,(Base.add_int)(1,(Base.box)(Int64,(Base.srem_int)((Base.box)(Int64,(Base.sub_int)(j::Int64,1)),t::Int64)))))::Float64
    end::Float64))))) with type: LambdaStaticData
WARNING: Base.String is deprecated, use AbstractString instead.
  likely near /home/vagrant/.julia/v0.4/ParallelAccelerator/test/lib.jl:105
WARNING: Base.String is deprecated, use AbstractString instead.
  likely near /home/vagrant/.julia/v0.4/ParallelAccelerator/test/lib.jl:105
WARNING: Base.String is deprecated, use AbstractString instead.
  likely near /home/vagrant/.julia/v0.4/ParallelAccelerator/test/lib.jl:105
WARNING: Base.String is deprecated, use AbstractString instead.
  likely near /home/vagrant/.julia/v0.4/ParallelAccelerator/test/lib.jl:105
WARNING: Base.String is deprecated, use AbstractString instead.
  likely near /home/vagrant/.julia/v0.4/ParallelAccelerator/test/lib.jl:105
ParallelAccelerator.accelerate cannot accelerate function ParallelAccelerator.API.Lib.repmat due to an unhandled exception of type ErrorException whose value is ErrorException("type NewvarNode has no field slot")
WARNING: Base.String is deprecated, use AbstractString instead.
  likely near /home/vagrant/.julia/v0.4/ParallelAccelerator/test/lib.jl:105
WARNING: Base.String is deprecated, use AbstractString instead.
  likely near /home/vagrant/.julia/v0.4/ParallelAccelerator/test/lib.jl:105
WARNING: Base.String is deprecated, use AbstractString instead.
  likely near /home/vagrant/.julia/v0.4/ParallelAccelerator/test/lib.jl:105
WARNING: Base.String is deprecated, use AbstractString instead.
  likely near /home/vagrant/.julia/v0.4/ParallelAccelerator/test/lib.jl:105
WARNING: Base.String is deprecated, use AbstractString instead.
  likely near /home/vagrant/.julia/v0.4/ParallelAccelerator/test/lib.jl:105
WARNING: Base.String is deprecated, use AbstractString instead.
  likely near /home/vagrant/.julia/v0.4/ParallelAccelerator/test/lib.jl:105
in typeToStr at /home/vagrant/.julia/v0.4/ParallelAccelerator/src/cgen.jl
WARNING: Base.String is deprecated, use AbstractString instead.
  likely near /home/vagrant/.julia/v0.4/ParallelAccelerator/test/lib.jl:105
in typeToStr at /home/vagrant/.julia/v0.4/ParallelAccelerator/src/cgen.jl
WARNING: Base.String is deprecated, use AbstractString instead.
  likely near /home/vagrant/.julia/v0.4/ParallelAccelerator/test/lib.jl:105
in typeToStr at /home/vagrant/.julia/v0.4/ParallelAccelerator/src/cgen.jl
WARNING: Base.String is deprecated, use AbstractString instead.
  likely near /home/vagrant/.julia/v0.4/ParallelAccelerator/test/lib.jl:105
in typeToStr at /home/vagrant/.julia/v0.4/ParallelAccelerator/src/cgen.jl
WARNING: Base.String is deprecated, use AbstractString instead.
  likely near /home/vagrant/.julia/v0.4/ParallelAccelerator/test/lib.jl:105
in typeToStr at /home/vagrant/.julia/v0.4/ParallelAccelerator/src/cgen.jl
WARNING: Base.String is deprecated, use AbstractString instead.
  likely near /home/vagrant/.julia/v0.4/ParallelAccelerator/test/lib.jl:105
in typeToStr at /home/vagrant/.julia/v0.4/ParallelAccelerator/src/cgen.jl
OptFramework failed to optimize function APILibTest.##testRepMat2#7262 in optimization pass ParallelAccelerator.Driver.toCGen with error CGen Error: Could not translate node: AST(:($(Expr(:lambda, Any[:(i::Any),:(j::Any),:(k::Any)], Any[Any[Any[:i,Int64,0],Any[:j,Int64,0],Any[:k,Int64,0],Any[symbol("##I#14859"),Tuple{},0]],Any[Any[:A,Array{Float64,2},1],Any[:s,Int64,19],Any[:t,Int64,19]],Any[],Any[]], :(begin  # /home/vagrant/.julia/v0.4/ParallelAccelerator/src/api-lib.jl, line 151:
        return (Base.arrayref)(A::Array{Float64,2},(Base.box)(Base.Int,(Base.add_int)(1,(Base.box)(Int64,(Base.srem_int)((Base.box)(Int64,(Base.sub_int)(i::Int64,1)),s::Int64)))),(Base.box)(Base.Int,(Base.add_int)(1,(Base.box)(Int64,(Base.srem_int)((Base.box)(Int64,(Base.sub_int)(j::Int64,1)),t::Int64)))))::Float64
    end::Float64))))) with type: LambdaStaticData
Done testing parallel library functions.
Testing parfor support via @par macro...
OptFramework failed to optimize function ParForTest.##parfor1#14963 in optimization pass ParallelAccelerator.Driver.toParallelIR with error ErrorException("type NewvarNode has no field slot")
OptFramework failed to optimize function ParForTest.##parfor2#14991 in optimization pass ParallelAccelerator.Driver.toParallelIR with error ErrorException("type NewvarNode has no field slot")
OptFramework failed to optimize function ParForTest.##parfor3#15000 in optimization pass ParallelAccelerator.Driver.toParallelIR with error ErrorException("type NewvarNode has no field slot")
Done testing parfor.
Testing map and reduce...
OptFramework failed to optimize function MapReduceTest.##sum_A_cond_2#15360 in optimization pass ParallelAccelerator.Driver.toParallelIR with error ErrorException("type NewvarNode has no field slot")
Done testing map and reduce.
Testing abs()...
Done testing abs().
Testing constant promotion for pointwise operations...
Done testing constant promotion.
Testing rand()...
WARNING: Base.String is deprecated, use AbstractString instead.
  likely near /home/vagrant/.julia/v0.4/ParallelAccelerator/test/rand.jl:81
WARNING: Base.String is deprecated, use AbstractString instead.
  likely near /home/vagrant/.julia/v0.4/ParallelAccelerator/test/rand.jl:81
WARNING: Base.String is deprecated, use AbstractString instead.
  likely near /home/vagrant/.julia/v0.4/ParallelAccelerator/test/rand.jl:81
WARNING: Base.String is deprecated, use AbstractString instead.
  likely near /home/vagrant/.julia/v0.4/ParallelAccelerator/test/rand.jl:81
WARNING: Base.String is deprecated, use AbstractString instead.
  likely near /home/vagrant/.julia/v0.4/ParallelAccelerator/test/rand.jl:81
WARNING: Base.String is deprecated, use AbstractString instead.
  likely near /home/vagrant/.julia/v0.4/ParallelAccelerator/test/rand.jl:81
WARNING: Base.String is deprecated, use AbstractString instead.
  likely near /home/vagrant/.julia/v0.4/ParallelAccelerator/test/rand.jl:81
WARNING: Base.String is deprecated, use AbstractString instead.
  likely near /home/vagrant/.julia/v0.4/ParallelAccelerator/test/rand.jl:81
WARNING: Base.String is deprecated, use AbstractString instead.
  likely near /home/vagrant/.julia/v0.4/ParallelAccelerator/test/rand.jl:81
WARNING: Base.String is deprecated, use AbstractString instead.
  likely near /home/vagrant/.julia/v0.4/ParallelAccelerator/test/rand.jl:81
WARNING: Base.String is deprecated, use AbstractString instead.
  likely near /home/vagrant/.julia/v0.4/ParallelAccelerator/test/rand.jl:81
WARNING: Base.String is deprecated, use AbstractString instead.
  likely near /home/vagrant/.julia/v0.4/ParallelAccelerator/test/rand.jl:81
in typeToStr at /home/vagrant/.julia/v0.4/ParallelAccelerator/src/cgen.jl
WARNING: Base.String is deprecated, use AbstractString instead.
  likely near /home/vagrant/.julia/v0.4/ParallelAccelerator/test/rand.jl:81
in typeToStr at /home/vagrant/.julia/v0.4/ParallelAccelerator/src/cgen.jl
WARNING: Base.String is deprecated, use AbstractString instead.
  likely near /home/vagrant/.julia/v0.4/ParallelAccelerator/test/rand.jl:81
in typeToStr at /home/vagrant/.julia/v0.4/ParallelAccelerator/src/cgen.jl
Done testing rand()...
Testing BitArrays...
Done testing BitArrays.
Testing ranges...
Done testing ranges.
Testing sequential code...
OptFramework failed to optimize function SeqTest.##mmult#16951 in optimization pass ParallelAccelerator.Driver.toParallelIR with error ErrorException("type NewvarNode has no field slot")
Done testing sequential code.
Testing cat...
Done testing cat.
Testing hcat...
Done testing hcat.
Testing vcat...
Done testing vcat.
Testing ranges...
Done testing ranges.
Testing miscellaneous features...
OptFramework failed to optimize function MiscTest.##f#17347 in optimization pass ParallelAccelerator.Driver.toParallelIR with error ErrorException("type NewvarNode has no field slot")
Done testing miscellaneous features...
Done testing aug_assign.
Testing complex number support...
 test1 returns: 3.0 + 3.0im
Done testing complex number support.
Testing println()...
Done testing println().
Testing strings...
WARNING: Base.String is deprecated, use AbstractString instead.
  likely near /home/vagrant/.julia/v0.4/ParallelAccelerator/test/strings.jl:86
WARNING: Base.String is deprecated, use AbstractString instead.
  likely near /home/vagrant/.julia/v0.4/ParallelAccelerator/test/strings.jl:86
WARNING: Base.String is deprecated, use AbstractString instead.
  likely near /home/vagrant/.julia/v0.4/ParallelAccelerator/test/strings.jl:86
WARNING: Base.String is deprecated, use AbstractString instead.
  likely near /home/vagrant/.julia/v0.4/ParallelAccelerator/test/strings.jl:86
WARNING: Base.String is deprecated, use AbstractString instead.
  likely near /home/vagrant/.julia/v0.4/ParallelAccelerator/test/strings.jl:86
WARNING: Base.String is deprecated, use AbstractString instead.
  likely near /home/vagrant/.julia/v0.4/ParallelAccelerator/test/strings.jl:86
in typeToStr at /home/vagrant/.julia/v0.4/ParallelAccelerator/src/cgen.jl
WARNING: Base.String is deprecated, use AbstractString instead.
  likely near /home/vagrant/.julia/v0.4/ParallelAccelerator/test/strings.jl:86
in typeToStr at /home/vagrant/.julia/v0.4/ParallelAccelerator/src/cgen.jl
WARNING: Base.String is deprecated, use AbstractString instead.
  likely near /home/vagrant/.julia/v0.4/ParallelAccelerator/test/strings.jl:86
in typeToStr at /home/vagrant/.julia/v0.4/ParallelAccelerator/src/cgen.jl
Done testing strings...
Testing logistic regression...
Done testing logistic regression...
Testing kmeans...
OptFramework failed to optimize function TestKmeans.##kmeans#19362 in optimization pass ParallelAccelerator.Driver.toParallelIR with error ErrorException("type NewvarNode has no field slot")
Done testing kmeans...
testing gemv...
Done testing gemv.
testing transpose...
/tmp/tmpabl5EU/cgen_output58.cpp: In function ‘void pptranspose_tp19811(j2c_array<double>&, j2c_array<double>*)’:
/tmp/tmpabl5EU/cgen_output58.cpp:28:76: error: ‘cblas_domatcopy’ was not declared in this scope
              A.data, A.ARRAYSIZE(1), ppppBp17381p19814.data, A.ARRAYSIZE(2));
                                                                            ^
/tmp/tmpabl5EU/cgen_output58.cpp: In function ‘void pptranspose_tp19811_unaliased(j2c_array<double>&, j2c_array<double>*)’:
/tmp/tmpabl5EU/cgen_output58.cpp:43:76: error: ‘cblas_domatcopy’ was not declared in this scope
              A.data, A.ARRAYSIZE(1), ppppBp17381p19814.data, A.ARRAYSIZE(2));
                                                                            ^
OptFramework failed to optimize function TestTranspose.##transpose_t#19811 in optimization pass ParallelAccelerator.Driver.toCGen with error ErrorException("failed process: Process(`g++ -O3 -fopenmp -std=c++11 -g -fpic -c -o /tmp/tmpabl5EU/cgen_output58.o /tmp/tmpabl5EU/cgen_output58.cpp`, ProcessExited(1)) [1]")
Done testing transpose.
testing vecnorm...
Done testing vecnorm.
Testing broadcast...
test3 C = [1 2 3
 8 10 12]
Done testing broadcast.
iterations = 10000000
SELFPRIMED 2.202344358
checksum: 2.0954821257116845e8
rate = 7.632980445737571e6 opts/sec
SELFTIMED 1.310104234
points = 10000000
SELFPRIMED 1.372093487
pi = 3.141144
SELFTIMED 0.113690583
nframes = 2
filenames = Union{ASCIIString,UTF8String}["small_001.dat","small_002.dat"]
checksums = Float32[80751.35f0,80818.02f0]
Image size: 584x388
ParallelAccelerator.accelerate cannot accelerate function TestOptFlow.Image.downsample_inner due to an unhandled exception of type ErrorException whose value is ErrorException("type NewvarNode has no field slot")
ParallelAccelerator.accelerate cannot accelerate function TestOptFlow.Image.downSample due to an unhandled exception of type ErrorException whose value is ErrorException("type NewvarNode has no field slot")
ParallelAccelerator.accelerate cannot accelerate function TestOptFlow.Image.interpolateFlow due to an unhandled exception of type ErrorException whose value is ErrorException("type NewvarNode has no field slot")
WARNING: Base.String is deprecated, use AbstractString instead.
  likely near /home/vagrant/.julia/v0.4/ParallelAccelerator/test/../examples/opt-flow/opt-flow.jl:217
WARNING: Base.String is deprecated, use AbstractString instead.
  likely near /home/vagrant/.julia/v0.4/ParallelAccelerator/test/../examples/opt-flow/opt-flow.jl:217
WARNING: Base.String is deprecated, use AbstractString instead.
  likely near /home/vagrant/.julia/v0.4/ParallelAccelerator/test/../examples/opt-flow/opt-flow.jl:217
WARNING: Base.String is deprecated, use AbstractString instead.
  likely near /home/vagrant/.julia/v0.4/ParallelAccelerator/test/../examples/opt-flow/opt-flow.jl:217
WARNING: Base.String is deprecated, use AbstractString instead.
  likely near /home/vagrant/.julia/v0.4/ParallelAccelerator/test/../examples/opt-flow/opt-flow.jl:217
ParallelAccelerator.accelerate cannot accelerate function TestOptFlow.Image.warpMotion_inner due to an unhandled exception of type ErrorException whose value is ErrorException("type NewvarNode has no field slot")
ParallelAccelerator.accelerate cannot accelerate function TestOptFlow.Image.warpMotion due to an unhandled exception of type ErrorException whose value is ErrorException("type NewvarNode has no field slot")
ParallelAccelerator.accelerate cannot accelerate function TestOptFlow.multiScaleOpticalFlow due to an unhandled exception of type ErrorException whose value is ErrorException("type NewvarNode has no field slot")
OptFramework failed to optimize function TestOptFlow.##multiFrameOpticalFlow#20901 in optimization pass ParallelAccelerator.Driver.toCGen with error ErrorException("Variable GenSym(73) is not found in Inputs = \ni1, i2, lam, ni, ns, \nStatic Parameters = Base.Zip2{Array{Any,1},Array{Any,1}}(Any[symbol(\"##T#22276\"),symbol(\"##T#22277\"),symbol(\"##T#22278\"),symbol(\"##T#22279\"),symbol(\"##T#22280\"),symbol(\"##T#22281\"),symbol(\"##T#22282\"),symbol(\"##T#22283\"),symbol(\"##T#22284\"),symbol(\"##T#22285\"),symbol(\"##T#22286\"),symbol(\"##T#22287\"),symbol(\"##T#22288\"),symbol(\"##T#22289\"),symbol(\"##T#22290\"),symbol(\"##T#22291\"),symbol(\"##T#22292\"),symbol(\"##T#22293\"),symbol(\"##T#22294\"),symbol(\"##T#22295\"),symbol(\"##T#22296\"),symbol(\"##T#22297\"),symbol(\"##T#22298\"),symbol(\"##T#22299\"),symbol(\"##T#22300\"),symbol(\"##T#22301\"),symbol(\"##T#22302\"),symbol(\"##T#22303\"),symbol(\"##T#22304\"),symbol(\"##T#22305\"),symbol(\"##T#22306\"),symbol(\"##T#22307\"),symbol(\"##T#22308\"),symbol(\"##T#22309\"),symbol(\"##T#22310\"),symbol(\"##T#22311\"),symbol(\"##T#22312\"),symbol(\"##T#22313\"),symbol(\"##T#22314\"),symbol(\"##T#22315\"),symbol(\"##T#22316\"),symbol(\"##T#22317\"),symbol(\"##T#22318\"),symbol(\"##T#22319\"),symbol(\"##T#22320\"),symbol(\"##T#22321\"),symbol(\"##T#22322\"),symbol(\"##T#22323\"),symbol(\"##T#22324\"),symbol(\"##T#22325\"),symbol(\"##T#22326\"),symbol(\"##T#22327\"),symbol(\"##T#22328\"),symbol(\"##T#22329\"),symbol(\"##T#22330\"),symbol(\"##T#22331\"),symbol(\"##T#22332\"),symbol(\"##T#22333\"),symbol(\"##T#22334\"),symbol(\"##T#22335\"),symbol(\"##T#22336\"),symbol(\"##T#22337\"),symbol(\"##T#22338\"),symbol(\"##T#22339\"),symbol(\"##T#22340\"),symbol(\"##T#22341\"),symbol(\"##T#22342\"),symbol(\"##T#22343\"),symbol(\"##T#22344\"),symbol(\"##T#22345\"),symbol(\"##T#22346\")],Any[Union{},Union{},Union{},Union{},Union{},Union{},Union{},Union{},Union{},Union{},Union{},Union{},Union{},Union{},Union{},Union{},Union{},Union{},Union{},Union{},Union{},Union{},Union{},Union{},Union{},Union{},Union{},Union{},Union{},Union{},Union{},Union{},Union{},Union{},Union{},Tuple{Int64,Int64},Tuple{Int64,Int64},Tuple{Int64,Int64},Tuple{Array{Float32,2},Array{Float32,2}},Tuple{Array{Float32,2},Int64},Tuple{Array{Float32,2},Int64},Tuple{Array{Float32,2},Array{Float32,2}},Tuple{Array{Float32,2},Int64},Tuple{Array{Float32,2},Int64},Float64,Float64,Float64,Float32,Float32,Float32,Float32,Float32,Float32,Array{Float32,2},Array{Float32,2},Array{Float32,2},Array{Float32,2},Int64,Int64,Int64,Int64,Int64,Int64,Array{Float32,2},Int64,Array{Float32,2},Int64,Array{Float32,2},Int64,Array{Float32,2},Int64])\nReturn type = Tuple{Array{Float32,2},Array{Float32,2}}\nVarDefs\n    CompilerTools.LambdaHandling.VarDef(:i1,Array{Float32,2},0,-1)\n    CompilerTools.LambdaHandling.VarDef(:i2,Array{Float32,2},0,-1)\n    CompilerTools.LambdaHandling.VarDef(:lam,Float32,0,-1)\n    CompilerTools.LambdaHandling.VarDef(:ni,Int64,0,-1)\n    CompilerTools.LambdaHandling.VarDef(:ns,Int64,0,-1)\n    CompilerTools.LambdaHandling.VarDef(:v,Array{Float32,2},34,-1)\n    CompilerTools.LambdaHandling.VarDef(:u,Array{Float32,2},34,-1)\n    CompilerTools.LambdaHandling.VarDef(:w,Int64,18,-1)\n    CompilerTools.LambdaHandling.VarDef(:h,Int64,18,-1)\n    CompilerTools.LambdaHandling.VarDef(symbol(\"#s269\"),Int64,2,-1)\n    CompilerTools.LambdaHandling.VarDef(:scale,Float32,18,-1)\n    CompilerTools.LambdaHandling.VarDef(:i,Int64,2,-1)\n    CompilerTools.LambdaHandling.VarDef(:cw,Int64,18,-1)\n    CompilerTools.LambdaHandling.VarDef(:ch,Int64,18,-1)\n    CompilerTools.LambdaHandling.VarDef(:si1,Array{Float32,2},18,-1)\n    CompilerTools.LambdaHandling.VarDef(:si2,Array{Float32,2},18,-1)\n    CompilerTools.LambdaHandling.VarDef(symbol(\"#s268\"),Int64,2,-1)\n    CompilerTools.LambdaHandling.VarDef(:wi,Array{Float32,2},2,-1)\n    CompilerTools.LambdaHandling.VarDef(symbol(\"#s265\"),Int64,2,-1)\n    CompilerTools.LambdaHandling.VarDef(:du,Array{Float32,2},18,-1)\n    CompilerTools.LambdaHandling.VarDef(:dv,Array{Float32,2},18,-1)\n    CompilerTools.LambdaHandling.VarDef(symbol(\"#s267\"),Int64,2,-1)\n    CompilerTools.LambdaHandling.VarDef(symbol(\"##ys#21288\"),Tuple{Int64},0,-1)\n    CompilerTools.LambdaHandling.VarDef(symbol(\"##args#21289\"),Tuple{Float64,Float32},0,-1)\n    CompilerTools.LambdaHandling.VarDef(symbol(\"##args#21290\"),Tuple{Float64,Float64},0,-1)\n    CompilerTools.LambdaHandling.VarDef(symbol(\"##args#21291\"),Tuple{Float32,Float32},0,-1)\n    CompilerTools.LambdaHandling.VarDef(symbol(\"##args#21292\"),Tuple{Float32,Float32},0,-1)\n    CompilerTools.LambdaHandling.VarDef(symbol(\"##ys#21293\"),Tuple{Int64},0,-1)\n    CompilerTools.LambdaHandling.VarDef(symbol(\"##dims#21294\"),Tuple{Int64,Int64},0,-1)\n    CompilerTools.LambdaHandling.VarDef(symbol(\"##dims#21295\"),Tuple{Int64,Int64},0,-1)\n    CompilerTools.LambdaHandling.VarDef(symbol(\"##ys#21296\"),Tuple{Int64},0,-1)\n    CompilerTools.LambdaHandling.VarDef(symbol(\"##args#21297\"),Tuple{Int64,Int64},0,-1)\n    CompilerTools.LambdaHandling.VarDef(symbol(\"##args#21298\"),Tuple{Int64,Int64},0,-1)\n    CompilerTools.LambdaHandling.VarDef(symbol(\"\"),Union{},18,0)\n    CompilerTools.LambdaHandling.VarDef(symbol(\"\"),Union{},18,1)\n    CompilerTools.LambdaHandling.VarDef(symbol(\"\"),Union{},18,2)\n    CompilerTools.LambdaHandling.VarDef(symbol(\"\"),Union{},18,3)\n    CompilerTools.LambdaHandling.VarDef(symbol(\"\"),Union{},18,4)\n    CompilerTools.LambdaHandling.VarDef(symbol(\"\"),Union{},18,5)\n    CompilerTools.LambdaHandling.VarDef(symbol(\"\"),Union{},18,6)\n    CompilerTools.LambdaHandling.VarDef(symbol(\"\"),Union{},18,7)\n    CompilerTools.LambdaHandling.VarDef(symbol(\"\"),Union{},18,8)\n    CompilerTools.LambdaHandling.VarDef(symbol(\"\"),Union{},18,9)\n    CompilerTools.LambdaHandling.VarDef(symbol(\"\"),Union{},18,10)\n    CompilerTools.LambdaHandling.VarDef(symbol(\"\"),Union{},18,11)\n    CompilerTools.LambdaHandling.VarDef(symbol(\"\"),Union{},18,12)\n    CompilerTools.LambdaHandling.VarDef(symbol(\"\"),Union{},18,13)\n    CompilerTools.LambdaHandling.VarDef(symbol(\"\"),Union{},18,14)\n    CompilerTools.LambdaHandling.VarDef(symbol(\"\"),Union{},18,15)\n    CompilerTools.LambdaHandling.VarDef(symbol(\"\"),Union{},18,16)\n    CompilerTools.LambdaHandling.VarDef(symbol(\"\"),Union{},18,17)\n    CompilerTools.LambdaHandling.VarDef(symbol(\"\"),Union{},18,18)\n    CompilerTools.LambdaHandling.VarDef(symbol(\"\"),Union{},18,19)\n    CompilerTools.LambdaHandling.VarDef(symbol(\"\"),Union{},18,20)\n    CompilerTools.LambdaHandling.VarDef(symbol(\"\"),Union{},18,21)\n    CompilerTools.LambdaHandling.VarDef(symbol(\"\"),Union{},18,22)\n    CompilerTools.LambdaHandling.VarDef(symbol(\"\"),Union{},18,23)\n    CompilerTools.LambdaHandling.VarDef(symbol(\"\"),Union{},18,24)\n    CompilerTools.LambdaHandling.VarDef(symbol(\"\"),Union{},18,25)\n    CompilerTools.LambdaHandling.VarDef(symbol(\"\"),Union{},18,26)\n    CompilerTools.LambdaHandling.VarDef(symbol(\"\"),Union{},18,27)\n    CompilerTools.LambdaHandling.VarDef(symbol(\"\"),Union{},18,28)\n    CompilerTools.LambdaHandling.VarDef(symbol(\"\"),Union{},18,29)\n    CompilerTools.LambdaHandling.VarDef(symbol(\"\"),Union{},18,30)\n    CompilerTools.LambdaHandling.VarDef(symbol(\"\"),Union{},18,31)\n    CompilerTools.LambdaHandling.VarDef(symbol(\"\"),Union{},18,32)\n    CompilerTools.LambdaHandling.VarDef(symbol(\"\"),Union{},18,33)\n    CompilerTools.LambdaHandling.VarDef(symbol(\"\"),Union{},18,34)\n    CompilerTools.LambdaHandling.VarDef(symbol(\"\"),Tuple{Int64,Int64},18,35)\n    CompilerTools.LambdaHandling.VarDef(symbol(\"\"),Tuple{Int64,Int64},18,36)\n    CompilerTools.LambdaHandling.VarDef(symbol(\"\"),Tuple{Int64,Int64},18,37)\n    CompilerTools.LambdaHandling.VarDef(symbol(\"\"),Tuple{Array{Float32,2},Array{Float32,2}},18,38)\n    CompilerTools.LambdaHandling.VarDef(symbol(\"\"),Tuple{Array{Float32,2},Int64},18,39)\n    CompilerTools.LambdaHandling.VarDef(symbol(\"\"),Tuple{Array{Float32,2},Int64},18,40)\n    CompilerTools.LambdaHandling.VarDef(symbol(\"\"),Tuple{Array{Float32,2},Array{Float32,2}},18,41)\n    CompilerTools.LambdaHandling.VarDef(symbol(\"\"),Tuple{Array{Float32,2},Int64},18,42)\n    CompilerTools.LambdaHandling.VarDef(symbol(\"\"),Tuple{Array{Float32,2},Int64},18,43)\n    CompilerTools.LambdaHandling.VarDef(symbol(\"\"),Float64,18,44)\n    CompilerTools.LambdaHandling.VarDef(symbol(\"\"),Float64,18,45)\n    CompilerTools.LambdaHandling.VarDef(symbol(\"\"),Float64,18,46)\n    CompilerTools.LambdaHandling.VarDef(symbol(\"\"),Float32,18,47)\n    CompilerTools.LambdaHandling.VarDef(symbol(\"\"),Float32,18,48)\n    CompilerTools.LambdaHandling.VarDef(symbol(\"\"),Float32,18,49)\n    CompilerTools.LambdaHandling.VarDef(symbol(\"\"),Float32,18,50)\n    CompilerTools.LambdaHandling.VarDef(symbol(\"\"),Float32,18,51)\n    CompilerTools.LambdaHandling.VarDef(symbol(\"\"),Float32,18,52)\n    CompilerTools.LambdaHandling.VarDef(symbol(\"\"),Array{Float32,2},18,53)\n    CompilerTools.LambdaHandling.VarDef(symbol(\"\"),Array{Float32,2},18,54)\n    CompilerTools.LambdaHandling.VarDef(symbol(\"\"),Array{Float32,2},18,55)\n    CompilerTools.LambdaHandling.VarDef(symbol(\"\"),Array{Float32,2},18,56)\n    CompilerTools.LambdaHandling.VarDef(symbol(\"\"),Int64,18,57)\n    CompilerTools.LambdaHandling.VarDef(symbol(\"\"),Int64,18,58)\n    CompilerTools.LambdaHandling.VarDef(symbol(\"\"),Int64,18,59)\n    CompilerTools.LambdaHandling.VarDef(symbol(\"\"),Int64,18,60)\n    CompilerTools.LambdaHandling.VarDef(symbol(\"\"),Int64,18,61)\n    CompilerTools.LambdaHandling.VarDef(symbol(\"\"),Int64,18,62)\n    CompilerTools.LambdaHandling.VarDef(symbol(\"\"),Array{Float32,2},18,63)\n    CompilerTools.LambdaHandling.VarDef(symbol(\"\"),Int64,18,64)\n    CompilerTools.LambdaHandling.VarDef(symbol(\"\"),Array{Float32,2},18,65)\n    CompilerTools.LambdaHandling.VarDef(symbol(\"\"),Int64,18,66)\n    CompilerTools.LambdaHandling.VarDef(symbol(\"\"),Array{Float32,2},18,67)\n    CompilerTools.LambdaHandling.VarDef(symbol(\"\"),Int64,18,68)\n    CompilerTools.LambdaHandling.VarDef(symbol(\"\"),Array{Float32,2},18,69)\n    CompilerTools.LambdaHandling.VarDef(symbol(\"\"),Int64,18,70)\n")
SELFPRIMED 8.705386185
OptFramework failed to optimize function TestOptFlow.##multiScaleOpticalFlow#20896 in optimization pass ParallelAccelerator.Driver.toParallelIR with error ErrorException("type NewvarNode has no field slot")
OptFramework failed to optimize function TestOptFlow.Image.##downSample#20863 in optimization pass ParallelAccelerator.Driver.toParallelIR with error ErrorException("type NewvarNode has no field slot")
OptFramework failed to optimize function TestOptFlow.Image.##downsample_inner#20858 in optimization pass ParallelAccelerator.Driver.toParallelIR with error ErrorException("type NewvarNode has no field slot")
OptFramework failed to optimize function TestOptFlow.Image.##interpolateFlow#20870 in optimization pass ParallelAccelerator.Driver.toParallelIR with error ErrorException("type NewvarNode has no field slot")
OptFramework failed to optimize function TestOptFlow.Image.##warpMotion#20880 in optimization pass ParallelAccelerator.Driver.toParallelIR with error ErrorException("type NewvarNode has no field slot")
OptFramework failed to optimize function TestOptFlow.Image.##warpMotion_inner#20878 in optimization pass ParallelAccelerator.Driver.toParallelIR with error ErrorException("type NewvarNode has no field slot")
checksum: -286138.94 -210112.47
SELFTIMED 144.02447685
iterations = 30
centers = 5
number of points = 50000
OptFramework failed to optimize function TestKMeans.##kmeans#22966 in optimization pass ParallelAccelerator.Driver.toParallelIR with error ErrorException("type NewvarNode has no field slot")
SELFPRIMED 0.104016858
result = [0.5279407340094501 0.5364938930756377 0.6310299816905816 0.45836859699355126 0.339666617026923
 0.44960354760626786 0.44904734626027343 0.5836156757024941 0.5032732031993229 0.5219720094242649
 0.5244878178370525 0.5500531096848129 0.5294323724152993 0.44068361109398696 0.4517646372056058
 0.7196313692442028 0.2953914267539784 0.5277838422737551 0.25320352654869693 0.7117928432010617
 0.46746493412948054 0.44159423502979894 0.48243388595781744 0.5662951045448783 0.5404879634135519
 0.5435389113073548 0.4879228560983062 0.4960389073217742 0.5051389635938611 0.4821032746284247
 0.5405497659081011 0.6394702751573947 0.373318362719053 0.4632032426385617 0.47698995207027467
 0.4477893181825957 0.4718831628245403 0.5386914886476534 0.5478487726679537 0.5007943408238001
 0.3531942669127299 0.3846329872060033 0.4788559995471785 0.6167418597015089 0.6639451454030842
 0.7450408644568283 0.3325991548598181 0.27496771425482297 0.7253531270256321 0.3756178250824488
 0.5125544753055316 0.5266563804336271 0.46331937144306534 0.5027542475665083 0.49454476213134657
 0.5047892863338896 0.46107221740592097 0.5714467195433023 0.5097073868070982 0.4530358475943326
 0.5158097588556523 0.4430604994385751 0.5920607998832695 0.5087133782572805 0.44044059187095586
 0.48721121578453297 0.6018233661346357 0.3709191236189092 0.4626248922740636 0.5849689767490986
 0.539727226174096 0.6313649280724937 0.4116037097496511 0.4314839887151686 0.48416599124452425
 0.5344181189942298 0.45841773132765196 0.607884555764565 0.5032681028478282 0.38348518173247326
 0.5176406694817295 0.4788250143399846 0.5666826528763327 0.5156473350834904 0.41850978837984737
 0.5363755137386782 0.5179907599031698 0.4985182518367578 0.4939918229909873 0.4590881563200036
 0.5411547585859843 0.43574928044830213 0.5559039152968187 0.4993707758691318 0.4611601167004763
 0.482090816242391 0.5007971594763926 0.5124111595823546 0.5268961601085953 0.48558374207327887]
rate = 1.0334889111012013 iterations/sec
SELFTIMED 29.027887651
ERROR: LoadError: test failed: 0 == 3
 in expression: ParallelAccelerator.get_num_acc_parfors() == 3
 in error at ./error.jl:21
 in default_handler at test.jl:28
 in do_test at test.jl:53
 in include at ./boot.jl:261
 in include_from_node1 at ./loading.jl:333
 in process_options at ./client.jl:280
 in _start at ./client.jl:378
while loading /home/vagrant/.julia/v0.4/ParallelAccelerator/test/runtests.jl, in expression starting on line 86
in -3Hello world!=========================[ ERROR: ParallelAccelerator ]=========================

failed process: Process(`/home/vagrant/julia/bin/julia --check-bounds=yes --code-coverage=none --color=no /home/vagrant/.julia/v0.4/ParallelAccelerator/test/runtests.jl`, ProcessExited(1)) [1]

================================================================================
INFO: Removing BinDeps v0.4.5
INFO: Removing Cairo v0.2.35
INFO: Removing ColorTypes v0.2.12
INFO: Removing ColorVectorSpace v0.1.12
INFO: Removing Colors v0.6.9
INFO: Removing Dates v0.4.4
INFO: Removing FileIO v0.2.1
INFO: Removing FixedPointNumbers v0.2.1
INFO: Removing Graphics v0.1.3
INFO: Removing ImageMagick v0.1.8
INFO: Removing Images v0.5.14
INFO: Removing IniFile v0.2.5
INFO: Removing Reexport v0.0.3
INFO: Removing SHA v0.3.0
INFO: Removing SIUnits v0.1.0
INFO: Removing StatsBase v0.11.1
INFO: Removing TexExtensions v0.0.3
INFO: Removing Tk v0.4.0
INFO: Removing URIParser v0.1.6
INFO: Removing Winston v0.12.1
INFO: Removing Zlib v0.1.12
ERROR: ParallelAccelerator had test errors
 in error at ./error.jl:21
 in test at pkg/entry.jl:803
 in anonymous at pkg/dir.jl:31
 in cd at file.jl:22
 in cd at pkg/dir.jl:31
 in test at pkg.jl:71
 in process_options at ./client.jl:257
 in _start at ./client.jl:378

>>> End of log
