>>> 'Pkg.add("PyProj")' log
INFO: Cloning cache of PyProj from https://github.com/kshramt/PyProj.jl.git
INFO: Installing BinDeps v0.4.2
INFO: Installing Conda v0.2.3
INFO: Installing MacroTools v0.3.0
INFO: Installing PyCall v1.7.0
INFO: Installing PyProj v0.0.1
INFO: Installing SHA v0.2.0
INFO: Installing URIParser v0.1.5
INFO: Building PyCall
WARNING: `@windows` is deprecated, use `@static is_windows()` instead
 in depwarn(::String, ::Symbol) at ./deprecated.jl:64
 in @windows(::Any, ::Any) at ./deprecated.jl:473
 in include_from_node1(::String) at ./loading.jl:426
 in evalfile(::String, ::Array{String,1}) at ./loading.jl:442 (repeats 2 times)
 in cd(::##2#4, ::String) at ./file.jl:59
 in (::##1#3)(::IOStream) at ./none:13
 in open(::##1#3, ::String, ::String) at ./iostream.jl:113
 in eval(::Module, ::Any) at ./boot.jl:234
 in process_options(::Base.JLOptions) at ./client.jl:239
 in _start() at ./client.jl:318
while loading /home/vagrant/.julia/v0.5/PyCall/deps/build.jl, in expression starting on line 17
INFO: No system-wide Python was found; got the following error:
could not spawn `'' -c "import distutils.sysconfig; print(distutils.sysconfig.get_config_var('VERSION'))"`: no such file or directory (ENOENT)
using the Python distribution in the Conda package
Fetching package metadata .......
Solving package specifications: ..........

# All requested packages already installed.
# packages in environment at /home/vagrant/.julia/v0.5/Conda/deps/usr:
#
numpy                     1.10.4                   py27_2  
INFO: PyCall is using /home/vagrant/.julia/v0.5/Conda/deps/usr/bin/python (Python 2.7.12) at /home/vagrant/.julia/v0.5/Conda/deps/usr/bin/python, libpython = /home/vagrant/.julia/v0.5/Conda/deps/usr/lib/libpython2.7.so
INFO: Package database updated

>>> 'Pkg.test("PyProj")' log
Julia Version 0.5.0-rc1+0
Commit cede539 (2016-08-04 08:48 UTC)
Platform Info:
  System: Linux (x86_64-unknown-linux-gnu)
  CPU: Intel(R) Xeon(R) CPU E3-1241 v3 @ 3.50GHz
  WORD_SIZE: 64
           Ubuntu 14.04.5 LTS
  uname: Linux 3.13.0-92-generic #139-Ubuntu SMP Tue Jun 28 20:42:26 UTC 2016 x86_64 x86_64
Memory: 2.4471054077148438 GB (675.9140625 MB free)
Uptime: 13467.0 sec
Load Avg:  1.03466796875  1.0751953125  1.00927734375
Intel(R) Xeon(R) CPU E3-1241 v3 @ 3.50GHz: 
       speed         user         nice          sys         idle          irq
#1  3499 MHz     713092 s       5680 s      80523 s     369173 s         28 s
#2  3499 MHz     251249 s        105 s      41897 s    1005037 s          0 s

  BLAS: libopenblas (USE64BITINT DYNAMIC_ARCH NO_AFFINITY Nehalem)
  LAPACK: libopenblas64_
  LIBM: libopenlibm
  LLVM: libLLVM-3.7.1 (ORCJIT, haswell)
Environment:
  TERM = vt100
  LD_LIBRARY_PATH = :/usr/local/lib/
  PATH = /usr/local/sbin:/usr/local/bin:/usr/sbin:/usr/bin:/sbin:/bin:/usr/games:/usr/local/games:/home/vagrant/julia/bin/
  JAVA_HOME = /usr/lib/jvm/java-7-oracle
  HOME = /home/vagrant

Package Directory: /home/vagrant/.julia/v0.5
2 required packages:
 - JSON                          0.6.0
 - PyProj                        0.0.1
7 additional packages:
 - BinDeps                       0.4.2
 - Compat                        0.8.6
 - Conda                         0.2.3
 - MacroTools                    0.3.0
 - PyCall                        1.7.0
 - SHA                           0.2.0
 - URIParser                     0.1.5
INFO: Testing PyProj
INFO: Recompiling stale cache file /home/vagrant/.julia/lib/v0.5/PyCall.ji for module PyCall.

WARNING: deprecated syntax "global gui::Symbol".
Use "typeassert" instead.

WARNING: deprecated syntax "global gui::Symbol".
Use "typeassert" instead.

WARNING: deprecated syntax "global npy_initialized::Bool".
Use "typeassert" instead.
WARNING: symbol is deprecated, use Symbol instead.
 in depwarn(::String, ::Symbol) at ./deprecated.jl:64
 in symbol(::SubString{String}, ::Vararg{SubString{String},N}) at ./deprecated.jl:30
 in bname(::Symbol) at /home/vagrant/.julia/v0.5/MacroTools/src/match.jl:17
 in allbindings(::Symbol, ::Array{Any,1}) at /home/vagrant/.julia/v0.5/MacroTools/src/macro.jl:1
 in collect_to!(::Array{Array{Any,1},1}, ::Base.Generator{Array{Symbol,1},MacroTools.##1#2{Array{Any,1}}}, ::Int64, ::Int64) at ./array.jl:307
 in collect_to_with_first!(::Array{Array{Any,1},1}, ::Array{Any,1}, ::Base.Generator{Array{Symbol,1},MacroTools.##1#2{Array{Any,1}}}, ::Int64) at ./array.jl:294
 in _collect(::Array{Symbol,1}, ::Base.Generator{Array{Symbol,1},MacroTools.##1#2{Array{Any,1}}}, ::Base.EltypeUnknown, ::Base.HasShape) at ./array.jl:288
 in map(::Function, ::Array{Symbol,1}) at ./abstractarray.jl:1429
 in allbindings(::Expr, ::Array{Any,1}) at /home/vagrant/.julia/v0.5/MacroTools/src/macro.jl:1
 in map(::MacroTools.##1#2{Array{Any,1}}, ::Array{Any,1}) at ./essentials.jl:124
 in allbindings(::Expr, ::Array{Any,1}) at /home/vagrant/.julia/v0.5/MacroTools/src/macro.jl:1
 in map(::MacroTools.##1#2{Array{Any,1}}, ::Array{Any,1}) at ./essentials.jl:124
 in allbindings(::Expr, ::Array{Any,1}) at /home/vagrant/.julia/v0.5/MacroTools/src/macro.jl:1
 in allbindings(::Expr) at /home/vagrant/.julia/v0.5/MacroTools/src/macro.jl:10
 in @capture(::Any, ::Any) at /home/vagrant/.julia/v0.5/MacroTools/src/macro.jl:53
 in include_from_node1(::String) at ./loading.jl:426 (repeats 2 times)
 in macro expansion; at ./none:2 [inlined]
 in anonymous at ./<missing>:?
 in eval(::Module, ::Any) at ./boot.jl:234
 in process_options(::Base.JLOptions) at ./client.jl:239
 in _start() at ./client.jl:318
while loading /home/vagrant/.julia/v0.5/PyCall/src/pyclass.jl, in expression starting on line 45

WARNING: deprecated syntax "global pyio_initialized::Bool".
Use "typeassert" instead.
WARNING: error while reinitializing value Base._array_for(...):
OutOfMemoryError()
WARNING: error while reinitializing value Base._array_for(...):
OutOfMemoryError()
WARNING: error while reinitializing value Base._array_for(...):
OutOfMemoryError()
INFO: Installing pyproj via the Conda pyproj package...
Fetching package metadata .......
Solving package specifications: ..........

Package plan for installation in environment /home/vagrant/.julia/v0.5/Conda/deps/usr:

The following packages will be downloaded:

    package                    |            build
    ---------------------------|-----------------
    pyproj-1.9.5.1             |           py27_0         3.3 MB

The following NEW packages will be INSTALLED:

    pyproj: 1.9.5.1-py27_0

Fetching packages ...
pyproj-1.9.5.1   0% |                              | ETA:  --:--:--   0.00  B/spyproj-1.9.5.1   1% |                               | ETA:  0:00:02   1.22 MB/spyproj-1.9.5.1   2% |                               | ETA:  0:00:01   1.83 MB/spyproj-1.9.5.1   4% |#                              | ETA:  0:00:01   1.87 MB/spyproj-1.9.5.1   5% |#                              | ETA:  0:00:01   2.14 MB/spyproj-1.9.5.1   7% |##                             | ETA:  0:00:01   2.35 MB/spyproj-1.9.5.1   8% |##                             | ETA:  0:00:01   2.78 MB/spyproj-1.9.5.1   9% |###                            | ETA:  0:00:01   2.90 MB/spyproj-1.9.5.1  11% |###                            | ETA:  0:00:01   3.00 MB/spyproj-1.9.5.1  12% |###                            | ETA:  0:00:00   3.35 MB/spyproj-1.9.5.1  14% |####                           | ETA:  0:00:00   3.40 MB/spyproj-1.9.5.1  15% |####                           | ETA:  0:00:00   3.45 MB/spyproj-1.9.5.1  17% |#####                          | ETA:  0:00:00   3.74 MB/spyproj-1.9.5.1  18% |#####                          | ETA:  0:00:00   4.03 MB/spyproj-1.9.5.1  19% |######                         | ETA:  0:00:00   4.03 MB/spyproj-1.9.5.1  21% |######                         | ETA:  0:00:00   4.30 MB/spyproj-1.9.5.1  22% |#######                        | ETA:  0:00:00   4.33 MB/spyproj-1.9.5.1  24% |#######                        | ETA:  0:00:00   4.49 MB/spyproj-1.9.5.1  25% |#######                        | ETA:  0:00:00   4.73 MB/spyproj-1.9.5.1  27% |########                       | ETA:  0:00:00   4.78 MB/spyproj-1.9.5.1  28% |########                       | ETA:  0:00:00   4.91 MB/spyproj-1.9.5.1  29% |#########                      | ETA:  0:00:00   5.14 MB/spyproj-1.9.5.1  31% |#########                      | ETA:  0:00:00   5.09 MB/spyproj-1.9.5.1  32% |##########                     | ETA:  0:00:00   5.28 MB/spyproj-1.9.5.1  34% |##########                     | ETA:  0:00:00   5.50 MB/spyproj-1.9.5.1  35% |###########                    | ETA:  0:00:00   5.56 MB/spyproj-1.9.5.1  36% |###########                    | ETA:  0:00:00   5.66 MB/spyproj-1.9.5.1  38% |###########                    | ETA:  0:00:00   5.85 MB/spyproj-1.9.5.1  39% |############                   | ETA:  0:00:00   6.05 MB/spyproj-1.9.5.1  41% |############                   | ETA:  0:00:00   6.08 MB/spyproj-1.9.5.1  42% |#############                  | ETA:  0:00:00   6.19 MB/spyproj-1.9.5.1  44% |#############                  | ETA:  0:00:00   6.36 MB/spyproj-1.9.5.1  45% |##############                 | ETA:  0:00:00   6.54 MB/spyproj-1.9.5.1  46% |##############                 | ETA:  0:00:00   6.56 MB/spyproj-1.9.5.1  48% |##############                 | ETA:  0:00:00   6.73 MB/spyproj-1.9.5.1  49% |###############                | ETA:  0:00:00   6.74 MB/spyproj-1.9.5.1  51% |###############                | ETA:  0:00:00   6.91 MB/spyproj-1.9.5.1  52% |################               | ETA:  0:00:00   7.08 MB/spyproj-1.9.5.1  54% |################               | ETA:  0:00:00   7.17 MB/spyproj-1.9.5.1  55% |#################              | ETA:  0:00:00   7.33 MB/spyproj-1.9.5.1  56% |#################              | ETA:  0:00:00   7.44 MB/spyproj-1.9.5.1  58% |##################             | ETA:  0:00:00   7.54 MB/spyproj-1.9.5.1  59% |##################             | ETA:  0:00:00   7.69 MB/spyproj-1.9.5.1  61% |##################             | ETA:  0:00:00   7.77 MB/spyproj-1.9.5.1  62% |###################            | ETA:  0:00:00   7.90 MB/spyproj-1.9.5.1  63% |###################            | ETA:  0:00:00   8.03 MB/spyproj-1.9.5.1  65% |####################           | ETA:  0:00:00   8.16 MB/spyproj-1.9.5.1  66% |####################           | ETA:  0:00:00   8.19 MB/spyproj-1.9.5.1  68% |#####################          | ETA:  0:00:00   8.34 MB/spyproj-1.9.5.1  69% |#####################          | ETA:  0:00:00   8.42 MB/spyproj-1.9.5.1  71% |######################         | ETA:  0:00:00   8.57 MB/spyproj-1.9.5.1  72% |######################         | ETA:  0:00:00   8.72 MB/spyproj-1.9.5.1  73% |######################         | ETA:  0:00:00   8.83 MB/spyproj-1.9.5.1  75% |#######################        | ETA:  0:00:00   8.97 MB/spyproj-1.9.5.1  76% |#######################        | ETA:  0:00:00   9.05 MB/spyproj-1.9.5.1  78% |########################       | ETA:  0:00:00   9.20 MB/spyproj-1.9.5.1  79% |########################       | ETA:  0:00:00   9.22 MB/spyproj-1.9.5.1  81% |#########################      | ETA:  0:00:00   9.35 MB/spyproj-1.9.5.1  82% |#########################      | ETA:  0:00:00   9.48 MB/spyproj-1.9.5.1  83% |#########################      | ETA:  0:00:00   9.57 MB/spyproj-1.9.5.1  85% |##########################     | ETA:  0:00:00   9.71 MB/spyproj-1.9.5.1  86% |##########################     | ETA:  0:00:00   9.86 MB/spyproj-1.9.5.1  88% |###########################    | ETA:  0:00:00   9.95 MB/spyproj-1.9.5.1  89% |###########################    | ETA:  0:00:00  10.08 MB/spyproj-1.9.5.1  90% |############################   | ETA:  0:00:00  10.12 MB/spyproj-1.9.5.1  92% |############################   | ETA:  0:00:00  10.24 MB/spyproj-1.9.5.1  93% |#############################  | ETA:  0:00:00  10.35 MB/spyproj-1.9.5.1  95% |#############################  | ETA:  0:00:00  10.43 MB/spyproj-1.9.5.1  96% |#############################  | ETA:  0:00:00  10.56 MB/spyproj-1.9.5.1  98% |############################## | ETA:  0:00:00  10.69 MB/spyproj-1.9.5.1  99% |############################## | ETA:  0:00:00  10.80 MB/spyproj-1.9.5.1 100% |###############################| Time: 0:00:00  10.84 MB/s
Extracting packages ...
[                    ]|                                                  |   0%[pyproj              ]|                                                  |   0%[      COMPLETE      ]|##################################################| 100%
Linking packages ...
[      COMPLETE      ]|                                                  |   0%[pyproj              ]|                                                  |   0%[pyproj              ]|                                                  |   0%[      COMPLETE      ]|##################################################| 100%
INFO: PyProj tests passed

>>> End of log
