>>> 'Pkg.add("RouletteWheels")' log
INFO: Cloning cache of RouletteWheels from https://github.com/jbn/RouletteWheels.jl.git
INFO: Installing RouletteWheels v0.0.5
INFO: Package database updated

>>> 'Pkg.test("RouletteWheels")' log
Julia Version 0.5.0-dev+5456
Commit a1fbb84 (2016-07-16 21:33 UTC)
Platform Info:
  System: Linux (x86_64-unknown-linux-gnu)
  CPU: Intel(R) Xeon(R) CPU E3-1241 v3 @ 3.50GHz
  WORD_SIZE: 64
  BLAS: libopenblas (USE64BITINT DYNAMIC_ARCH NO_AFFINITY Nehalem)
  LAPACK: libopenblas64_
  LIBM: libopenlibm
  LLVM: libLLVM-3.7.1 (ORCJIT, haswell)
INFO: Computing test dependencies for RouletteWheels...
INFO: Installing Distributions v0.9.0
INFO: Installing FactCheck v0.4.3
INFO: Installing PDMats v0.4.2
INFO: Installing StatsBase v0.8.3
INFO: Installing StatsFuns v0.2.2
INFO: Testing RouletteWheels

WARNING: deprecated syntax "(eltype(wheel.key_vector)=>Int)[a=>b for (a,b) in c]" at /home/vagrant/.julia/v0.5/RouletteWheels/src/RouletteWheels.jl:231.
Use "Dict{eltype(wheel.key_vector),Int}(a=>b for (a,b) in c)" instead.

WARNING: deprecated syntax "(eltype(wheel.key_vector)=>Int)[a=>b for (a,b) in c]" at /home/vagrant/.julia/v0.5/RouletteWheels/src/RouletteWheels.jl:231.
Use "Dict{eltype(wheel.key_vector),Int}(a=>b for (a,b) in c)" instead.

WARNING: deprecated syntax "[a=>b for (a,b) in c]".
Use "Dict(a=>b for (a,b) in c)" instead.
INFO: Recompiling stale cache file /home/vagrant/.julia/lib/v0.5/StatsFuns.ji for module StatsFuns.
INFO: Recompiling stale cache file /home/vagrant/.julia/lib/v0.5/Distributions.ji for module Distributions.
INFO: Recompiling stale cache file /home/vagrant/.julia/lib/v0.5/StatsBase.ji for module StatsBase.
A RouletteWheel
  > iterates over the underlying frequency
  > samples in proportion to the given frequency
    Error :: (line:272) :: samples in proportion to the given frequency
      Expression: in_ci(algo(freqs),10000) --> true
      error compiling in_ci: error compiling _quantile!: could not load library "libRmath-julia"
      libRmath-julia.so: cannot open shared object file: No such file or directory
       in do_fact(::##7#24{Array{Int64,1}}, ::Expr, ::Symbol, ::FactCheck.ResultMetadata) at /home/vagrant/.julia/v0.5/FactCheck/src/FactCheck.jl:334
       in macro expansion at /home/vagrant/.julia/v0.5/FactCheck/src/FactCheck.jl:272 [inlined]
       in (::##5#22)() at /home/vagrant/.julia/v0.5/RouletteWheels/test/runtests.jl:34
       in context(::##5#22, ::String) at /home/vagrant/.julia/v0.5/FactCheck/src/FactCheck.jl:475
       in (::##1#18)() at /home/vagrant/.julia/v0.5/RouletteWheels/test/runtests.jl:31
       in facts(::##1#18, ::String) at /home/vagrant/.julia/v0.5/FactCheck/src/FactCheck.jl:449
       in include_from_node1(::String) at ./loading.jl:426
       in process_options(::Base.JLOptions) at ./client.jl:262
       in _start() at ./client.jl:318
    Error :: (line:272) :: samples in proportion to the given frequency
      Expression: in_ci(algo(freqs),10000) --> true
      error compiling in_ci: error compiling _quantile!: could not load library "libRmath-julia"
      libRmath-julia.so: cannot open shared object file: No such file or directory
       in do_fact(::##7#24{Array{Int64,1}}, ::Expr, ::Symbol, ::FactCheck.ResultMetadata) at /home/vagrant/.julia/v0.5/FactCheck/src/FactCheck.jl:334
       in macro expansion at /home/vagrant/.julia/v0.5/FactCheck/src/FactCheck.jl:272 [inlined]
       in (::##5#22)() at /home/vagrant/.julia/v0.5/RouletteWheels/test/runtests.jl:34
       in context(::##5#22, ::String) at /home/vagrant/.julia/v0.5/FactCheck/src/FactCheck.jl:475
       in (::##1#18)() at /home/vagrant/.julia/v0.5/RouletteWheels/test/runtests.jl:31
       in facts(::##1#18, ::String) at /home/vagrant/.julia/v0.5/FactCheck/src/FactCheck.jl:449
       in include_from_node1(::String) at ./loading.jl:426
       in process_options(::Base.JLOptions) at ./client.jl:262
       in _start() at ./client.jl:318
    Error :: (line:272) :: samples in proportion to the given frequency
      Expression: in_ci(algo(freqs),10000) --> true
      error compiling in_ci: error compiling _quantile!: could not load library "libRmath-julia"
      libRmath-julia.so: cannot open shared object file: No such file or directory
       in do_fact(::##7#24{Array{Int64,1}}, ::Expr, ::Symbol, ::FactCheck.ResultMetadata) at /home/vagrant/.julia/v0.5/FactCheck/src/FactCheck.jl:334
       in macro expansion at /home/vagrant/.julia/v0.5/FactCheck/src/FactCheck.jl:272 [inlined]
       in (::##5#22)() at /home/vagrant/.julia/v0.5/RouletteWheels/test/runtests.jl:34
       in context(::##5#22, ::String) at /home/vagrant/.julia/v0.5/FactCheck/src/FactCheck.jl:475
       in (::##1#18)() at /home/vagrant/.julia/v0.5/RouletteWheels/test/runtests.jl:31
       in facts(::##1#18, ::String) at /home/vagrant/.julia/v0.5/FactCheck/src/FactCheck.jl:449
       in include_from_node1(::String) at ./loading.jl:426
       in process_options(::Base.JLOptions) at ./client.jl:262
       in _start() at ./client.jl:318
  > samples in proportion to the given proportion
    Error :: (line:272) :: samples in proportion to the given proportion
      Expression: in_ci(algo(ps),10000) --> true
      error compiling in_ci: error compiling _quantile!: could not load library "libRmath-julia"
      libRmath-julia.so: cannot open shared object file: No such file or directory
       in do_fact(::##10#27, ::Expr, ::Symbol, ::FactCheck.ResultMetadata) at /home/vagrant/.julia/v0.5/FactCheck/src/FactCheck.jl:334
       in macro expansion at /home/vagrant/.julia/v0.5/FactCheck/src/FactCheck.jl:272 [inlined]
       in (::##8#25)() at /home/vagrant/.julia/v0.5/RouletteWheels/test/runtests.jl:42
       in context(::##8#25, ::String) at /home/vagrant/.julia/v0.5/FactCheck/src/FactCheck.jl:475
       in (::##1#18)() at /home/vagrant/.julia/v0.5/RouletteWheels/test/runtests.jl:38
       in facts(::##1#18, ::String) at /home/vagrant/.julia/v0.5/FactCheck/src/FactCheck.jl:449
       in include_from_node1(::String) at ./loading.jl:426
       in process_options(::Base.JLOptions) at ./client.jl:262
       in _start() at ./client.jl:318
    Error :: (line:272) :: samples in proportion to the given proportion
      Expression: in_ci(algo(ps),10000) --> true
      error compiling in_ci: error compiling _quantile!: could not load library "libRmath-julia"
      libRmath-julia.so: cannot open shared object file: No such file or directory
       in do_fact(::##10#27, ::Expr, ::Symbol, ::FactCheck.ResultMetadata) at /home/vagrant/.julia/v0.5/FactCheck/src/FactCheck.jl:334
       in macro expansion at /home/vagrant/.julia/v0.5/FactCheck/src/FactCheck.jl:272 [inlined]
       in (::##8#25)() at /home/vagrant/.julia/v0.5/RouletteWheels/test/runtests.jl:42
       in context(::##8#25, ::String) at /home/vagrant/.julia/v0.5/FactCheck/src/FactCheck.jl:475
       in (::##1#18)() at /home/vagrant/.julia/v0.5/RouletteWheels/test/runtests.jl:38
       in facts(::##1#18, ::String) at /home/vagrant/.julia/v0.5/FactCheck/src/FactCheck.jl:449
       in include_from_node1(::String) at ./loading.jl:426
       in process_options(::Base.JLOptions) at ./client.jl:262
       in _start() at ./client.jl:318
    Error :: (line:272) :: samples in proportion to the given proportion
      Expression: in_ci(algo(ps),10000) --> true
      error compiling in_ci: error compiling _quantile!: could not load library "libRmath-julia"
      libRmath-julia.so: cannot open shared object file: No such file or directory
       in do_fact(::##10#27, ::Expr, ::Symbol, ::FactCheck.ResultMetadata) at /home/vagrant/.julia/v0.5/FactCheck/src/FactCheck.jl:334
       in macro expansion at /home/vagrant/.julia/v0.5/FactCheck/src/FactCheck.jl:272 [inlined]
       in (::##8#25)() at /home/vagrant/.julia/v0.5/RouletteWheels/test/runtests.jl:42
       in context(::##8#25, ::String) at /home/vagrant/.julia/v0.5/FactCheck/src/FactCheck.jl:475
       in (::##1#18)() at /home/vagrant/.julia/v0.5/RouletteWheels/test/runtests.jl:38
       in facts(::##1#18, ::String) at /home/vagrant/.julia/v0.5/FactCheck/src/FactCheck.jl:449
       in include_from_node1(::String) at ./loading.jl:426
       in process_options(::Base.JLOptions) at ./client.jl:262
       in _start() at ./client.jl:318
  > allows for push! given a normalize!
    Error :: (line:272) :: allows for push! given a normalize!
      Expression: in_ci(wheel,10000) --> true
      error compiling in_ci: error compiling _quantile!: could not load library "libRmath-julia"
      libRmath-julia.so: cannot open shared object file: No such file or directory
       in do_fact(::##17#34, ::Expr, ::Symbol, ::FactCheck.ResultMetadata) at /home/vagrant/.julia/v0.5/FactCheck/src/FactCheck.jl:334
       in macro expansion at /home/vagrant/.julia/v0.5/FactCheck/src/FactCheck.jl:272 [inlined]
       in (::##11#28)() at /home/vagrant/.julia/v0.5/RouletteWheels/test/runtests.jl:56
       in context(::##11#28, ::String) at /home/vagrant/.julia/v0.5/FactCheck/src/FactCheck.jl:475
       in (::##1#18)() at /home/vagrant/.julia/v0.5/RouletteWheels/test/runtests.jl:46
       in facts(::##1#18, ::String) at /home/vagrant/.julia/v0.5/FactCheck/src/FactCheck.jl:449
       in include_from_node1(::String) at ./loading.jl:426
       in process_options(::Base.JLOptions) at ./client.jl:262
       in _start() at ./client.jl:318
    Error :: (line:272) :: allows for push! given a normalize!
      Expression: in_ci(wheel,10000) --> true
      error compiling in_ci: error compiling _quantile!: could not load library "libRmath-julia"
      libRmath-julia.so: cannot open shared object file: No such file or directory
       in do_fact(::##17#34, ::Expr, ::Symbol, ::FactCheck.ResultMetadata) at /home/vagrant/.julia/v0.5/FactCheck/src/FactCheck.jl:334
       in macro expansion at /home/vagrant/.julia/v0.5/FactCheck/src/FactCheck.jl:272 [inlined]
       in (::##11#28)() at /home/vagrant/.julia/v0.5/RouletteWheels/test/runtests.jl:56
       in context(::##11#28, ::String) at /home/vagrant/.julia/v0.5/FactCheck/src/FactCheck.jl:475
       in (::##1#18)() at /home/vagrant/.julia/v0.5/RouletteWheels/test/runtests.jl:46
       in facts(::##1#18, ::String) at /home/vagrant/.julia/v0.5/FactCheck/src/FactCheck.jl:449
       in include_from_node1(::String) at ./loading.jl:426
       in process_options(::Base.JLOptions) at ./client.jl:262
       in _start() at ./client.jl:318
    Error :: (line:272) :: allows for push! given a normalize!
      Expression: in_ci(wheel,10000) --> true
      error compiling in_ci: error compiling _quantile!: could not load library "libRmath-julia"
      libRmath-julia.so: cannot open shared object file: No such file or directory
       in do_fact(::##17#34, ::Expr, ::Symbol, ::FactCheck.ResultMetadata) at /home/vagrant/.julia/v0.5/FactCheck/src/FactCheck.jl:334
       in macro expansion at /home/vagrant/.julia/v0.5/FactCheck/src/FactCheck.jl:272 [inlined]
       in (::##11#28)() at /home/vagrant/.julia/v0.5/RouletteWheels/test/runtests.jl:56
       in context(::##11#28, ::String) at /home/vagrant/.julia/v0.5/FactCheck/src/FactCheck.jl:475
       in (::##1#18)() at /home/vagrant/.julia/v0.5/RouletteWheels/test/runtests.jl:46
       in facts(::##1#18, ::String) at /home/vagrant/.julia/v0.5/FactCheck/src/FactCheck.jl:449
       in include_from_node1(::String) at ./loading.jl:426
       in process_options(::Base.JLOptions) at ./client.jl:262
       in _start() at ./client.jl:318
Out of 18 total facts:
  Verified: 9
  Errored:  9
The WheelFromDict wrapper
  > samples underlying values instead of an index
10 facts verified.
The select_fastest function
  > selects the fastest wheel over some proportions
2 facts verified.
INFO: RouletteWheels tests passed
INFO: Removing Distributions v0.9.0
INFO: Removing FactCheck v0.4.3
INFO: Removing PDMats v0.4.2
INFO: Removing StatsBase v0.8.3
INFO: Removing StatsFuns v0.2.2

>>> End of log
