>>> 'Pkg.add("StatsModels")' log
INFO: Cloning cache of StatsModels from https://github.com/JuliaStats/StatsModels.jl.git
INFO: Installing CategoricalArrays v0.1.1
INFO: Installing DataArrays v0.3.12
INFO: Installing DataFrames v0.8.5
INFO: Installing DataStructures v0.5.3
INFO: Installing FileIO v0.3.0
INFO: Installing GZip v0.2.20
INFO: Installing Hiccup v0.1.1
INFO: Installing Juno v0.2.6
INFO: Installing MacroTools v0.3.4
INFO: Installing Media v0.2.5
INFO: Installing NullableArrays v0.1.0
INFO: Installing Reexport v0.0.3
INFO: Installing SortingAlgorithms v0.1.0
INFO: Installing SpecialFunctions v0.1.1
INFO: Installing StatsBase v0.13.1
INFO: Installing StatsModels v0.0.1
INFO: Package database updated
INFO: METADATA is out-of-date â€” you may not have the latest version of StatsModels
INFO: Use `Pkg.update()` to get the latest versions of your packages

>>> 'Pkg.test("StatsModels")' log
Julia Version 0.5.0
Commit 3c9d753 (2016-09-19 18:14 UTC)
Platform Info:
  System: Linux (x86_64-pc-linux-gnu)
  CPU: Intel(R) Xeon(R) CPU E3-1241 v3 @ 3.50GHz
  WORD_SIZE: 64
           Ubuntu 14.04.5 LTS
  uname: Linux 3.13.0-109-generic #156-Ubuntu SMP Wed Feb 8 16:09:17 UTC 2017 x86_64 x86_64
Memory: 2.9392738342285156 GB (980.23046875 MB free)
Uptime: 33227.0 sec
Load Avg:  0.98193359375  0.9853515625  1.0029296875
Intel(R) Xeon(R) CPU E3-1241 v3 @ 3.50GHz: 
       speed         user         nice          sys         idle          irq
#1  3501 MHz    1938591 s       3005 s     198609 s     788707 s        145 s
#2  3501 MHz     622026 s       3648 s     105073 s    2469512 s          4 s

  BLAS: libopenblas (USE64BITINT DYNAMIC_ARCH NO_AFFINITY Nehalem)
  LAPACK: libopenblas64_
  LIBM: libopenlibm
  LLVM: libLLVM-3.7.1 (ORCJIT, haswell)
Environment:
  TERM = vt100
  LD_LIBRARY_PATH = :/usr/local/lib/
  PATH = /usr/local/sbin:/usr/local/bin:/usr/sbin:/usr/bin:/sbin:/bin:/usr/games:/usr/local/games:/home/vagrant/julia/bin/
  JAVA_HOME = /usr/lib/jvm/java-7-oracle
  HOME = /home/vagrant

Package Directory: /home/vagrant/.julia/v0.5
2 required packages:
 - JSON                          0.8.3
 - StatsModels                   0.0.1
16 additional packages:
 - CategoricalArrays             0.1.1
 - Compat                        0.19.0
 - DataArrays                    0.3.12
 - DataFrames                    0.8.5
 - DataStructures                0.5.3
 - FileIO                        0.3.0
 - GZip                          0.2.20
 - Hiccup                        0.1.1
 - Juno                          0.2.6
 - MacroTools                    0.3.4
 - Media                         0.2.5
 - NullableArrays                0.1.0
 - Reexport                      0.0.3
 - SortingAlgorithms             0.1.0
 - SpecialFunctions              0.1.1
 - StatsBase                     0.13.1
INFO: Testing StatsModels
Running tests:
	[1m[32mPASSED[0m: formula.jl
WARNING: both CategoricalArrays and DataFrames export "levels"; uses of it in module StatsModels must be qualified
	[1m[31mFAILED[0m: modelmatrix.jl
LoadError: UndefVarError: NullableCategoricalArray not defined
 in macro expansion; at /home/vagrant/.julia/v0.5/StatsModels/test/runtests.jl:24 [inlined]
 in anonymous at ./<missing>:?
 in include_from_node1(::String) at ./loading.jl:488
 in process_options(::Base.JLOptions) at ./client.jl:262
 in _start() at ./client.jl:318
while loading /home/vagrant/.julia/v0.5/StatsModels/test/modelmatrix.jl, in expression starting on line 43
WARNING: both DataFrames and StatsModels export "ModelMatrix"; uses of it in module TestStatsModels must be qualified
WARNING: both DataFrames and StatsModels export "ModelFrame"; uses of it in module TestStatsModels must be qualified
	[1m[31mFAILED[0m: statsmodel.jl
LoadError: UndefVarError: ModelMatrix not defined
 in macro expansion; at /home/vagrant/.julia/v0.5/StatsModels/test/runtests.jl:24 [inlined]
 in anonymous at ./<missing>:?
 in include_from_node1(::String) at ./loading.jl:488
 in process_options(::Base.JLOptions) at ./client.jl:262
 in _start() at ./client.jl:318
while loading /home/vagrant/.julia/v0.5/StatsModels/test/statsmodel.jl, in expression starting on line 47
	[1m[31mFAILED[0m: contrasts.jl
LoadError: UndefVarError: CategoricalVector not defined
 in macro expansion; at /home/vagrant/.julia/v0.5/StatsModels/test/runtests.jl:24 [inlined]
 in anonymous at ./<missing>:?
 in include_from_node1(::String) at ./loading.jl:488
 in process_options(::Base.JLOptions) at ./client.jl:262
 in _start() at ./client.jl:318
while loading /home/vagrant/.julia/v0.5/StatsModels/test/contrasts.jl, in expression starting on line 8
ERROR: LoadError: "Tests failed"
 in include_from_node1(::String) at ./loading.jl:488
 in process_options(::Base.JLOptions) at ./client.jl:262
 in _start() at ./client.jl:318
while loading /home/vagrant/.julia/v0.5/StatsModels/test/runtests.jl, in expression starting on line 31
=============================[ ERROR: StatsModels ]=============================

failed process: Process(`/home/vagrant/julia/bin/julia -Cx86-64 -J/home/vagrant/julia/lib/julia/sys.so --compile=yes --depwarn=yes --check-bounds=yes --code-coverage=none --color=no --compilecache=yes /home/vagrant/.julia/v0.5/StatsModels/test/runtests.jl`, ProcessExited(1)) [1]

================================================================================
ERROR: StatsModels had test errors
 in #test#61(::Bool, ::Function, ::Array{AbstractString,1}) at ./pkg/entry.jl:740
 in (::Base.Pkg.Entry.#kw##test)(::Array{Any,1}, ::Base.Pkg.Entry.#test, ::Array{AbstractString,1}) at ./<missing>:0
 in (::Base.Pkg.Dir.##2#3{Array{Any,1},Base.Pkg.Entry.#test,Tuple{Array{AbstractString,1}}})() at ./pkg/dir.jl:31
 in cd(::Base.Pkg.Dir.##2#3{Array{Any,1},Base.Pkg.Entry.#test,Tuple{Array{AbstractString,1}}}, ::String) at ./file.jl:59
 in #cd#1(::Array{Any,1}, ::Function, ::Function, ::Array{AbstractString,1}, ::Vararg{Array{AbstractString,1},N}) at ./pkg/dir.jl:31
 in (::Base.Pkg.Dir.#kw##cd)(::Array{Any,1}, ::Base.Pkg.Dir.#cd, ::Function, ::Array{AbstractString,1}, ::Vararg{Array{AbstractString,1},N}) at ./<missing>:0
 in #test#3(::Bool, ::Function, ::String, ::Vararg{String,N}) at ./pkg/pkg.jl:258
 in test(::String, ::Vararg{String,N}) at ./pkg/pkg.jl:258
 in eval(::Module, ::Any) at ./boot.jl:234
 in process_options(::Base.JLOptions) at ./client.jl:239
 in _start() at ./client.jl:318

>>> End of log
