>>> 'Pkg.add("StreamStats")' log
INFO: Cloning cache of StreamStats from https://github.com/johnmyleswhite/StreamStats.jl.git
INFO: Installing ArrayViews v0.6.4
INFO: Installing Distributions v0.9.0
INFO: Installing PDMats v0.4.1
INFO: Installing StatsBase v0.8.1
INFO: Installing StatsFuns v0.2.2
INFO: Installing StreamStats v0.0.2
INFO: Package database updated

>>> 'Pkg.test("StreamStats")' log
Julia Version 0.5.0-dev+4602
Commit f7137f6* (2016-06-08 21:59 UTC)
Platform Info:
  System: Linux (x86_64-unknown-linux-gnu)
  CPU: Intel(R) Xeon(R) CPU E3-1241 v3 @ 3.50GHz
  WORD_SIZE: 64
  BLAS: libopenblas (USE64BITINT DYNAMIC_ARCH NO_AFFINITY Nehalem)
  LAPACK: libopenblas64_
  LIBM: libopenlibm
  LLVM: libLLVM-3.7.1 (ORCJIT, haswell)
INFO: Testing StreamStats
Running tests:
ERROR: LoadError: LoadError: UndefVarError: varzm not defined
 in include_from_node1(::String) at ./loading.jl:426 (repeats 2 times)
 in macro expansion; at ./none:2 [inlined]
 in anonymous at ./<missing>:?
 in eval(::Module, ::Any) at ./boot.jl:225
 in process_options(::Base.JLOptions) at ./client.jl:243
 in _start() at ./client.jl:322
while loading /home/vagrant/.julia/v0.5/StatsBase/src/moments.jl, in expression starting on line 5
while loading /home/vagrant/.julia/v0.5/StatsBase/src/StatsBase.jl, in expression starting on line 183
	[1m[31mFAILED[0m: mean.jl
LoadError: LoadError: Failed to precompile StatsBase to /home/vagrant/.julia/lib/v0.5/StatsBase.ji
 in macro expansion; at /home/vagrant/.julia/v0.5/StreamStats/test/runtests.jl:41 [inlined]
 in anonymous at ./<missing>:?
 in include_from_node1(::String) at ./loading.jl:426
 in process_options(::Base.JLOptions) at ./client.jl:266
 in _start() at ./client.jl:322
while loading /home/vagrant/.julia/v0.5/StreamStats/src/StreamStats.jl, in expression starting on line 2
while loading /home/vagrant/.julia/v0.5/StreamStats/test/mean.jl, in expression starting on line 2
ERROR: LoadError: LoadError: UndefVarError: varzm not defined
 in include_from_node1(::String) at ./loading.jl:426 (repeats 2 times)
 in macro expansion; at ./none:2 [inlined]
 in anonymous at ./<missing>:?
 in eval(::Module, ::Any) at ./boot.jl:225
 in process_options(::Base.JLOptions) at ./client.jl:243
 in _start() at ./client.jl:322
while loading /home/vagrant/.julia/v0.5/StatsBase/src/moments.jl, in expression starting on line 5
while loading /home/vagrant/.julia/v0.5/StatsBase/src/StatsBase.jl, in expression starting on line 183
ERROR: LoadError: Failed to precompile StatsBase to /home/vagrant/.julia/lib/v0.5/StatsBase.ji
 in compilecache(::String) at ./loading.jl:505
 in require(::Symbol) at ./loading.jl:337
 in include_from_node1(::String) at ./loading.jl:426
 in macro expansion; at ./none:2 [inlined]
 in anonymous at ./<missing>:?
 in eval(::Module, ::Any) at ./boot.jl:225
 in process_options(::Base.JLOptions) at ./client.jl:243
 in _start() at ./client.jl:322
while loading /home/vagrant/.julia/v0.5/Distributions/src/Distributions.jl, in expression starting on line 7
	[1m[31mFAILED[0m: var.jl
LoadError: Failed to precompile Distributions to /home/vagrant/.julia/lib/v0.5/Distributions.ji
 in macro expansion; at /home/vagrant/.julia/v0.5/StreamStats/test/runtests.jl:41 [inlined]
 in anonymous at ./<missing>:?
 in include_from_node1(::String) at ./loading.jl:426
 in process_options(::Base.JLOptions) at ./client.jl:266
 in _start() at ./client.jl:322
while loading /home/vagrant/.julia/v0.5/StreamStats/test/var.jl, in expression starting on line 3
ERROR: LoadError: LoadError: UndefVarError: varzm not defined
 in include_from_node1(::String) at ./loading.jl:426 (repeats 2 times)
 in macro expansion; at ./none:2 [inlined]
 in anonymous at ./<missing>:?
 in eval(::Module, ::Any) at ./boot.jl:225
 in process_options(::Base.JLOptions) at ./client.jl:243
 in _start() at ./client.jl:322
while loading /home/vagrant/.julia/v0.5/StatsBase/src/moments.jl, in expression starting on line 5
while loading /home/vagrant/.julia/v0.5/StatsBase/src/StatsBase.jl, in expression starting on line 183
ERROR: LoadError: Failed to precompile StatsBase to /home/vagrant/.julia/lib/v0.5/StatsBase.ji
 in compilecache(::String) at ./loading.jl:505
 in require(::Symbol) at ./loading.jl:337
 in include_from_node1(::String) at ./loading.jl:426
 in macro expansion; at ./none:2 [inlined]
 in anonymous at ./<missing>:?
 in eval(::Module, ::Any) at ./boot.jl:225
 in process_options(::Base.JLOptions) at ./client.jl:243
 in _start() at ./client.jl:322
while loading /home/vagrant/.julia/v0.5/Distributions/src/Distributions.jl, in expression starting on line 7
	[1m[31mFAILED[0m: std.jl
LoadError: Failed to precompile Distributions to /home/vagrant/.julia/lib/v0.5/Distributions.ji
 in macro expansion; at /home/vagrant/.julia/v0.5/StreamStats/test/runtests.jl:41 [inlined]
 in anonymous at ./<missing>:?
 in include_from_node1(::String) at ./loading.jl:426
 in process_options(::Base.JLOptions) at ./client.jl:266
 in _start() at ./client.jl:322
while loading /home/vagrant/.julia/v0.5/StreamStats/test/std.jl, in expression starting on line 3
ERROR: LoadError: LoadError: UndefVarError: varzm not defined
 in include_from_node1(::String) at ./loading.jl:426 (repeats 2 times)
 in macro expansion; at ./none:2 [inlined]
 in anonymous at ./<missing>:?
 in eval(::Module, ::Any) at ./boot.jl:225
 in process_options(::Base.JLOptions) at ./client.jl:243
 in _start() at ./client.jl:322
while loading /home/vagrant/.julia/v0.5/StatsBase/src/moments.jl, in expression starting on line 5
while loading /home/vagrant/.julia/v0.5/StatsBase/src/StatsBase.jl, in expression starting on line 183
ERROR: LoadError: Failed to precompile StatsBase to /home/vagrant/.julia/lib/v0.5/StatsBase.ji
 in compilecache(::String) at ./loading.jl:505
 in require(::Symbol) at ./loading.jl:337
 in include_from_node1(::String) at ./loading.jl:426
 in macro expansion; at ./none:2 [inlined]
 in anonymous at ./<missing>:?
 in eval(::Module, ::Any) at ./boot.jl:225
 in process_options(::Base.JLOptions) at ./client.jl:243
 in _start() at ./client.jl:322
while loading /home/vagrant/.julia/v0.5/Distributions/src/Distributions.jl, in expression starting on line 7
	[1m[31mFAILED[0m: moments.jl
LoadError: Failed to precompile Distributions to /home/vagrant/.julia/lib/v0.5/Distributions.ji
 in macro expansion; at /home/vagrant/.julia/v0.5/StreamStats/test/runtests.jl:41 [inlined]
 in anonymous at ./<missing>:?
 in include_from_node1(::String) at ./loading.jl:426
 in process_options(::Base.JLOptions) at ./client.jl:266
 in _start() at ./client.jl:322
while loading /home/vagrant/.julia/v0.5/StreamStats/test/moments.jl, in expression starting on line 3
ERROR: LoadError: LoadError: UndefVarError: varzm not defined
 in include_from_node1(::String) at ./loading.jl:426 (repeats 2 times)
 in macro expansion; at ./none:2 [inlined]
 in anonymous at ./<missing>:?
 in eval(::Module, ::Any) at ./boot.jl:225
 in process_options(::Base.JLOptions) at ./client.jl:243
 in _start() at ./client.jl:322
while loading /home/vagrant/.julia/v0.5/StatsBase/src/moments.jl, in expression starting on line 5
while loading /home/vagrant/.julia/v0.5/StatsBase/src/StatsBase.jl, in expression starting on line 183
ERROR: LoadError: Failed to precompile StatsBase to /home/vagrant/.julia/lib/v0.5/StatsBase.ji
 in compilecache(::String) at ./loading.jl:505
 in require(::Symbol) at ./loading.jl:337
 in include_from_node1(::String) at ./loading.jl:426
 in macro expansion; at ./none:2 [inlined]
 in anonymous at ./<missing>:?
 in eval(::Module, ::Any) at ./boot.jl:225
 in process_options(::Base.JLOptions) at ./client.jl:243
 in _start() at ./client.jl:322
while loading /home/vagrant/.julia/v0.5/Distributions/src/Distributions.jl, in expression starting on line 7
	[1m[31mFAILED[0m: cov.jl
LoadError: Failed to precompile Distributions to /home/vagrant/.julia/lib/v0.5/Distributions.ji
 in macro expansion; at /home/vagrant/.julia/v0.5/StreamStats/test/runtests.jl:41 [inlined]
 in anonymous at ./<missing>:?
 in include_from_node1(::String) at ./loading.jl:426
 in process_options(::Base.JLOptions) at ./client.jl:266
 in _start() at ./client.jl:322
while loading /home/vagrant/.julia/v0.5/StreamStats/test/cov.jl, in expression starting on line 3
ERROR: LoadError: LoadError: UndefVarError: varzm not defined
 in include_from_node1(::String) at ./loading.jl:426 (repeats 2 times)
 in macro expansion; at ./none:2 [inlined]
 in anonymous at ./<missing>:?
 in eval(::Module, ::Any) at ./boot.jl:225
 in process_options(::Base.JLOptions) at ./client.jl:243
 in _start() at ./client.jl:322
while loading /home/vagrant/.julia/v0.5/StatsBase/src/moments.jl, in expression starting on line 5
while loading /home/vagrant/.julia/v0.5/StatsBase/src/StatsBase.jl, in expression starting on line 183
ERROR: LoadError: Failed to precompile StatsBase to /home/vagrant/.julia/lib/v0.5/StatsBase.ji
 in compilecache(::String) at ./loading.jl:505
 in require(::Symbol) at ./loading.jl:337
 in include_from_node1(::String) at ./loading.jl:426
 in macro expansion; at ./none:2 [inlined]
 in anonymous at ./<missing>:?
 in eval(::Module, ::Any) at ./boot.jl:225
 in process_options(::Base.JLOptions) at ./client.jl:243
 in _start() at ./client.jl:322
while loading /home/vagrant/.julia/v0.5/Distributions/src/Distributions.jl, in expression starting on line 7
	[1m[31mFAILED[0m: cor.jl
LoadError: Failed to precompile Distributions to /home/vagrant/.julia/lib/v0.5/Distributions.ji
 in macro expansion; at /home/vagrant/.julia/v0.5/StreamStats/test/runtests.jl:41 [inlined]
 in anonymous at ./<missing>:?
 in include_from_node1(::String) at ./loading.jl:426
 in process_options(::Base.JLOptions) at ./client.jl:266
 in _start() at ./client.jl:322
while loading /home/vagrant/.julia/v0.5/StreamStats/test/cor.jl, in expression starting on line 3
ERROR: LoadError: LoadError: UndefVarError: varzm not defined
 in include_from_node1(::String) at ./loading.jl:426 (repeats 2 times)
 in macro expansion; at ./none:2 [inlined]
 in anonymous at ./<missing>:?
 in eval(::Module, ::Any) at ./boot.jl:225
 in process_options(::Base.JLOptions) at ./client.jl:243
 in _start() at ./client.jl:322
while loading /home/vagrant/.julia/v0.5/StatsBase/src/moments.jl, in expression starting on line 5
while loading /home/vagrant/.julia/v0.5/StatsBase/src/StatsBase.jl, in expression starting on line 183
ERROR: LoadError: Failed to precompile StatsBase to /home/vagrant/.julia/lib/v0.5/StatsBase.ji
 in compilecache(::String) at ./loading.jl:505
 in require(::Symbol) at ./loading.jl:337
 in include_from_node1(::String) at ./loading.jl:426
 in macro expansion; at ./none:2 [inlined]
 in anonymous at ./<missing>:?
 in eval(::Module, ::Any) at ./boot.jl:225
 in process_options(::Base.JLOptions) at ./client.jl:243
 in _start() at ./client.jl:322
while loading /home/vagrant/.julia/v0.5/Distributions/src/Distributions.jl, in expression starting on line 7
	[1m[31mFAILED[0m: min.jl
LoadError: Failed to precompile Distributions to /home/vagrant/.julia/lib/v0.5/Distributions.ji
 in macro expansion; at /home/vagrant/.julia/v0.5/StreamStats/test/runtests.jl:41 [inlined]
 in anonymous at ./<missing>:?
 in include_from_node1(::String) at ./loading.jl:426
 in process_options(::Base.JLOptions) at ./client.jl:266
 in _start() at ./client.jl:322
while loading /home/vagrant/.julia/v0.5/StreamStats/test/min.jl, in expression starting on line 3
ERROR: LoadError: LoadError: UndefVarError: varzm not defined
 in include_from_node1(::String) at ./loading.jl:426 (repeats 2 times)
 in macro expansion; at ./none:2 [inlined]
 in anonymous at ./<missing>:?
 in eval(::Module, ::Any) at ./boot.jl:225
 in process_options(::Base.JLOptions) at ./client.jl:243
 in _start() at ./client.jl:322
while loading /home/vagrant/.julia/v0.5/StatsBase/src/moments.jl, in expression starting on line 5
while loading /home/vagrant/.julia/v0.5/StatsBase/src/StatsBase.jl, in expression starting on line 183
ERROR: LoadError: Failed to precompile StatsBase to /home/vagrant/.julia/lib/v0.5/StatsBase.ji
 in compilecache(::String) at ./loading.jl:505
 in require(::Symbol) at ./loading.jl:337
 in include_from_node1(::String) at ./loading.jl:426
 in macro expansion; at ./none:2 [inlined]
 in anonymous at ./<missing>:?
 in eval(::Module, ::Any) at ./boot.jl:225
 in process_options(::Base.JLOptions) at ./client.jl:243
 in _start() at ./client.jl:322
while loading /home/vagrant/.julia/v0.5/Distributions/src/Distributions.jl, in expression starting on line 7
	[1m[31mFAILED[0m: max.jl
LoadError: Failed to precompile Distributions to /home/vagrant/.julia/lib/v0.5/Distributions.ji
 in macro expansion; at /home/vagrant/.julia/v0.5/StreamStats/test/runtests.jl:41 [inlined]
 in anonymous at ./<missing>:?
 in include_from_node1(::String) at ./loading.jl:426
 in process_options(::Base.JLOptions) at ./client.jl:266
 in _start() at ./client.jl:322
while loading /home/vagrant/.julia/v0.5/StreamStats/test/max.jl, in expression starting on line 3
	[1m[32mPASSED[0m: approx_quantile.jl
	[1m[32mPASSED[0m: hyper_log_log.jl
ERROR: LoadError: LoadError: UndefVarError: varzm not defined
 in include_from_node1(::String) at ./loading.jl:426 (repeats 2 times)
 in macro expansion; at ./none:2 [inlined]
 in anonymous at ./<missing>:?
 in eval(::Module, ::Any) at ./boot.jl:225
 in process_options(::Base.JLOptions) at ./client.jl:243
 in _start() at ./client.jl:322
while loading /home/vagrant/.julia/v0.5/StatsBase/src/moments.jl, in expression starting on line 5
while loading /home/vagrant/.julia/v0.5/StatsBase/src/StatsBase.jl, in expression starting on line 183
ERROR: LoadError: Failed to precompile StatsBase to /home/vagrant/.julia/lib/v0.5/StatsBase.ji
 in compilecache(::String) at ./loading.jl:505
 in require(::Symbol) at ./loading.jl:337
 in include_from_node1(::String) at ./loading.jl:426
 in macro expansion; at ./none:2 [inlined]
 in anonymous at ./<missing>:?
 in eval(::Module, ::Any) at ./boot.jl:225
 in process_options(::Base.JLOptions) at ./client.jl:243
 in _start() at ./client.jl:322
while loading /home/vagrant/.julia/v0.5/Distributions/src/Distributions.jl, in expression starting on line 7
	[1m[31mFAILED[0m: approx_distinct.jl
LoadError: Failed to precompile Distributions to /home/vagrant/.julia/lib/v0.5/Distributions.ji
 in macro expansion; at /home/vagrant/.julia/v0.5/StreamStats/test/runtests.jl:41 [inlined]
 in anonymous at ./<missing>:?
 in include_from_node1(::String) at ./loading.jl:426
 in process_options(::Base.JLOptions) at ./client.jl:266
 in _start() at ./client.jl:322
while loading /home/vagrant/.julia/v0.5/StreamStats/test/approx_distinct.jl, in expression starting on line 3
ERROR: LoadError: LoadError: UndefVarError: varzm not defined
 in include_from_node1(::String) at ./loading.jl:426 (repeats 2 times)
 in macro expansion; at ./none:2 [inlined]
 in anonymous at ./<missing>:?
 in eval(::Module, ::Any) at ./boot.jl:225
 in process_options(::Base.JLOptions) at ./client.jl:243
 in _start() at ./client.jl:322
while loading /home/vagrant/.julia/v0.5/StatsBase/src/moments.jl, in expression starting on line 5
while loading /home/vagrant/.julia/v0.5/StatsBase/src/StatsBase.jl, in expression starting on line 183
ERROR: LoadError: Failed to precompile StatsBase to /home/vagrant/.julia/lib/v0.5/StatsBase.ji
 in compilecache(::String) at ./loading.jl:505
 in require(::Symbol) at ./loading.jl:337
 in include_from_node1(::String) at ./loading.jl:426
 in macro expansion; at ./none:2 [inlined]
 in anonymous at ./<missing>:?
 in eval(::Module, ::Any) at ./boot.jl:225
 in process_options(::Base.JLOptions) at ./client.jl:243
 in _start() at ./client.jl:322
while loading /home/vagrant/.julia/v0.5/Distributions/src/Distributions.jl, in expression starting on line 7
	[1m[31mFAILED[0m: bootstrap.jl
LoadError: Failed to precompile Distributions to /home/vagrant/.julia/lib/v0.5/Distributions.ji
 in macro expansion; at /home/vagrant/.julia/v0.5/StreamStats/test/runtests.jl:41 [inlined]
 in anonymous at ./<missing>:?
 in include_from_node1(::String) at ./loading.jl:426
 in process_options(::Base.JLOptions) at ./client.jl:266
 in _start() at ./client.jl:322
while loading /home/vagrant/.julia/v0.5/StreamStats/test/bootstrap.jl, in expression starting on line 3
	[1m[31mFAILED[0m: sample.jl
LoadError: MethodError: no method matching Dict{K,V}(::Array{Int64,1}, ::Array{Int64,1})
Closest candidates are:
  Dict{K,V}(::Any)
  Dict{K,V}{T}(::Any)
 in macro expansion; at /home/vagrant/.julia/v0.5/StreamStats/test/runtests.jl:41 [inlined]
 in anonymous at ./<missing>:?
 in include_from_node1(::String) at ./loading.jl:426
 in process_options(::Base.JLOptions) at ./client.jl:266
 in _start() at ./client.jl:322
while loading /home/vagrant/.julia/v0.5/StreamStats/test/sample.jl, in expression starting on line 9
ERROR: LoadError: LoadError: UndefVarError: varzm not defined
 in include_from_node1(::String) at ./loading.jl:426 (repeats 2 times)
 in macro expansion; at ./none:2 [inlined]
 in anonymous at ./<missing>:?
 in eval(::Module, ::Any) at ./boot.jl:225
 in process_options(::Base.JLOptions) at ./client.jl:243
 in _start() at ./client.jl:322
while loading /home/vagrant/.julia/v0.5/StatsBase/src/moments.jl, in expression starting on line 5
while loading /home/vagrant/.julia/v0.5/StatsBase/src/StatsBase.jl, in expression starting on line 183
ERROR: LoadError: Failed to precompile StatsBase to /home/vagrant/.julia/lib/v0.5/StatsBase.ji
 in compilecache(::String) at ./loading.jl:505
 in require(::Symbol) at ./loading.jl:337
 in include_from_node1(::String) at ./loading.jl:426
 in macro expansion; at ./none:2 [inlined]
 in anonymous at ./<missing>:?
 in eval(::Module, ::Any) at ./boot.jl:225
 in process_options(::Base.JLOptions) at ./client.jl:243
 in _start() at ./client.jl:322
while loading /home/vagrant/.julia/v0.5/Distributions/src/Distributions.jl, in expression starting on line 7
	[1m[31mFAILED[0m: approx_ols.jl
LoadError: Failed to precompile Distributions to /home/vagrant/.julia/lib/v0.5/Distributions.ji
 in macro expansion; at /home/vagrant/.julia/v0.5/StreamStats/test/runtests.jl:41 [inlined]
 in anonymous at ./<missing>:?
 in include_from_node1(::String) at ./loading.jl:426
 in process_options(::Base.JLOptions) at ./client.jl:266
 in _start() at ./client.jl:322
while loading /home/vagrant/.julia/v0.5/StreamStats/test/approx_ols.jl, in expression starting on line 3
ERROR: LoadError: LoadError: UndefVarError: varzm not defined
 in include_from_node1(::String) at ./loading.jl:426 (repeats 2 times)
 in macro expansion; at ./none:2 [inlined]
 in anonymous at ./<missing>:?
 in eval(::Module, ::Any) at ./boot.jl:225
 in process_options(::Base.JLOptions) at ./client.jl:243
 in _start() at ./client.jl:322
while loading /home/vagrant/.julia/v0.5/StatsBase/src/moments.jl, in expression starting on line 5
while loading /home/vagrant/.julia/v0.5/StatsBase/src/StatsBase.jl, in expression starting on line 183
ERROR: LoadError: Failed to precompile StatsBase to /home/vagrant/.julia/lib/v0.5/StatsBase.ji
 in compilecache(::String) at ./loading.jl:505
 in require(::Symbol) at ./loading.jl:337
 in include_from_node1(::String) at ./loading.jl:426
 in macro expansion; at ./none:2 [inlined]
 in anonymous at ./<missing>:?
 in eval(::Module, ::Any) at ./boot.jl:225
 in process_options(::Base.JLOptions) at ./client.jl:243
 in _start() at ./client.jl:322
while loading /home/vagrant/.julia/v0.5/Distributions/src/Distributions.jl, in expression starting on line 7
	[1m[31mFAILED[0m: approx_logit.jl
LoadError: Failed to precompile Distributions to /home/vagrant/.julia/lib/v0.5/Distributions.ji
 in macro expansion; at /home/vagrant/.julia/v0.5/StreamStats/test/runtests.jl:41 [inlined]
 in anonymous at ./<missing>:?
 in include_from_node1(::String) at ./loading.jl:426
 in process_options(::Base.JLOptions) at ./client.jl:266
 in _start() at ./client.jl:322
while loading /home/vagrant/.julia/v0.5/StreamStats/test/approx_logit.jl, in expression starting on line 3
ERROR: LoadError: "Tests failed"
 in include_from_node1(::String) at ./loading.jl:426
 in process_options(::Base.JLOptions) at ./client.jl:266
 in _start() at ./client.jl:322
while loading /home/vagrant/.julia/v0.5/StreamStats/test/runtests.jl, in expression starting on line 48
=============================[ ERROR: StreamStats ]=============================

failed process: Process(`/home/vagrant/julia/bin/julia -Cx86-64 -J/home/vagrant/julia/lib/julia/sys.so --compile=yes --check-bounds=yes --code-coverage=none --color=no /home/vagrant/.julia/v0.5/StreamStats/test/runtests.jl`, ProcessExited(1)) [1]

================================================================================
ERROR: StreamStats had test errors
 in #test#49(::Bool, ::Function, ::Array{AbstractString,1}) at ./pkg/entry.jl:694
 in (::Base.Pkg.Entry.#kw##test)(::Array{Any,1}, ::Base.Pkg.Entry.#test, ::Array{AbstractString,1}) at ./null:0
 in (::Base.Pkg.Dir.##2#3{Array{Any,1},Base.Pkg.Entry.#test,Tuple{Array{AbstractString,1}}})() at ./pkg/dir.jl:31
 in cd(::Base.Pkg.Dir.##2#3{Array{Any,1},Base.Pkg.Entry.#test,Tuple{Array{AbstractString,1}}}, ::String) at ./file.jl:59
 in #cd#1(::Array{Any,1}, ::Function, ::Function, ::Array{AbstractString,1}, ::Vararg{Array{AbstractString,1},N}) at ./pkg/dir.jl:31
 in (::Base.Pkg.Dir.#kw##cd)(::Array{Any,1}, ::Base.Pkg.Dir.#cd, ::Function, ::Array{AbstractString,1}, ::Vararg{Array{AbstractString,1},N}) at ./null:0
 in #test#3(::Bool, ::Function, ::String, ::Vararg{String,N}) at ./pkg.jl:245
 in test(::String, ::Vararg{String,N}) at ./pkg.jl:245
 in eval(::Module, ::Any) at ./boot.jl:225
 in process_options(::Base.JLOptions) at ./client.jl:243
 in _start() at ./client.jl:322

>>> End of log
