>>> 'Pkg.add("StreamStats")' log
INFO: Cloning cache of StreamStats from git://github.com/johnmyleswhite/StreamStats.jl.git
INFO: Installing ArrayViews v0.6.2
INFO: Installing Distributions v0.7.3
INFO: Installing PDMats v0.3.3
INFO: Installing StatsBase v0.6.15
INFO: Installing StreamStats v0.0.2
INFO: Package database updated

>>> 'Pkg.test("StreamStats")' log
Julia Version 0.4.0-dev+5700
Commit 147fa0b* (2015-06-29 20:31 UTC)
Platform Info:
  System: Linux (x86_64-unknown-linux-gnu)
  CPU: Intel(R) Xeon(R) CPU E5-2650 0 @ 2.00GHz
  WORD_SIZE: 64
  BLAS: libopenblas (USE64BITINT DYNAMIC_ARCH NO_AFFINITY Nehalem)
  LAPACK: libopenblas
  LIBM: libopenlibm
  LLVM: libLLVM-3.3
INFO: Testing StreamStats
Running tests:
Warning: could not import Base.@math_const into Distributions
	[1m[31mFAILED[0m: mean.jl
LoadError: LoadError: LoadError: LoadError: UndefVarError: @math_const not defined
 in anonymous at no file:41
 in include at ./boot.jl:254
 in include_from_node1 at loading.jl:133
 in process_options at ./client.jl:305
 in _start at ./client.jl:405
while loading /home/vagrant/.julia/v0.4/Distributions/src/constants.jl, in expression starting on line 6
while loading /home/vagrant/.julia/v0.4/Distributions/src/Distributions.jl, in expression starting on line 252
while loading /home/vagrant/.julia/v0.4/StreamStats/src/StreamStats.jl, in expression starting on line 2
while loading /home/vagrant/.julia/v0.4/StreamStats/test/mean.jl, in expression starting on line 2
	[1m[31mFAILED[0m: var.jl
LoadError: UndefVarError: Var not defined
 in anonymous at no file:41
 in include at ./boot.jl:254
 in include_from_node1 at loading.jl:133
 in process_options at ./client.jl:305
 in _start at ./client.jl:405
while loading /home/vagrant/.julia/v0.4/StreamStats/test/var.jl, in expression starting on line 7
	[1m[31mFAILED[0m: std.jl
LoadError: UndefVarError: Std not defined
 in anonymous at no file:41
 in include at ./boot.jl:254
 in include_from_node1 at loading.jl:133
 in process_options at ./client.jl:305
 in _start at ./client.jl:405
while loading /home/vagrant/.julia/v0.4/StreamStats/test/std.jl, in expression starting on line 7
	[1m[31mFAILED[0m: moments.jl
LoadError: UndefVarError: Moments not defined
 in anonymous at no file:41
 in include at ./boot.jl:254
 in include_from_node1 at loading.jl:133
 in process_options at ./client.jl:305
 in _start at ./client.jl:405
while loading /home/vagrant/.julia/v0.4/StreamStats/test/moments.jl, in expression starting on line 7
	[1m[31mFAILED[0m: cov.jl
LoadError: UndefVarError: Cov not defined
 in anonymous at no file:41
 in include at ./boot.jl:254
 in include_from_node1 at loading.jl:133
 in process_options at ./client.jl:305
 in _start at ./client.jl:405
while loading /home/vagrant/.julia/v0.4/StreamStats/test/cov.jl, in expression starting on line 7
	[1m[31mFAILED[0m: cor.jl
LoadError: UndefVarError: Cor not defined
 in anonymous at no file:41
 in include at ./boot.jl:254
 in include_from_node1 at loading.jl:133
 in process_options at ./client.jl:305
 in _start at ./client.jl:405
while loading /home/vagrant/.julia/v0.4/StreamStats/test/cor.jl, in expression starting on line 7
	[1m[31mFAILED[0m: min.jl
LoadError: UndefVarError: Min not defined
 in anonymous at no file:41
 in include at ./boot.jl:254
 in include_from_node1 at loading.jl:133
 in process_options at ./client.jl:305
 in _start at ./client.jl:405
while loading /home/vagrant/.julia/v0.4/StreamStats/test/min.jl, in expression starting on line 7
	[1m[31mFAILED[0m: max.jl
LoadError: UndefVarError: Max not defined
 in anonymous at no file:41
 in include at ./boot.jl:254
 in include_from_node1 at loading.jl:133
 in process_options at ./client.jl:305
 in _start at ./client.jl:405
while loading /home/vagrant/.julia/v0.4/StreamStats/test/max.jl, in expression starting on line 7
	[1m[32mPASSED[0m: approx_quantile.jl
	[1m[32mPASSED[0m: hyper_log_log.jl
	[1m[31mFAILED[0m: approx_distinct.jl
LoadError: UndefVarError: ApproxDistinct not defined
 in anonymous at no file:41
 in include at ./boot.jl:254
 in include_from_node1 at loading.jl:133
 in process_options at ./client.jl:305
 in _start at ./client.jl:405
while loading /home/vagrant/.julia/v0.4/StreamStats/test/approx_distinct.jl, in expression starting on line 6
	[1m[31mFAILED[0m: bootstrap.jl
LoadError: UndefVarError: Mean not defined
 in anonymous at no file:41
 in include at ./boot.jl:254
 in include_from_node1 at loading.jl:133
 in process_options at ./client.jl:305
 in _start at ./client.jl:405
while loading /home/vagrant/.julia/v0.4/StreamStats/test/bootstrap.jl, in expression starting on line 7
WARNING: Dict{K,V}(ks::AbstractArray{K},vs::AbstractArray{V}) is deprecated, use Dict{K,V}(zip(ks,vs)) instead.
 in depwarn at ./deprecated.jl:62
 in call at deprecated.jl:49
 in include at ./boot.jl:254
 in include_from_node1 at ./loading.jl:133
 in anonymous at no file:33
 in include at ./boot.jl:254
 in include_from_node1 at loading.jl:133
 in process_options at ./client.jl:305
 in _start at ./client.jl:405
while loading /home/vagrant/.julia/v0.4/StreamStats/test/sample.jl, in expression starting on line 9
	[1m[31mFAILED[0m: sample.jl
LoadError: UndefVarError: Sample not defined
 in anonymous at no file:41
 in include at ./boot.jl:254
 in include_from_node1 at loading.jl:133
 in process_options at ./client.jl:305
 in _start at ./client.jl:405
while loading /home/vagrant/.julia/v0.4/StreamStats/test/sample.jl, in expression starting on line 11
	[1m[31mFAILED[0m: approx_ols.jl
LoadError: UndefVarError: ApproxOLS not defined
 in anonymous at no file:41
 in include at ./boot.jl:254
 in include_from_node1 at loading.jl:133
 in process_options at ./client.jl:305
 in _start at ./client.jl:405
while loading /home/vagrant/.julia/v0.4/StreamStats/test/approx_ols.jl, in expression starting on line 6
	[1m[31mFAILED[0m: approx_logit.jl
LoadError: UndefVarError: Bernoulli not defined
 in anonymous at no file:41
 in include at ./boot.jl:254
 in include_from_node1 at loading.jl:133
 in process_options at ./client.jl:305
 in _start at ./client.jl:405
while loading /home/vagrant/.julia/v0.4/StreamStats/test/approx_logit.jl, in expression starting on line 8
ERROR: LoadError: "Tests failed"
 in include at ./boot.jl:254
 in include_from_node1 at loading.jl:133
 in process_options at ./client.jl:305
 in _start at ./client.jl:405
while loading /home/vagrant/.julia/v0.4/StreamStats/test/runtests.jl, in expression starting on line 48
=============================[ ERROR: StreamStats ]=============================

failed process: Process(`/home/vagrant/julia/bin/julia --check-bounds=yes --code-coverage=none --color=no /home/vagrant/.julia/v0.4/StreamStats/test/runtests.jl`, ProcessExited(1)) [1]

================================================================================
INFO: No packages to install, update or remove
ERROR: StreamStats had test errors
 in error at ./error.jl:21
 in test at pkg/entry.jl:746
 in anonymous at pkg/dir.jl:31
 in cd at file.jl:22
 in cd at pkg/dir.jl:31
 in test at pkg.jl:71
 in process_options at ./client.jl:281
 in _start at ./client.jl:405

>>> End of log
