>>> 'Pkg.add("StreamStats")' log
INFO: Cloning cache of StreamStats from https://github.com/johnmyleswhite/StreamStats.jl.git
INFO: Installing StreamStats v0.0.2
INFO: Building Rmath
WARNING: takebuf_string(b) is deprecated, use String(take!(b)) instead.
Stacktrace:
 [1] depwarn(::String, ::Symbol) at ./deprecated.jl:64
 [2] takebuf_string(::Base.AbstractIOBuffer{Array{UInt8,1}}) at ./deprecated.jl:50
 [3] macro expansion; at /home/vagrant/.julia/v0.6/BinDeps/src/dependencies.jl:887 [inlined]
 [4] anonymous at ./<missing>:?
 [5] include_from_node1(::String) at ./loading.jl:532
 [6] include(::SubString{String}) at ./sysimg.jl:14
 [7] evalfile(::SubString{String}, ::Array{String,1}) at ./loading.jl:572 (repeats 2 times)
 [8] cd(::##2#4, ::String) at ./file.jl:69
 [9] (::##1#3)(::IOStream) at ./none:13
 [10] open(::##1#3, ::String, ::String) at ./iostream.jl:152
 [11] eval(::Module, ::Any) at ./boot.jl:236
 [12] process_options(::Base.JLOptions) at ./client.jl:285
 [13] _start() at ./client.jl:374
while loading /home/vagrant/.julia/v0.6/Rmath/deps/build.jl, in expression starting on line 43
INFO: Package database updated

>>> 'Pkg.test("StreamStats")' log
Julia Version 0.6.0-dev.1973
Commit f4ed16b (2017-01-06 23:58 UTC)
Platform Info:
  OS: Linux (x86_64-pc-linux-gnu)
  CPU: Intel(R) Xeon(R) CPU E3-1241 v3 @ 3.50GHz
  WORD_SIZE: 64
           Ubuntu 14.04.5 LTS
  uname: Linux 3.13.0-106-generic #153-Ubuntu SMP Tue Dec 6 15:44:32 UTC 2016 x86_64 x86_64
Memory: 2.9392738342285156 GB (1091.74609375 MB free)
Uptime: 24611.0 sec
Load Avg:  1.0224609375  1.0224609375  1.04541015625
Intel(R) Xeon(R) CPU E3-1241 v3 @ 3.50GHz: 
       speed         user         nice          sys         idle          irq
#1  3500 MHz    1495074 s       6630 s     142388 s     522084 s         77 s
#2  3500 MHz     462791 s        273 s      73585 s    1859297 s          1 s

  BLAS: libopenblas (USE64BITINT DYNAMIC_ARCH NO_AFFINITY Nehalem)
  LAPACK: libopenblas64_
  LIBM: libopenlibm
  LLVM: libLLVM-3.9.1 (ORCJIT, haswell)
Environment:
  TERM = vt100
  LD_LIBRARY_PATH = :/usr/local/lib/
  PATH = /usr/local/sbin:/usr/local/bin:/usr/sbin:/usr/bin:/sbin:/bin:/usr/games:/usr/local/games:/home/vagrant/julia/bin/
  JAVA_HOME = /usr/lib/jvm/java-7-oracle
  HOME = /home/vagrant

Package Directory: /home/vagrant/.julia/v0.6
2 required packages:
 - JSON                          0.8.0
 - StreamStats                   0.0.2
18 additional packages:
 - BinDeps                       0.4.5
 - Calculus                      0.1.15
 - Compat                        0.10.0
 - Distributions                 0.11.1
 - GenerativeModels              0.0.0-             master (unregistered)
 - Iterators                     0.2.0
 - LaTeXStrings                  0.2.0
 - PDMats                        0.5.2
 - POMDPBounds                   0.0.0-             master (unregistered)
 - POMDPModels                   0.0.0-             master (unregistered)
 - POMDPToolbox                  0.0.0-             master (unregistered)
 - POMDPs                        0.4.0
 - Rmath                         0.1.6
 - SHA                           0.3.0
 - StatsBase                     0.12.0
 - StatsFuns                     0.3.1
 - TikzPictures                  0.3.5
 - URIParser                     0.1.6
INFO: Testing StreamStats
Running tests:
	[1m[31mFAILED[0m: mean.jl
LoadError: LoadError: LoadError: UndefVarError: Uint32 not defined
Stacktrace:
 [1] macro expansion; at /home/vagrant/.julia/v0.6/StreamStats/test/runtests.jl:41 [inlined]
 [2] anonymous at ./<missing>:?
 [3] include_from_node1(::String) at ./loading.jl:532
 [4] include(::String) at ./sysimg.jl:14
 [5] process_options(::Base.JLOptions) at ./client.jl:308
 [6] _start() at ./client.jl:374
while loading /home/vagrant/.julia/v0.6/StreamStats/src/hyper_log_log.jl, in expression starting on line 3
while loading /home/vagrant/.julia/v0.6/StreamStats/src/StreamStats.jl, in expression starting on line 18
while loading /home/vagrant/.julia/v0.6/StreamStats/test/mean.jl, in expression starting on line 2
WARNING: @test_approx_eq is deprecated, use `@test online_v â‰ˆ batch_v` instead
Stacktrace:
 [1] depwarn(::String, ::Symbol) at ./deprecated.jl:64
 [2] @test_approx_eq(::ANY, ::ANY) at ./test.jl:971
 [3] include_from_node1(::String) at ./loading.jl:532
 [4] include(::String) at ./sysimg.jl:14
 [5] macro expansion; at /home/vagrant/.julia/v0.6/StreamStats/test/runtests.jl:33 [inlined]
 [6] anonymous at ./<missing>:?
 [7] include_from_node1(::String) at ./loading.jl:532
 [8] include(::String) at ./sysimg.jl:14
 [9] process_options(::Base.JLOptions) at ./client.jl:308
 [10] _start() at ./client.jl:374
while loading /home/vagrant/.julia/v0.6/StreamStats/test/var.jl, in expression starting on line 7
	[1m[32mPASSED[0m: var.jl
	[1m[32mPASSED[0m: std.jl
	[1m[32mPASSED[0m: moments.jl
	[1m[32mPASSED[0m: cov.jl
	[1m[32mPASSED[0m: cor.jl
	[1m[32mPASSED[0m: min.jl
	[1m[32mPASSED[0m: max.jl
	[1m[32mPASSED[0m: approx_quantile.jl
	[1m[32mPASSED[0m: hyper_log_log.jl
	[1m[31mFAILED[0m: approx_distinct.jl
LoadError: UndefVarError: ApproxDistinct not defined
Stacktrace:
 [1] macro expansion; at /home/vagrant/.julia/v0.6/StreamStats/test/runtests.jl:41 [inlined]
 [2] anonymous at ./<missing>:?
 [3] include_from_node1(::String) at ./loading.jl:532
 [4] include(::String) at ./sysimg.jl:14
 [5] process_options(::Base.JLOptions) at ./client.jl:308
 [6] _start() at ./client.jl:374
while loading /home/vagrant/.julia/v0.6/StreamStats/test/approx_distinct.jl, in expression starting on line 6
	[1m[31mFAILED[0m: bootstrap.jl
LoadError: UndefVarError: BootstrapBernoulli not defined
Stacktrace:
 [1] macro expansion; at /home/vagrant/.julia/v0.6/StreamStats/test/runtests.jl:41 [inlined]
 [2] anonymous at ./<missing>:?
 [3] include_from_node1(::String) at ./loading.jl:532
 [4] include(::String) at ./sysimg.jl:14
 [5] process_options(::Base.JLOptions) at ./client.jl:308
 [6] _start() at ./client.jl:374
while loading /home/vagrant/.julia/v0.6/StreamStats/test/bootstrap.jl, in expression starting on line 7
	[1m[31mFAILED[0m: sample.jl
LoadError: MethodError: no method matching Dict{K,V}(::Array{Int64,1}, ::Array{Int64,1})
Closest candidates are:
  Dict{K,V}(::Any) at dict.jl:144
  Dict{K,V}{T}(::Any) at sysimg.jl:24
Stacktrace:
 [1] macro expansion; at /home/vagrant/.julia/v0.6/StreamStats/test/runtests.jl:41 [inlined]
 [2] anonymous at ./<missing>:?
 [3] include_from_node1(::String) at ./loading.jl:532
 [4] include(::String) at ./sysimg.jl:14
 [5] process_options(::Base.JLOptions) at ./client.jl:308
 [6] _start() at ./client.jl:374
while loading /home/vagrant/.julia/v0.6/StreamStats/test/sample.jl, in expression starting on line 9
	[1m[31mFAILED[0m: approx_ols.jl
LoadError: UndefVarError: ApproxOLS not defined
Stacktrace:
 [1] macro expansion; at /home/vagrant/.julia/v0.6/StreamStats/test/runtests.jl:41 [inlined]
 [2] anonymous at ./<missing>:?
 [3] include_from_node1(::String) at ./loading.jl:532
 [4] include(::String) at ./sysimg.jl:14
 [5] process_options(::Base.JLOptions) at ./client.jl:308
 [6] _start() at ./client.jl:374
while loading /home/vagrant/.julia/v0.6/StreamStats/test/approx_ols.jl, in expression starting on line 6
	[1m[31mFAILED[0m: approx_logit.jl
LoadError: UndefVarError: ApproxLogit not defined
Stacktrace:
 [1] macro expansion; at /home/vagrant/.julia/v0.6/StreamStats/test/runtests.jl:41 [inlined]
 [2] anonymous at ./<missing>:?
 [3] include_from_node1(::String) at ./loading.jl:532
 [4] include(::String) at ./sysimg.jl:14
 [5] process_options(::Base.JLOptions) at ./client.jl:308
 [6] _start() at ./client.jl:374
while loading /home/vagrant/.julia/v0.6/StreamStats/test/approx_logit.jl, in expression starting on line 8
ERROR: LoadError: "Tests failed"
Stacktrace:
 [1] include_from_node1(::String) at ./loading.jl:532
 [2] include(::String) at ./sysimg.jl:14
 [3] process_options(::Base.JLOptions) at ./client.jl:308
 [4] _start() at ./client.jl:374
while loading /home/vagrant/.julia/v0.6/StreamStats/test/runtests.jl, in expression starting on line 48
=============================[ ERROR: StreamStats ]=============================

failed process: Process(`/home/vagrant/julia/bin/julia -Cx86-64 -J/home/vagrant/julia/lib/julia/sys.so --compile=yes --depwarn=yes --check-bounds=yes --code-coverage=none --color=no --compilecache=yes /home/vagrant/.julia/v0.6/StreamStats/test/runtests.jl`, ProcessExited(1)) [1]

================================================================================
ERROR: StreamStats had test errors

>>> End of log
