>>> 'Pkg.add("StructuredQueries")' log
INFO: Cloning cache of StructuredQueries from https://github.com/davidagold/StructuredQueries.jl.git
INFO: Installing StructuredQueries v0.0.4
INFO: Package database updated
INFO: METADATA is out-of-date â€” you may not have the latest version of StructuredQueries
INFO: Use `Pkg.update()` to get the latest versions of your packages

>>> 'Pkg.test("StructuredQueries")' log
Julia Version 0.6.0-dev.2635
Commit dc2459d (2017-02-13 07:46 UTC)
Platform Info:
  OS: Linux (x86_64-pc-linux-gnu)
  CPU: Intel(R) Xeon(R) CPU E3-1241 v3 @ 3.50GHz
  WORD_SIZE: 64
           Ubuntu 14.04.5 LTS
  uname: Linux 3.13.0-108-generic #155-Ubuntu SMP Wed Jan 11 16:58:52 UTC 2017 x86_64 x86_64
Memory: 2.9392738342285156 GB (1818.03125 MB free)
Uptime: 49052.0 sec
Load Avg:  1.06396484375  1.0419921875  1.00830078125
Intel(R) Xeon(R) CPU E3-1241 v3 @ 3.50GHz: 
       speed         user         nice          sys         idle          irq
#1  3499 MHz    1616827 s       5172 s     149961 s    2774960 s        183 s
#2  3499 MHz     529382 s       2559 s      93393 s    4155378 s          5 s

  BLAS: libopenblas (USE64BITINT DYNAMIC_ARCH NO_AFFINITY Nehalem)
  LAPACK: libopenblas64_
  LIBM: libopenlibm
  LLVM: libLLVM-3.9.1 (ORCJIT, haswell)
Environment:
  TERM = vt100
  LD_LIBRARY_PATH = :/usr/local/lib/
  PATH = /usr/local/sbin:/usr/local/bin:/usr/sbin:/usr/bin:/sbin:/bin:/usr/games:/usr/local/games:/home/vagrant/julia/bin/
  JAVA_HOME = /usr/lib/jvm/java-7-oracle
  HOME = /home/vagrant

Package Directory: /home/vagrant/.julia/v0.6
2 required packages:
 - JSON                          0.8.3
 - StructuredQueries             0.0.4
1 additional packages:
 - Compat                        0.18.0
INFO: Testing StructuredQueries
Running tests:
	[1m[31mFAILED[0m: query/node.jl
LoadError: LoadError: LoadError: MethodError: Cannot `convert` an object of type Type{StructuredQueries.SelectHelper} to an object of type DataType
This may have arisen from a call to the constructor DataType(...),
since type constructors fall back to convert methods.
Stacktrace:
 [1] macro expansion at /home/vagrant/.julia/v0.6/StructuredQueries/test/runtests.jl:27 [inlined]
 [2] macro expansion at ./test.jl:852 [inlined]
 [3] anonymous at ./<missing>:?
 [4] include_from_node1(::String) at ./loading.jl:539
 [5] include(::String) at ./sysimg.jl:14
 [6] process_options(::Base.JLOptions) at ./client.jl:300
 [7] _start() at ./client.jl:366
while loading /home/vagrant/.julia/v0.6/StructuredQueries/src/query/graph/graph.jl, in expression starting on line 508
while loading /home/vagrant/.julia/v0.6/StructuredQueries/src/StructuredQueries.jl, in expression starting on line 35
while loading /home/vagrant/.julia/v0.6/StructuredQueries/test/query/node.jl, in expression starting on line 3
	[1m[31mFAILED[0m: query/query.jl
LoadError: UndefVarError: gen_graph_ex not defined
Stacktrace:
 [1] macro expansion at /home/vagrant/.julia/v0.6/StructuredQueries/test/runtests.jl:27 [inlined]
 [2] macro expansion at ./test.jl:852 [inlined]
 [3] anonymous at ./<missing>:?
 [4] include_from_node1(::String) at ./loading.jl:539
 [5] include(::String) at ./sysimg.jl:14
 [6] process_options(::Base.JLOptions) at ./client.jl:300
 [7] _start() at ./client.jl:366
while loading /home/vagrant/.julia/v0.6/StructuredQueries/test/query/query.jl, in expression starting on line 20
	[1m[31mFAILED[0m: collect.jl
LoadError: UndefVarError: _collect not defined
Stacktrace:
 [1] macro expansion at /home/vagrant/.julia/v0.6/StructuredQueries/test/runtests.jl:27 [inlined]
 [2] macro expansion at ./test.jl:852 [inlined]
 [3] anonymous at ./<missing>:?
 [4] include_from_node1(::String) at ./loading.jl:539
 [5] include(::String) at ./sysimg.jl:14
 [6] process_options(::Base.JLOptions) at ./client.jl:300
 [7] _start() at ./client.jl:366
while loading /home/vagrant/.julia/v0.6/StructuredQueries/test/collect.jl, in expression starting on line 9
All tests: Error During Test
  Test threw an exception of type UndefVarError
  Expression: isequal(SQ.lift(f, x), Nullable(f(a)))
  UndefVarError: lift not defined
  Stacktrace:
   [1] macro expansion at /home/vagrant/.julia/v0.6/StructuredQueries/test/lift.jl:38 [inlined]
   [2] anonymous at ./<missing>:?
   [3] include_from_node1(::String) at ./loading.jl:539
   [4] include(::String) at ./sysimg.jl:14
   [5] macro expansion at /home/vagrant/.julia/v0.6/StructuredQueries/test/runtests.jl:19 [inlined]
   [6] macro expansion at ./test.jl:852 [inlined]
   [7] anonymous at ./<missing>:?
All tests: Error During Test
  Test threw an exception of type UndefVarError
  Expression: isequal(SQ.lift(f, y), Nullable{U1}())
  UndefVarError: lift not defined
  Stacktrace:
   [1] macro expansion at /home/vagrant/.julia/v0.6/StructuredQueries/test/lift.jl:39 [inlined]
   [2] anonymous at ./<missing>:?
   [3] include_from_node1(::String) at ./loading.jl:539
   [4] include(::String) at ./sysimg.jl:14
   [5] macro expansion at /home/vagrant/.julia/v0.6/StructuredQueries/test/runtests.jl:19 [inlined]
   [6] macro expansion at ./test.jl:852 [inlined]
   [7] anonymous at ./<missing>:?
All tests: Error During Test
  Test threw an exception of type UndefVarError
  Expression: isequal(SQ.lift(f, x, x), Nullable(f(a, a)))
  UndefVarError: lift not defined
  Stacktrace:
   [1] macro expansion at /home/vagrant/.julia/v0.6/StructuredQueries/test/lift.jl:42 [inlined]
   [2] anonymous at ./<missing>:?
   [3] include_from_node1(::String) at ./loading.jl:539
   [4] include(::String) at ./sysimg.jl:14
   [5] macro expansion at /home/vagrant/.julia/v0.6/StructuredQueries/test/runtests.jl:19 [inlined]
   [6] macro expansion at ./test.jl:852 [inlined]
   [7] anonymous at ./<missing>:?
All tests: Error During Test
  Test threw an exception of type UndefVarError
  Expression: isequal(SQ.lift(f, x, y), Nullable{U2}())
  UndefVarError: lift not defined
  Stacktrace:
   [1] macro expansion at /home/vagrant/.julia/v0.6/StructuredQueries/test/lift.jl:43 [inlined]
   [2] anonymous at ./<missing>:?
   [3] include_from_node1(::String) at ./loading.jl:539
   [4] include(::String) at ./sysimg.jl:14
   [5] macro expansion at /home/vagrant/.julia/v0.6/StructuredQueries/test/runtests.jl:19 [inlined]
   [6] macro expansion at ./test.jl:852 [inlined]
   [7] anonymous at ./<missing>:?
All tests: Error During Test
  Test threw an exception of type UndefVarError
  Expression: isequal(SQ.lift(f, x, x, x), Nullable(f(a, a, a)))
  UndefVarError: lift not defined
  Stacktrace:
   [1] macro expansion at /home/vagrant/.julia/v0.6/StructuredQueries/test/lift.jl:46 [inlined]
   [2] anonymous at ./<missing>:?
   [3] include_from_node1(::String) at ./loading.jl:539
   [4] include(::String) at ./sysimg.jl:14
   [5] macro expansion at /home/vagrant/.julia/v0.6/StructuredQueries/test/runtests.jl:19 [inlined]
   [6] macro expansion at ./test.jl:852 [inlined]
   [7] anonymous at ./<missing>:?
All tests: Error During Test
  Test threw an exception of type UndefVarError
  Expression: isequal(SQ.lift(f, x, y, x), Nullable{U3}())
  UndefVarError: lift not defined
  Stacktrace:
   [1] macro expansion at /home/vagrant/.julia/v0.6/StructuredQueries/test/lift.jl:47 [inlined]
   [2] anonymous at ./<missing>:?
   [3] include_from_node1(::String) at ./loading.jl:539
   [4] include(::String) at ./sysimg.jl:14
   [5] macro expansion at /home/vagrant/.julia/v0.6/StructuredQueries/test/runtests.jl:19 [inlined]
   [6] macro expansion at ./test.jl:852 [inlined]
   [7] anonymous at ./<missing>:?
All tests: Error During Test
  Test threw an exception of type UndefVarError
  Expression: isequal(SQ.lift(f, x), Nullable(f(a)))
  UndefVarError: lift not defined
  Stacktrace:
   [1] macro expansion at /home/vagrant/.julia/v0.6/StructuredQueries/test/lift.jl:38 [inlined]
   [2] anonymous at ./<missing>:?
   [3] include_from_node1(::String) at ./loading.jl:539
   [4] include(::String) at ./sysimg.jl:14
   [5] macro expansion at /home/vagrant/.julia/v0.6/StructuredQueries/test/runtests.jl:19 [inlined]
   [6] macro expansion at ./test.jl:852 [inlined]
   [7] anonymous at ./<missing>:?
All tests: Error During Test
  Test threw an exception of type UndefVarError
  Expression: isequal(SQ.lift(f, y), Nullable{U1}())
  UndefVarError: lift not defined
  Stacktrace:
   [1] macro expansion at /home/vagrant/.julia/v0.6/StructuredQueries/test/lift.jl:39 [inlined]
   [2] anonymous at ./<missing>:?
   [3] include_from_node1(::String) at ./loading.jl:539
   [4] include(::String) at ./sysimg.jl:14
   [5] macro expansion at /home/vagrant/.julia/v0.6/StructuredQueries/test/runtests.jl:19 [inlined]
   [6] macro expansion at ./test.jl:852 [inlined]
   [7] anonymous at ./<missing>:?
All tests: Error During Test
  Test threw an exception of type UndefVarError
  Expression: isequal(SQ.lift(f, x, x), Nullable(f(a, a)))
  UndefVarError: lift not defined
  Stacktrace:
   [1] macro expansion at /home/vagrant/.julia/v0.6/StructuredQueries/test/lift.jl:42 [inlined]
   [2] anonymous at ./<missing>:?
   [3] include_from_node1(::String) at ./loading.jl:539
   [4] include(::String) at ./sysimg.jl:14
   [5] macro expansion at /home/vagrant/.julia/v0.6/StructuredQueries/test/runtests.jl:19 [inlined]
   [6] macro expansion at ./test.jl:852 [inlined]
   [7] anonymous at ./<missing>:?
All tests: Error During Test
  Test threw an exception of type UndefVarError
  Expression: isequal(SQ.lift(f, x, y), Nullable{U2}())
  UndefVarError: lift not defined
  Stacktrace:
   [1] macro expansion at /home/vagrant/.julia/v0.6/StructuredQueries/test/lift.jl:43 [inlined]
   [2] anonymous at ./<missing>:?
   [3] include_from_node1(::String) at ./loading.jl:539
   [4] include(::String) at ./sysimg.jl:14
   [5] macro expansion at /home/vagrant/.julia/v0.6/StructuredQueries/test/runtests.jl:19 [inlined]
   [6] macro expansion at ./test.jl:852 [inlined]
   [7] anonymous at ./<missing>:?
All tests: Error During Test
  Test threw an exception of type UndefVarError
  Expression: isequal(SQ.lift(f, x, x, x), Nullable(f(a, a, a)))
  UndefVarError: lift not defined
  Stacktrace:
   [1] macro expansion at /home/vagrant/.julia/v0.6/StructuredQueries/test/lift.jl:46 [inlined]
   [2] anonymous at ./<missing>:?
   [3] include_from_node1(::String) at ./loading.jl:539
   [4] include(::String) at ./sysimg.jl:14
   [5] macro expansion at /home/vagrant/.julia/v0.6/StructuredQueries/test/runtests.jl:19 [inlined]
   [6] macro expansion at ./test.jl:852 [inlined]
   [7] anonymous at ./<missing>:?
All tests: Error During Test
  Test threw an exception of type UndefVarError
  Expression: isequal(SQ.lift(f, x, y, x), Nullable{U3}())
  UndefVarError: lift not defined
  Stacktrace:
   [1] macro expansion at /home/vagrant/.julia/v0.6/StructuredQueries/test/lift.jl:47 [inlined]
   [2] anonymous at ./<missing>:?
   [3] include_from_node1(::String) at ./loading.jl:539
   [4] include(::String) at ./sysimg.jl:14
   [5] macro expansion at /home/vagrant/.julia/v0.6/StructuredQueries/test/runtests.jl:19 [inlined]
   [6] macro expansion at ./test.jl:852 [inlined]
   [7] anonymous at ./<missing>:?
All tests: Error During Test
  Test threw an exception of type UndefVarError
  Expression: isequal(SQ.lift(f, x), Nullable(f(a)))
  UndefVarError: lift not defined
  Stacktrace:
   [1] macro expansion at /home/vagrant/.julia/v0.6/StructuredQueries/test/lift.jl:38 [inlined]
   [2] anonymous at ./<missing>:?
   [3] include_from_node1(::String) at ./loading.jl:539
   [4] include(::String) at ./sysimg.jl:14
   [5] macro expansion at /home/vagrant/.julia/v0.6/StructuredQueries/test/runtests.jl:19 [inlined]
   [6] macro expansion at ./test.jl:852 [inlined]
   [7] anonymous at ./<missing>:?
All tests: Error During Test
  Test threw an exception of type UndefVarError
  Expression: isequal(SQ.lift(f, y), Nullable{U1}())
  UndefVarError: lift not defined
  Stacktrace:
   [1] macro expansion at /home/vagrant/.julia/v0.6/StructuredQueries/test/lift.jl:39 [inlined]
   [2] anonymous at ./<missing>:?
   [3] include_from_node1(::String) at ./loading.jl:539
   [4] include(::String) at ./sysimg.jl:14
   [5] macro expansion at /home/vagrant/.julia/v0.6/StructuredQueries/test/runtests.jl:19 [inlined]
   [6] macro expansion at ./test.jl:852 [inlined]
   [7] anonymous at ./<missing>:?
All tests: Error During Test
  Test threw an exception of type UndefVarError
  Expression: isequal(SQ.lift(f, x, x), Nullable(f(a, a)))
  UndefVarError: lift not defined
  Stacktrace:
   [1] macro expansion at /home/vagrant/.julia/v0.6/StructuredQueries/test/lift.jl:42 [inlined]
   [2] anonymous at ./<missing>:?
   [3] include_from_node1(::String) at ./loading.jl:539
   [4] include(::String) at ./sysimg.jl:14
   [5] macro expansion at /home/vagrant/.julia/v0.6/StructuredQueries/test/runtests.jl:19 [inlined]
   [6] macro expansion at ./test.jl:852 [inlined]
   [7] anonymous at ./<missing>:?
All tests: Error During Test
  Test threw an exception of type UndefVarError
  Expression: isequal(SQ.lift(f, x, y), Nullable{U2}())
  UndefVarError: lift not defined
  Stacktrace:
   [1] macro expansion at /home/vagrant/.julia/v0.6/StructuredQueries/test/lift.jl:43 [inlined]
   [2] anonymous at ./<missing>:?
   [3] include_from_node1(::String) at ./loading.jl:539
   [4] include(::String) at ./sysimg.jl:14
   [5] macro expansion at /home/vagrant/.julia/v0.6/StructuredQueries/test/runtests.jl:19 [inlined]
   [6] macro expansion at ./test.jl:852 [inlined]
   [7] anonymous at ./<missing>:?
All tests: Error During Test
  Test threw an exception of type UndefVarError
  Expression: isequal(SQ.lift(f, x, x, x), Nullable(f(a, a, a)))
  UndefVarError: lift not defined
  Stacktrace:
   [1] macro expansion at /home/vagrant/.julia/v0.6/StructuredQueries/test/lift.jl:46 [inlined]
   [2] anonymous at ./<missing>:?
   [3] include_from_node1(::String) at ./loading.jl:539
   [4] include(::String) at ./sysimg.jl:14
   [5] macro expansion at /home/vagrant/.julia/v0.6/StructuredQueries/test/runtests.jl:19 [inlined]
   [6] macro expansion at ./test.jl:852 [inlined]
   [7] anonymous at ./<missing>:?
All tests: Error During Test
  Test threw an exception of type UndefVarError
  Expression: isequal(SQ.lift(f, x, y, x), Nullable{U3}())
  UndefVarError: lift not defined
  Stacktrace:
   [1] macro expansion at /home/vagrant/.julia/v0.6/StructuredQueries/test/lift.jl:47 [inlined]
   [2] anonymous at ./<missing>:?
   [3] include_from_node1(::String) at ./loading.jl:539
   [4] include(::String) at ./sysimg.jl:14
   [5] macro expansion at /home/vagrant/.julia/v0.6/StructuredQueries/test/runtests.jl:19 [inlined]
   [6] macro expansion at ./test.jl:852 [inlined]
   [7] anonymous at ./<missing>:?
All tests: Error During Test
  Test threw an exception of type UndefVarError
  Expression: isequal(SQ.lift(f, x), Nullable(f(a)))
  UndefVarError: lift not defined
  Stacktrace:
   [1] macro expansion at /home/vagrant/.julia/v0.6/StructuredQueries/test/lift.jl:38 [inlined]
   [2] anonymous at ./<missing>:?
   [3] include_from_node1(::String) at ./loading.jl:539
   [4] include(::String) at ./sysimg.jl:14
   [5] macro expansion at /home/vagrant/.julia/v0.6/StructuredQueries/test/runtests.jl:19 [inlined]
   [6] macro expansion at ./test.jl:852 [inlined]
   [7] anonymous at ./<missing>:?
All tests: Error During Test
  Test threw an exception of type UndefVarError
  Expression: isequal(SQ.lift(f, y), Nullable{U1}())
  UndefVarError: lift not defined
  Stacktrace:
   [1] macro expansion at /home/vagrant/.julia/v0.6/StructuredQueries/test/lift.jl:39 [inlined]
   [2] anonymous at ./<missing>:?
   [3] include_from_node1(::String) at ./loading.jl:539
   [4] include(::String) at ./sysimg.jl:14
   [5] macro expansion at /home/vagrant/.julia/v0.6/StructuredQueries/test/runtests.jl:19 [inlined]
   [6] macro expansion at ./test.jl:852 [inlined]
   [7] anonymous at ./<missing>:?
All tests: Error During Test
  Test threw an exception of type UndefVarError
  Expression: isequal(SQ.lift(f, x, x), Nullable(f(a, a)))
  UndefVarError: lift not defined
  Stacktrace:
   [1] macro expansion at /home/vagrant/.julia/v0.6/StructuredQueries/test/lift.jl:42 [inlined]
   [2] anonymous at ./<missing>:?
   [3] include_from_node1(::String) at ./loading.jl:539
   [4] include(::String) at ./sysimg.jl:14
   [5] macro expansion at /home/vagrant/.julia/v0.6/StructuredQueries/test/runtests.jl:19 [inlined]
   [6] macro expansion at ./test.jl:852 [inlined]
   [7] anonymous at ./<missing>:?
All tests: Error During Test
  Test threw an exception of type UndefVarError
  Expression: isequal(SQ.lift(f, x, y), Nullable{U2}())
  UndefVarError: lift not defined
  Stacktrace:
   [1] macro expansion at /home/vagrant/.julia/v0.6/StructuredQueries/test/lift.jl:43 [inlined]
   [2] anonymous at ./<missing>:?
   [3] include_from_node1(::String) at ./loading.jl:539
   [4] include(::String) at ./sysimg.jl:14
   [5] macro expansion at /home/vagrant/.julia/v0.6/StructuredQueries/test/runtests.jl:19 [inlined]
   [6] macro expansion at ./test.jl:852 [inlined]
   [7] anonymous at ./<missing>:?
All tests: Error During Test
  Test threw an exception of type UndefVarError
  Expression: isequal(SQ.lift(f, x, x, x), Nullable(f(a, a, a)))
  UndefVarError: lift not defined
  Stacktrace:
   [1] macro expansion at /home/vagrant/.julia/v0.6/StructuredQueries/test/lift.jl:46 [inlined]
   [2] anonymous at ./<missing>:?
   [3] include_from_node1(::String) at ./loading.jl:539
   [4] include(::String) at ./sysimg.jl:14
   [5] macro expansion at /home/vagrant/.julia/v0.6/StructuredQueries/test/runtests.jl:19 [inlined]
   [6] macro expansion at ./test.jl:852 [inlined]
   [7] anonymous at ./<missing>:?
All tests: Error During Test
  Test threw an exception of type UndefVarError
  Expression: isequal(SQ.lift(f, x, y, x), Nullable{U3}())
  UndefVarError: lift not defined
  Stacktrace:
   [1] macro expansion at /home/vagrant/.julia/v0.6/StructuredQueries/test/lift.jl:47 [inlined]
   [2] anonymous at ./<missing>:?
   [3] include_from_node1(::String) at ./loading.jl:539
   [4] include(::String) at ./sysimg.jl:14
   [5] macro expansion at /home/vagrant/.julia/v0.6/StructuredQueries/test/runtests.jl:19 [inlined]
   [6] macro expansion at ./test.jl:852 [inlined]
   [7] anonymous at ./<missing>:?
All tests: Error During Test
  Test threw an exception of type UndefVarError
  Expression: isequal(SQ.lift(f, x), Nullable(f(a)))
  UndefVarError: lift not defined
  Stacktrace:
   [1] macro expansion at /home/vagrant/.julia/v0.6/StructuredQueries/test/lift.jl:38 [inlined]
   [2] anonymous at ./<missing>:?
   [3] include_from_node1(::String) at ./loading.jl:539
   [4] include(::String) at ./sysimg.jl:14
   [5] macro expansion at /home/vagrant/.julia/v0.6/StructuredQueries/test/runtests.jl:19 [inlined]
   [6] macro expansion at ./test.jl:852 [inlined]
   [7] anonymous at ./<missing>:?
All tests: Error During Test
  Test threw an exception of type UndefVarError
  Expression: isequal(SQ.lift(f, y), Nullable{U1}())
  UndefVarError: lift not defined
  Stacktrace:
   [1] macro expansion at /home/vagrant/.julia/v0.6/StructuredQueries/test/lift.jl:39 [inlined]
   [2] anonymous at ./<missing>:?
   [3] include_from_node1(::String) at ./loading.jl:539
   [4] include(::String) at ./sysimg.jl:14
   [5] macro expansion at /home/vagrant/.julia/v0.6/StructuredQueries/test/runtests.jl:19 [inlined]
   [6] macro expansion at ./test.jl:852 [inlined]
   [7] anonymous at ./<missing>:?
All tests: Error During Test
  Test threw an exception of type UndefVarError
  Expression: isequal(SQ.lift(f, x, x), Nullable(f(a, a)))
  UndefVarError: lift not defined
  Stacktrace:
   [1] macro expansion at /home/vagrant/.julia/v0.6/StructuredQueries/test/lift.jl:42 [inlined]
   [2] anonymous at ./<missing>:?
   [3] include_from_node1(::String) at ./loading.jl:539
   [4] include(::String) at ./sysimg.jl:14
   [5] macro expansion at /home/vagrant/.julia/v0.6/StructuredQueries/test/runtests.jl:19 [inlined]
   [6] macro expansion at ./test.jl:852 [inlined]
   [7] anonymous at ./<missing>:?
All tests: Error During Test
  Test threw an exception of type UndefVarError
  Expression: isequal(SQ.lift(f, x, y), Nullable{U2}())
  UndefVarError: lift not defined
  Stacktrace:
   [1] macro expansion at /home/vagrant/.julia/v0.6/StructuredQueries/test/lift.jl:43 [inlined]
   [2] anonymous at ./<missing>:?
   [3] include_from_node1(::String) at ./loading.jl:539
   [4] include(::String) at ./sysimg.jl:14
   [5] macro expansion at /home/vagrant/.julia/v0.6/StructuredQueries/test/runtests.jl:19 [inlined]
   [6] macro expansion at ./test.jl:852 [inlined]
   [7] anonymous at ./<missing>:?
All tests: Error During Test
  Test threw an exception of type UndefVarError
  Expression: isequal(SQ.lift(f, x, x, x), Nullable(f(a, a, a)))
  UndefVarError: lift not defined
  Stacktrace:
   [1] macro expansion at /home/vagrant/.julia/v0.6/StructuredQueries/test/lift.jl:46 [inlined]
   [2] anonymous at ./<missing>:?
   [3] include_from_node1(::String) at ./loading.jl:539
   [4] include(::String) at ./sysimg.jl:14
   [5] macro expansion at /home/vagrant/.julia/v0.6/StructuredQueries/test/runtests.jl:19 [inlined]
   [6] macro expansion at ./test.jl:852 [inlined]
   [7] anonymous at ./<missing>:?
All tests: Error During Test
  Test threw an exception of type UndefVarError
  Expression: isequal(SQ.lift(f, x, y, x), Nullable{U3}())
  UndefVarError: lift not defined
  Stacktrace:
   [1] macro expansion at /home/vagrant/.julia/v0.6/StructuredQueries/test/lift.jl:47 [inlined]
   [2] anonymous at ./<missing>:?
   [3] include_from_node1(::String) at ./loading.jl:539
   [4] include(::String) at ./sysimg.jl:14
   [5] macro expansion at /home/vagrant/.julia/v0.6/StructuredQueries/test/runtests.jl:19 [inlined]
   [6] macro expansion at ./test.jl:852 [inlined]
   [7] anonymous at ./<missing>:?
All tests: Error During Test
  Test threw an exception of type UndefVarError
  Expression: isequal(SQ.lift(f, x), Nullable(f(a)))
  UndefVarError: lift not defined
  Stacktrace:
   [1] macro expansion at /home/vagrant/.julia/v0.6/StructuredQueries/test/lift.jl:38 [inlined]
   [2] anonymous at ./<missing>:?
   [3] include_from_node1(::String) at ./loading.jl:539
   [4] include(::String) at ./sysimg.jl:14
   [5] macro expansion at /home/vagrant/.julia/v0.6/StructuredQueries/test/runtests.jl:19 [inlined]
   [6] macro expansion at ./test.jl:852 [inlined]
   [7] anonymous at ./<missing>:?
All tests: Error During Test
  Test threw an exception of type UndefVarError
  Expression: isequal(SQ.lift(f, y), Nullable{U1}())
  UndefVarError: lift not defined
  Stacktrace:
   [1] macro expansion at /home/vagrant/.julia/v0.6/StructuredQueries/test/lift.jl:39 [inlined]
   [2] anonymous at ./<missing>:?
   [3] include_from_node1(::String) at ./loading.jl:539
   [4] include(::String) at ./sysimg.jl:14
   [5] macro expansion at /home/vagrant/.julia/v0.6/StructuredQueries/test/runtests.jl:19 [inlined]
   [6] macro expansion at ./test.jl:852 [inlined]
   [7] anonymous at ./<missing>:?
All tests: Error During Test
  Test threw an exception of type UndefVarError
  Expression: isequal(SQ.lift(f, x, x), Nullable(f(a, a)))
  UndefVarError: lift not defined
  Stacktrace:
   [1] macro expansion at /home/vagrant/.julia/v0.6/StructuredQueries/test/lift.jl:42 [inlined]
   [2] anonymous at ./<missing>:?
   [3] include_from_node1(::String) at ./loading.jl:539
   [4] include(::String) at ./sysimg.jl:14
   [5] macro expansion at /home/vagrant/.julia/v0.6/StructuredQueries/test/runtests.jl:19 [inlined]
   [6] macro expansion at ./test.jl:852 [inlined]
   [7] anonymous at ./<missing>:?
All tests: Error During Test
  Test threw an exception of type UndefVarError
  Expression: isequal(SQ.lift(f, x, y), Nullable{U2}())
  UndefVarError: lift not defined
  Stacktrace:
   [1] macro expansion at /home/vagrant/.julia/v0.6/StructuredQueries/test/lift.jl:43 [inlined]
   [2] anonymous at ./<missing>:?
   [3] include_from_node1(::String) at ./loading.jl:539
   [4] include(::String) at ./sysimg.jl:14
   [5] macro expansion at /home/vagrant/.julia/v0.6/StructuredQueries/test/runtests.jl:19 [inlined]
   [6] macro expansion at ./test.jl:852 [inlined]
   [7] anonymous at ./<missing>:?
All tests: Error During Test
  Test threw an exception of type UndefVarError
  Expression: isequal(SQ.lift(f, x, x, x), Nullable(f(a, a, a)))
  UndefVarError: lift not defined
  Stacktrace:
   [1] macro expansion at /home/vagrant/.julia/v0.6/StructuredQueries/test/lift.jl:46 [inlined]
   [2] anonymous at ./<missing>:?
   [3] include_from_node1(::String) at ./loading.jl:539
   [4] include(::String) at ./sysimg.jl:14
   [5] macro expansion at /home/vagrant/.julia/v0.6/StructuredQueries/test/runtests.jl:19 [inlined]
   [6] macro expansion at ./test.jl:852 [inlined]
   [7] anonymous at ./<missing>:?
All tests: Error During Test
  Test threw an exception of type UndefVarError
  Expression: isequal(SQ.lift(f, x, y, x), Nullable{U3}())
  UndefVarError: lift not defined
  Stacktrace:
   [1] macro expansion at /home/vagrant/.julia/v0.6/StructuredQueries/test/lift.jl:47 [inlined]
   [2] anonymous at ./<missing>:?
   [3] include_from_node1(::String) at ./loading.jl:539
   [4] include(::String) at ./sysimg.jl:14
   [5] macro expansion at /home/vagrant/.julia/v0.6/StructuredQueries/test/runtests.jl:19 [inlined]
   [6] macro expansion at ./test.jl:852 [inlined]
   [7] anonymous at ./<missing>:?
All tests: Error During Test
  Test threw an exception of type UndefVarError
  Expression: isequal(SQ.lift(f, x), Nullable(f(a)))
  UndefVarError: lift not defined
  Stacktrace:
   [1] macro expansion at /home/vagrant/.julia/v0.6/StructuredQueries/test/lift.jl:38 [inlined]
   [2] anonymous at ./<missing>:?
   [3] include_from_node1(::String) at ./loading.jl:539
   [4] include(::String) at ./sysimg.jl:14
   [5] macro expansion at /home/vagrant/.julia/v0.6/StructuredQueries/test/runtests.jl:19 [inlined]
   [6] macro expansion at ./test.jl:852 [inlined]
   [7] anonymous at ./<missing>:?
All tests: Error During Test
  Test threw an exception of type UndefVarError
  Expression: isequal(SQ.lift(f, y), Nullable{U1}())
  UndefVarError: lift not defined
  Stacktrace:
   [1] macro expansion at /home/vagrant/.julia/v0.6/StructuredQueries/test/lift.jl:39 [inlined]
   [2] anonymous at ./<missing>:?
   [3] include_from_node1(::String) at ./loading.jl:539
   [4] include(::String) at ./sysimg.jl:14
   [5] macro expansion at /home/vagrant/.julia/v0.6/StructuredQueries/test/runtests.jl:19 [inlined]
   [6] macro expansion at ./test.jl:852 [inlined]
   [7] anonymous at ./<missing>:?
All tests: Error During Test
  Test threw an exception of type UndefVarError
  Expression: isequal(SQ.lift(f, x, x), Nullable(f(a, a)))
  UndefVarError: lift not defined
  Stacktrace:
   [1] macro expansion at /home/vagrant/.julia/v0.6/StructuredQueries/test/lift.jl:42 [inlined]
   [2] anonymous at ./<missing>:?
   [3] include_from_node1(::String) at ./loading.jl:539
   [4] include(::String) at ./sysimg.jl:14
   [5] macro expansion at /home/vagrant/.julia/v0.6/StructuredQueries/test/runtests.jl:19 [inlined]
   [6] macro expansion at ./test.jl:852 [inlined]
   [7] anonymous at ./<missing>:?
All tests: Error During Test
  Test threw an exception of type UndefVarError
  Expression: isequal(SQ.lift(f, x, y), Nullable{U2}())
  UndefVarError: lift not defined
  Stacktrace:
   [1] macro expansion at /home/vagrant/.julia/v0.6/StructuredQueries/test/lift.jl:43 [inlined]
   [2] anonymous at ./<missing>:?
   [3] include_from_node1(::String) at ./loading.jl:539
   [4] include(::String) at ./sysimg.jl:14
   [5] macro expansion at /home/vagrant/.julia/v0.6/StructuredQueries/test/runtests.jl:19 [inlined]
   [6] macro expansion at ./test.jl:852 [inlined]
   [7] anonymous at ./<missing>:?
All tests: Error During Test
  Test threw an exception of type UndefVarError
  Expression: isequal(SQ.lift(f, x, x, x), Nullable(f(a, a, a)))
  UndefVarError: lift not defined
  Stacktrace:
   [1] macro expansion at /home/vagrant/.julia/v0.6/StructuredQueries/test/lift.jl:46 [inlined]
   [2] anonymous at ./<missing>:?
   [3] include_from_node1(::String) at ./loading.jl:539
   [4] include(::String) at ./sysimg.jl:14
   [5] macro expansion at /home/vagrant/.julia/v0.6/StructuredQueries/test/runtests.jl:19 [inlined]
   [6] macro expansion at ./test.jl:852 [inlined]
   [7] anonymous at ./<missing>:?
All tests: Error During Test
  Test threw an exception of type UndefVarError
  Expression: isequal(SQ.lift(f, x, y, x), Nullable{U3}())
  UndefVarError: lift not defined
  Stacktrace:
   [1] macro expansion at /home/vagrant/.julia/v0.6/StructuredQueries/test/lift.jl:47 [inlined]
   [2] anonymous at ./<missing>:?
   [3] include_from_node1(::String) at ./loading.jl:539
   [4] include(::String) at ./sysimg.jl:14
   [5] macro expansion at /home/vagrant/.julia/v0.6/StructuredQueries/test/runtests.jl:19 [inlined]
   [6] macro expansion at ./test.jl:852 [inlined]
   [7] anonymous at ./<missing>:?
All tests: Error During Test
  Test threw an exception of type UndefVarError
  Expression: isequal(SQ.lift(f, x), Nullable(f(a)))
  UndefVarError: lift not defined
  Stacktrace:
   [1] macro expansion at /home/vagrant/.julia/v0.6/StructuredQueries/test/lift.jl:38 [inlined]
   [2] anonymous at ./<missing>:?
   [3] include_from_node1(::String) at ./loading.jl:539
   [4] include(::String) at ./sysimg.jl:14
   [5] macro expansion at /home/vagrant/.julia/v0.6/StructuredQueries/test/runtests.jl:19 [inlined]
   [6] macro expansion at ./test.jl:852 [inlined]
   [7] anonymous at ./<missing>:?
All tests: Error During Test
  Test threw an exception of type UndefVarError
  Expression: isequal(SQ.lift(f, y), Nullable{U1}())
  UndefVarError: lift not defined
  Stacktrace:
   [1] macro expansion at /home/vagrant/.julia/v0.6/StructuredQueries/test/lift.jl:39 [inlined]
   [2] anonymous at ./<missing>:?
   [3] include_from_node1(::String) at ./loading.jl:539
   [4] include(::String) at ./sysimg.jl:14
   [5] macro expansion at /home/vagrant/.julia/v0.6/StructuredQueries/test/runtests.jl:19 [inlined]
   [6] macro expansion at ./test.jl:852 [inlined]
   [7] anonymous at ./<missing>:?
All tests: Error During Test
  Test threw an exception of type UndefVarError
  Expression: isequal(SQ.lift(f, x, x), Nullable(f(a, a)))
  UndefVarError: lift not defined
  Stacktrace:
   [1] macro expansion at /home/vagrant/.julia/v0.6/StructuredQueries/test/lift.jl:42 [inlined]
   [2] anonymous at ./<missing>:?
   [3] include_from_node1(::String) at ./loading.jl:539
   [4] include(::String) at ./sysimg.jl:14
   [5] macro expansion at /home/vagrant/.julia/v0.6/StructuredQueries/test/runtests.jl:19 [inlined]
   [6] macro expansion at ./test.jl:852 [inlined]
   [7] anonymous at ./<missing>:?
All tests: Error During Test
  Test threw an exception of type UndefVarError
  Expression: isequal(SQ.lift(f, x, y), Nullable{U2}())
  UndefVarError: lift not defined
  Stacktrace:
   [1] macro expansion at /home/vagrant/.julia/v0.6/StructuredQueries/test/lift.jl:43 [inlined]
   [2] anonymous at ./<missing>:?
   [3] include_from_node1(::String) at ./loading.jl:539
   [4] include(::String) at ./sysimg.jl:14
   [5] macro expansion at /home/vagrant/.julia/v0.6/StructuredQueries/test/runtests.jl:19 [inlined]
   [6] macro expansion at ./test.jl:852 [inlined]
   [7] anonymous at ./<missing>:?
All tests: Error During Test
  Test threw an exception of type UndefVarError
  Expression: isequal(SQ.lift(f, x, x, x), Nullable(f(a, a, a)))
  UndefVarError: lift not defined
  Stacktrace:
   [1] macro expansion at /home/vagrant/.julia/v0.6/StructuredQueries/test/lift.jl:46 [inlined]
   [2] anonymous at ./<missing>:?
   [3] include_from_node1(::String) at ./loading.jl:539
   [4] include(::String) at ./sysimg.jl:14
   [5] macro expansion at /home/vagrant/.julia/v0.6/StructuredQueries/test/runtests.jl:19 [inlined]
   [6] macro expansion at ./test.jl:852 [inlined]
   [7] anonymous at ./<missing>:?
All tests: Error During Test
  Test threw an exception of type UndefVarError
  Expression: isequal(SQ.lift(f, x, y, x), Nullable{U3}())
  UndefVarError: lift not defined
  Stacktrace:
   [1] macro expansion at /home/vagrant/.julia/v0.6/StructuredQueries/test/lift.jl:47 [inlined]
   [2] anonymous at ./<missing>:?
   [3] include_from_node1(::String) at ./loading.jl:539
   [4] include(::String) at ./sysimg.jl:14
   [5] macro expansion at /home/vagrant/.julia/v0.6/StructuredQueries/test/runtests.jl:19 [inlined]
   [6] macro expansion at ./test.jl:852 [inlined]
   [7] anonymous at ./<missing>:?
All tests: Error During Test
  Test threw an exception of type UndefVarError
  Expression: isequal(SQ.lift(f, x), Nullable(f(a)))
  UndefVarError: lift not defined
  Stacktrace:
   [1] macro expansion at /home/vagrant/.julia/v0.6/StructuredQueries/test/lift.jl:38 [inlined]
   [2] anonymous at ./<missing>:?
   [3] include_from_node1(::String) at ./loading.jl:539
   [4] include(::String) at ./sysimg.jl:14
   [5] macro expansion at /home/vagrant/.julia/v0.6/StructuredQueries/test/runtests.jl:19 [inlined]
   [6] macro expansion at ./test.jl:852 [inlined]
   [7] anonymous at ./<missing>:?
All tests: Error During Test
  Test threw an exception of type UndefVarError
  Expression: isequal(SQ.lift(f, y), Nullable{U1}())
  UndefVarError: lift not defined
  Stacktrace:
   [1] macro expansion at /home/vagrant/.julia/v0.6/StructuredQueries/test/lift.jl:39 [inlined]
   [2] anonymous at ./<missing>:?
   [3] include_from_node1(::String) at ./loading.jl:539
   [4] include(::String) at ./sysimg.jl:14
   [5] macro expansion at /home/vagrant/.julia/v0.6/StructuredQueries/test/runtests.jl:19 [inlined]
   [6] macro expansion at ./test.jl:852 [inlined]
   [7] anonymous at ./<missing>:?
All tests: Error During Test
  Test threw an exception of type UndefVarError
  Expression: isequal(SQ.lift(f, x, x), Nullable(f(a, a)))
  UndefVarError: lift not defined
  Stacktrace:
   [1] macro expansion at /home/vagrant/.julia/v0.6/StructuredQueries/test/lift.jl:42 [inlined]
   [2] anonymous at ./<missing>:?
   [3] include_from_node1(::String) at ./loading.jl:539
   [4] include(::String) at ./sysimg.jl:14
   [5] macro expansion at /home/vagrant/.julia/v0.6/StructuredQueries/test/runtests.jl:19 [inlined]
   [6] macro expansion at ./test.jl:852 [inlined]
   [7] anonymous at ./<missing>:?
All tests: Error During Test
  Test threw an exception of type UndefVarError
  Expression: isequal(SQ.lift(f, x, y), Nullable{U2}())
  UndefVarError: lift not defined
  Stacktrace:
   [1] macro expansion at /home/vagrant/.julia/v0.6/StructuredQueries/test/lift.jl:43 [inlined]
   [2] anonymous at ./<missing>:?
   [3] include_from_node1(::String) at ./loading.jl:539
   [4] include(::String) at ./sysimg.jl:14
   [5] macro expansion at /home/vagrant/.julia/v0.6/StructuredQueries/test/runtests.jl:19 [inlined]
   [6] macro expansion at ./test.jl:852 [inlined]
   [7] anonymous at ./<missing>:?
All tests: Error During Test
  Test threw an exception of type UndefVarError
  Expression: isequal(SQ.lift(f, x, x, x), Nullable(f(a, a, a)))
  UndefVarError: lift not defined
  Stacktrace:
   [1] macro expansion at /home/vagrant/.julia/v0.6/StructuredQueries/test/lift.jl:46 [inlined]
   [2] anonymous at ./<missing>:?
   [3] include_from_node1(::String) at ./loading.jl:539
   [4] include(::String) at ./sysimg.jl:14
   [5] macro expansion at /home/vagrant/.julia/v0.6/StructuredQueries/test/runtests.jl:19 [inlined]
   [6] macro expansion at ./test.jl:852 [inlined]
   [7] anonymous at ./<missing>:?
All tests: Error During Test
  Test threw an exception of type UndefVarError
  Expression: isequal(SQ.lift(f, x, y, x), Nullable{U3}())
  UndefVarError: lift not defined
  Stacktrace:
   [1] macro expansion at /home/vagrant/.julia/v0.6/StructuredQueries/test/lift.jl:47 [inlined]
   [2] anonymous at ./<missing>:?
   [3] include_from_node1(::String) at ./loading.jl:539
   [4] include(::String) at ./sysimg.jl:14
   [5] macro expansion at /home/vagrant/.julia/v0.6/StructuredQueries/test/runtests.jl:19 [inlined]
   [6] macro expansion at ./test.jl:852 [inlined]
   [7] anonymous at ./<missing>:?
All tests: Error During Test
  Test threw an exception of type UndefVarError
  Expression: isequal(SQ.lift(f, x), Nullable(f(a)))
  UndefVarError: lift not defined
  Stacktrace:
   [1] macro expansion at /home/vagrant/.julia/v0.6/StructuredQueries/test/lift.jl:38 [inlined]
   [2] anonymous at ./<missing>:?
   [3] include_from_node1(::String) at ./loading.jl:539
   [4] include(::String) at ./sysimg.jl:14
   [5] macro expansion at /home/vagrant/.julia/v0.6/StructuredQueries/test/runtests.jl:19 [inlined]
   [6] macro expansion at ./test.jl:852 [inlined]
   [7] anonymous at ./<missing>:?
All tests: Error During Test
  Test threw an exception of type UndefVarError
  Expression: isequal(SQ.lift(f, y), Nullable{U1}())
  UndefVarError: lift not defined
  Stacktrace:
   [1] macro expansion at /home/vagrant/.julia/v0.6/StructuredQueries/test/lift.jl:39 [inlined]
   [2] anonymous at ./<missing>:?
   [3] include_from_node1(::String) at ./loading.jl:539
   [4] include(::String) at ./sysimg.jl:14
   [5] macro expansion at /home/vagrant/.julia/v0.6/StructuredQueries/test/runtests.jl:19 [inlined]
   [6] macro expansion at ./test.jl:852 [inlined]
   [7] anonymous at ./<missing>:?
All tests: Error During Test
  Test threw an exception of type UndefVarError
  Expression: isequal(SQ.lift(f, x, x), Nullable(f(a, a)))
  UndefVarError: lift not defined
  Stacktrace:
   [1] macro expansion at /home/vagrant/.julia/v0.6/StructuredQueries/test/lift.jl:42 [inlined]
   [2] anonymous at ./<missing>:?
   [3] include_from_node1(::String) at ./loading.jl:539
   [4] include(::String) at ./sysimg.jl:14
   [5] macro expansion at /home/vagrant/.julia/v0.6/StructuredQueries/test/runtests.jl:19 [inlined]
   [6] macro expansion at ./test.jl:852 [inlined]
   [7] anonymous at ./<missing>:?
All tests: Error During Test
  Test threw an exception of type UndefVarError
  Expression: isequal(SQ.lift(f, x, y), Nullable{U2}())
  UndefVarError: lift not defined
  Stacktrace:
   [1] macro expansion at /home/vagrant/.julia/v0.6/StructuredQueries/test/lift.jl:43 [inlined]
   [2] anonymous at ./<missing>:?
   [3] include_from_node1(::String) at ./loading.jl:539
   [4] include(::String) at ./sysimg.jl:14
   [5] macro expansion at /home/vagrant/.julia/v0.6/StructuredQueries/test/runtests.jl:19 [inlined]
   [6] macro expansion at ./test.jl:852 [inlined]
   [7] anonymous at ./<missing>:?
All tests: Error During Test
  Test threw an exception of type UndefVarError
  Expression: isequal(SQ.lift(f, x, x, x), Nullable(f(a, a, a)))
  UndefVarError: lift not defined
  Stacktrace:
   [1] macro expansion at /home/vagrant/.julia/v0.6/StructuredQueries/test/lift.jl:46 [inlined]
   [2] anonymous at ./<missing>:?
   [3] include_from_node1(::String) at ./loading.jl:539
   [4] include(::String) at ./sysimg.jl:14
   [5] macro expansion at /home/vagrant/.julia/v0.6/StructuredQueries/test/runtests.jl:19 [inlined]
   [6] macro expansion at ./test.jl:852 [inlined]
   [7] anonymous at ./<missing>:?
All tests: Error During Test
  Test threw an exception of type UndefVarError
  Expression: isequal(SQ.lift(f, x, y, x), Nullable{U3}())
  UndefVarError: lift not defined
  Stacktrace:
   [1] macro expansion at /home/vagrant/.julia/v0.6/StructuredQueries/test/lift.jl:47 [inlined]
   [2] anonymous at ./<missing>:?
   [3] include_from_node1(::String) at ./loading.jl:539
   [4] include(::String) at ./sysimg.jl:14
   [5] macro expansion at /home/vagrant/.julia/v0.6/StructuredQueries/test/runtests.jl:19 [inlined]
   [6] macro expansion at ./test.jl:852 [inlined]
   [7] anonymous at ./<missing>:?
All tests: Error During Test
  Test threw an exception of type UndefVarError
  Expression: isequal(SQ.lift(f, x), Nullable(f(a)))
  UndefVarError: lift not defined
  Stacktrace:
   [1] macro expansion at /home/vagrant/.julia/v0.6/StructuredQueries/test/lift.jl:38 [inlined]
   [2] anonymous at ./<missing>:?
   [3] include_from_node1(::String) at ./loading.jl:539
   [4] include(::String) at ./sysimg.jl:14
   [5] macro expansion at /home/vagrant/.julia/v0.6/StructuredQueries/test/runtests.jl:19 [inlined]
   [6] macro expansion at ./test.jl:852 [inlined]
   [7] anonymous at ./<missing>:?
All tests: Error During Test
  Test threw an exception of type UndefVarError
  Expression: isequal(SQ.lift(f, y), Nullable{U1}())
  UndefVarError: lift not defined
  Stacktrace:
   [1] macro expansion at /home/vagrant/.julia/v0.6/StructuredQueries/test/lift.jl:39 [inlined]
   [2] anonymous at ./<missing>:?
   [3] include_from_node1(::String) at ./loading.jl:539
   [4] include(::String) at ./sysimg.jl:14
   [5] macro expansion at /home/vagrant/.julia/v0.6/StructuredQueries/test/runtests.jl:19 [inlined]
   [6] macro expansion at ./test.jl:852 [inlined]
   [7] anonymous at ./<missing>:?
All tests: Error During Test
  Test threw an exception of type UndefVarError
  Expression: isequal(SQ.lift(f, x, x), Nullable(f(a, a)))
  UndefVarError: lift not defined
  Stacktrace:
   [1] macro expansion at /home/vagrant/.julia/v0.6/StructuredQueries/test/lift.jl:42 [inlined]
   [2] anonymous at ./<missing>:?
   [3] include_from_node1(::String) at ./loading.jl:539
   [4] include(::String) at ./sysimg.jl:14
   [5] macro expansion at /home/vagrant/.julia/v0.6/StructuredQueries/test/runtests.jl:19 [inlined]
   [6] macro expansion at ./test.jl:852 [inlined]
   [7] anonymous at ./<missing>:?
All tests: Error During Test
  Test threw an exception of type UndefVarError
  Expression: isequal(SQ.lift(f, x, y), Nullable{U2}())
  UndefVarError: lift not defined
  Stacktrace:
   [1] macro expansion at /home/vagrant/.julia/v0.6/StructuredQueries/test/lift.jl:43 [inlined]
   [2] anonymous at ./<missing>:?
   [3] include_from_node1(::String) at ./loading.jl:539
   [4] include(::String) at ./sysimg.jl:14
   [5] macro expansion at /home/vagrant/.julia/v0.6/StructuredQueries/test/runtests.jl:19 [inlined]
   [6] macro expansion at ./test.jl:852 [inlined]
   [7] anonymous at ./<missing>:?
All tests: Error During Test
  Test threw an exception of type UndefVarError
  Expression: isequal(SQ.lift(f, x, x, x), Nullable(f(a, a, a)))
  UndefVarError: lift not defined
  Stacktrace:
   [1] macro expansion at /home/vagrant/.julia/v0.6/StructuredQueries/test/lift.jl:46 [inlined]
   [2] anonymous at ./<missing>:?
   [3] include_from_node1(::String) at ./loading.jl:539
   [4] include(::String) at ./sysimg.jl:14
   [5] macro expansion at /home/vagrant/.julia/v0.6/StructuredQueries/test/runtests.jl:19 [inlined]
   [6] macro expansion at ./test.jl:852 [inlined]
   [7] anonymous at ./<missing>:?
All tests: Error During Test
  Test threw an exception of type UndefVarError
  Expression: isequal(SQ.lift(f, x, y, x), Nullable{U3}())
  UndefVarError: lift not defined
  Stacktrace:
   [1] macro expansion at /home/vagrant/.julia/v0.6/StructuredQueries/test/lift.jl:47 [inlined]
   [2] anonymous at ./<missing>:?
   [3] include_from_node1(::String) at ./loading.jl:539
   [4] include(::String) at ./sysimg.jl:14
   [5] macro expansion at /home/vagrant/.julia/v0.6/StructuredQueries/test/runtests.jl:19 [inlined]
   [6] macro expansion at ./test.jl:852 [inlined]
   [7] anonymous at ./<missing>:?
All tests: Error During Test
  Test threw an exception of type UndefVarError
  Expression: isequal(SQ.lift(f, x), Nullable(f(a)))
  UndefVarError: lift not defined
  Stacktrace:
   [1] macro expansion at /home/vagrant/.julia/v0.6/StructuredQueries/test/lift.jl:38 [inlined]
   [2] anonymous at ./<missing>:?
   [3] include_from_node1(::String) at ./loading.jl:539
   [4] include(::String) at ./sysimg.jl:14
   [5] macro expansion at /home/vagrant/.julia/v0.6/StructuredQueries/test/runtests.jl:19 [inlined]
   [6] macro expansion at ./test.jl:852 [inlined]
   [7] anonymous at ./<missing>:?
All tests: Error During Test
  Test threw an exception of type UndefVarError
  Expression: isequal(SQ.lift(f, y), Nullable{U1}())
  UndefVarError: lift not defined
  Stacktrace:
   [1] macro expansion at /home/vagrant/.julia/v0.6/StructuredQueries/test/lift.jl:39 [inlined]
   [2] anonymous at ./<missing>:?
   [3] include_from_node1(::String) at ./loading.jl:539
   [4] include(::String) at ./sysimg.jl:14
   [5] macro expansion at /home/vagrant/.julia/v0.6/StructuredQueries/test/runtests.jl:19 [inlined]
   [6] macro expansion at ./test.jl:852 [inlined]
   [7] anonymous at ./<missing>:?
All tests: Error During Test
  Test threw an exception of type UndefVarError
  Expression: isequal(SQ.lift(f, x, x), Nullable(f(a, a)))
  UndefVarError: lift not defined
  Stacktrace:
   [1] macro expansion at /home/vagrant/.julia/v0.6/StructuredQueries/test/lift.jl:42 [inlined]
   [2] anonymous at ./<missing>:?
   [3] include_from_node1(::String) at ./loading.jl:539
   [4] include(::String) at ./sysimg.jl:14
   [5] macro expansion at /home/vagrant/.julia/v0.6/StructuredQueries/test/runtests.jl:19 [inlined]
   [6] macro expansion at ./test.jl:852 [inlined]
   [7] anonymous at ./<missing>:?
All tests: Error During Test
  Test threw an exception of type UndefVarError
  Expression: isequal(SQ.lift(f, x, y), Nullable{U2}())
  UndefVarError: lift not defined
  Stacktrace:
   [1] macro expansion at /home/vagrant/.julia/v0.6/StructuredQueries/test/lift.jl:43 [inlined]
   [2] anonymous at ./<missing>:?
   [3] include_from_node1(::String) at ./loading.jl:539
   [4] include(::String) at ./sysimg.jl:14
   [5] macro expansion at /home/vagrant/.julia/v0.6/StructuredQueries/test/runtests.jl:19 [inlined]
   [6] macro expansion at ./test.jl:852 [inlined]
   [7] anonymous at ./<missing>:?
All tests: Error During Test
  Test threw an exception of type UndefVarError
  Expression: isequal(SQ.lift(f, x, x, x), Nullable(f(a, a, a)))
  UndefVarError: lift not defined
  Stacktrace:
   [1] macro expansion at /home/vagrant/.julia/v0.6/StructuredQueries/test/lift.jl:46 [inlined]
   [2] anonymous at ./<missing>:?
   [3] include_from_node1(::String) at ./loading.jl:539
   [4] include(::String) at ./sysimg.jl:14
   [5] macro expansion at /home/vagrant/.julia/v0.6/StructuredQueries/test/runtests.jl:19 [inlined]
   [6] macro expansion at ./test.jl:852 [inlined]
   [7] anonymous at ./<missing>:?
All tests: Error During Test
  Test threw an exception of type UndefVarError
  Expression: isequal(SQ.lift(f, x, y, x), Nullable{U3}())
  UndefVarError: lift not defined
  Stacktrace:
   [1] macro expansion at /home/vagrant/.julia/v0.6/StructuredQueries/test/lift.jl:47 [inlined]
   [2] anonymous at ./<missing>:?
   [3] include_from_node1(::String) at ./loading.jl:539
   [4] include(::String) at ./sysimg.jl:14
   [5] macro expansion at /home/vagrant/.julia/v0.6/StructuredQueries/test/runtests.jl:19 [inlined]
   [6] macro expansion at ./test.jl:852 [inlined]
   [7] anonymous at ./<missing>:?
	[1m[31mFAILED[0m: lift.jl
LoadError: UndefVarError: lift not defined
Stacktrace:
 [1] macro expansion at /home/vagrant/.julia/v0.6/StructuredQueries/test/runtests.jl:27 [inlined]
 [2] macro expansion at ./test.jl:852 [inlined]
 [3] anonymous at ./<missing>:?
 [4] include_from_node1(::String) at ./loading.jl:539
 [5] include(::String) at ./sysimg.jl:14
 [6] process_options(::Base.JLOptions) at ./client.jl:300
 [7] _start() at ./client.jl:366
while loading /home/vagrant/.julia/v0.6/StructuredQueries/test/lift.jl, in expression starting on line 59
Test Summary: | Error  Total
All tests     |    72     72
ERROR: LoadError: Some tests did not pass: 0 passed, 0 failed, 72 errored, 0 broken.
while loading /home/vagrant/.julia/v0.6/StructuredQueries/test/runtests.jl, in expression starting on line 16
==========================[ ERROR: StructuredQueries ]==========================

failed process: Process(`/home/vagrant/julia/bin/julia -Cx86-64 -J/home/vagrant/julia/lib/julia/sys.so --compile=yes --depwarn=yes --check-bounds=yes --code-coverage=none --color=no --compilecache=yes /home/vagrant/.julia/v0.6/StructuredQueries/test/runtests.jl`, ProcessExited(1)) [1]

================================================================================
ERROR: StructuredQueries had test errors

>>> End of log
