>>> 'Pkg.add("TablesDemo")' log
INFO: Cloning cache of AbstractTables from https://github.com/davidagold/AbstractTables.jl.git
INFO: Cloning cache of TablesDemo from https://github.com/davidagold/TablesDemo.jl.git
INFO: Installing AbstractTables v0.0.1
INFO: Installing CSV v0.1.2
INFO: Installing CategoricalArrays v0.1.0
INFO: Installing DataArrays v0.3.10
INFO: Installing DataFrames v0.8.5
INFO: Installing DataStreams v0.1.2
INFO: Installing FileIO v0.2.0
INFO: Installing GZip v0.2.20
INFO: Installing Hiccup v0.0.3
INFO: Installing Juno v0.2.5
INFO: Installing Lazy v0.11.4
INFO: Installing MacroTools v0.3.2
INFO: Installing Media v0.2.4
INFO: Installing NullableArrays v0.0.10
INFO: Installing Reexport v0.0.3
INFO: Installing SortingAlgorithms v0.1.0
INFO: Installing StatsBase v0.11.1
INFO: Installing StructuredQueries v0.0.4
INFO: Installing TablesDemo v0.0.1
INFO: Installing WeakRefStrings v0.2.0
INFO: Package database updated

>>> 'Pkg.test("TablesDemo")' log
Julia Version 0.6.0-dev.1527
Commit 4dcada1 (2016-12-08 19:58 UTC)
Platform Info:
  OS: Linux (x86_64-pc-linux-gnu)
  CPU: Intel(R) Xeon(R) CPU E3-1241 v3 @ 3.50GHz
  WORD_SIZE: 64
           Ubuntu 14.04.5 LTS
  uname: Linux 3.13.0-105-generic #152-Ubuntu SMP Fri Dec 2 15:37:11 UTC 2016 x86_64 x86_64
Memory: 2.9392738342285156 GB (1151.64453125 MB free)
Uptime: 22478.0 sec
Load Avg:  1.09033203125  1.0205078125  0.9814453125
Intel(R) Xeon(R) CPU E3-1241 v3 @ 3.50GHz: 
       speed         user         nice          sys         idle          irq
#1  3500 MHz    1323931 s        128 s     170812 s     500863 s         82 s
#2  3500 MHz     407104 s       6041 s      75834 s    1694373 s          1 s

  BLAS: libopenblas (USE64BITINT DYNAMIC_ARCH NO_AFFINITY Nehalem)
  LAPACK: libopenblas64_
  LIBM: libopenlibm
  LLVM: libLLVM-3.7.1 (ORCJIT, haswell)
Environment:
  TERM = vt100
  LD_LIBRARY_PATH = :/usr/local/lib/
  PATH = /usr/local/sbin:/usr/local/bin:/usr/sbin:/usr/bin:/sbin:/bin:/usr/games:/usr/local/games:/home/vagrant/julia/bin/
  JAVA_HOME = /usr/lib/jvm/java-7-oracle
  HOME = /home/vagrant

Package Directory: /home/vagrant/.julia/v0.6
2 required packages:
 - JSON                          0.8.0
 - TablesDemo                    0.0.1
20 additional packages:
 - AbstractTables                0.0.1
 - CSV                           0.1.2
 - CategoricalArrays             0.1.0
 - Compat                        0.9.5
 - DataArrays                    0.3.10
 - DataFrames                    0.8.5
 - DataStreams                   0.1.2
 - FileIO                        0.2.0
 - GZip                          0.2.20
 - Hiccup                        0.0.3
 - Juno                          0.2.5
 - Lazy                          0.11.4
 - MacroTools                    0.3.2
 - Media                         0.2.4
 - NullableArrays                0.0.10
 - Reexport                      0.0.3
 - SortingAlgorithms             0.1.0
 - StatsBase                     0.11.1
 - StructuredQueries             0.0.4
 - WeakRefStrings                0.2.0
INFO: Testing TablesDemo
Running tests:
	[1m[31mFAILED[0m: query/query.jl
LoadError: MethodError: no method matching length(::TablesDemo.Table)
Closest candidates are:
  length(!Matched::SimpleVector) at essentials.jl:186
  length(!Matched::Base.MethodList) at reflection.jl:407
  length(!Matched::MethodTable) at reflection.jl:479
  ...
 in macro expansion; at /home/vagrant/.julia/v0.6/TablesDemo/test/runtests.jl:25 [inlined]
 in macro expansion; at ./test.jl:711 [inlined]
 in anonymous at ./<missing>:?
 in include_from_node1(::String) at ./loading.jl:532
 in include(::String) at ./sysimg.jl:14
 in process_options(::Base.JLOptions) at ./client.jl:271
 in _start() at ./client.jl:335
while loading /home/vagrant/.julia/v0.6/TablesDemo/test/query/query.jl, in expression starting on line 18
	[1m[31mFAILED[0m: query/groupby.jl
LoadError: MethodError: no method matching length(::AbstractTables.Grouped{TablesDemo.Table,Dict{Any,Array{Int64,1}}})
Closest candidates are:
  length(!Matched::SimpleVector) at essentials.jl:186
  length(!Matched::Base.MethodList) at reflection.jl:407
  length(!Matched::MethodTable) at reflection.jl:479
  ...
 in macro expansion; at /home/vagrant/.julia/v0.6/TablesDemo/test/runtests.jl:25 [inlined]
 in macro expansion; at ./test.jl:711 [inlined]
 in anonymous at ./<missing>:?
 in include_from_node1(::String) at ./loading.jl:532
 in include(::String) at ./sysimg.jl:14
 in process_options(::Base.JLOptions) at ./client.jl:271
 in _start() at ./client.jl:335
while loading /home/vagrant/.julia/v0.6/TablesDemo/test/query/groupby.jl, in expression starting on line 22
ERROR: LoadError: "Tests failed"
 in include_from_node1(::String) at ./loading.jl:532
 in include(::String) at ./sysimg.jl:14
 in process_options(::Base.JLOptions) at ./client.jl:271
 in _start() at ./client.jl:335
while loading /home/vagrant/.julia/v0.6/TablesDemo/test/runtests.jl, in expression starting on line 33
=============================[ ERROR: TablesDemo ]==============================

failed process: Process(`/home/vagrant/julia/bin/julia -Cx86-64 -J/home/vagrant/julia/lib/julia/sys.so --compile=yes --depwarn=yes --check-bounds=yes --code-coverage=none --color=no --compilecache=yes /home/vagrant/.julia/v0.6/TablesDemo/test/runtests.jl`, ProcessExited(1)) [1]

================================================================================
ERROR: TablesDemo had test errors
 in #test#61(::Bool, ::Function, ::Array{AbstractString,1}) at ./pkg/entry.jl:749
 in (::Base.Pkg.Entry.#kw##test)(::Array{Any,1}, ::Base.Pkg.Entry.#test, ::Array{AbstractString,1}) at ./<missing>:0
 in (::Base.Pkg.Dir.##2#3{Array{Any,1},Base.Pkg.Entry.#test,Tuple{Array{AbstractString,1}}})() at ./pkg/dir.jl:31
 in cd(::Base.Pkg.Dir.##2#3{Array{Any,1},Base.Pkg.Entry.#test,Tuple{Array{AbstractString,1}}}, ::String) at ./file.jl:69
 in #cd#1(::Array{Any,1}, ::Function, ::Function, ::Array{AbstractString,1}, ::Vararg{Array{AbstractString,1},N}) at ./pkg/dir.jl:31
 in (::Base.Pkg.Dir.#kw##cd)(::Array{Any,1}, ::Base.Pkg.Dir.#cd, ::Function, ::Array{AbstractString,1}, ::Vararg{Array{AbstractString,1},N}) at ./<missing>:0
 in #test#3(::Bool, ::Function, ::String, ::Vararg{String,N}) at ./pkg/pkg.jl:259
 in test(::String, ::Vararg{String,N}) at ./pkg/pkg.jl:259
 in eval(::Module, ::Any) at ./boot.jl:236
 in process_options(::Base.JLOptions) at ./client.jl:248
 in _start() at ./client.jl:335

>>> End of log
