>>> 'Pkg.add("TensorFlow")' log
INFO: Cloning cache of TensorFlow from https://github.com/malmaud/TensorFlow.jl.git
INFO: Installing BinDeps v0.4.5
INFO: Installing Blosc v0.1.7
INFO: Installing BufferedStreams v0.2.0
INFO: Installing Calculus v0.1.15
INFO: Installing Codecs v0.2.0
INFO: Installing Conda v0.3.1
INFO: Installing Distributions v0.10.2
INFO: Installing FileIO v0.1.2
INFO: Installing HDF5 v0.6.5
INFO: Installing HttpCommon v0.2.6
INFO: Installing HttpParser v0.2.0
INFO: Installing JLD v0.6.3
INFO: Installing LegacyStrings v0.1.1
INFO: Installing Libz v0.2.0
INFO: Installing MNIST v0.0.2
INFO: Installing MacroTools v0.3.2
INFO: Installing MbedTLS v0.3.0
INFO: Installing PDMats v0.4.2
INFO: Installing ProtoBuf v0.2.0
INFO: Installing PyCall v1.7.2
INFO: Installing Reexport v0.0.3
INFO: Installing Requests v0.3.10
INFO: Installing Rmath v0.1.3
INFO: Installing SHA v0.2.1
INFO: Installing StatsBase v0.9.0
INFO: Installing StatsFuns v0.3.1
INFO: Installing TensorFlow v0.3.1
INFO: Installing URIParser v0.1.6
INFO: Building Blosc
INFO: Building Rmath
INFO: Building HDF5
INFO: Building HttpParser
INFO: Building MbedTLS
INFO: Building PyCall
INFO: No system-wide Python was found; got the following error:
could not spawn `'' -c "import distutils.sysconfig; print(distutils.sysconfig.get_config_var('VERSION'))"`: no such file or directory (ENOENT)
using the Python distribution in the Conda package
Traceback (most recent call last):
  File "/home/vagrant/.julia/v0.5/Conda/deps/usr/bin/conda", line 4, in <module>
    import conda.cli
  File "/home/vagrant/.julia/v0.5/Conda/deps/usr/lib/python2.7/site-packages/conda/cli/__init__.py", line 8, in <module>
    from .main import main  # NOQA
  File "/home/vagrant/.julia/v0.5/Conda/deps/usr/lib/python2.7/site-packages/conda/cli/main.py", line 46, in <module>
    from ..base.context import context
  File "/home/vagrant/.julia/v0.5/Conda/deps/usr/lib/python2.7/site-packages/conda/base/context.py", line 251, in <module>
    context = Context(SEARCH_PATH, conda, None)
  File "/home/vagrant/.julia/v0.5/Conda/deps/usr/lib/python2.7/site-packages/conda/common/configuration.py", line 692, in __init__
    self._add_search_path(search_path)
  File "/home/vagrant/.julia/v0.5/Conda/deps/usr/lib/python2.7/site-packages/conda/common/configuration.py", line 699, in _add_search_path
    return self._add_raw_data(load_file_configs(search_path))
  File "/home/vagrant/.julia/v0.5/Conda/deps/usr/lib/python2.7/site-packages/conda/common/configuration.py", line 371, in load_file_configs
    raw_data = odict(kv for kv in chain.from_iterable(load_paths))
  File "/home/vagrant/.julia/v0.5/Conda/deps/usr/lib/python2.7/collections.py", line 69, in __init__
    self.__update(*args, **kwds)
  File "/home/vagrant/.julia/v0.5/Conda/deps/usr/lib/python2.7/_abcoll.py", line 571, in update
    for key, value in other:
  File "/home/vagrant/.julia/v0.5/Conda/deps/usr/lib/python2.7/site-packages/conda/common/configuration.py", line 371, in <genexpr>
    raw_data = odict(kv for kv in chain.from_iterable(load_paths))
  File "/home/vagrant/.julia/v0.5/Conda/deps/usr/lib/python2.7/site-packages/conda/common/configuration.py", line 346, in _file_yaml_loader
    assert fullpath.endswith(".yml") or fullpath.endswith("condarc"), fullpath
AssertionError: /home/vagrant/.julia/v0.5/Conda/deps/usr/condarc-julia
===============================[ ERROR: PyCall ]================================

LoadError: failed process: Process(setenv(`/home/vagrant/.julia/v0.5/Conda/deps/usr/bin/conda install -y numpy`,String["PYTHON=","PATH=/usr/local/sbin:/usr/local/bin:/usr/sbin:/usr/bin:/sbin:/bin:/usr/games:/usr/local/games:/home/vagrant/julia/bin/","PWD=/vagrant/0.5MZ","SHELL=/bin/bash","SSH_CONNECTION=10.0.2.2 53039 10.0.2.15 22","LD_LIBRARY_PATH=:/usr/local/lib/","CONDARC=/home/vagrant/.julia/v0.5/Conda/deps/usr/condarc-julia","MAIL=/var/mail/vagrant","LANG=en_US.UTF-8","SHLVL=3","LOGNAME=vagrant","XDG_RUNTIME_DIR=/run/user/1000","XDG_SESSION_ID=3","OLDPWD=/home/vagrant","SSH_CLIENT=10.0.2.2 53039 22","_=/usr/bin/timeout","USER=vagrant","TERM=vt100","HOME=/home/vagrant","OPENBLAS_MAIN_FREE=1","JAVA_HOME=/usr/lib/jvm/java-7-oracle","PYTHONIOENCODING=UTF-8"]), ProcessExited(1)) [1]
while loading /home/vagrant/.julia/v0.5/PyCall/deps/build.jl, in expression starting on line 17

================================================================================
INFO: Building TensorFlow
INFO: Building TensorFlow.jl for CPU use only. To enable the GPU, set the TF_USE_GPU environment variable to 1 and rebuild TensorFlow.jl
Archive:  /home/vagrant/.julia/v0.5/TensorFlow/deps/downloads/tensorflow.zip
  inflating: libc_api.so             
  inflating: libtensorflow.so        

================================[ BUILD ERRORS ]================================

WARNING: PyCall had build errors.

 - packages with build errors remain installed in /home/vagrant/.julia/v0.5
 - build the package(s) and all dependencies with `Pkg.build("PyCall")`
 - build a single package by running its `deps/build.jl` script

================================================================================
INFO: Package database updated
INFO: METADATA is out-of-date â€” you may not have the latest version of TensorFlow
INFO: Use `Pkg.update()` to get the latest versions of your packages

>>> 'Pkg.test("TensorFlow")' log
Julia Version 0.5.0-rc4+0
Commit 9c76c3e (2016-09-09 01:43 UTC)
Platform Info:
  System: Linux (x86_64-pc-linux-gnu)
  CPU: Intel(R) Xeon(R) CPU E3-1241 v3 @ 3.50GHz
  WORD_SIZE: 64
           Ubuntu 14.04.5 LTS
  uname: Linux 3.13.0-95-generic #142-Ubuntu SMP Fri Aug 12 17:00:09 UTC 2016 x86_64 x86_64
Memory: 2.4471054077148438 GB (616.5234375 MB free)
Uptime: 24030.0 sec
Load Avg:  0.94287109375  1.01318359375  1.0400390625
Intel(R) Xeon(R) CPU E3-1241 v3 @ 3.50GHz: 
       speed         user         nice          sys         idle          irq
#1  3500 MHz    1222421 s        108 s     149872 s     719284 s         59 s
#2  3500 MHz     409261 s       5608 s      62989 s    1831081 s          1 s

  BLAS: libopenblas (USE64BITINT DYNAMIC_ARCH NO_AFFINITY Nehalem)
  LAPACK: libopenblas64_
  LIBM: libopenlibm
  LLVM: libLLVM-3.7.1 (ORCJIT, haswell)
Environment:
  TERM = vt100
  LD_LIBRARY_PATH = :/usr/local/lib/
  PATH = /usr/local/sbin:/usr/local/bin:/usr/sbin:/usr/bin:/sbin:/bin:/usr/games:/usr/local/games:/home/vagrant/julia/bin/
  JAVA_HOME = /usr/lib/jvm/java-7-oracle
  HOME = /home/vagrant

Package Directory: /home/vagrant/.julia/v0.5
2 required packages:
 - JSON                          0.7.0
 - TensorFlow                    0.3.1
28 additional packages:
 - BinDeps                       0.4.5
 - Blosc                         0.1.7
 - BufferedStreams               0.2.0
 - Calculus                      0.1.15
 - Codecs                        0.2.0
 - Compat                        0.9.2
 - Conda                         0.3.1
 - Distributions                 0.10.2
 - FileIO                        0.1.2
 - HDF5                          0.6.5
 - HttpCommon                    0.2.6
 - HttpParser                    0.2.0
 - JLD                           0.6.3
 - LegacyStrings                 0.1.1
 - Libz                          0.2.0
 - MNIST                         0.0.2
 - MacroTools                    0.3.2
 - MbedTLS                       0.3.0
 - PDMats                        0.4.2
 - ProtoBuf                      0.2.0
 - PyCall                        1.7.2
 - Reexport                      0.0.3
 - Requests                      0.3.10
 - Rmath                         0.1.3
 - SHA                           0.2.1
 - StatsBase                     0.9.0
 - StatsFuns                     0.3.1
 - URIParser                     0.1.6
INFO: Testing TensorFlow
ERROR: LoadError: LoadError: PyCall not properly installed. Please run Pkg.build("PyCall")
 in macro expansion; at /home/vagrant/.julia/v0.5/PyCall/src/startup.jl:45 [inlined]
 in anonymous at ./<missing>:?
 in include_from_node1(::String) at ./loading.jl:488 (repeats 2 times)
 in macro expansion; at ./none:2 [inlined]
 in anonymous at ./<missing>:?
 in eval(::Module, ::Any) at ./boot.jl:234
 in process_options(::Base.JLOptions) at ./client.jl:239
 in _start() at ./client.jl:318
while loading /home/vagrant/.julia/v0.5/PyCall/src/startup.jl, in expression starting on line 42
while loading /home/vagrant/.julia/v0.5/PyCall/src/PyCall.jl, in expression starting on line 37
ERROR: LoadError: LoadError: LoadError: Failed to precompile PyCall to /home/vagrant/.julia/lib/v0.5/PyCall.ji.
 in compilecache(::String) at ./loading.jl:593
 in require(::Symbol) at ./loading.jl:422
 in include_from_node1(::String) at ./loading.jl:488 (repeats 2 times)
 in eval(::Module, ::Any) at ./boot.jl:234
 in require(::Symbol) at ./loading.jl:415
 in include_from_node1(::String) at ./loading.jl:488
 in process_options(::Base.JLOptions) at ./client.jl:262
 in _start() at ./client.jl:318
while loading /home/vagrant/.julia/v0.5/TensorFlow/src/core.jl, in expression starting on line 2
while loading /home/vagrant/.julia/v0.5/TensorFlow/src/TensorFlow.jl, in expression starting on line 85
while loading /home/vagrant/.julia/v0.5/TensorFlow/test/runtests.jl, in expression starting on line 1
=============================[ ERROR: TensorFlow ]==============================

failed process: Process(`/home/vagrant/julia/bin/julia -Cx86-64 -J/home/vagrant/julia/lib/julia/sys.so --compile=yes --depwarn=yes --check-bounds=yes --code-coverage=none --color=no --compilecache=yes /home/vagrant/.julia/v0.5/TensorFlow/test/runtests.jl`, ProcessExited(1)) [1]

================================================================================
ERROR: TensorFlow had test errors
 in #test#61(::Bool, ::Function, ::Array{AbstractString,1}) at ./pkg/entry.jl:740
 in (::Base.Pkg.Entry.#kw##test)(::Array{Any,1}, ::Base.Pkg.Entry.#test, ::Array{AbstractString,1}) at ./<missing>:0
 in (::Base.Pkg.Dir.##2#3{Array{Any,1},Base.Pkg.Entry.#test,Tuple{Array{AbstractString,1}}})() at ./pkg/dir.jl:31
 in cd(::Base.Pkg.Dir.##2#3{Array{Any,1},Base.Pkg.Entry.#test,Tuple{Array{AbstractString,1}}}, ::String) at ./file.jl:59
 in #cd#1(::Array{Any,1}, ::Function, ::Function, ::Array{AbstractString,1}, ::Vararg{Array{AbstractString,1},N}) at ./pkg/dir.jl:31
 in (::Base.Pkg.Dir.#kw##cd)(::Array{Any,1}, ::Base.Pkg.Dir.#cd, ::Function, ::Array{AbstractString,1}, ::Vararg{Array{AbstractString,1},N}) at ./<missing>:0
 in #test#3(::Bool, ::Function, ::String, ::Vararg{String,N}) at ./pkg/pkg.jl:258
 in test(::String, ::Vararg{String,N}) at ./pkg/pkg.jl:258
 in eval(::Module, ::Any) at ./boot.jl:234
 in process_options(::Base.JLOptions) at ./client.jl:239
 in _start() at ./client.jl:318

>>> End of log
