>>> 'Pkg.add("Turing")' log
INFO: Cloning cache of ConjugatePriors from https://github.com/JuliaStats/ConjugatePriors.jl.git
INFO: Cloning cache of Turing from https://github.com/yebai/Turing.jl.git
INFO: Installing ArrayViews v0.6.4
INFO: Installing ConjugatePriors v0.1.2
INFO: Installing Distributions v0.8.9
INFO: Installing PDMats v0.3.6
INFO: Installing StatsBase v0.10.0
INFO: Installing StatsFuns v0.2.2
INFO: Installing Turing v0.0.2
INFO: Building Turing
WARNING: `@unix_only` is deprecated, use `@static if is_unix()` instead
 in depwarn(::String, ::Symbol) at ./deprecated.jl:64
 in @unix_only(::ANY) at ./deprecated.jl:490
 in include_from_node1(::String) at ./loading.jl:532
 in include(::String) at ./sysimg.jl:14
 in evalfile(::String, ::Array{String,1}) at ./loading.jl:572 (repeats 2 times)
 in cd(::##2#4, ::String) at ./file.jl:69
 in (::##1#3)(::IOStream) at ./none:13
 in open(::##1#3, ::String, ::String) at ./iostream.jl:152
 in eval(::Module, ::Any) at ./boot.jl:238
 in process_options(::Base.JLOptions) at ./client.jl:245
 in _start() at ./client.jl:332
while loading /home/vagrant/.julia/v0.6/Turing/deps/build.jl, in expression starting on line 1
gcc -DJULIA_ENABLE_THREADING=1 -fPIC -DJULIA_INIT_DIR=\"/home/vagrant/julia/lib\" -I/home/vagrant/julia/include/julia -O2 -shared -fPIC task.c -L/home/vagrant/julia/lib -Wl,-rpath,/home/vagrant/julia/lib -ljulia -o libtask.so
In file included from task.c:6:0:
/home/vagrant/julia/include/julia/julia.h: In function ‘jl_eh_restore_state’:
/home/vagrant/julia/include/julia/julia.h:1502:9: error: ‘for’ loop initial declarations are only allowed in C99 mode
         for (size_t i = locks->len;i > eh->locks_len;i--)
         ^
/home/vagrant/julia/include/julia/julia.h:1502:9: note: use option -std=c99 or -std=gnu99 to compile your code
task.c: In function ‘jl_clone_task’:
task.c:17:9: error: ‘jl_task_t’ has no member named ‘last’
     newt->last = t->last;
         ^
task.c:17:19: error: ‘jl_task_t’ has no member named ‘last’
     newt->last = t->last;
                   ^
task.c:54:2: error: #error task copying not supported yet.
 #error task copying not supported yet.
  ^
make: *** [task] Error 1
===============================[ ERROR: Turing ]================================

LoadError: failed process: Process(`make`, ProcessExited(2)) [2]
while loading /home/vagrant/.julia/v0.6/Turing/deps/build.jl, in expression starting on line 1

================================================================================

================================[ BUILD ERRORS ]================================

WARNING: Turing had build errors.

 - packages with build errors remain installed in /home/vagrant/.julia/v0.6
 - build the package(s) and all dependencies with `Pkg.build("Turing")`
 - build a single package by running its `deps/build.jl` script

================================================================================
INFO: Package database updated
INFO: METADATA is out-of-date — you may not have the latest version of Turing
INFO: Use `Pkg.update()` to get the latest versions of your packages

>>> 'Pkg.test("Turing")' log
Julia Version 0.6.0-dev.787
Commit c71f205 (2016-09-26 16:28 UTC)
Platform Info:
  OS: Linux (x86_64-pc-linux-gnu)
  CPU: Intel(R) Xeon(R) CPU E3-1241 v3 @ 3.50GHz
  WORD_SIZE: 64
           Ubuntu 14.04.5 LTS
  uname: Linux 3.13.0-96-generic #143-Ubuntu SMP Mon Aug 29 20:15:20 UTC 2016 x86_64 x86_64
Memory: 2.9392929077148438 GB (365.51171875 MB free)
Uptime: 24101.0 sec
Load Avg:  0.96435546875  0.986328125  1.0185546875
Intel(R) Xeon(R) CPU E3-1241 v3 @ 3.50GHz: 
       speed         user         nice          sys         idle          irq
#1  3505 MHz    1391356 s         57 s     147759 s     597736 s        112 s
#2  3505 MHz     374058 s         99 s      70336 s    1894144 s          0 s

  BLAS: libopenblas (USE64BITINT DYNAMIC_ARCH NO_AFFINITY Nehalem)
  LAPACK: libopenblas64_
  LIBM: libopenlibm
  LLVM: libLLVM-3.7.1 (ORCJIT, haswell)
Environment:
  TERM = vt100
  LD_LIBRARY_PATH = :/usr/local/lib/
  PATH = /usr/local/sbin:/usr/local/bin:/usr/sbin:/usr/bin:/sbin:/bin:/usr/games:/usr/local/games:/home/vagrant/julia/bin/
  JAVA_HOME = /usr/lib/jvm/java-7-oracle
  HOME = /home/vagrant

Package Directory: /home/vagrant/.julia/v0.6
2 required packages:
 - JSON                          0.8.0
 - Turing                        0.0.2
7 additional packages:
 - ArrayViews                    0.6.4
 - Compat                        0.9.2
 - ConjugatePriors               0.1.2
 - Distributions                 0.8.9
 - PDMats                        0.3.6
 - StatsBase                     0.10.0
 - StatsFuns                     0.2.2
INFO: Testing Turing
WARNING: Base.SparseMatrix is deprecated, use Base.SparseArrays instead.
  likely near /home/vagrant/.julia/v0.6/PDMats/src/chol.jl:9
WARNING: `@vectorize_1arg` is deprecated in favor of compact broadcast syntax. Instead of `@vectorize_1arg`'ing function `f` and calling `f(arg)`, call `f.(arg)`.
 in depwarn(::String, ::Symbol) at ./deprecated.jl:64
 in @vectorize_1arg(::ANY, ::ANY) at ./deprecated.jl:986
 in include_from_node1(::String) at ./loading.jl:532
 in include(::String) at ./sysimg.jl:14
 in include_from_node1(::String) at ./loading.jl:532
 in include(::String) at ./sysimg.jl:14
 in macro expansion; at ./none:2 [inlined]
 in anonymous at ./<missing>:?
 in eval(::Module, ::Any) at ./boot.jl:238
 in process_options(::Base.JLOptions) at ./client.jl:245
 in _start() at ./client.jl:332
while loading /home/vagrant/.julia/v0.6/StatsFuns/src/basicfuns.jl, in expression starting on line 56
WARNING: `@vectorize_2arg` is deprecated in favor of compact broadcast syntax. Instead of `@vectorize_2arg`'ing function `f` and calling `f(arg1, arg2)`, call `f.(arg1,arg2)`. 
 in depwarn(::String, ::Symbol) at ./deprecated.jl:64
 in @vectorize_2arg(::ANY, ::ANY) at ./deprecated.jl:994
 in include_from_node1(::String) at ./loading.jl:532
 in include(::String) at ./sysimg.jl:14
 in include_from_node1(::String) at ./loading.jl:532
 in include(::String) at ./sysimg.jl:14
 in macro expansion; at ./none:2 [inlined]
 in anonymous at ./<missing>:?
 in eval(::Module, ::Any) at ./boot.jl:238
 in process_options(::Base.JLOptions) at ./client.jl:245
 in _start() at ./client.jl:332
while loading /home/vagrant/.julia/v0.6/StatsFuns/src/basicfuns.jl, in expression starting on line 57
WARNING: `@vectorize_1arg` is deprecated in favor of compact broadcast syntax. Instead of `@vectorize_1arg`'ing function `f` and calling `f(arg)`, call `f.(arg)`.
 in depwarn(::String, ::Symbol) at ./deprecated.jl:64
 in @vectorize_1arg(::ANY, ::ANY) at ./deprecated.jl:986
 in include_from_node1(::String) at ./loading.jl:532
 in include(::String) at ./sysimg.jl:14
 in include_from_node1(::String) at ./loading.jl:532
 in include(::String) at ./sysimg.jl:14
 in macro expansion; at ./none:2 [inlined]
 in anonymous at ./<missing>:?
 in eval(::Module, ::Any) at ./boot.jl:238
 in process_options(::Base.JLOptions) at ./client.jl:245
 in _start() at ./client.jl:332
while loading /home/vagrant/.julia/v0.6/StatsFuns/src/basicfuns.jl, in expression starting on line 58
WARNING: `@vectorize_1arg` is deprecated in favor of compact broadcast syntax. Instead of `@vectorize_1arg`'ing function `f` and calling `f(arg)`, call `f.(arg)`.
 in depwarn(::String, ::Symbol) at ./deprecated.jl:64
 in @vectorize_1arg(::ANY, ::ANY) at ./deprecated.jl:986
 in include_from_node1(::String) at ./loading.jl:532
 in include(::String) at ./sysimg.jl:14
 in include_from_node1(::String) at ./loading.jl:532
 in include(::String) at ./sysimg.jl:14
 in macro expansion; at ./none:2 [inlined]
 in anonymous at ./<missing>:?
 in eval(::Module, ::Any) at ./boot.jl:238
 in process_options(::Base.JLOptions) at ./client.jl:245
 in _start() at ./client.jl:332
while loading /home/vagrant/.julia/v0.6/StatsFuns/src/basicfuns.jl, in expression starting on line 59
WARNING: `@vectorize_1arg` is deprecated in favor of compact broadcast syntax. Instead of `@vectorize_1arg`'ing function `f` and calling `f(arg)`, call `f.(arg)`.
 in depwarn(::String, ::Symbol) at ./deprecated.jl:64
 in @vectorize_1arg(::ANY, ::ANY) at ./deprecated.jl:986
 in include_from_node1(::String) at ./loading.jl:532
 in include(::String) at ./sysimg.jl:14
 in include_from_node1(::String) at ./loading.jl:532
 in include(::String) at ./sysimg.jl:14
 in macro expansion; at ./none:2 [inlined]
 in anonymous at ./<missing>:?
 in eval(::Module, ::Any) at ./boot.jl:238
 in process_options(::Base.JLOptions) at ./client.jl:245
 in _start() at ./client.jl:332
while loading /home/vagrant/.julia/v0.6/StatsFuns/src/basicfuns.jl, in expression starting on line 60
WARNING: `@vectorize_1arg` is deprecated in favor of compact broadcast syntax. Instead of `@vectorize_1arg`'ing function `f` and calling `f(arg)`, call `f.(arg)`.
 in depwarn(::String, ::Symbol) at ./deprecated.jl:64
 in @vectorize_1arg(::ANY, ::ANY) at ./deprecated.jl:986
 in include_from_node1(::String) at ./loading.jl:532
 in include(::String) at ./sysimg.jl:14
 in include_from_node1(::String) at ./loading.jl:532
 in include(::String) at ./sysimg.jl:14
 in macro expansion; at ./none:2 [inlined]
 in anonymous at ./<missing>:?
 in eval(::Module, ::Any) at ./boot.jl:238
 in process_options(::Base.JLOptions) at ./client.jl:245
 in _start() at ./client.jl:332
while loading /home/vagrant/.julia/v0.6/StatsFuns/src/basicfuns.jl, in expression starting on line 61
WARNING: `@vectorize_1arg` is deprecated in favor of compact broadcast syntax. Instead of `@vectorize_1arg`'ing function `f` and calling `f(arg)`, call `f.(arg)`.
 in depwarn(::String, ::Symbol) at ./deprecated.jl:64
 in @vectorize_1arg(::ANY, ::ANY) at ./deprecated.jl:986
 in include_from_node1(::String) at ./loading.jl:532
 in include(::String) at ./sysimg.jl:14
 in include_from_node1(::String) at ./loading.jl:532
 in include(::String) at ./sysimg.jl:14
 in macro expansion; at ./none:2 [inlined]
 in anonymous at ./<missing>:?
 in eval(::Module, ::Any) at ./boot.jl:238
 in process_options(::Base.JLOptions) at ./client.jl:245
 in _start() at ./client.jl:332
while loading /home/vagrant/.julia/v0.6/StatsFuns/src/basicfuns.jl, in expression starting on line 62
WARNING: `@vectorize_1arg` is deprecated in favor of compact broadcast syntax. Instead of `@vectorize_1arg`'ing function `f` and calling `f(arg)`, call `f.(arg)`.
 in depwarn(::String, ::Symbol) at ./deprecated.jl:64
 in @vectorize_1arg(::ANY, ::ANY) at ./deprecated.jl:986
 in include_from_node1(::String) at ./loading.jl:532
 in include(::String) at ./sysimg.jl:14
 in include_from_node1(::String) at ./loading.jl:532
 in include(::String) at ./sysimg.jl:14
 in macro expansion; at ./none:2 [inlined]
 in anonymous at ./<missing>:?
 in eval(::Module, ::Any) at ./boot.jl:238
 in process_options(::Base.JLOptions) at ./client.jl:245
 in _start() at ./client.jl:332
while loading /home/vagrant/.julia/v0.6/StatsFuns/src/basicfuns.jl, in expression starting on line 63
WARNING: `@vectorize_1arg` is deprecated in favor of compact broadcast syntax. Instead of `@vectorize_1arg`'ing function `f` and calling `f(arg)`, call `f.(arg)`.
 in depwarn(::String, ::Symbol) at ./deprecated.jl:64
 in @vectorize_1arg(::ANY, ::ANY) at ./deprecated.jl:986
 in include_from_node1(::String) at ./loading.jl:532
 in include(::String) at ./sysimg.jl:14
 in include_from_node1(::String) at ./loading.jl:532
 in include(::String) at ./sysimg.jl:14
 in macro expansion; at ./none:2 [inlined]
 in anonymous at ./<missing>:?
 in eval(::Module, ::Any) at ./boot.jl:238
 in process_options(::Base.JLOptions) at ./client.jl:245
 in _start() at ./client.jl:332
while loading /home/vagrant/.julia/v0.6/StatsFuns/src/basicfuns.jl, in expression starting on line 64
WARNING: symbol is deprecated, use Symbol instead.
 in depwarn(::String, ::Symbol) at ./deprecated.jl:64
 in symbol(::String, ::Vararg{String,N}) at ./deprecated.jl:30
 in macro expansion; at /home/vagrant/.julia/v0.6/Distributions/src/univariates.jl:199 [inlined]
 in anonymous at ./<missing>:?
 in include_from_node1(::String) at ./loading.jl:532
 in include(::String) at ./sysimg.jl:14
 in include_from_node1(::String) at ./loading.jl:532
 in include(::String) at ./sysimg.jl:14
 in macro expansion; at ./none:2 [inlined]
 in anonymous at ./<missing>:?
 in eval(::Module, ::Any) at ./boot.jl:238
 in process_options(::Base.JLOptions) at ./client.jl:245
 in _start() at ./client.jl:332
while loading /home/vagrant/.julia/v0.6/Distributions/src/univariates.jl, in expression starting on line 193
WARNING: symbol is deprecated, use Symbol instead.
 in depwarn(::String, ::Symbol) at ./deprecated.jl:64
 in symbol(::String, ::Vararg{String,N}) at ./deprecated.jl:30
 in macro expansion; at /home/vagrant/.julia/v0.6/Distributions/src/univariates.jl:200 [inlined]
 in anonymous at ./<missing>:?
 in include_from_node1(::String) at ./loading.jl:532
 in include(::String) at ./sysimg.jl:14
 in include_from_node1(::String) at ./loading.jl:532
 in include(::String) at ./sysimg.jl:14
 in macro expansion; at ./none:2 [inlined]
 in anonymous at ./<missing>:?
 in eval(::Module, ::Any) at ./boot.jl:238
 in process_options(::Base.JLOptions) at ./client.jl:245
 in _start() at ./client.jl:332
while loading /home/vagrant/.julia/v0.6/Distributions/src/univariates.jl, in expression starting on line 193
WARNING: symbol is deprecated, use Symbol instead.
 in depwarn(::String, ::Symbol) at ./deprecated.jl:64
 in symbol(::String, ::Vararg{String,N}) at ./deprecated.jl:30
 in @_delegate_statsfuns(::ANY, ::ANY, ::Vararg{Any,N}) at /home/vagrant/.julia/v0.6/Distributions/src/univariates.jl:316
 in include_from_node1(::String) at ./loading.jl:532
 in include(::String) at ./sysimg.jl:14
 in macro expansion; at /home/vagrant/.julia/v0.6/Distributions/src/univariates.jl:408 [inlined]
 in anonymous at ./<missing>:?
 in include_from_node1(::String) at ./loading.jl:532
 in include(::String) at ./sysimg.jl:14
 in include_from_node1(::String) at ./loading.jl:532
 in include(::String) at ./sysimg.jl:14
 in macro expansion; at ./none:2 [inlined]
 in anonymous at ./<missing>:?
 in eval(::Module, ::Any) at ./boot.jl:238
 in process_options(::Base.JLOptions) at ./client.jl:245
 in _start() at ./client.jl:332
while loading /home/vagrant/.julia/v0.6/Distributions/src/univariate/discrete/binomial.jl, in expression starting on line 71
WARNING: Method definition (::Type{Distributions.MvNormalKnownCov})(#Cov<:PDMats.AbstractPDMat) in module Distributions at /home/vagrant/.julia/v0.6/Distributions/src/multivariate/mvnormal.jl:148 overwritten at /home/vagrant/.julia/v0.6/Distributions/src/multivariate/mvnormal.jl:151.

WARNING: deprecated syntax "x::Float64".
Use "local x::Float64" instead.

WARNING: deprecated syntax "rmin::Float64".
Use "local rmin::Float64" instead.

WARNING: deprecated syntax "rmax::Float64".
Use "local rmax::Float64" instead.
WARNING: `@unix_only` is deprecated, use `@static if is_unix()` instead
 in depwarn(::String, ::Symbol) at ./deprecated.jl:64
 in @unix_only(::ANY) at ./deprecated.jl:490
 in include_from_node1(::String) at ./loading.jl:532
 in include(::String) at ./sysimg.jl:14
 in include_from_node1(::String) at ./loading.jl:532
 in include(::String) at ./sysimg.jl:14
 in include_from_node1(::String) at ./loading.jl:532
 in eval(::Module, ::Any) at ./boot.jl:238
 in require(::Symbol) at ./loading.jl:446
 in include_from_node1(::String) at ./loading.jl:532
 in include(::String) at ./sysimg.jl:14
 in include_from_node1(::String) at ./loading.jl:532
 in include(::String) at ./sysimg.jl:14
 in process_options(::Base.JLOptions) at ./client.jl:268
 in _start() at ./client.jl:332
while loading /home/vagrant/.julia/v0.6/Turing/src/trace/taskcopy.jl, in expression starting on line 1

WARNING: deprecated syntax "call(::Type{TArray{T,1}}, ...)".
Use "(::Type{TArray{T,1}})(...)" instead.

WARNING: deprecated syntax "call(::Type{TArray{T}}, ...)".
Use "(::Type{TArray{T}})(...)" instead.

WARNING: deprecated syntax "call(::Type{TArray{T,N}}, ...)".
Use "(::Type{TArray{T,N}})(...)" instead.

WARNING: deprecated syntax "call(::Type{TArray{T,N}}, ...)".
Use "(::Type{TArray{T,N}})(...)" instead.

WARNING: deprecated syntax "call(::Type{Trace{T}}, ...)".
Use "(::Type{Trace{T}})(...)" instead.

WARNING: deprecated syntax "call(::Type{ParticleContainer{T}}, ...)".
Use "(::Type{ParticleContainer{T}})(...)" instead.
WARNING: exp{T <: Number}(x::AbstractArray{T}) is deprecated, use exp.(x) instead.
 in depwarn(::String, ::Symbol) at ./deprecated.jl:64
 in exp(::Array{Float64,1}) at ./deprecated.jl:50
 in weights(::Turing.ParticleContainer{Turing.Traces.Trace{:C}}) at /home/vagrant/.julia/v0.6/Turing/src/core/container.jl:113
 in consume(::Turing.ParticleContainer{Turing.Traces.Trace{:C}}) at /home/vagrant/.julia/v0.6/Turing/src/core/container.jl:78
 in run(::Turing.ParticleSampler{Turing.SMC}) at /home/vagrant/.julia/v0.6/Turing/src/samplers/smc.jl:16
 in sample(::Function, ::Turing.SMC) at /home/vagrant/.julia/v0.6/Turing/src/core/intrinsic.jl:20
 in include_from_node1(::String) at ./loading.jl:532
 in include(::String) at ./sysimg.jl:14
 in include_from_node1(::String) at ./loading.jl:532
 in include(::String) at ./sysimg.jl:14
 in process_options(::Base.JLOptions) at ./client.jl:268
 in _start() at ./client.jl:332
while loading /home/vagrant/.julia/v0.6/Turing/test/predict.jl, in expression starting on line 18
WARNING: symbol is deprecated, use Symbol instead.
 in depwarn(::String, ::Symbol) at ./deprecated.jl:64
 in symbol(::String, ::Vararg{String,N}) at ./deprecated.jl:30
 in test() at /home/vagrant/.julia/v0.6/Turing/test/predict.jl:9
 in (::Turing.Traces.##1#2{#test})() at /home/vagrant/.julia/v0.6/Turing/src/trace/trace.jl:28
while loading /home/vagrant/.julia/v0.6/Turing/test/predict.jl, in expression starting on line 18
WARNING: symbol is deprecated, use Symbol instead.
 in depwarn(::String, ::Symbol) at ./deprecated.jl:64
 in symbol(::String, ::Vararg{String,N}) at ./deprecated.jl:30
 in test() at /home/vagrant/.julia/v0.6/Turing/test/predict.jl:12
 in (::Turing.Traces.##1#2{#test})() at /home/vagrant/.julia/v0.6/Turing/src/trace/trace.jl:28
while loading /home/vagrant/.julia/v0.6/Turing/test/predict.jl, in expression starting on line 18
WARNING: exp{T <: Number}(x::AbstractArray{T}) is deprecated, use exp.(x) instead.
 in depwarn(::String, ::Symbol) at ./deprecated.jl:64
 in exp(::Array{Float64,1}) at ./deprecated.jl:50
 in weights(::Turing.ParticleContainer{Turing.Traces.Trace{:R}}) at /home/vagrant/.julia/v0.6/Turing/src/core/container.jl:113
 in consume(::Turing.ParticleContainer{Turing.Traces.Trace{:R}}) at /home/vagrant/.julia/v0.6/Turing/src/core/container.jl:78
 in run(::Turing.ParticleSampler{Turing.PG}) at /home/vagrant/.julia/v0.6/Turing/src/samplers/pgibbs.jl:30
 in sample(::Function, ::Turing.PG) at /home/vagrant/.julia/v0.6/Turing/src/core/intrinsic.jl:20
 in include_from_node1(::String) at ./loading.jl:532
 in include(::String) at ./sysimg.jl:14
 in include_from_node1(::String) at ./loading.jl:532
 in include(::String) at ./sysimg.jl:14
 in process_options(::Base.JLOptions) at ./client.jl:268
 in _start() at ./client.jl:332
while loading /home/vagrant/.julia/v0.6/Turing/test/predict.jl, in expression starting on line 24
WARNING: symbol is deprecated, use Symbol instead.
 in depwarn(::String, ::Symbol) at ./deprecated.jl:64
 in symbol(::String, ::Vararg{String,N}) at ./deprecated.jl:30
 in @assume(::ANY) at /home/vagrant/.julia/v0.6/Turing/src/core/compiler.jl:4
 in include_from_node1(::String) at ./loading.jl:532
 in include(::String) at ./sysimg.jl:14
 in include_from_node1(::String) at ./loading.jl:532
 in include(::String) at ./sysimg.jl:14
 in process_options(::Base.JLOptions) at ./client.jl:268
 in _start() at ./client.jl:332
while loading /home/vagrant/.julia/v0.6/Turing/test/assume.jl, in expression starting on line 7
WARNING: Method definition test() in module Main at /home/vagrant/.julia/v0.6/Turing/test/predict.jl:8 overwritten at /home/vagrant/.julia/v0.6/Turing/test/assume.jl:8.
Test Failed
  Expression: reduce(&,res[:x]) == 1
   Evaluated: 0 == 1
ERROR: LoadError: LoadError: There was an error during testing
 in record(::Base.Test.FallbackTestSet, ::Base.Test.Fail) at ./test.jl:397
 in do_test(::Base.Test.Returned, ::Expr) at ./test.jl:281
 in include_from_node1(::String) at ./loading.jl:532
 in include(::String) at ./sysimg.jl:14
 in include_from_node1(::String) at ./loading.jl:532
 in include(::String) at ./sysimg.jl:14
 in process_options(::Base.JLOptions) at ./client.jl:268
 in _start() at ./client.jl:332
while loading /home/vagrant/.julia/v0.6/Turing/test/assume.jl, in expression starting on line 19
while loading /home/vagrant/.julia/v0.6/Turing/test/runtests.jl, in expression starting on line 2
===============================[ ERROR: Turing ]================================

failed process: Process(`/home/vagrant/julia/bin/julia -Cx86-64 -J/home/vagrant/julia/lib/julia/sys.so --compile=yes --depwarn=yes --check-bounds=yes --code-coverage=none --color=no --compilecache=yes /home/vagrant/.julia/v0.6/Turing/test/runtests.jl`, ProcessExited(1)) [1]

================================================================================
ERROR: Turing had test errors
 in #test#61(::Bool, ::Function, ::Array{AbstractString,1}) at ./pkg/entry.jl:749
 in (::Base.Pkg.Entry.#kw##test)(::Array{Any,1}, ::Base.Pkg.Entry.#test, ::Array{AbstractString,1}) at ./<missing>:0
 in (::Base.Pkg.Dir.##2#3{Array{Any,1},Base.Pkg.Entry.#test,Tuple{Array{AbstractString,1}}})() at ./pkg/dir.jl:31
 in cd(::Base.Pkg.Dir.##2#3{Array{Any,1},Base.Pkg.Entry.#test,Tuple{Array{AbstractString,1}}}, ::String) at ./file.jl:69
 in #cd#1(::Array{Any,1}, ::Function, ::Function, ::Array{AbstractString,1}, ::Vararg{Array{AbstractString,1},N}) at ./pkg/dir.jl:31
 in (::Base.Pkg.Dir.#kw##cd)(::Array{Any,1}, ::Base.Pkg.Dir.#cd, ::Function, ::Array{AbstractString,1}, ::Vararg{Array{AbstractString,1},N}) at ./<missing>:0
 in #test#3(::Bool, ::Function, ::String, ::Vararg{String,N}) at ./pkg/pkg.jl:258
 in test(::String, ::Vararg{String,N}) at ./pkg/pkg.jl:258
 in eval(::Module, ::Any) at ./boot.jl:238
 in process_options(::Base.JLOptions) at ./client.jl:245
 in _start() at ./client.jl:332

>>> End of log
