>>> 'Pkg.add("Turing")' log
INFO: Cloning cache of ConjugatePriors from https://github.com/JuliaStats/ConjugatePriors.jl.git
INFO: Cloning cache of Turing from https://github.com/yebai/Turing.jl.git
INFO: Installing ArrayViews v0.6.4
INFO: Installing ConjugatePriors v0.1.2
INFO: Installing Distributions v0.8.9
INFO: Installing PDMats v0.3.6
INFO: Installing StatsBase v0.8.3
INFO: Installing StatsFuns v0.2.2
INFO: Installing Turing v0.0.2
INFO: Building Turing
WARNING: `@unix_only` is deprecated, use `@static if is_unix()` instead
 in depwarn(::String, ::Symbol) at ./deprecated.jl:64
 in @unix_only(::Any) at ./deprecated.jl:522
 in include_from_node1(::String) at ./loading.jl:426
 in evalfile(::String, ::Array{String,1}) at ./loading.jl:442 (repeats 2 times)
 in cd(::##2#4, ::String) at ./file.jl:59
 in (::##1#3)(::IOStream) at ./none:13
 in open(::##1#3, ::String, ::String) at ./iostream.jl:113
 in eval(::Module, ::Any) at ./boot.jl:234
 in process_options(::Base.JLOptions) at ./client.jl:239
 in _start() at ./client.jl:318
while loading /home/vagrant/.julia/v0.5/Turing/deps/build.jl, in expression starting on line 1
gcc -fPIC -DJULIA_INIT_DIR=\"/home/vagrant/julia/lib\" -I/home/vagrant/julia/include/julia -O2 -shared -fPIC task.c -L/home/vagrant/julia/lib -Wl,-rpath,/home/vagrant/julia/lib -ljulia -o libtask.so
task.c: In function ‘jl_clone_task’:
task.c:17:9: error: ‘jl_task_t’ has no member named ‘last’
     newt->last = t->last;
         ^
task.c:17:19: error: ‘jl_task_t’ has no member named ‘last’
     newt->last = t->last;
                   ^
task.c:54:2: error: #error task copying not supported yet.
 #error task copying not supported yet.
  ^
make: *** [task] Error 1
===============================[ ERROR: Turing ]================================

LoadError: failed process: Process(`make`, ProcessExited(2)) [2]
while loading /home/vagrant/.julia/v0.5/Turing/deps/build.jl, in expression starting on line 1

================================================================================

================================[ BUILD ERRORS ]================================

WARNING: Turing had build errors.

 - packages with build errors remain installed in /home/vagrant/.julia/v0.5
 - build the package(s) and all dependencies with `Pkg.build("Turing")`
 - build a single package by running its `deps/build.jl` script

================================================================================
INFO: Package database updated

>>> 'Pkg.test("Turing")' log
Julia Version 0.5.0-dev+5393
Commit 1595a28* (2016-07-13 20:54 UTC)
Platform Info:
  System: Linux (x86_64-unknown-linux-gnu)
  CPU: Intel(R) Xeon(R) CPU E3-1241 v3 @ 3.50GHz
  WORD_SIZE: 64
  BLAS: libopenblas (USE64BITINT DYNAMIC_ARCH NO_AFFINITY Nehalem)
  LAPACK: libopenblas64_
  LIBM: libopenlibm
  LLVM: libLLVM-3.7.1 (ORCJIT, haswell)
INFO: Testing Turing
INFO: Recompiling stale cache file /home/vagrant/.julia/lib/v0.5/Distributions.ji for module Distributions.
INFO: Recompiling stale cache file /home/vagrant/.julia/lib/v0.5/PDMats.ji for module PDMats.
WARNING: Base.SparseMatrix is deprecated.
  likely near /home/vagrant/.julia/v0.5/PDMats/src/chol.jl:9
WARNING: symbol is deprecated, use Symbol instead.
 in depwarn(::String, ::Symbol) at ./deprecated.jl:64
 in symbol(::String, ::Vararg{String,N}) at ./deprecated.jl:30
 in macro expansion; at /home/vagrant/.julia/v0.5/Distributions/src/univariates.jl:199 [inlined]
 in anonymous at ./<missing>:?
 in include_from_node1(::String) at ./loading.jl:426 (repeats 2 times)
 in macro expansion; at ./none:2 [inlined]
 in anonymous at ./<missing>:?
 in eval(::Module, ::Any) at ./boot.jl:234
 in process_options(::Base.JLOptions) at ./client.jl:239
 in _start() at ./client.jl:318
while loading /home/vagrant/.julia/v0.5/Distributions/src/univariates.jl, in expression starting on line 193
WARNING: symbol is deprecated, use Symbol instead.
 in depwarn(::String, ::Symbol) at ./deprecated.jl:64
 in symbol(::String, ::Vararg{String,N}) at ./deprecated.jl:30
 in macro expansion; at /home/vagrant/.julia/v0.5/Distributions/src/univariates.jl:200 [inlined]
 in anonymous at ./<missing>:?
 in include_from_node1(::String) at ./loading.jl:426 (repeats 2 times)
 in macro expansion; at ./none:2 [inlined]
 in anonymous at ./<missing>:?
 in eval(::Module, ::Any) at ./boot.jl:234
 in process_options(::Base.JLOptions) at ./client.jl:239
 in _start() at ./client.jl:318
while loading /home/vagrant/.julia/v0.5/Distributions/src/univariates.jl, in expression starting on line 193
WARNING: symbol is deprecated, use Symbol instead.
 in depwarn(::String, ::Symbol) at ./deprecated.jl:64
 in symbol(::String, ::Vararg{String,N}) at ./deprecated.jl:30
 in @_delegate_statsfuns(::Any, ::Any, ::Symbol, ::Vararg{Symbol,N}) at /home/vagrant/.julia/v0.5/Distributions/src/univariates.jl:316
 in include_from_node1(::String) at ./loading.jl:426
 in macro expansion; at /home/vagrant/.julia/v0.5/Distributions/src/univariates.jl:408 [inlined]
 in anonymous at ./<missing>:?
 in include_from_node1(::String) at ./loading.jl:426 (repeats 2 times)
 in macro expansion; at ./none:2 [inlined]
 in anonymous at ./<missing>:?
 in eval(::Module, ::Any) at ./boot.jl:234
 in process_options(::Base.JLOptions) at ./client.jl:239
 in _start() at ./client.jl:318
while loading /home/vagrant/.julia/v0.5/Distributions/src/univariate/discrete/binomial.jl, in expression starting on line 71
WARNING: Method definition (::Type{Distributions.MvNormalKnownCov})(#Cov<:PDMats.AbstractPDMat) in module Distributions at /home/vagrant/.julia/v0.5/Distributions/src/multivariate/mvnormal.jl:148 overwritten at /home/vagrant/.julia/v0.5/Distributions/src/multivariate/mvnormal.jl:151.
WARNING: `@unix_only` is deprecated, use `@static if is_unix()` instead
 in depwarn(::String, ::Symbol) at ./deprecated.jl:64
 in @unix_only(::Any) at ./deprecated.jl:522
 in include_from_node1(::String) at ./loading.jl:426 (repeats 3 times)
 in eval(::Module, ::Any) at ./boot.jl:234
 in require(::Symbol) at ./loading.jl:357
 in include_from_node1(::String) at ./loading.jl:426 (repeats 2 times)
 in process_options(::Base.JLOptions) at ./client.jl:262
 in _start() at ./client.jl:318
while loading /home/vagrant/.julia/v0.5/Turing/src/trace/taskcopy.jl, in expression starting on line 1

WARNING: deprecated syntax "call(::Type{TArray{T,1}}, ...)".
Use "(::Type{TArray{T,1}})(...)" instead.

WARNING: deprecated syntax "call(::Type{TArray{T}}, ...)".
Use "(::Type{TArray{T}})(...)" instead.

WARNING: deprecated syntax "call(::Type{TArray{T,N}}, ...)".
Use "(::Type{TArray{T,N}})(...)" instead.

WARNING: deprecated syntax "call(::Type{TArray{T,N}}, ...)".
Use "(::Type{TArray{T,N}})(...)" instead.

WARNING: deprecated syntax "call(::Type{Trace{T}}, ...)".
Use "(::Type{Trace{T}})(...)" instead.

WARNING: deprecated syntax "call(::Type{ParticleContainer{T}}, ...)".
Use "(::Type{ParticleContainer{T}})(...)" instead.
WARNING: symbol is deprecated, use Symbol instead.
 in depwarn(::String, ::Symbol) at ./deprecated.jl:64
 in symbol(::String, ::Vararg{String,N}) at ./deprecated.jl:30
 in test() at /home/vagrant/.julia/v0.5/Turing/test/predict.jl:9
 in (::Turing.Traces.##1#2{#test})() at /home/vagrant/.julia/v0.5/Turing/src/trace/trace.jl:28
while loading /home/vagrant/.julia/v0.5/Turing/test/predict.jl, in expression starting on line 18
WARNING: symbol is deprecated, use Symbol instead.
 in depwarn(::String, ::Symbol) at ./deprecated.jl:64
 in symbol(::String, ::Vararg{String,N}) at ./deprecated.jl:30
 in test() at /home/vagrant/.julia/v0.5/Turing/test/predict.jl:12
 in (::Turing.Traces.##1#2{#test})() at /home/vagrant/.julia/v0.5/Turing/src/trace/trace.jl:28
while loading /home/vagrant/.julia/v0.5/Turing/test/predict.jl, in expression starting on line 18
WARNING: symbol is deprecated, use Symbol instead.
 in depwarn(::String, ::Symbol) at ./deprecated.jl:64
 in symbol(::String, ::Vararg{String,N}) at ./deprecated.jl:30
 in @assume(::Any) at /home/vagrant/.julia/v0.5/Turing/src/core/compiler.jl:4
 in include_from_node1(::String) at ./loading.jl:426 (repeats 2 times)
 in process_options(::Base.JLOptions) at ./client.jl:262
 in _start() at ./client.jl:318
while loading /home/vagrant/.julia/v0.5/Turing/test/assume.jl, in expression starting on line 7
WARNING: Method definition test() in module Main at /home/vagrant/.julia/v0.5/Turing/test/predict.jl:8 overwritten at /home/vagrant/.julia/v0.5/Turing/test/assume.jl:8.
Test Failed
  Expression: reduce(&,res[:x]) == 1
   Evaluated: 0 == 1
ERROR: LoadError: LoadError: There was an error during testing
 in record(::Base.Test.FallbackTestSet, ::Base.Test.Fail) at ./test.jl:397
 in do_test(::Base.Test.Returned, ::Expr) at ./test.jl:281
 in include_from_node1(::String) at ./loading.jl:426 (repeats 2 times)
 in process_options(::Base.JLOptions) at ./client.jl:262
 in _start() at ./client.jl:318
while loading /home/vagrant/.julia/v0.5/Turing/test/assume.jl, in expression starting on line 19
while loading /home/vagrant/.julia/v0.5/Turing/test/runtests.jl, in expression starting on line 2
===============================[ ERROR: Turing ]================================

failed process: Process(`/home/vagrant/julia/bin/julia -Cx86-64 -J/home/vagrant/julia/lib/julia/sys.so --compile=yes --depwarn=yes --check-bounds=yes --code-coverage=none --color=no /home/vagrant/.julia/v0.5/Turing/test/runtests.jl`, ProcessExited(1)) [1]

================================================================================
ERROR: Turing had test errors
 in #test#61(::Bool, ::Function, ::Array{AbstractString,1}) at ./pkg/entry.jl:735
 in (::Base.Pkg.Entry.#kw##test)(::Array{Any,1}, ::Base.Pkg.Entry.#test, ::Array{AbstractString,1}) at ./<missing>:0
 in (::Base.Pkg.Dir.##2#3{Array{Any,1},Base.Pkg.Entry.#test,Tuple{Array{AbstractString,1}}})() at ./pkg/dir.jl:31
 in cd(::Base.Pkg.Dir.##2#3{Array{Any,1},Base.Pkg.Entry.#test,Tuple{Array{AbstractString,1}}}, ::String) at ./file.jl:59
 in #cd#1(::Array{Any,1}, ::Function, ::Function, ::Array{AbstractString,1}, ::Vararg{Array{AbstractString,1},N}) at ./pkg/dir.jl:31
 in (::Base.Pkg.Dir.#kw##cd)(::Array{Any,1}, ::Base.Pkg.Dir.#cd, ::Function, ::Array{AbstractString,1}, ::Vararg{Array{AbstractString,1},N}) at ./<missing>:0
 in #test#3(::Bool, ::Function, ::String, ::Vararg{String,N}) at ./pkg/pkg.jl:258
 in test(::String, ::Vararg{String,N}) at ./pkg/pkg.jl:258
 in eval(::Module, ::Any) at ./boot.jl:234
 in process_options(::Base.JLOptions) at ./client.jl:239
 in _start() at ./client.jl:318

>>> End of log
