>>> 'Pkg.add("ValidatedNumerics")' log
INFO: Cloning cache of CRlibm from https://github.com/dpsanders/CRlibm.jl.git
INFO: Cloning cache of ValidatedNumerics from https://github.com/dpsanders/ValidatedNumerics.jl.git
INFO: Installing CRlibm v0.2.3
INFO: Installing Calculus v0.1.15
INFO: Installing FixedSizeArrays v0.2.4
INFO: Installing ForwardDiff v0.2.5
INFO: Installing NaNMath v0.2.1
INFO: Installing ValidatedNumerics v0.5.0
INFO: Building CRlibm
WARNING: `@unix_only` is deprecated, use `@static if is_unix()` instead
 in depwarn(::String, ::Symbol) at ./deprecated.jl:64
 in @unix_only(::ANY) at ./deprecated.jl:490
 in include_from_node1(::String) at ./loading.jl:532
 in include(::SubString{String}) at ./sysimg.jl:14
 in evalfile(::SubString{String}, ::Array{String,1}) at ./loading.jl:572 (repeats 2 times)
 in cd(::##2#4, ::String) at ./file.jl:69
 in (::##1#3)(::IOStream) at ./none:13
 in open(::##1#3, ::String, ::String) at ./iostream.jl:152
 in eval(::Module, ::Any) at ./boot.jl:236
 in process_options(::Base.JLOptions) at ./client.jl:248
 in _start() at ./client.jl:335
while loading /home/vagrant/.julia/v0.6/CRlibm/deps/build.jl, in expression starting on line 9
Downloading the library files from http://lipforge.ens-lyon.fr/frs/download.php/162/crlibm-1.0beta4.tar.gz
Working in /home/vagrant/.julia/v0.6/CRlibm/deps/src
===============================[ ERROR: CRlibm ]================================

LoadError: failed process: Process(`wget http://lipforge.ens-lyon.fr/frs/download.php/162/crlibm-1.0beta4.tar.gz`, ProcessExited(4)) [4]
while loading /home/vagrant/.julia/v0.6/CRlibm/deps/build.jl, in expression starting on line 29

================================================================================

================================[ BUILD ERRORS ]================================

WARNING: CRlibm had build errors.

 - packages with build errors remain installed in /home/vagrant/.julia/v0.6
 - build the package(s) and all dependencies with `Pkg.build("CRlibm")`
 - build a single package by running its `deps/build.jl` script

================================================================================
INFO: Package database updated
INFO: METADATA is out-of-date â€” you may not have the latest version of ValidatedNumerics
INFO: Use `Pkg.update()` to get the latest versions of your packages

>>> 'Pkg.test("ValidatedNumerics")' log
Julia Version 0.6.0-dev.1045
Commit 0faf8ce (2016-10-19 16:55 UTC)
Platform Info:
  OS: Linux (x86_64-pc-linux-gnu)
  CPU: Intel(R) Xeon(R) CPU E3-1241 v3 @ 3.50GHz
  WORD_SIZE: 64
           Ubuntu 14.04.5 LTS
  uname: Linux 3.13.0-98-generic #145-Ubuntu SMP Sat Oct 8 20:13:07 UTC 2016 x86_64 x86_64
Memory: 2.939289093017578 GB (958.03515625 MB free)
Uptime: 45510.0 sec
Load Avg:  0.8720703125  0.53955078125  0.32470703125
Intel(R) Xeon(R) CPU E3-1241 v3 @ 3.50GHz: 
       speed         user         nice          sys         idle          irq
#1  3499 MHz     979404 s       3691 s     108197 s    3274488 s         21 s
#2  3499 MHz     234642 s       2330 s      48809 s    4234031 s          0 s

  BLAS: libopenblas (USE64BITINT DYNAMIC_ARCH NO_AFFINITY Nehalem)
  LAPACK: libopenblas64_
  LIBM: libopenlibm
  LLVM: libLLVM-3.7.1 (ORCJIT, haswell)
Environment:
  TERM = vt100
  LD_LIBRARY_PATH = :/usr/local/lib/
  PATH = /usr/local/sbin:/usr/local/bin:/usr/sbin:/usr/bin:/sbin:/bin:/usr/games:/usr/local/games:/home/vagrant/julia/bin/
  JAVA_HOME = /usr/lib/jvm/java-7-oracle
  HOME = /home/vagrant

Package Directory: /home/vagrant/.julia/v0.6
2 required packages:
 - JSON                          0.8.0
 - ValidatedNumerics             0.5.0
6 additional packages:
 - CRlibm                        0.2.3
 - Calculus                      0.1.15
 - Compat                        0.9.3
 - FixedSizeArrays               0.2.4
 - ForwardDiff                   0.2.5
 - NaNMath                       0.2.1
INFO: Computing test dependencies for ValidatedNumerics...
INFO: Installing FactCheck v0.4.3
INFO: Installing Polynomials v0.1.0
INFO: Testing ValidatedNumerics
WARNING: symbol is deprecated, use Symbol instead.
 in depwarn(::String, ::Symbol) at ./deprecated.jl:64
 in symbol(::SubString{String}, ::Vararg{SubString{String},N}) at ./deprecated.jl:30
 in collect(::Base.Generator{Array{SubString{String},1},Base.#symbol}) at ./array.jl:366
 in include_from_node1(::String) at ./loading.jl:532
 in include(::String) at ./sysimg.jl:14
 in anonymous at ./<missing>:2
 in eval(::Module, ::Any) at ./boot.jl:236
 in process_options(::Base.JLOptions) at ./client.jl:248
 in _start() at ./client.jl:335
while loading /home/vagrant/.julia/v0.6/CRlibm/src/CRlibm.jl, in expression starting on line 35
WARNING: symbol is deprecated, use Symbol instead.
 in depwarn(::String, ::Symbol) at ./deprecated.jl:64
 in symbol(::SubString{String}, ::Vararg{SubString{String},N}) at ./deprecated.jl:30
 in collect_to!(::Array{Symbol,1}, ::Base.Generator{Array{SubString{String},1},Base.#symbol}, ::Int64, ::Int64) at ./array.jl:399
 in collect(::Base.Generator{Array{SubString{String},1},Base.#symbol}) at ./array.jl:367
 in include_from_node1(::String) at ./loading.jl:532
 in include(::String) at ./sysimg.jl:14
 in anonymous at ./<missing>:2
 in eval(::Module, ::Any) at ./boot.jl:236
 in process_options(::Base.JLOptions) at ./client.jl:248
 in _start() at ./client.jl:335
while loading /home/vagrant/.julia/v0.6/CRlibm/src/CRlibm.jl, in expression starting on line 35
WARNING: symbol is deprecated, use Symbol instead.
 in depwarn(::String, ::Symbol) at ./deprecated.jl:64
 in symbol(::String, ::Vararg{String,N}) at ./deprecated.jl:30
 in wrap_MPFR() at /home/vagrant/.julia/v0.6/CRlibm/src/CRlibm.jl:73
 in include_from_node1(::String) at ./loading.jl:532
 in include(::String) at ./sysimg.jl:14
 in anonymous at ./<missing>:2
 in eval(::Module, ::Any) at ./boot.jl:236
 in process_options(::Base.JLOptions) at ./client.jl:248
 in _start() at ./client.jl:335
while loading /home/vagrant/.julia/v0.6/CRlibm/src/CRlibm.jl, in expression starting on line 149
WARNING: CRlibm not properly installed. Try running Pkg.build("CRlibm") to fix it. Falling back to use MPFR. Note that Windows is not yet supported.
WARNING: CRlibm not properly installed. Try running Pkg.build("CRlibm") to fix it. Falling back to use MPFR. Note that Windows is not yet supported.
WARNING: is is deprecated, use === instead.
 in depwarn(::String, ::Symbol) at ./deprecated.jl:64
 in is(::Symbol, ::Vararg{Any,N}) at ./deprecated.jl:30
 in @fact_throws(::Vararg{Any,N}) at /home/vagrant/.julia/v0.6/FactCheck/src/FactCheck.jl:307
 in include_from_node1(::String) at ./loading.jl:532
 in include(::String) at ./sysimg.jl:14
 in include_from_node1(::String) at ./loading.jl:532
 in include(::String) at ./sysimg.jl:14
 in include_from_node1(::String) at ./loading.jl:532
 in include(::String) at ./sysimg.jl:14
 in process_options(::Base.JLOptions) at ./client.jl:271
 in _start() at ./client.jl:335
while loading /home/vagrant/.julia/v0.6/ValidatedNumerics/test/interval_tests/construction.jl, in expression starting on line 6
Constructing intervals
Out of 73 total facts:
  Verified: 71
  Pending:  2
Big intervals
6 facts verified.
ERROR: LoadError: LoadError: LoadError: error compiling facts: error compiling #261: error compiling exp: error compiling exp: could not load library "/home/vagrant/.julia/v0.6/CRlibm/src/../deps/src/crlibm-1.0beta4/libcrlibm"
/home/vagrant/.julia/v0.6/CRlibm/src/../deps/src/crlibm-1.0beta4/libcrlibm.so: cannot open shared object file: No such file or directory
 in include_from_node1(::String) at ./loading.jl:532
 in include(::String) at ./sysimg.jl:14
 in include_from_node1(::String) at ./loading.jl:532
 in include(::String) at ./sysimg.jl:14
 in include_from_node1(::String) at ./loading.jl:532
 in include(::String) at ./sysimg.jl:14
 in process_options(::Base.JLOptions) at ./client.jl:271
 in _start() at ./client.jl:335
while loading /home/vagrant/.julia/v0.6/ValidatedNumerics/test/interval_tests/construction.jl, in expression starting on line 177
while loading /home/vagrant/.julia/v0.6/ValidatedNumerics/test/interval_tests/intervals.jl, in expression starting on line 3
while loading /home/vagrant/.julia/v0.6/ValidatedNumerics/test/runtests.jl, in expression starting on line 13
==========================[ ERROR: ValidatedNumerics ]==========================

failed process: Process(`/home/vagrant/julia/bin/julia -Cx86-64 -J/home/vagrant/julia/lib/julia/sys.so --compile=yes --depwarn=yes --check-bounds=yes --code-coverage=none --color=no --compilecache=yes /home/vagrant/.julia/v0.6/ValidatedNumerics/test/runtests.jl`, ProcessExited(1)) [1]

================================================================================
INFO: Removing FactCheck v0.4.3
INFO: Removing Polynomials v0.1.0
ERROR: ValidatedNumerics had test errors
 in #test#61(::Bool, ::Function, ::Array{AbstractString,1}) at ./pkg/entry.jl:749
 in (::Base.Pkg.Entry.#kw##test)(::Array{Any,1}, ::Base.Pkg.Entry.#test, ::Array{AbstractString,1}) at ./<missing>:0
 in (::Base.Pkg.Dir.##2#3{Array{Any,1},Base.Pkg.Entry.#test,Tuple{Array{AbstractString,1}}})() at ./pkg/dir.jl:31
 in cd(::Base.Pkg.Dir.##2#3{Array{Any,1},Base.Pkg.Entry.#test,Tuple{Array{AbstractString,1}}}, ::String) at ./file.jl:69
 in #cd#1(::Array{Any,1}, ::Function, ::Function, ::Array{AbstractString,1}, ::Vararg{Array{AbstractString,1},N}) at ./pkg/dir.jl:31
 in (::Base.Pkg.Dir.#kw##cd)(::Array{Any,1}, ::Base.Pkg.Dir.#cd, ::Function, ::Array{AbstractString,1}, ::Vararg{Array{AbstractString,1},N}) at ./<missing>:0
 in #test#3(::Bool, ::Function, ::String, ::Vararg{String,N}) at ./pkg/pkg.jl:258
 in test(::String, ::Vararg{String,N}) at ./pkg/pkg.jl:258
 in eval(::Module, ::Any) at ./boot.jl:236
 in process_options(::Base.JLOptions) at ./client.jl:248
 in _start() at ./client.jl:335

>>> End of log
