>>> 'Pkg.add("Weave")' log
INFO: Cloning cache of Weave from git://github.com/mpastell/Weave.jl.git
INFO: Installing ArgParse v0.3.1
INFO: Installing Docile v0.5.23
INFO: Installing TextWrap v0.1.6
INFO: Installing Weave v0.0.4
INFO: Package database updated

>>> 'Pkg.test("Weave")' log
Julia Version 0.3.12
Commit 80aa779 (2015-10-26 12:41 UTC)
Platform Info:
  System: Linux (x86_64-unknown-linux-gnu)
  CPU: Intel(R) Xeon(R) CPU E3-1241 v3 @ 3.50GHz
  WORD_SIZE: 64
           Ubuntu 14.04.5 LTS
  uname: Linux 3.13.0-95-generic #142-Ubuntu SMP Fri Aug 12 17:00:09 UTC 2016 x86_64 x86_64
Memory: 2.4471054077148438 GB (677.046875 MB free)
Uptime: 25729.0 sec
Load Avg:  0.55322265625  0.2744140625  0.560546875
Intel(R) Xeon(R) CPU E3-1241 v3 @ 3.50GHz: 
       speed         user         nice          sys         idle          irq
#1  3500 MHz    1036170 s       6597 s     118935 s    1119448 s         52 s
#2  3500 MHz     741492 s         86 s     104865 s    1585309 s          2 s

  BLAS: libopenblas (USE64BITINT DYNAMIC_ARCH NO_AFFINITY Nehalem)
  LAPACK: libopenblas
  LIBM: libopenlibm
  LLVM: libLLVM-3.3
Environment:
  LD_LIBRARY_PATH = :/usr/local/lib/
  HOME = /home/vagrant
  TERM = vt100
  PATH = /usr/local/sbin:/usr/local/bin:/usr/sbin:/usr/bin:/sbin:/bin:/usr/games:/usr/local/games:/home/vagrant/julia/bin/
  JAVA_HOME = /usr/lib/jvm/java-7-oracle

Package Directory: /home/vagrant/.julia/v0.3
3 required packages:
 - Dates                         0.3.2
 - JSON                          0.6.1
 - Weave                         0.0.4
4 additional packages:
 - ArgParse                      0.3.1
 - Compat                        0.8.8
 - Docile                        0.5.23
 - TextWrap                      0.1.6
INFO: Computing test dependencies for Weave...
INFO: Installing ArrayViews v0.6.4
INFO: Installing BinDeps v0.3.21
INFO: Installing Cairo v0.2.34
INFO: Installing Calculus v0.1.15
INFO: Installing Codecs v0.2.0
INFO: Installing ColorTypes v0.1.7
INFO: Installing Colors v0.5.4
INFO: Installing Compose v0.3.18
INFO: Installing Conda v0.2.3
INFO: Installing Contour v0.0.8
INFO: Installing DataArrays v0.2.20
INFO: Installing DataFrames v0.6.10
INFO: Installing DataStructures v0.3.14
INFO: Installing Distances v0.2.2
INFO: Installing Distributions v0.8.10
INFO: Installing DualNumbers v0.1.5
INFO: Installing FixedPointNumbers v0.0.12
INFO: Installing GZip v0.2.20
INFO: Installing Gadfly v0.3.18
INFO: Installing Graphics v0.1.0
INFO: Installing Grid v0.3.11
INFO: Installing Hexagons v0.0.4
INFO: Installing HttpCommon v0.1.2
INFO: Installing ImmutableArrays v0.0.12
INFO: Installing IniFile v0.2.5
INFO: Installing Iterators v0.1.10
INFO: Installing KernelDensity v0.2.0
INFO: Installing LaTeXStrings v0.1.6
INFO: Installing Loess v0.0.7
INFO: Installing NaNMath v0.1.1
INFO: Installing Optim v0.4.4
INFO: Installing PDMats v0.4.2
INFO: Installing PyCall v1.2.0
INFO: Installing PyPlot v2.1.1
INFO: Installing Reexport v0.0.3
INFO: Installing SHA v0.2.1
INFO: Installing Showoff v0.0.7
INFO: Installing SortingAlgorithms v0.0.6
INFO: Installing StatsBase v0.7.4
INFO: Installing StatsFuns v0.2.2
INFO: Installing Tk v0.3.8
INFO: Installing URIParser v0.0.7
INFO: Installing Winston v0.11.13
INFO: Installing WoodburyMatrices v0.1.5
INFO: Building Cairo
INFO: Building PyCall
INFO: No system-wide Python was found; got the following error:
could not spawn `'' -c "import distutils.sysconfig; print(distutils.sysconfig.get_config_var('VERSION'))"`: no such file or directory (ENOENT)
using the Python distribution in the Conda package
Traceback (most recent call last):
  File "/home/vagrant/.julia/v0.3/Conda/deps/usr/bin/conda", line 4, in <module>
    import conda.cli
  File "/home/vagrant/.julia/v0.3/Conda/deps/usr/lib/python2.7/site-packages/conda/cli/__init__.py", line 8, in <module>
    from .main import main  # NOQA
  File "/home/vagrant/.julia/v0.3/Conda/deps/usr/lib/python2.7/site-packages/conda/cli/main.py", line 46, in <module>
    from ..base.context import context
  File "/home/vagrant/.julia/v0.3/Conda/deps/usr/lib/python2.7/site-packages/conda/base/context.py", line 252, in <module>
    context = Context(SEARCH_PATH, conda, None)
  File "/home/vagrant/.julia/v0.3/Conda/deps/usr/lib/python2.7/site-packages/conda/common/configuration.py", line 692, in __init__
    self._add_search_path(search_path)
  File "/home/vagrant/.julia/v0.3/Conda/deps/usr/lib/python2.7/site-packages/conda/common/configuration.py", line 699, in _add_search_path
    return self._add_raw_data(load_file_configs(search_path))
  File "/home/vagrant/.julia/v0.3/Conda/deps/usr/lib/python2.7/site-packages/conda/common/configuration.py", line 371, in load_file_configs
    raw_data = odict(kv for kv in chain.from_iterable(load_paths))
  File "/home/vagrant/.julia/v0.3/Conda/deps/usr/lib/python2.7/collections.py", line 69, in __init__
    self.__update(*args, **kwds)
  File "/home/vagrant/.julia/v0.3/Conda/deps/usr/lib/python2.7/_abcoll.py", line 571, in update
    for key, value in other:
  File "/home/vagrant/.julia/v0.3/Conda/deps/usr/lib/python2.7/site-packages/conda/common/configuration.py", line 371, in <genexpr>
    raw_data = odict(kv for kv in chain.from_iterable(load_paths))
  File "/home/vagrant/.julia/v0.3/Conda/deps/usr/lib/python2.7/site-packages/conda/common/configuration.py", line 346, in _file_yaml_loader
    assert fullpath.endswith(".yml") or fullpath.endswith("condarc"), fullpath
AssertionError: /home/vagrant/.julia/v0.3/Conda/deps/usr/condarc-julia
===============================[ ERROR: PyCall ]================================

failed process: Process(setenv(`/home/vagrant/.julia/v0.3/Conda/deps/usr/bin/conda install -y numpy`,Union(UTF8String,ASCIIString)["PYTHON=","PATH=/usr/local/sbin:/usr/local/bin:/usr/sbin:/usr/bin:/sbin:/bin:/usr/games:/usr/local/games:/home/vagrant/julia/bin/","PWD=/vagrant/0.3MZ","DISPLAY=:99","SHELL=/bin/bash","SSH_CONNECTION=10.0.2.2 54334 10.0.2.15 22","LD_LIBRARY_PATH=:/usr/local/lib/","XAUTHORITY=/tmp/xvfb-run.DzE5oa/Xauthority","CONDARC=/home/vagrant/.julia/v0.3/Conda/deps/usr/condarc-julia","MAIL=/var/mail/vagrant","LANG=en_US.UTF-8","SHLVL=4","LOGNAME=vagrant","XDG_RUNTIME_DIR=/run/user/1000","XDG_SESSION_ID=3","SSH_CLIENT=10.0.2.2 54334 22","_=/usr/bin/xvfb-run","USER=vagrant","HOME=/home/vagrant","TERM=vt100","JAVA_HOME=/usr/lib/jvm/java-7-oracle","PYTHONIOENCODING=UTF-8"]), ProcessExited(1)) [1]
while loading /home/vagrant/.julia/v0.3/PyCall/deps/build.jl, in expression starting on line 17

================================================================================
INFO: Building Tk

================================[ BUILD ERRORS ]================================

WARNING: PyCall had build errors.

 - packages with build errors remain installed in /home/vagrant/.julia/v0.3
 - build the package(s) and all dependencies with `Pkg.build("PyCall")`
 - build a single package by running its `deps/build.jl` script

================================================================================
INFO: Testing Weave
WARNING: '@md_mstr' is deprecated, please use '@doc_mstr' instead.
INFO: Weaving chunk 1 from line 2
INFO: Weaving chunk 2 from line 6
INFO: Weaving chunk 3 from line 13
INFO: Weaving chunk 4 from line 19
INFO: Weaving chunk 5 from line 25
INFO: Weaving chunk 6 from line 30
INFO: Weaving chunk 7 from line 35
INFO: Report weaved to chunk_options.md
Warning: replacing module ReportSandBox
INFO: Weaving chunk 1 from line 2
INFO: Weaving chunk 2 from line 6
INFO: Weaving chunk 3 from line 13
INFO: Weaving chunk 4 from line 19
INFO: Weaving chunk 5 from line 25
INFO: Weaving chunk 6 from line 30
INFO: Weaving chunk 7 from line 35
INFO: Report weaved to chunk_options.tex
Warning: replacing module ReportSandBox
INFO: Weaving chunk 1 from line 2
INFO: Weaving chunk 2 from line 6
INFO: Weaving chunk 3 from line 13
INFO: Weaving chunk 4 from line 19
INFO: Weaving chunk 5 from line 25
INFO: Weaving chunk 6 from line 30
INFO: Weaving chunk 7 from line 35
INFO: Report weaved to chunk_options.tex
Warning: replacing module ReportSandBox
INFO: Weaving chunk 1 from line 2
INFO: Weaving chunk 2 from line 6
INFO: Weaving chunk 3 from line 13
INFO: Weaving chunk 4 from line 19
INFO: Weaving chunk 5 from line 25
INFO: Weaving chunk 6 from line 30
INFO: Weaving chunk 7 from line 35
INFO: Report weaved to chunk_options.rst
INFO: Writing to file chunk_options.jl
Warning: replacing module ReportSandBox
INFO: Weaving chunk 1 from line 4
INFO: Weaving chunk 2 from line 13
INFO: Weaving chunk 3 from line 19
INFO: Weaving chunk 4 from line 27
INFO: Report weaved to gadfly_markdown_test.md
Warning: replacing module ReportSandBox
INFO: Weaving chunk 1 from line 3
INFO: Weaving chunk 2 from line 9
INFO: Weaving chunk 3 from line 13
INFO: Weaving chunk 4 from line 17
INFO: Weaving chunk 5 from line 24
INFO: Report weaved to gadfly_formats_test.tex
Warning: replacing module ReportSandBox
INFO: Weaving chunk 1 from line 3
INFO: Weaving chunk 2 from line 9
INFO: Weaving chunk 3 from line 13
INFO: Weaving chunk 4 from line 17
INFO: Weaving chunk 5 from line 24
INFO: Report weaved to gadfly_formats_test.md
Warning: replacing module ReportSandBox
INFO: Weaving chunk 1 from line 3
INFO: Weaving chunk 2 from line 9
INFO: Weaving chunk 3 from line 13
INFO: Weaving chunk 4 from line 17
INFO: Weaving chunk 5 from line 24
INFO: Report weaved to gadfly_formats_test.md
Warning: replacing module ReportSandBox
INFO: Weaving chunk 1 from line 3
INFO: Weaving chunk 2 from line 9
INFO: Weaving chunk 3 from line 13
INFO: Weaving chunk 4 from line 17
INFO: Weaving chunk 5 from line 24
INFO: Report weaved to gadfly_formats_test.md
Warning: replacing module ReportSandBox
INFO: Weaving chunk 1 from line 3
INFO: Weaving chunk 2 from line 9
INFO: Weaving chunk 3 from line 13
INFO: Weaving chunk 4 from line 17
INFO: Weaving chunk 5 from line 24
INFO: Report weaved to gadfly_formats_test.rst
Warning: replacing module ReportSandBox
INFO: Weaving chunk 1 from line 3
INFO: Weaving chunk 2 from line 9
INFO: Weaving chunk 3 from line 13
INFO: Weaving chunk 4 from line 17
INFO: Weaving chunk 5 from line 24
INFO: Report weaved to gadfly_formats_test.txt
INFO: Weave tests passed
INFO: Removing ArrayViews v0.6.4
INFO: Removing BinDeps v0.3.21
INFO: Removing Cairo v0.2.34
INFO: Removing Calculus v0.1.15
INFO: Removing Codecs v0.2.0
INFO: Removing ColorTypes v0.1.7
INFO: Removing Colors v0.5.4
INFO: Removing Compose v0.3.18
INFO: Removing Conda v0.2.3
INFO: Removing Contour v0.0.8
INFO: Removing DataArrays v0.2.20
INFO: Removing DataFrames v0.6.10
INFO: Removing DataStructures v0.3.14
INFO: Removing Distances v0.2.2
INFO: Removing Distributions v0.8.10
INFO: Removing DualNumbers v0.1.5
INFO: Removing FixedPointNumbers v0.0.12
INFO: Removing GZip v0.2.20
INFO: Removing Gadfly v0.3.18
INFO: Removing Graphics v0.1.0
INFO: Removing Grid v0.3.11
INFO: Removing Hexagons v0.0.4
INFO: Removing HttpCommon v0.1.2
INFO: Removing ImmutableArrays v0.0.12
INFO: Removing IniFile v0.2.5
INFO: Removing Iterators v0.1.10
INFO: Removing KernelDensity v0.2.0
INFO: Removing LaTeXStrings v0.1.6
INFO: Removing Loess v0.0.7
INFO: Removing NaNMath v0.1.1
INFO: Removing Optim v0.4.4
INFO: Removing PDMats v0.4.2
INFO: Removing PyCall v1.2.0
INFO: Removing PyPlot v2.1.1
INFO: Removing Reexport v0.0.3
INFO: Removing SHA v0.2.1
INFO: Removing Showoff v0.0.7
INFO: Removing SortingAlgorithms v0.0.6
INFO: Removing StatsBase v0.7.4
INFO: Removing StatsFuns v0.2.2
INFO: Removing Tk v0.3.8
INFO: Removing URIParser v0.0.7
INFO: Removing Winston v0.11.13
INFO: Removing WoodburyMatrices v0.1.5

>>> End of log
