>>> 'Pkg.add("Weave")' log
INFO: Cloning cache of Weave from git://github.com/mpastell/Weave.jl.git
INFO: Installing ArgParse v0.3.1
INFO: Installing BinDeps v0.4.5
INFO: Installing Blosc v0.1.7
INFO: Installing FileIO v0.1.2
INFO: Installing HDF5 v0.6.5
INFO: Installing JLD v0.6.3
INFO: Installing LegacyStrings v0.1.1
INFO: Installing SHA v0.2.1
INFO: Installing TextWrap v0.1.6
INFO: Installing URIParser v0.1.6
INFO: Installing Weave v0.1.2
INFO: Building Blosc
INFO: Building HDF5
INFO: Package database updated
INFO: METADATA is out-of-date â€” you may not have the latest version of Weave
INFO: Use `Pkg.update()` to get the latest versions of your packages

>>> 'Pkg.test("Weave")' log
Julia Version 0.4.6
Commit 2e358ce (2016-06-19 17:16 UTC)
Platform Info:
  System: Linux (x86_64-unknown-linux-gnu)
  CPU: Intel(R) Xeon(R) CPU E3-1241 v3 @ 3.50GHz
  WORD_SIZE: 64
           Ubuntu 14.04.5 LTS
  uname: Linux 3.13.0-95-generic #142-Ubuntu SMP Fri Aug 12 17:00:09 UTC 2016 x86_64 x86_64
Memory: 2.4471054077148438 GB (431.63671875 MB free)
Uptime: 30107.0 sec
Load Avg:  0.56689453125  0.2666015625  0.564453125
Intel(R) Xeon(R) CPU E3-1241 v3 @ 3.50GHz: 
       speed         user         nice          sys         idle          irq
#1  3500 MHz    1265406 s        130 s     139049 s    1255627 s         84 s
#2  3500 MHz     835362 s       5678 s     120198 s    1896061 s          4 s

  BLAS: libopenblas (USE64BITINT DYNAMIC_ARCH NO_AFFINITY Nehalem)
  LAPACK: libopenblas64_
  LIBM: libopenlibm
  LLVM: libLLVM-3.3
Environment:
  LD_LIBRARY_PATH = :/usr/local/lib/
  HOME = /home/vagrant
  TERM = vt100
  PATH = /usr/local/sbin:/usr/local/bin:/usr/sbin:/usr/bin:/sbin:/bin:/usr/games:/usr/local/games:/home/vagrant/julia/bin/
  JAVA_HOME = /usr/lib/jvm/java-7-oracle

Package Directory: /home/vagrant/.julia/v0.4
2 required packages:
 - JSON                          0.7.0
 - Weave                         0.1.2
11 additional packages:
 - ArgParse                      0.3.1
 - BinDeps                       0.4.5
 - Blosc                         0.1.7
 - Compat                        0.9.2
 - FileIO                        0.1.2
 - HDF5                          0.6.5
 - JLD                           0.6.3
 - LegacyStrings                 0.1.1
 - SHA                           0.2.1
 - TextWrap                      0.1.6
 - URIParser                     0.1.6
INFO: Computing test dependencies for Weave...
INFO: Installing AxisAlgorithms v0.1.5
INFO: Installing Cairo v0.2.34
INFO: Installing Calculus v0.1.15
INFO: Installing Codecs v0.2.0
INFO: Installing ColorTypes v0.2.6
INFO: Installing Colors v0.6.7
INFO: Installing Compose v0.4.4
INFO: Installing Conda v0.3.1
INFO: Installing Contour v0.2.0
INFO: Installing DSP v0.1.1
INFO: Installing DataArrays v0.3.8
INFO: Installing DataFrames v0.8.3
INFO: Installing DataStructures v0.4.6
INFO: Installing Dates v0.4.4
INFO: Installing Distances v0.3.2
INFO: Installing Distributions v0.10.2
INFO: Installing FixedPointNumbers v0.1.6
INFO: Installing FixedSizeArrays v0.2.3
INFO: Installing ForwardDiff v0.2.5
INFO: Installing GZip v0.2.20
INFO: Installing Gadfly v0.4.4
INFO: Installing Graphics v0.1.3
INFO: Installing Hexagons v0.0.4
INFO: Installing IniFile v0.2.5
INFO: Installing Interpolations v0.3.6
INFO: Installing Iterators v0.1.10
INFO: Installing KernelDensity v0.3.0
INFO: Installing LaTeXStrings v0.2.0
INFO: Installing Loess v0.0.7
INFO: Installing MacroTools v0.3.2
INFO: Installing Measures v0.0.3
INFO: Installing NaNMath v0.2.1
INFO: Installing Optim v0.6.1
INFO: Installing PDMats v0.4.2
INFO: Installing Polynomials v0.1.0
INFO: Installing PositiveFactorizations v0.0.2
INFO: Installing PyCall v1.7.2
INFO: Installing PyPlot v2.2.2
INFO: Installing Ratios v0.0.4
INFO: Installing Reexport v0.0.3
INFO: Installing Rmath v0.1.3
INFO: Installing Showoff v0.0.7
INFO: Installing SortingAlgorithms v0.1.0
INFO: Installing StatsBase v0.9.0
INFO: Installing StatsFuns v0.3.1
INFO: Installing Tk v0.3.8
INFO: Installing Winston v0.11.13
INFO: Installing WoodburyMatrices v0.2.0
INFO: Building Cairo
INFO: Building Rmath
INFO: Building PyCall
INFO: No system-wide Python was found; got the following error:
could not spawn `'' -c "import distutils.sysconfig; print(distutils.sysconfig.get_config_var('VERSION'))"`: no such file or directory (ENOENT)
using the Python distribution in the Conda package
Traceback (most recent call last):
  File "/home/vagrant/.julia/v0.4/Conda/deps/usr/bin/conda", line 4, in <module>
    import conda.cli
  File "/home/vagrant/.julia/v0.4/Conda/deps/usr/lib/python2.7/site-packages/conda/cli/__init__.py", line 8, in <module>
    from .main import main  # NOQA
  File "/home/vagrant/.julia/v0.4/Conda/deps/usr/lib/python2.7/site-packages/conda/cli/main.py", line 46, in <module>
    from ..base.context import context
  File "/home/vagrant/.julia/v0.4/Conda/deps/usr/lib/python2.7/site-packages/conda/base/context.py", line 251, in <module>
    context = Context(SEARCH_PATH, conda, None)
  File "/home/vagrant/.julia/v0.4/Conda/deps/usr/lib/python2.7/site-packages/conda/common/configuration.py", line 692, in __init__
    self._add_search_path(search_path)
  File "/home/vagrant/.julia/v0.4/Conda/deps/usr/lib/python2.7/site-packages/conda/common/configuration.py", line 699, in _add_search_path
    return self._add_raw_data(load_file_configs(search_path))
  File "/home/vagrant/.julia/v0.4/Conda/deps/usr/lib/python2.7/site-packages/conda/common/configuration.py", line 371, in load_file_configs
    raw_data = odict(kv for kv in chain.from_iterable(load_paths))
  File "/home/vagrant/.julia/v0.4/Conda/deps/usr/lib/python2.7/collections.py", line 69, in __init__
    self.__update(*args, **kwds)
  File "/home/vagrant/.julia/v0.4/Conda/deps/usr/lib/python2.7/_abcoll.py", line 571, in update
    for key, value in other:
  File "/home/vagrant/.julia/v0.4/Conda/deps/usr/lib/python2.7/site-packages/conda/common/configuration.py", line 371, in <genexpr>
    raw_data = odict(kv for kv in chain.from_iterable(load_paths))
  File "/home/vagrant/.julia/v0.4/Conda/deps/usr/lib/python2.7/site-packages/conda/common/configuration.py", line 346, in _file_yaml_loader
    assert fullpath.endswith(".yml") or fullpath.endswith("condarc"), fullpath
AssertionError: /home/vagrant/.julia/v0.4/Conda/deps/usr/condarc-julia
===============================[ ERROR: PyCall ]================================

LoadError: failed process: Process(setenv(`/home/vagrant/.julia/v0.4/Conda/deps/usr/bin/conda install -y numpy`,Union{ASCIIString,UTF8String}["PYTHON=","PATH=/usr/local/sbin:/usr/local/bin:/usr/sbin:/usr/bin:/sbin:/bin:/usr/games:/usr/local/games:/home/vagrant/julia/bin/","PWD=/vagrant/0.4MZ","DISPLAY=:99","SHELL=/bin/bash","SSH_CONNECTION=10.0.2.2 51922 10.0.2.15 22","LD_LIBRARY_PATH=:/usr/local/lib/","XAUTHORITY=/tmp/xvfb-run.3UilJT/Xauthority","CONDARC=/home/vagrant/.julia/v0.4/Conda/deps/usr/condarc-julia","MAIL=/var/mail/vagrant","LANG=en_US.UTF-8","SHLVL=4","LOGNAME=vagrant","XDG_RUNTIME_DIR=/run/user/1000","XDG_SESSION_ID=3","SSH_CLIENT=10.0.2.2 51922 22","_=/usr/bin/xvfb-run","USER=vagrant","HOME=/home/vagrant","TERM=vt100","OPENBLAS_MAIN_FREE=1","JAVA_HOME=/usr/lib/jvm/java-7-oracle","PYTHONIOENCODING=UTF-8"]), ProcessExited(1)) [1]
while loading /home/vagrant/.julia/v0.4/PyCall/deps/build.jl, in expression starting on line 17

================================================================================
INFO: Building Tk

================================[ BUILD ERRORS ]================================

WARNING: PyCall had build errors.

 - packages with build errors remain installed in /home/vagrant/.julia/v0.4
 - build the package(s) and all dependencies with `Pkg.build("PyCall")`
 - build a single package by running its `deps/build.jl` script

================================================================================
INFO: Testing Weave
INFO: Test: Chunk options
INFO: Weaving chunk 1 from line 2
INFO: Weaving chunk 2 from line 6
INFO: Weaving chunk 3 from line 13
INFO: Weaving chunk 4 from line 19
INFO: Weaving chunk 5 from line 25
INFO: Weaving chunk 6 from line 30
INFO: Weaving chunk 7 from line 35
INFO: Weaving chunk 8 from line 41
INFO: Weaving chunk 9 from line 45
INFO: Weaving chunk 10 from line 49
INFO: Report weaved to /home/vagrant/.julia/v0.4/Weave/test/documents/chunk_options.md
INFO: Weaving chunk 1 from line 2
INFO: Weaving chunk 2 from line 6
INFO: Weaving chunk 3 from line 13
INFO: Weaving chunk 4 from line 19
INFO: Weaving chunk 5 from line 25
INFO: Weaving chunk 6 from line 30
INFO: Weaving chunk 7 from line 35
INFO: Weaving chunk 8 from line 41
INFO: Weaving chunk 9 from line 45
INFO: Weaving chunk 10 from line 49
INFO: Report weaved to /home/vagrant/.julia/v0.4/Weave/test/documents/chunk_options.tex
INFO: Weaving chunk 1 from line 2
INFO: Weaving chunk 2 from line 6
INFO: Weaving chunk 3 from line 13
INFO: Weaving chunk 4 from line 19
INFO: Weaving chunk 5 from line 25
INFO: Weaving chunk 6 from line 30
INFO: Weaving chunk 7 from line 35
INFO: Weaving chunk 8 from line 41
INFO: Weaving chunk 9 from line 45
INFO: Weaving chunk 10 from line 49
INFO: Report weaved to /home/vagrant/.julia/v0.4/Weave/test/documents/chunk_options.tex
INFO: Weaving chunk 1 from line 2
INFO: Weaving chunk 2 from line 6
INFO: Weaving chunk 3 from line 13
INFO: Weaving chunk 4 from line 19
INFO: Weaving chunk 5 from line 25
INFO: Weaving chunk 6 from line 30
INFO: Weaving chunk 7 from line 35
INFO: Weaving chunk 8 from line 41
INFO: Weaving chunk 9 from line 45
INFO: Weaving chunk 10 from line 49
INFO: Report weaved to /home/vagrant/.julia/v0.4/Weave/test/documents/chunk_options.rst
INFO: Weaving chunk 1 from line 2
INFO: Weaving chunk 2 from line 6
INFO: Weaving chunk 3 from line 13
INFO: Weaving chunk 4 from line 19
INFO: Weaving chunk 5 from line 25
INFO: Weaving chunk 6 from line 30
INFO: Weaving chunk 7 from line 35
INFO: Weaving chunk 8 from line 41
INFO: Weaving chunk 9 from line 45
INFO: Weaving chunk 10 from line 49
INFO: Report weaved to documents/outpath_options.rst
INFO: Writing to file /home/vagrant/.julia/v0.4/Weave/test/documents/chunk_options.jl
INFO: Writing to file documents/outoptions.jl
INFO: Weaving chunk 1 from line 3
INFO: Report weaved to /home/vagrant/.julia/v0.4/Weave/test/documents/chunk_func.md
INFO: Test: Caching
INFO: No cached results found, running code
INFO: Weaving chunk 1 from line 2
INFO: Weaving chunk 2 from line 6
INFO: Weaving chunk 3 from line 13
INFO: Weaving chunk 4 from line 19
INFO: Weaving chunk 5 from line 25
INFO: Weaving chunk 6 from line 30
INFO: Weaving chunk 7 from line 35
INFO: Weaving chunk 8 from line 41
INFO: Weaving chunk 9 from line 45
INFO: Weaving chunk 10 from line 49
INFO: Report weaved to /home/vagrant/.julia/v0.4/Weave/test/documents/chunk_options.md
INFO: Report weaved to /home/vagrant/.julia/v0.4/Weave/test/documents/chunk_options.md
INFO: No cached results found, running code
INFO: Weaving chunk 1 from line 2
INFO: Weaving chunk 2 from line 7
INFO: Weaving chunk 3 from line 12
INFO: Weaving chunk 4 from line 18
INFO: Weaving chunk 5 from line 24
INFO: Weaving chunk 6 from line 30
INFO: Report weaved to /home/vagrant/.julia/v0.4/Weave/test/documents/chunk_cache.md
INFO: Weaving chunk 1 from line 2
INFO: Weaving chunk 3 from line 12
INFO: Weaving chunk 5 from line 24
INFO: Report weaved to /home/vagrant/.julia/v0.4/Weave/test/documents/chunk_cache.md
INFO: Test: Chunk options with Gadfly
WARNING: New definition 
    +(AbstractArray, DataArrays.DataArray) at /home/vagrant/.julia/v0.4/DataArrays/src/operators.jl:276
is ambiguous with: 
    +(WoodburyMatrices.SymWoodbury, AbstractArray{T<:Any, 2}) at /home/vagrant/.julia/v0.4/WoodburyMatrices/src/SymWoodburyMatrices.jl:107.
To fix, define 
    +(WoodburyMatrices.SymWoodbury, DataArrays.DataArray{T<:Any, 2})
before the new definition.
WARNING: New definition 
    +(AbstractArray, DataArrays.AbstractDataArray) at /home/vagrant/.julia/v0.4/DataArrays/src/operators.jl:300
is ambiguous with: 
    +(WoodburyMatrices.SymWoodbury, AbstractArray{T<:Any, 2}) at /home/vagrant/.julia/v0.4/WoodburyMatrices/src/SymWoodburyMatrices.jl:107.
To fix, define 
    +(WoodburyMatrices.SymWoodbury, DataArrays.AbstractDataArray{T<:Any, 2})
before the new definition.
INFO: Recompiling stale cache file /home/vagrant/.julia/lib/v0.4/Gadfly.ji for module Gadfly.
WARNING: New definition 
    color_discrete_manual(ColorTypes.Color...) at /home/vagrant/.julia/v0.4/Gadfly/src/scale.jl:530
is ambiguous with: 
    color_discrete_manual(AbstractString...) at /home/vagrant/.julia/v0.4/Gadfly/src/scale.jl:527.
To fix, define 
    color_discrete_manual()
before the new definition.
WARNING: New definition 
    color_discrete_manual(Array, ColorTypes.Color...)
is ambiguous with: 
    color_discrete_manual(Array, AbstractString...).
To fix, define 
    color_discrete_manual(Array)
before the new definition.
WARNING: New definition 
    +(AbstractArray{T<:Any, 2}, WoodburyMatrices.SymWoodbury) at /home/vagrant/.julia/v0.4/WoodburyMatrices/src/SymWoodburyMatrices.jl:106
is ambiguous with: 
    +(DataArrays.DataArray, AbstractArray) at /home/vagrant/.julia/v0.4/DataArrays/src/operators.jl:276.
To fix, define 
    +(DataArrays.DataArray{T<:Any, 2}, WoodburyMatrices.SymWoodbury)
before the new definition.
WARNING: New definition 
    +(AbstractArray{T<:Any, 2}, WoodburyMatrices.SymWoodbury) at /home/vagrant/.julia/v0.4/WoodburyMatrices/src/SymWoodburyMatrices.jl:106
is ambiguous with: 
    +(DataArrays.AbstractDataArray, AbstractArray) at /home/vagrant/.julia/v0.4/DataArrays/src/operators.jl:300.
To fix, define 
    +(DataArrays.AbstractDataArray{T<:Any, 2}, WoodburyMatrices.SymWoodbury)
before the new definition.
INFO: Weaving chunk 1 from line 4
INFO: Weaving chunk 2 from line 15
INFO: Weaving chunk 3 from line 26
INFO: Report weaved to /home/vagrant/.julia/v0.4/Weave/test/documents/test_hold.md
INFO: Weaving chunk 1 from line 3
INFO: Weaving chunk 2 from line 9
INFO: Weaving chunk 3 from line 17
INFO: Weaving chunk 4 from line 23
INFO: Weaving chunk 5 from line 27
INFO: Report weaved to /home/vagrant/.julia/v0.4/Weave/test/documents/default_opts.tex
INFO: Test: Weaving with Winston

WARNING: deprecated syntax "AbstractVecOrMat{T} (" at /home/vagrant/.julia/v0.4/Winston/src/Winston.jl:96.
Use "AbstractVecOrMat{T}(" instead.
WARNING: requiring "Dates" in module "Winston" did not define a corresponding module.
WARNING: module Winston should explicitly import * from Base
INFO: Weaving chunk 1 from line 2
INFO: Weaving chunk 2 from line 12
INFO: Weaving chunk 3 from line 20

WARNING: deprecated syntax "{a,b, ...}" at /home/vagrant/.julia/v0.4/Weave/test/winston_formats.jl:2.
Use "Any[a,b, ...]" instead.
WARNING: color("red") is deprecated, use colorant"red" or parse(Colorant, "red")
 in depwarn at deprecated.jl:73
 in color at /home/vagrant/.julia/v0.4/Colors/src/parse.jl:152
 in set_color at /home/vagrant/.julia/v0.4/Winston/src/renderer.jl:68
 in set at /home/vagrant/.julia/v0.4/Winston/src/renderer.jl:95
 in push_style at /home/vagrant/.julia/v0.4/Winston/src/paint.jl:19
 in paint at /home/vagrant/.julia/v0.4/Winston/src/paint.jl:60
 in render at /home/vagrant/.julia/v0.4/Winston/src/Winston.jl:2642
 in render at /home/vagrant/.julia/v0.4/Winston/src/Winston.jl:1005
 in compose_interior at /home/vagrant/.julia/v0.4/Winston/src/Winston.jl:1267
 in compose at /home/vagrant/.julia/v0.4/Winston/src/Winston.jl:1833
 in page_compose at /home/vagrant/.julia/v0.4/Winston/src/Winston.jl:1848
 in write_to_surface at /home/vagrant/.julia/v0.4/Winston/src/Winston.jl:1854
 in savepdf at /home/vagrant/.julia/v0.4/Winston/src/Winston.jl:1886
 in savefig at /home/vagrant/.julia/v0.4/Winston/src/Winston.jl:1920
 in display at /home/vagrant/.julia/v0.4/Weave/src/winston.jl:15
 in display at /home/vagrant/.julia/v0.4/Weave/src/Weave.jl:31
 [inlined code] from multimedia.jl:151
 in display at multimedia.jl:163
 in capture_output at /home/vagrant/.julia/v0.4/Weave/src/run.jl:142
 in run_code at /home/vagrant/.julia/v0.4/Weave/src/run.jl:121
 in eval_chunk at /home/vagrant/.julia/v0.4/Weave/src/run.jl:189
 in run_chunk at /home/vagrant/.julia/v0.4/Weave/src/run.jl:100
 in run at /home/vagrant/.julia/v0.4/Weave/src/run.jl:67
 in weave at /home/vagrant/.julia/v0.4/Weave/src/Weave.jl:104
 in include at ./boot.jl:261
 in include_from_node1 at ./loading.jl:320
 in include at ./boot.jl:261
 in include_from_node1 at ./loading.jl:320
 in process_options at ./client.jl:280
 in _start at ./client.jl:378
while loading /home/vagrant/.julia/v0.4/Weave/test/winston_formats.jl, in expression starting on line 4
INFO: Report weaved to /home/vagrant/.julia/v0.4/Weave/test/documents/winston_formats.tex
INFO: Weaving chunk 1 from line 2
INFO: Weaving chunk 2 from line 12
INFO: Weaving chunk 3 from line 20

WARNING: deprecated syntax "{a,b, ...}" at /home/vagrant/.julia/v0.4/Weave/test/winston_formats.jl:2.
Use "Any[a,b, ...]" instead.
INFO: Report weaved to /home/vagrant/.julia/v0.4/Weave/test/documents/winston_formats.md
INFO: Weaving chunk 1 from line 2
INFO: Weaving chunk 2 from line 12
INFO: Weaving chunk 3 from line 20

WARNING: deprecated syntax "{a,b, ...}" at /home/vagrant/.julia/v0.4/Weave/test/winston_formats.jl:2.
Use "Any[a,b, ...]" instead.
INFO: Report weaved to /home/vagrant/.julia/v0.4/Weave/test/documents/winston_formats.md
INFO: Weaving chunk 1 from line 2
INFO: Weaving chunk 2 from line 12
INFO: Weaving chunk 3 from line 20

WARNING: deprecated syntax "{a,b, ...}" at /home/vagrant/.julia/v0.4/Weave/test/winston_formats.jl:2.
Use "Any[a,b, ...]" instead.
INFO: Report weaved to /home/vagrant/.julia/v0.4/Weave/test/documents/winston_formats.rst
INFO: Test: Weaving with Gadfly
INFO: Weaving chunk 1 from line 3
INFO: Weaving chunk 2 from line 9
INFO: Weaving chunk 3 from line 13
INFO: Weaving chunk 4 from line 17
INFO: Weaving chunk 5 from line 24
INFO: Report weaved to /home/vagrant/.julia/v0.4/Weave/test/documents/gadfly_formats_test.tex
INFO: Weaving chunk 1 from line 3
INFO: Weaving chunk 2 from line 9
INFO: Weaving chunk 3 from line 13
INFO: Weaving chunk 4 from line 17
INFO: Weaving chunk 5 from line 24
INFO: Report weaved to /home/vagrant/.julia/v0.4/Weave/test/documents/gadfly_formats_test.tex
INFO: Weaving chunk 1 from line 3
INFO: Weaving chunk 2 from line 9
INFO: Weaving chunk 3 from line 13
INFO: Weaving chunk 4 from line 17
INFO: Weaving chunk 5 from line 24
INFO: Report weaved to /home/vagrant/.julia/v0.4/Weave/test/documents/gadfly_formats_test.tex
INFO: Weaving chunk 1 from line 3
INFO: Weaving chunk 2 from line 9
INFO: Weaving chunk 3 from line 13
INFO: Weaving chunk 4 from line 17
INFO: Weaving chunk 5 from line 24
INFO: Report weaved to /home/vagrant/.julia/v0.4/Weave/test/documents/gadfly_formats_test.md
INFO: Weaving chunk 1 from line 3
INFO: Weaving chunk 2 from line 9
INFO: Weaving chunk 3 from line 13
INFO: Weaving chunk 4 from line 17
INFO: Weaving chunk 5 from line 24
INFO: Report weaved to /home/vagrant/.julia/v0.4/Weave/test/documents/gadfly_formats_test.md
INFO: Weaving chunk 1 from line 3
INFO: Weaving chunk 2 from line 9
INFO: Weaving chunk 3 from line 13
INFO: Weaving chunk 4 from line 17
INFO: Weaving chunk 5 from line 24
INFO: Report weaved to /home/vagrant/.julia/v0.4/Weave/test/documents/gadfly_formats_test.md
INFO: Weaving chunk 1 from line 3
INFO: Weaving chunk 2 from line 9
INFO: Weaving chunk 3 from line 13
INFO: Weaving chunk 4 from line 17
INFO: Weaving chunk 5 from line 24
INFO: Report weaved to /home/vagrant/.julia/v0.4/Weave/test/documents/gadfly_formats_test.rst
INFO: Weaving chunk 1 from line 3
INFO: Weaving chunk 2 from line 9
INFO: Weaving chunk 3 from line 13
INFO: Weaving chunk 4 from line 17
INFO: Weaving chunk 5 from line 24
INFO: Report weaved to /home/vagrant/.julia/v0.4/Weave/test/documents/gadfly_formats_test.md
INFO: Weaving chunk 1 from line 3
INFO: Weaving chunk 2 from line 9
INFO: Weaving chunk 3 from line 13
INFO: Weaving chunk 4 from line 17
INFO: Weaving chunk 5 from line 24
INFO: Report weaved to documents/output/gadfly_formats_test.txt
INFO: Weaving chunk 1 from line 4
INFO: Weaving chunk 2 from line 13
INFO: Weaving chunk 3 from line 19
INFO: Weaving chunk 4 from line 27
INFO: Report weaved to /home/vagrant/.julia/v0.4/Weave/test/documents/gadfly_markdown_test.md
INFO: Weaving chunk 1 from line 33
INFO: Weaving chunk 2 from line 60
INFO: Weaving chunk 3 from line 68
INFO: Weaving chunk 4 from line 77
INFO: Report weaved to /home/vagrant/.julia/v0.4/Weave/test/documents/FIR_design.md
INFO: Test: Weaving with PyPlot
ERROR: LoadError: LoadError: PyCall not properly installed. Please run Pkg.build("PyCall")
 [inlined code] from /home/vagrant/.julia/v0.4/PyCall/src/startup.jl:45
 in anonymous at no file:0
 in include at ./boot.jl:261
 in include_from_node1 at ./loading.jl:320
 in include at ./boot.jl:261
 in include_from_node1 at ./loading.jl:320
 [inlined code] from none:2
 in anonymous at no file:0
 in process_options at ./client.jl:257
 in _start at ./client.jl:378
while loading /home/vagrant/.julia/v0.4/PyCall/src/startup.jl, in expression starting on line 42
while loading /home/vagrant/.julia/v0.4/PyCall/src/PyCall.jl, in expression starting on line 37
ERROR: LoadError: Failed to precompile PyCall to /home/vagrant/.julia/lib/v0.4/PyCall.ji
 in error at ./error.jl:21
 in compilecache at loading.jl:400
 in require at ./loading.jl:240
 in include at ./boot.jl:261
 in include_from_node1 at ./loading.jl:320
 [inlined code] from none:2
 in anonymous at no file:0
 in process_options at ./client.jl:257
 in _start at ./client.jl:378
while loading /home/vagrant/.julia/v0.4/PyPlot/src/PyPlot.jl, in expression starting on line 5
ERROR: LoadError: LoadError: LoadError: Failed to precompile PyPlot to /home/vagrant/.julia/lib/v0.4/PyPlot.ji
 in error at ./error.jl:21
 in compilecache at loading.jl:400
 in require at ./loading.jl:266
 in include at ./boot.jl:261
 in include_from_node1 at ./loading.jl:320
 in init_plotting at /home/vagrant/.julia/v0.4/Weave/src/run.jl:246
 in run at /home/vagrant/.julia/v0.4/Weave/src/run.jl:40
 in weave at /home/vagrant/.julia/v0.4/Weave/src/Weave.jl:104
 in include at ./boot.jl:261
 in include_from_node1 at ./loading.jl:320
 in include at ./boot.jl:261
 in include_from_node1 at ./loading.jl:320
 in process_options at ./client.jl:280
 in _start at ./client.jl:378
while loading /home/vagrant/.julia/v0.4/Weave/src/pyplot.jl, in expression starting on line 1
while loading /home/vagrant/.julia/v0.4/Weave/test/pyplot_formats.jl, in expression starting on line 6
while loading /home/vagrant/.julia/v0.4/Weave/test/runtests.jl, in expression starting on line 26
================================[ ERROR: Weave ]================================

failed process: Process(`/home/vagrant/julia/bin/julia --check-bounds=yes --code-coverage=none --color=no /home/vagrant/.julia/v0.4/Weave/test/runtests.jl`, ProcessExited(1)) [1]

================================================================================
INFO: Removing AxisAlgorithms v0.1.5
INFO: Removing Cairo v0.2.34
INFO: Removing Calculus v0.1.15
INFO: Removing Codecs v0.2.0
INFO: Removing ColorTypes v0.2.6
INFO: Removing Colors v0.6.7
INFO: Removing Compose v0.4.4
INFO: Removing Conda v0.3.1
INFO: Removing Contour v0.2.0
INFO: Removing DSP v0.1.1
INFO: Removing DataArrays v0.3.8
INFO: Removing DataFrames v0.8.3
INFO: Removing DataStructures v0.4.6
INFO: Removing Dates v0.4.4
INFO: Removing Distances v0.3.2
INFO: Removing Distributions v0.10.2
INFO: Removing FixedPointNumbers v0.1.6
INFO: Removing FixedSizeArrays v0.2.3
INFO: Removing ForwardDiff v0.2.5
INFO: Removing GZip v0.2.20
INFO: Removing Gadfly v0.4.4
INFO: Removing Graphics v0.1.3
INFO: Removing Hexagons v0.0.4
INFO: Removing IniFile v0.2.5
INFO: Removing Interpolations v0.3.6
INFO: Removing Iterators v0.1.10
INFO: Removing KernelDensity v0.3.0
INFO: Removing LaTeXStrings v0.2.0
INFO: Removing Loess v0.0.7
INFO: Removing MacroTools v0.3.2
INFO: Removing Measures v0.0.3
INFO: Removing NaNMath v0.2.1
INFO: Removing Optim v0.6.1
INFO: Removing PDMats v0.4.2
INFO: Removing Polynomials v0.1.0
INFO: Removing PositiveFactorizations v0.0.2
INFO: Removing PyCall v1.7.2
INFO: Removing PyPlot v2.2.2
INFO: Removing Ratios v0.0.4
INFO: Removing Reexport v0.0.3
INFO: Removing Rmath v0.1.3
INFO: Removing Showoff v0.0.7
INFO: Removing SortingAlgorithms v0.1.0
INFO: Removing StatsBase v0.9.0
INFO: Removing StatsFuns v0.3.1
INFO: Removing Tk v0.3.8
INFO: Removing Winston v0.11.13
INFO: Removing WoodburyMatrices v0.2.0
ERROR: Weave had test errors
 in error at ./error.jl:21
 in test at pkg/entry.jl:803
 in anonymous at pkg/dir.jl:31
 in cd at file.jl:22
 in cd at pkg/dir.jl:31
 in test at pkg.jl:71
 in process_options at ./client.jl:257
 in _start at ./client.jl:378

>>> End of log
